#
# There is insufficient memory for the Java Runtime Environment to continue.
# Native memory allocation (malloc) failed to allocate 36175872 bytes for committing reserved memory.
# Possible reasons:
#   The system is out of physical RAM or swap space
#   In 32 bit mode, the process size limit was hit
# Possible solutions:
#   Reduce memory load on the system
#   Increase physical memory or swap space
#   Check if swap backing store is full
#   Use 64 bit Java on a 64 bit OS
#   Decrease Java heap size (-Xmx/-Xms)
#   Decrease number of Java threads
#   Decrease Java thread stack sizes (-Xss)
#   Set larger code cache with -XX:ReservedCodeCacheSize=
# This output file may be truncated or incomplete.
#
#  Out of Memory Error (os_linux.cpp:2798), pid=3730, tid=139689594955520
#
# JRE version: OpenJDK Runtime Environment (7.0_65-b32) (build 1.7.0_65-b32)
# Java VM: OpenJDK 64-Bit Server VM (24.65-b04 mixed mode linux-amd64 compressed oops)
# Failed to write core dump. Core dumps have been disabled. To enable core dumping, try "ulimit -c unlimited" before starting Java again
#

---------------  T H R E A D  ---------------

Current thread (0x00007f0c08075800):  VMThread [stack: 0x00007f0c049fa000,0x00007f0c04afb000] [id=3741]

Stack: [0x00007f0c049fa000,0x00007f0c04afb000],  sp=0x00007f0c04af9490,  free space=1021k
Native frames: (J=compiled Java code, j=interpreted, Vv=VM code, C=native code)
V  [libjvm.so+0x948635]  VMError::report_and_die()+0x175
V  [libjvm.so+0x48b904]  report_vm_out_of_memory(char const*, int, unsigned long, char const*)+0x74
V  [libjvm.so+0x7c766b]  os::pd_commit_memory(char*, unsigned long, unsigned long, bool)+0xeb
V  [libjvm.so+0x7c212f]  os::commit_memory(char*, unsigned long, unsigned long, bool)+0x1f
V  [libjvm.so+0x8338bb]  PSVirtualSpace::expand_by(unsigned long)+0x5b
V  [libjvm.so+0x834710]  PSYoungGen::resize_generation(unsigned long, unsigned long)+0xb0
V  [libjvm.so+0x834dfb]  PSYoungGen::resize(unsigned long, unsigned long)+0x1b
V  [libjvm.so+0x8310e0]  PSScavenge::invoke_no_policy()+0xde0
V  [libjvm.so+0x8318b8]  PSScavenge::invoke()+0x38
V  [libjvm.so+0x7e8293]  ParallelScavengeHeap::failed_mem_allocate(unsigned long)+0x63
V  [libjvm.so+0x94a034]  VM_ParallelGCFailedAllocation::doit()+0x84
V  [libjvm.so+0x94e527]  VM_Operation::evaluate()+0x47
V  [libjvm.so+0x94ce98]  VMThread::evaluate_operation(VM_Operation*)+0x318
V  [libjvm.so+0x94d2f9]  VMThread::loop()+0x219
V  [libjvm.so+0x94d742]  VMThread::run()+0x72
V  [libjvm.so+0x7c4532]  java_start(Thread*)+0xf2

VM_Operation (0x00007f0c112956a0): ParallelGCFailedAllocation, mode: safepoint, requested by thread 0x00007f0c0800a000


---------------  P R O C E S S  ---------------

Java Threads: ( => current thread )
  0x00007f0c080a6800 JavaThread "Service Thread" daemon [_thread_blocked, id=3747, stack(0x00007f0bffcfd000,0x00007f0bffdfe000)]
  0x00007f0c080a4000 JavaThread "C2 CompilerThread1" daemon [_thread_blocked, id=3746, stack(0x00007f0bffdfe000,0x00007f0bffeff000)]
  0x00007f0c080a1000 JavaThread "C2 CompilerThread0" daemon [_thread_blocked, id=3745, stack(0x00007f0bffeff000,0x00007f0c00000000)]
  0x00007f0c0809f000 JavaThread "Signal Dispatcher" daemon [_thread_blocked, id=3744, stack(0x00007f0c04015000,0x00007f0c04116000)]
  0x00007f0c0807c000 JavaThread "Finalizer" daemon [_thread_blocked, id=3743, stack(0x00007f0c047f8000,0x00007f0c048f9000)]
  0x00007f0c0807a000 JavaThread "Reference Handler" daemon [_thread_blocked, id=3742, stack(0x00007f0c048f9000,0x00007f0c049fa000)]
  0x00007f0c0800a000 JavaThread "main" [_thread_blocked, id=3732, stack(0x00007f0c11196000,0x00007f0c11297000)]

Other Threads:
=>0x00007f0c08075800 VMThread [stack: 0x00007f0c049fa000,0x00007f0c04afb000] [id=3741]
  0x00007f0c080b1000 WatcherThread [stack: 0x00007f0bffbfc000,0x00007f0bffcfd000] [id=3748]

VM state:at safepoint (normal execution)

VM Mutex/Monitor currently owned by a thread:  ([mutex/lock_event])
[0x00007f0c080064c0] Threads_lock - owner thread: 0x00007f0c08075800
[0x00007f0c080069c0] Heap_lock - owner thread: 0x00007f0c0800a000

Heap
 PSYoungGen      total 227840K, used 1550K [0x00000007d6c00000, 0x00000007e5680000, 0x0000000800000000)
  eden space 225280K, 0% used [0x00000007d6c00000,0x00000007d6c00000,0x00000007e4800000)
  from space 2560K, 60% used [0x00000007e4800000,0x00000007e4983a30,0x00000007e4a80000)
  to   space 1024K, 0% used [0x00000007e4a80000,0x00000007e4a80000,0x00000007e4b80000)
 ParOldGen       total 41472K, used 7935K [0x0000000784400000, 0x0000000786c80000, 0x00000007d6c00000)
  object space 41472K, 19% used [0x0000000784400000,0x0000000784bbfd60,0x0000000786c80000)
 PSPermGen       total 21504K, used 3629K [0x0000000779e00000, 0x000000077b300000, 0x0000000784400000)
  object space 21504K, 16% used [0x0000000779e00000,0x000000077a18b7c8,0x000000077b300000)

Card table byte_map: [0x00007f0c0d9a6000,0x00007f0c0ddd8000] byte_map_base: 0x00007f0c09dd7000

Polling page: 0x00007f0c112b3000

Code Cache  [0x00007f0c05000000, 0x00007f0c05270000, 0x00007f0c08000000)
 total_blobs=265 nmethods=71 adapters=147 free_code_cache=48625Kb largest_free_block=49750016

Compilation events (10 events):
Event: 3.689 Thread 0x00007f0c080a4000 nmethod 67 0x00007f0c05077910 code [0x00007f0c05077a80, 0x00007f0c05077f58]
Event: 3.740 Thread 0x00007f0c080a4000   68             java.lang.String::toLowerCase (8 bytes)
Event: 3.742 Thread 0x00007f0c080a4000 nmethod 68 0x00007f0c0507d090 code [0x00007f0c0507d1e0, 0x00007f0c0507d2a8]
Event: 3.743 Thread 0x00007f0c080a4000   69             java.util.Locale::getDefault (13 bytes)
Event: 3.744 Thread 0x00007f0c080a4000 nmethod 69 0x00007f0c0507ce50 code [0x00007f0c0507cf80, 0x00007f0c0507cff8]
Event: 3.746 Thread 0x00007f0c080a4000   70             java.util.ArrayList::contains (14 bytes)
Event: 3.752 Thread 0x00007f0c080a4000 nmethod 70 0x00007f0c050774d0 code [0x00007f0c05077620, 0x00007f0c05077818]
Event: 3.777 Thread 0x00007f0c080a1000 nmethod 64 0x00007f0c05081050 code [0x00007f0c05081280, 0x00007f0c05081da8]
Event: 3.854 Thread 0x00007f0c080a4000   71 %           edu.buffalo.cse.irf14.document.Parser::contentParse @ 324 (560 bytes)
Event: 4.710 Thread 0x00007f0c080a4000 nmethod 71% 0x00007f0c05088b10 code [0x00007f0c050890e0, 0x00007f0c0508b960]

GC Heap History (10 events):
Event: 3050.242 GC heap after
Heap after GC invocations=7414 (full 20):
 PSYoungGen      total 178176K, used 1517K [0x00000007d6c00000, 0x00000007e4d80000, 0x0000000800000000)
  eden space 176640K, 0% used [0x00000007d6c00000,0x00000007d6c00000,0x00000007e1880000)
  from space 1536K, 98% used [0x00000007e4c00000,0x00000007e4d7b7a0,0x00000007e4d80000)
  to   space 2048K, 0% used [0x00000007e4980000,0x00000007e4980000,0x00000007e4b80000)
 ParOldGen       total 41472K, used 6448K [0x0000000784400000, 0x0000000786c80000, 0x00000007d6c00000)
  object space 41472K, 15% used [0x0000000784400000,0x0000000784a4c3e8,0x0000000786c80000)
 PSPermGen       total 21504K, used 3629K [0x0000000779e00000, 0x000000077b300000, 0x0000000784400000)
  object space 21504K, 16% used [0x0000000779e00000,0x000000077a18b7c8,0x000000077b300000)
}
Event: 3050.712 GC heap before
{Heap before GC invocations=7415 (full 20):
 PSYoungGen      total 178176K, used 176877K [0x00000007d6c00000, 0x00000007e4d80000, 0x0000000800000000)
  eden space 176640K, 99% used [0x00000007d6c00000,0x00000007e173ffd0,0x00000007e1880000)
  from space 1536K, 98% used [0x00000007e4c00000,0x00000007e4d7b7a0,0x00000007e4d80000)
  to   space 2048K, 0% used [0x00000007e4980000,0x00000007e4980000,0x00000007e4b80000)
 ParOldGen       total 41472K, used 6448K [0x0000000784400000, 0x0000000786c80000, 0x00000007d6c00000)
  object space 41472K, 15% used [0x0000000784400000,0x0000000784a4c3e8,0x0000000786c80000)
 PSPermGen       total 21504K, used 3629K [0x0000000779e00000, 0x000000077b300000, 0x0000000784400000)
  object space 21504K, 16% used [0x0000000779e00000,0x000000077a18b7c8,0x000000077b300000)
Event: 3050.715 GC heap after
Heap after GC invocations=7415 (full 20):
 PSYoungGen      total 171008K, used 1518K [0x00000007d6c00000, 0x00000007e4c80000, 0x0000000800000000)
  eden space 169472K, 0% used [0x00000007d6c00000,0x00000007d6c00000,0x00000007e1180000)
  from space 1536K, 98% used [0x00000007e4980000,0x00000007e4afb818,0x00000007e4b00000)
  to   space 1536K, 0% used [0x00000007e4b00000,0x00000007e4b00000,0x00000007e4c80000)
 ParOldGen       total 41472K, used 6448K [0x0000000784400000, 0x0000000786c80000, 0x00000007d6c00000)
  object space 41472K, 15% used [0x0000000784400000,0x0000000784a4c3e8,0x0000000786c80000)
 PSPermGen       total 21504K, used 3629K [0x0000000779e00000, 0x000000077b300000, 0x0000000784400000)
  object space 21504K, 16% used [0x0000000779e00000,0x000000077a18b7c8,0x000000077b300000)
}
Event: 3051.391 GC heap before
{Heap before GC invocations=7416 (full 20):
 PSYoungGen      total 171008K, used 170944K [0x00000007d6c00000, 0x00000007e4c80000, 0x0000000800000000)
  eden space 169472K, 99% used [0x00000007d6c00000,0x00000007e1174bb8,0x00000007e1180000)
  from space 1536K, 98% used [0x00000007e4980000,0x00000007e4afb818,0x00000007e4b00000)
  to   space 1536K, 0% used [0x00000007e4b00000,0x00000007e4b00000,0x00000007e4c80000)
 ParOldGen       total 41472K, used 6448K [0x0000000784400000, 0x0000000786c80000, 0x00000007d6c00000)
  object space 41472K, 15% used [0x0000000784400000,0x0000000784a4c3e8,0x0000000786c80000)
 PSPermGen       total 21504K, used 3629K [0x0000000779e00000, 0x000000077b300000, 0x0000000784400000)
  object space 21504K, 16% used [0x0000000779e00000,0x000000077a18b7c8,0x000000077b300000)
Event: 3051.394 GC heap after
Heap after GC invocations=7416 (full 20):
 PSYoungGen      total 164352K, used 1518K [0x00000007d6c00000, 0x00000007e4c80000, 0x0000000800000000)
  eden space 162816K, 0% used [0x00000007d6c00000,0x00000007d6c00000,0x00000007e0b00000)
  from space 1536K, 98% used [0x00000007e4b00000,0x00000007e4c7b888,0x00000007e4c80000)
  to   space 2048K, 0% used [0x00000007e4880000,0x00000007e4880000,0x00000007e4a80000)
 ParOldGen       total 41472K, used 6448K [0x0000000784400000, 0x0000000786c80000, 0x00000007d6c00000)
  object space 41472K, 15% used [0x0000000784400000,0x0000000784a4c3e8,0x0000000786c80000)
 PSPermGen       total 21504K, used 3629K [0x0000000779e00000, 0x000000077b300000, 0x0000000784400000)
  object space 21504K, 16% used [0x0000000779e00000,0x000000077a18b7c8,0x000000077b300000)
}
Event: 3053.003 GC heap before
{Heap before GC invocations=7417 (full 20):
 PSYoungGen      total 164352K, used 163526K [0x00000007d6c00000, 0x00000007e4c80000, 0x0000000800000000)
  eden space 162816K, 99% used [0x00000007d6c00000,0x00000007e0a36160,0x00000007e0b00000)
  from space 1536K, 98% used [0x00000007e4b00000,0x00000007e4c7b888,0x00000007e4c80000)
  to   space 2048K, 0% used [0x00000007e4880000,0x00000007e4880000,0x00000007e4a80000)
 ParOldGen       total 41472K, used 6448K [0x0000000784400000, 0x0000000786c80000, 0x00000007d6c00000)
  object space 41472K, 15% used [0x0000000784400000,0x0000000784a4c3e8,0x0000000786c80000)
 PSPermGen       total 21504K, used 3629K [0x0000000779e00000, 0x000000077b300000, 0x0000000784400000)
  object space 21504K, 16% used [0x0000000779e00000,0x000000077a18b7c8,0x000000077b300000)
Event: 3055.044 GC heap after
Heap after GC invocations=7417 (full 20):
 PSYoungGen      total 197632K, used 1550K [0x00000007d6c00000, 0x00000007e4b80000, 0x0000000800000000)
  eden space 195584K, 0% used [0x00000007d6c00000,0x00000007d6c00000,0x00000007e2b00000)
  from space 2048K, 75% used [0x00000007e4880000,0x00000007e4a03918,0x00000007e4a80000)
  to   space 1024K, 0% used [0x00000007e4a80000,0x00000007e4a80000,0x00000007e4b80000)
 ParOldGen       total 41472K, used 6448K [0x0000000784400000, 0x0000000786c80000, 0x00000007d6c00000)
  object space 41472K, 15% used [0x0000000784400000,0x0000000784a4c3e8,0x0000000786c80000)
 PSPermGen       total 21504K, used 3629K [0x0000000779e00000, 0x000000077b300000, 0x0000000784400000)
  object space 21504K, 16% used [0x0000000779e00000,0x000000077a18b7c8,0x000000077b300000)
}
Event: 3058.396 GC heap before
{Heap before GC invocations=7418 (full 20):
 PSYoungGen      total 197632K, used 196272K [0x00000007d6c00000, 0x00000007e4b80000, 0x0000000800000000)
  eden space 195584K, 99% used [0x00000007d6c00000,0x00000007e2a288e8,0x00000007e2b00000)
  from space 2048K, 75% used [0x00000007e4880000,0x00000007e4a03918,0x00000007e4a80000)
  to   space 1024K, 0% used [0x00000007e4a80000,0x00000007e4a80000,0x00000007e4b80000)
 ParOldGen       total 41472K, used 6448K [0x0000000784400000, 0x0000000786c80000, 0x00000007d6c00000)
  object space 41472K, 15% used [0x0000000784400000,0x0000000784a4c3e8,0x0000000786c80000)
 PSPermGen       total 21504K, used 3629K [0x0000000779e00000, 0x000000077b300000, 0x0000000784400000)
  object space 21504K, 16% used [0x0000000779e00000,0x000000077a18b7c8,0x000000077b300000)
Event: 3063.407 GC heap after
Heap after GC invocations=7418 (full 20):
 PSYoungGen      total 226304K, used 64K [0x00000007d6c00000, 0x00000007e5680000, 0x0000000800000000)
  eden space 225280K, 0% used [0x00000007d6c00000,0x00000007d6c00000,0x00000007e4800000)
  from space 1024K, 6% used [0x00000007e4a80000,0x00000007e4a90000,0x00000007e4b80000)
  to   space 2560K, 0% used [0x00000007e4800000,0x00000007e4800000,0x00000007e4a80000)
 ParOldGen       total 41472K, used 7935K [0x0000000784400000, 0x0000000786c80000, 0x00000007d6c00000)
  object space 41472K, 19% used [0x0000000784400000,0x0000000784bbfd60,0x0000000786c80000)
 PSPermGen       total 21504K, used 3629K [0x0000000779e00000, 0x000000077b300000, 0x0000000784400000)
  object space 21504K, 16% used [0x0000000779e00000,0x000000077a18b7c8,0x000000077b300000)
}
Event: 3066.133 GC heap before
{Heap before GC invocations=7419 (full 20):
 PSYoungGen      total 226304K, used 224535K [0x00000007d6c00000, 0x00000007e5680000, 0x0000000800000000)
  eden space 225280K, 99% used [0x00000007d6c00000,0x00000007e4735db0,0x00000007e4800000)
  from space 1024K, 6% used [0x00000007e4a80000,0x00000007e4a90000,0x00000007e4b80000)
  to   space 2560K, 0% used [0x00000007e4800000,0x00000007e4800000,0x00000007e4a80000)
 ParOldGen       total 41472K, used 7935K [0x0000000784400000, 0x0000000786c80000, 0x00000007d6c00000)
  object space 41472K, 19% used [0x0000000784400000,0x0000000784bbfd60,0x0000000786c80000)
 PSPermGen       total 21504K, used 3629K [0x0000000779e00000, 0x000000077b300000, 0x0000000784400000)
  object space 21504K, 16% used [0x0000000779e00000,0x000000077a18b7c8,0x000000077b300000)

Deoptimization events (4 events):
Event: 1.118 Thread 0x00007f0c0800a000 Uncommon trap: reason=class_check action=maybe_recompile pc=0x00007f0c05063e48 method=java.util.regex.Matcher.match(II)Z @ 86
Event: 1.254 Thread 0x00007f0c0800a000 Uncommon trap: reason=class_check action=maybe_recompile pc=0x00007f0c05063e48 method=java.util.regex.Matcher.match(II)Z @ 86
Event: 1.415 Thread 0x00007f0c0800a000 Uncommon trap: reason=class_check action=maybe_recompile pc=0x00007f0c05063e48 method=java.util.regex.Matcher.match(II)Z @ 86
Event: 1.459 Thread 0x00007f0c0800a000 Uncommon trap: reason=class_check action=maybe_recompile pc=0x00007f0c05063e48 method=java.util.regex.Matcher.match(II)Z @ 86

Internal exceptions (10 events):
Event: 1.047 Thread 0x00007f0c0800a000 Threw 0x00000007d6cfe628 at /build/buildd/openjdk-7-7u65-2.5.1/build/openjdk/hotspot/src/share/vm/prims/jvm.cpp:1247
Event: 1.048 Thread 0x00007f0c0800a000 Threw 0x00000007d6d01160 at /build/buildd/openjdk-7-7u65-2.5.1/build/openjdk/hotspot/src/share/vm/prims/jvm.cpp:1247
Event: 1.049 Thread 0x00007f0c0800a000 Threw 0x00000007d6d031e8 at /build/buildd/openjdk-7-7u65-2.5.1/build/openjdk/hotspot/src/share/vm/prims/jvm.cpp:1247
Event: 1.049 Thread 0x00007f0c0800a000 Threw 0x00000007d6d053d8 at /build/buildd/openjdk-7-7u65-2.5.1/build/openjdk/hotspot/src/share/vm/prims/jvm.cpp:1247
Event: 1.050 Thread 0x00007f0c0800a000 Threw 0x00000007d6d09508 at /build/buildd/openjdk-7-7u65-2.5.1/build/openjdk/hotspot/src/share/vm/prims/jvm.cpp:1247
Event: 1.051 Thread 0x00007f0c0800a000 Threw 0x00000007d6d0e010 at /build/buildd/openjdk-7-7u65-2.5.1/build/openjdk/hotspot/src/share/vm/prims/jvm.cpp:1247
Event: 1.053 Thread 0x00007f0c0800a000 Threw 0x00000007d6d10ae0 at /build/buildd/openjdk-7-7u65-2.5.1/build/openjdk/hotspot/src/share/vm/prims/jvm.cpp:1247
Event: 1.054 Thread 0x00007f0c0800a000 Threw 0x00000007d6d13698 at /build/buildd/openjdk-7-7u65-2.5.1/build/openjdk/hotspot/src/share/vm/prims/jvm.cpp:1247
Event: 1.078 Thread 0x00007f0c0800a000 Threw 0x00000007d6d1a088 at /build/buildd/openjdk-7-7u65-2.5.1/build/openjdk/hotspot/src/share/vm/prims/jvm.cpp:1247
Event: 1.080 Thread 0x00007f0c0800a000 Threw 0x00000007d6d1e710 at /build/buildd/openjdk-7-7u65-2.5.1/build/openjdk/hotspot/src/share/vm/prims/jvm.cpp:1247

Events (10 events):
Event: 3050.242 Executing VM operation: ParallelGCFailedAllocation done
Event: 3050.712 Executing VM operation: ParallelGCFailedAllocation
Event: 3050.715 Executing VM operation: ParallelGCFailedAllocation done
Event: 3051.391 Executing VM operation: ParallelGCFailedAllocation
Event: 3051.394 Executing VM operation: ParallelGCFailedAllocation done
Event: 3052.196 Executing VM operation: ParallelGCFailedAllocation
Event: 3056.007 Executing VM operation: ParallelGCFailedAllocation done
Event: 3057.294 Executing VM operation: ParallelGCFailedAllocation
Event: 3064.985 Executing VM operation: ParallelGCFailedAllocation done
Event: 3065.829 Executing VM operation: ParallelGCFailedAllocation


Dynamic libraries:
00400000-00401000 r-xp 00000000 08:05 5115745                            /usr/lib/jvm/java-7-openjdk-amd64/jre/bin/java
00600000-00601000 r--p 00000000 08:05 5115745                            /usr/lib/jvm/java-7-openjdk-amd64/jre/bin/java
00601000-00602000 rw-p 00001000 08:05 5115745                            /usr/lib/jvm/java-7-openjdk-amd64/jre/bin/java
01c94000-01cb5000 rw-p 00000000 00:00 0                                  [heap]
779e00000-77b300000 rw-p 00000000 00:00 0 
77b300000-784400000 rw-p 00000000 00:00 0 
784400000-786c80000 rw-p 00000000 00:00 0 
786c80000-789680000 ---p 00000000 00:00 0 
789680000-7d6c00000 rw-p 00000000 00:00 0 
7d6c00000-7e5680000 rw-p 00000000 00:00 0 
7e7900000-800000000 ---p 00000000 00:00 0 
7f0bc4000000-7f0bc4021000 rw-p 00000000 00:00 0 
7f0bc4021000-7f0bc8000000 ---p 00000000 00:00 0 
7f0bcc000000-7f0bcc45d000 rw-p 00000000 00:00 0 
7f0bcc45d000-7f0bd0000000 ---p 00000000 00:00 0 
7f0bd0000000-7f0bd0021000 rw-p 00000000 00:00 0 
7f0bd0021000-7f0bd4000000 ---p 00000000 00:00 0 
7f0bd4000000-7f0bd4021000 rw-p 00000000 00:00 0 
7f0bd4021000-7f0bd8000000 ---p 00000000 00:00 0 
7f0bd8000000-7f0bd8235000 rw-p 00000000 00:00 0 
7f0bd8235000-7f0bdc000000 ---p 00000000 00:00 0 
7f0bdc000000-7f0bdc021000 rw-p 00000000 00:00 0 
7f0bdc021000-7f0be0000000 ---p 00000000 00:00 0 
7f0be0000000-7f0be0021000 rw-p 00000000 00:00 0 
7f0be0021000-7f0be4000000 ---p 00000000 00:00 0 
7f0be4000000-7f0be4021000 rw-p 00000000 00:00 0 
7f0be4021000-7f0be8000000 ---p 00000000 00:00 0 
7f0bebcf0000-7f0bf0000000 rw-p 00000000 00:00 0 
7f0bf0000000-7f0bf002b000 rw-p 00000000 00:00 0 
7f0bf002b000-7f0bf4000000 ---p 00000000 00:00 0 
7f0bf4000000-7f0bf4024000 rw-p 00000000 00:00 0 
7f0bf4024000-7f0bf8000000 ---p 00000000 00:00 0 
7f0bf8000000-7f0bf8023000 rw-p 00000000 00:00 0 
7f0bf8023000-7f0bfc000000 ---p 00000000 00:00 0 
7f0bff9c2000-7f0bffbfc000 rw-p 00000000 00:00 0 
7f0bffbfc000-7f0bffbfd000 ---p 00000000 00:00 0 
7f0bffbfd000-7f0bffcfd000 rw-p 00000000 00:00 0                          [stack:3748]
7f0bffcfd000-7f0bffd00000 ---p 00000000 00:00 0 
7f0bffd00000-7f0bffdfe000 rw-p 00000000 00:00 0                          [stack:3747]
7f0bffdfe000-7f0bffe01000 ---p 00000000 00:00 0 
7f0bffe01000-7f0bffeff000 rw-p 00000000 00:00 0                          [stack:3746]
7f0bffeff000-7f0bfff02000 ---p 00000000 00:00 0 
7f0bfff02000-7f0c00000000 rw-p 00000000 00:00 0                          [stack:3745]
7f0c00000000-7f0c0002c000 rw-p 00000000 00:00 0 
7f0c0002c000-7f0c04000000 ---p 00000000 00:00 0 
7f0c04015000-7f0c04018000 ---p 00000000 00:00 0 
7f0c04018000-7f0c04116000 rw-p 00000000 00:00 0                          [stack:3744]
7f0c04116000-7f0c047f8000 r--p 00000000 08:05 4725374                    /usr/lib/locale/locale-archive
7f0c047f8000-7f0c047fb000 ---p 00000000 00:00 0 
7f0c047fb000-7f0c048f9000 rw-p 00000000 00:00 0                          [stack:3743]
7f0c048f9000-7f0c048fc000 ---p 00000000 00:00 0 
7f0c048fc000-7f0c049fa000 rw-p 00000000 00:00 0                          [stack:3742]
7f0c049fa000-7f0c049fb000 ---p 00000000 00:00 0 
7f0c049fb000-7f0c05000000 rw-p 00000000 00:00 0                          [stack:3741]
7f0c05000000-7f0c05270000 rwxp 00000000 00:00 0 
7f0c05270000-7f0c0813d000 rw-p 00000000 00:00 0 
7f0c0813d000-7f0c0c000000 ---p 00000000 00:00 0 
7f0c0c0be000-7f0c0cbb6000 rw-p 00000000 00:00 0 
7f0c0cbb6000-7f0c0cd67000 r--s 01d21000 08:05 5114452                    /usr/lib/jvm/java-7-openjdk-amd64/jre/lib/rt.jar
7f0c0cd67000-7f0c0d2bb000 rw-p 00000000 00:00 0 
7f0c0d2bb000-7f0c0d2bc000 ---p 00000000 00:00 0 
7f0c0d2bc000-7f0c0d3bc000 rw-p 00000000 00:00 0                          [stack:3740]
7f0c0d3bc000-7f0c0d3bd000 ---p 00000000 00:00 0 
7f0c0d3bd000-7f0c0d4bd000 rw-p 00000000 00:00 0                          [stack:3739]
7f0c0d4bd000-7f0c0d4be000 ---p 00000000 00:00 0 
7f0c0d4be000-7f0c0d5be000 rw-p 00000000 00:00 0                          [stack:3738]
7f0c0d5be000-7f0c0d5bf000 ---p 00000000 00:00 0 
7f0c0d5bf000-7f0c0d6ca000 rw-p 00000000 00:00 0                          [stack:3736]
7f0c0d6ca000-7f0c0d712000 rw-p 00000000 00:00 0 
7f0c0d712000-7f0c0d727000 rw-p 00000000 00:00 0 
7f0c0d727000-7f0c0d73c000 ---p 00000000 00:00 0 
7f0c0d73c000-7f0c0d9a6000 rw-p 00000000 00:00 0 
7f0c0d9a6000-7f0c0d9b1000 rw-p 00000000 00:00 0 
7f0c0d9b1000-7f0c0d9f9000 rw-p 00000000 00:00 0 
7f0c0d9f9000-7f0c0da0e000 rw-p 00000000 00:00 0 
7f0c0da0e000-7f0c0da23000 ---p 00000000 00:00 0 
7f0c0da23000-7f0c0dc8d000 rw-p 00000000 00:00 0 
7f0c0dc8d000-7f0c0dd03000 rw-p 00000000 00:00 0 
7f0c0dd03000-7f0c0ddd7000 ---p 00000000 00:00 0 
7f0c0ddd7000-7f0c0ddd8000 rw-p 00000000 00:00 0 
7f0c0ddd8000-7f0c0dde0000 r-xp 00000000 08:05 5111914                    /usr/lib/jvm/java-7-openjdk-amd64/jre/lib/amd64/libzip.so
7f0c0dde0000-7f0c0dfdf000 ---p 00008000 08:05 5111914                    /usr/lib/jvm/java-7-openjdk-amd64/jre/lib/amd64/libzip.so
7f0c0dfdf000-7f0c0dfe0000 r--p 00007000 08:05 5111914                    /usr/lib/jvm/java-7-openjdk-amd64/jre/lib/amd64/libzip.so
7f0c0dfe0000-7f0c0dfe1000 rw-p 00008000 08:05 5111914                    /usr/lib/jvm/java-7-openjdk-amd64/jre/lib/amd64/libzip.so
7f0c0dfe1000-7f0c0dfec000 r-xp 00000000 08:05 5510180                    /lib/x86_64-linux-gnu/libnss_files-2.19.so
7f0c0dfec000-7f0c0e1eb000 ---p 0000b000 08:05 5510180                    /lib/x86_64-linux-gnu/libnss_files-2.19.so
7f0c0e1eb000-7f0c0e1ec000 r--p 0000a000 08:05 5510180                    /lib/x86_64-linux-gnu/libnss_files-2.19.so
7f0c0e1ec000-7f0c0e1ed000 rw-p 0000b000 08:05 5510180                    /lib/x86_64-linux-gnu/libnss_files-2.19.so
7f0c0e1ed000-7f0c0e1f8000 r-xp 00000000 08:05 5510181                    /lib/x86_64-linux-gnu/libnss_nis-2.19.so
7f0c0e1f8000-7f0c0e3f7000 ---p 0000b000 08:05 5510181                    /lib/x86_64-linux-gnu/libnss_nis-2.19.so
7f0c0e3f7000-7f0c0e3f8000 r--p 0000a000 08:05 5510181                    /lib/x86_64-linux-gnu/libnss_nis-2.19.so
7f0c0e3f8000-7f0c0e3f9000 rw-p 0000b000 08:05 5510181                    /lib/x86_64-linux-gnu/libnss_nis-2.19.so
7f0c0e3f9000-7f0c0e410000 r-xp 00000000 08:05 5510167                    /lib/x86_64-linux-gnu/libnsl-2.19.so
7f0c0e410000-7f0c0e60f000 ---p 00017000 08:05 5510167                    /lib/x86_64-linux-gnu/libnsl-2.19.so
7f0c0e60f000-7f0c0e610000 r--p 00016000 08:05 5510167                    /lib/x86_64-linux-gnu/libnsl-2.19.so
7f0c0e610000-7f0c0e611000 rw-p 00017000 08:05 5510167                    /lib/x86_64-linux-gnu/libnsl-2.19.so
7f0c0e611000-7f0c0e613000 rw-p 00000000 00:00 0 
7f0c0e613000-7f0c0e61c000 r-xp 00000000 08:05 5510134                    /lib/x86_64-linux-gnu/libnss_compat-2.19.so
7f0c0e61c000-7f0c0e81b000 ---p 00009000 08:05 5510134                    /lib/x86_64-linux-gnu/libnss_compat-2.19.so
7f0c0e81b000-7f0c0e81c000 r--p 00008000 08:05 5510134                    /lib/x86_64-linux-gnu/libnss_compat-2.19.so
7f0c0e81c000-7f0c0e81d000 rw-p 00009000 08:05 5510134                    /lib/x86_64-linux-gnu/libnss_compat-2.19.so
7f0c0e81d000-7f0c0e848000 r-xp 00000000 08:05 5111911                    /usr/lib/jvm/java-7-openjdk-amd64/jre/lib/amd64/libjava.so
7f0c0e848000-7f0c0ea48000 ---p 0002b000 08:05 5111911                    /usr/lib/jvm/java-7-openjdk-amd64/jre/lib/amd64/libjava.so
7f0c0ea48000-7f0c0ea49000 r--p 0002b000 08:05 5111911                    /usr/lib/jvm/java-7-openjdk-amd64/jre/lib/amd64/libjava.so
7f0c0ea49000-7f0c0ea4b000 rw-p 0002c000 08:05 5111911                    /usr/lib/jvm/java-7-openjdk-amd64/jre/lib/amd64/libjava.so
7f0c0ea4b000-7f0c0ea5b000 r-xp 00000000 08:05 5111928                    /usr/lib/jvm/java-7-openjdk-amd64/jre/lib/amd64/libverify.so
7f0c0ea5b000-7f0c0ec5a000 ---p 00010000 08:05 5111928                    /usr/lib/jvm/java-7-openjdk-amd64/jre/lib/amd64/libverify.so
7f0c0ec5a000-7f0c0ec5c000 r--p 0000f000 08:05 5111928                    /usr/lib/jvm/java-7-openjdk-amd64/jre/lib/amd64/libverify.so
7f0c0ec5c000-7f0c0ec5d000 rw-p 00011000 08:05 5111928                    /usr/lib/jvm/java-7-openjdk-amd64/jre/lib/amd64/libverify.so
7f0c0ec5d000-7f0c0ec64000 r-xp 00000000 08:05 5510169                    /lib/x86_64-linux-gnu/librt-2.19.so
7f0c0ec64000-7f0c0ee63000 ---p 00007000 08:05 5510169                    /lib/x86_64-linux-gnu/librt-2.19.so
7f0c0ee63000-7f0c0ee64000 r--p 00006000 08:05 5510169                    /lib/x86_64-linux-gnu/librt-2.19.so
7f0c0ee64000-7f0c0ee65000 rw-p 00007000 08:05 5510169                    /lib/x86_64-linux-gnu/librt-2.19.so
7f0c0ee65000-7f0c0ee7b000 r-xp 00000000 08:05 5509026                    /lib/x86_64-linux-gnu/libgcc_s.so.1
7f0c0ee7b000-7f0c0f07a000 ---p 00016000 08:05 5509026                    /lib/x86_64-linux-gnu/libgcc_s.so.1
7f0c0f07a000-7f0c0f07b000 rw-p 00015000 08:05 5509026                    /lib/x86_64-linux-gnu/libgcc_s.so.1
7f0c0f07b000-7f0c0f180000 r-xp 00000000 08:05 5510176                    /lib/x86_64-linux-gnu/libm-2.19.so
7f0c0f180000-7f0c0f37f000 ---p 00105000 08:05 5510176                    /lib/x86_64-linux-gnu/libm-2.19.so
7f0c0f37f000-7f0c0f380000 r--p 00104000 08:05 5510176                    /lib/x86_64-linux-gnu/libm-2.19.so
7f0c0f380000-7f0c0f381000 rw-p 00105000 08:05 5510176                    /lib/x86_64-linux-gnu/libm-2.19.so
7f0c0f381000-7f0c0f467000 r-xp 00000000 08:05 4727270                    /usr/lib/x86_64-linux-gnu/libstdc++.so.6.0.19
7f0c0f467000-7f0c0f666000 ---p 000e6000 08:05 4727270                    /usr/lib/x86_64-linux-gnu/libstdc++.so.6.0.19
7f0c0f666000-7f0c0f66e000 r--p 000e5000 08:05 4727270                    /usr/lib/x86_64-linux-gnu/libstdc++.so.6.0.19
7f0c0f66e000-7f0c0f670000 rw-p 000ed000 08:05 4727270                    /usr/lib/x86_64-linux-gnu/libstdc++.so.6.0.19
7f0c0f670000-7f0c0f685000 rw-p 00000000 00:00 0 
7f0c0f685000-7f0c1019b000 r-xp 00000000 08:05 5111942                    /usr/lib/jvm/java-7-openjdk-amd64/jre/lib/amd64/server/libjvm.so
7f0c1019b000-7f0c1039a000 ---p 00b16000 08:05 5111942                    /usr/lib/jvm/java-7-openjdk-amd64/jre/lib/amd64/server/libjvm.so
7f0c1039a000-7f0c10434000 r--p 00b15000 08:05 5111942                    /usr/lib/jvm/java-7-openjdk-amd64/jre/lib/amd64/server/libjvm.so
7f0c10434000-7f0c10457000 rw-p 00baf000 08:05 5111942                    /usr/lib/jvm/java-7-openjdk-amd64/jre/lib/amd64/server/libjvm.so
7f0c10457000-7f0c10485000 rw-p 00000000 00:00 0 
7f0c10485000-7f0c1049d000 r-xp 00000000 08:05 5509162                    /lib/x86_64-linux-gnu/libz.so.1.2.8
7f0c1049d000-7f0c1069c000 ---p 00018000 08:05 5509162                    /lib/x86_64-linux-gnu/libz.so.1.2.8
7f0c1069c000-7f0c1069d000 r--p 00017000 08:05 5509162                    /lib/x86_64-linux-gnu/libz.so.1.2.8
7f0c1069d000-7f0c1069e000 rw-p 00018000 08:05 5509162                    /lib/x86_64-linux-gnu/libz.so.1.2.8
7f0c1069e000-7f0c106b7000 r-xp 00000000 08:05 5510186                    /lib/x86_64-linux-gnu/libpthread-2.19.so
7f0c106b7000-7f0c108b6000 ---p 00019000 08:05 5510186                    /lib/x86_64-linux-gnu/libpthread-2.19.so
7f0c108b6000-7f0c108b7000 r--p 00018000 08:05 5510186                    /lib/x86_64-linux-gnu/libpthread-2.19.so
7f0c108b7000-7f0c108b8000 rw-p 00019000 08:05 5510186                    /lib/x86_64-linux-gnu/libpthread-2.19.so
7f0c108b8000-7f0c108bc000 rw-p 00000000 00:00 0 
7f0c108bc000-7f0c108bf000 r-xp 00000000 08:05 5510185                    /lib/x86_64-linux-gnu/libdl-2.19.so
7f0c108bf000-7f0c10abe000 ---p 00003000 08:05 5510185                    /lib/x86_64-linux-gnu/libdl-2.19.so
7f0c10abe000-7f0c10abf000 r--p 00002000 08:05 5510185                    /lib/x86_64-linux-gnu/libdl-2.19.so
7f0c10abf000-7f0c10ac0000 rw-p 00003000 08:05 5510185                    /lib/x86_64-linux-gnu/libdl-2.19.so
7f0c10ac0000-7f0c10c7b000 r-xp 00000000 08:05 5510173                    /lib/x86_64-linux-gnu/libc-2.19.so
7f0c10c7b000-7f0c10e7b000 ---p 001bb000 08:05 5510173                    /lib/x86_64-linux-gnu/libc-2.19.so
7f0c10e7b000-7f0c10e7f000 r--p 001bb000 08:05 5510173                    /lib/x86_64-linux-gnu/libc-2.19.so
7f0c10e7f000-7f0c10e81000 rw-p 001bf000 08:05 5510173                    /lib/x86_64-linux-gnu/libc-2.19.so
7f0c10e81000-7f0c10e86000 rw-p 00000000 00:00 0 
7f0c10e86000-7f0c10e93000 r-xp 00000000 08:05 5111948                    /usr/lib/jvm/java-7-openjdk-amd64/jre/lib/amd64/jli/libjli.so
7f0c10e93000-7f0c11092000 ---p 0000d000 08:05 5111948                    /usr/lib/jvm/java-7-openjdk-amd64/jre/lib/amd64/jli/libjli.so
7f0c11092000-7f0c11093000 r--p 0000c000 08:05 5111948                    /usr/lib/jvm/java-7-openjdk-amd64/jre/lib/amd64/jli/libjli.so
7f0c11093000-7f0c11094000 rw-p 0000d000 08:05 5111948                    /usr/lib/jvm/java-7-openjdk-amd64/jre/lib/amd64/jli/libjli.so
7f0c11094000-7f0c110b7000 r-xp 00000000 08:05 5510174                    /lib/x86_64-linux-gnu/ld-2.19.so
7f0c110d0000-7f0c110d3000 r--s 0003c000 08:05 5111965                    /usr/lib/jvm/java-7-openjdk-amd64/jre/lib/ext/sunpkcs11.jar
7f0c110d3000-7f0c110d6000 r--s 0000f000 08:05 5111961                    /usr/lib/jvm/java-7-openjdk-amd64/jre/lib/ext/pulse-java.jar
7f0c110d6000-7f0c110e0000 rw-p 00000000 00:00 0 
7f0c110e0000-7f0c11196000 rw-p 00000000 00:00 0 
7f0c11196000-7f0c11199000 ---p 00000000 00:00 0 
7f0c11199000-7f0c1129c000 rw-p 00000000 00:00 0                          [stack:3732]
7f0c1129d000-7f0c1129e000 rw-p 00000000 00:00 0 
7f0c1129e000-7f0c112a0000 r--s 00006000 08:05 5117819                    /usr/share/java/java-atk-wrapper.jar
7f0c112a0000-7f0c112a3000 r--s 00032000 08:05 5111963                    /usr/lib/jvm/java-7-openjdk-amd64/jre/lib/ext/sunjce_provider.jar
7f0c112a3000-7f0c112a5000 r--s 00012000 08:05 5111962                    /usr/lib/jvm/java-7-openjdk-amd64/jre/lib/ext/zipfs.jar
7f0c112a5000-7f0c112a9000 r--s 00085000 08:05 5111960                    /usr/lib/jvm/java-7-openjdk-amd64/jre/lib/ext/localedata.jar
7f0c112a9000-7f0c112aa000 r--s 00002000 08:05 5111964                    /usr/lib/jvm/java-7-openjdk-amd64/jre/lib/ext/dnsns.jar
7f0c112aa000-7f0c112b2000 rw-s 00000000 08:05 3407956                    /tmp/hsperfdata_pritika/3730
7f0c112b2000-7f0c112b3000 rw-p 00000000 00:00 0 
7f0c112b3000-7f0c112b4000 ---p 00000000 00:00 0 
7f0c112b4000-7f0c112b6000 rw-p 00000000 00:00 0 
7f0c112b6000-7f0c112b7000 r--p 00022000 08:05 5510174                    /lib/x86_64-linux-gnu/ld-2.19.so
7f0c112b7000-7f0c112b8000 rw-p 00023000 08:05 5510174                    /lib/x86_64-linux-gnu/ld-2.19.so
7f0c112b8000-7f0c112b9000 rw-p 00000000 00:00 0 
7fff40706000-7fff40727000 rw-p 00000000 00:00 0                          [stack]
7fff40771000-7fff40773000 r-xp 00000000 00:00 0                          [vdso]
ffffffffff600000-ffffffffff601000 r-xp 00000000 00:00 0                  [vsyscall]

VM Arguments:
jvm_args: -Dfile.encoding=UTF-8 
java_command: edu.buffalo.cse.irf14.Runner
Launcher Type: SUN_STANDARD

Environment Variables:
PATH=/usr/local/sbin:/usr/local/bin:/usr/sbin:/usr/bin:/sbin:/bin:/usr/games:/usr/local/games
SHELL=/bin/bash
DISPLAY=:0.0

Signal Handlers:
SIGSEGV: [libjvm.so+0x949110], sa_mask[0]=0x7ffbfeff, sa_flags=0x10000004
SIGBUS: [libjvm.so+0x949110], sa_mask[0]=0x7ffbfeff, sa_flags=0x10000004
SIGFPE: [libjvm.so+0x7c2e80], sa_mask[0]=0x7ffbfeff, sa_flags=0x10000004
SIGPIPE: [libjvm.so+0x7c2e80], sa_mask[0]=0x7ffbfeff, sa_flags=0x10000004
SIGXFSZ: [libjvm.so+0x7c2e80], sa_mask[0]=0x7ffbfeff, sa_flags=0x10000004
SIGILL: [libjvm.so+0x7c2e80], sa_mask[0]=0x7ffbfeff, sa_flags=0x10000004
SIGUSR1: SIG_DFL, sa_mask[0]=0x00000000, sa_flags=0x00000000
SIGUSR2: [libjvm.so+0x7c2d20], sa_mask[0]=0x00000004, sa_flags=0x10000004
SIGHUP: [libjvm.so+0x7c2f00], sa_mask[0]=0x7ffbfeff, sa_flags=0x10000004
SIGINT: [libjvm.so+0x7c2f00], sa_mask[0]=0x7ffbfeff, sa_flags=0x10000004
SIGTERM: [libjvm.so+0x7c2f00], sa_mask[0]=0x7ffbfeff, sa_flags=0x10000004
SIGQUIT: [libjvm.so+0x7c2f00], sa_mask[0]=0x7ffbfeff, sa_flags=0x10000004
SIGTRAP: SIG_DFL, sa_mask[0]=0x00000000, sa_flags=0x00000000


---------------  S Y S T E M  ---------------

OS:Ubuntu 14.04 (trusty)
uname:Linux 3.13.0-35-generic #62-Ubuntu SMP Fri Aug 15 01:58:42 UTC 2014 x86_64
libc:glibc 2.19 NPTL 2.19 
rlimit: STACK 8192k, CORE 0k, NPROC 62612, NOFILE 4096, AS infinity
load average:20.58 15.34 13.08

/proc/meminfo:
MemTotal:        8105184 kB
MemFree:         1154276 kB
Buffers:            1512 kB
Cached:           391716 kB
SwapCached:            0 kB
Active:          6367720 kB
Inactive:         387456 kB
Active(anon):    6363944 kB
Inactive(anon):   350684 kB
Active(file):       3776 kB
Inactive(file):    36772 kB
Unevictable:          32 kB
Mlocked:              32 kB
SwapTotal:             0 kB
SwapFree:              0 kB
Dirty:               332 kB
Writeback:             0 kB
AnonPages:       6362108 kB
Mapped:            69956 kB
Shmem:            352564 kB
Slab:              52244 kB
SReclaimable:      21440 kB
SUnreclaim:        30804 kB
KernelStack:        5408 kB
PageTables:        44220 kB
NFS_Unstable:          0 kB
Bounce:                0 kB
WritebackTmp:          0 kB
CommitLimit:     4052592 kB
Committed_AS:   10854900 kB
VmallocTotal:   34359738367 kB
VmallocUsed:      555976 kB
VmallocChunk:   34359168600 kB
HardwareCorrupted:     0 kB
AnonHugePages:   4280320 kB
HugePages_Total:       0
HugePages_Free:        0
HugePages_Rsvd:        0
HugePages_Surp:        0
Hugepagesize:       2048 kB
DirectMap4k:       60032 kB
DirectMap2M:     3014656 kB
DirectMap1G:     5242880 kB


CPU:total 4 (2 cores per cpu, 2 threads per core) family 6 model 69 stepping 1, cmov, cx8, fxsr, mmx, sse, sse2, sse3, ssse3, sse4.1, sse4.2, popcnt, avx, avx2, aes, erms, ht, tsc, tscinvbit

/proc/cpuinfo:
processor	: 0
vendor_id	: GenuineIntel
cpu family	: 6
model		: 69
model name	: Intel(R) Core(TM) i5-4210U CPU @ 1.70GHz
stepping	: 1
microcode	: 0x17
cpu MHz		: 1600.000
cache size	: 3072 KB
physical id	: 0
siblings	: 4
core id		: 0
cpu cores	: 2
apicid		: 0
initial apicid	: 0
fpu		: yes
fpu_exception	: yes
cpuid level	: 13
wp		: yes
flags		: fpu vme de pse tsc msr pae mce cx8 apic sep mtrr pge mca cmov pat pse36 clflush dts acpi mmx fxsr sse sse2 ss ht tm pbe syscall nx pdpe1gb rdtscp lm constant_tsc arch_perfmon pebs bts rep_good nopl xtopology nonstop_tsc aperfmperf eagerfpu pni pclmulqdq dtes64 monitor ds_cpl vmx est tm2 ssse3 fma cx16 xtpr pdcm pcid sse4_1 sse4_2 movbe popcnt tsc_deadline_timer aes xsave avx f16c rdrand lahf_lm abm ida arat epb xsaveopt pln pts dtherm tpr_shadow vnmi flexpriority ept vpid fsgsbase tsc_adjust bmi1 avx2 smep bmi2 erms invpcid
bogomips	: 4788.98
clflush size	: 64
cache_alignment	: 64
address sizes	: 39 bits physical, 48 bits virtual
power management:

processor	: 1
vendor_id	: GenuineIntel
cpu family	: 6
model		: 69
model name	: Intel(R) Core(TM) i5-4210U CPU @ 1.70GHz
stepping	: 1
microcode	: 0x17
cpu MHz		: 1600.000
cache size	: 3072 KB
physical id	: 0
siblings	: 4
core id		: 0
cpu cores	: 2
apicid		: 1
initial apicid	: 1
fpu		: yes
fpu_exception	: yes
cpuid level	: 13
wp		: yes
flags		: fpu vme de pse tsc msr pae mce cx8 apic sep mtrr pge mca cmov pat pse36 clflush dts acpi mmx fxsr sse sse2 ss ht tm pbe syscall nx pdpe1gb rdtscp lm constant_tsc arch_perfmon pebs bts rep_good nopl xtopology nonstop_tsc aperfmperf eagerfpu pni pclmulqdq dtes64 monitor ds_cpl vmx est tm2 ssse3 fma cx16 xtpr pdcm pcid sse4_1 sse4_2 movbe popcnt tsc_deadline_timer aes xsave avx f16c rdrand lahf_lm abm ida arat epb xsaveopt pln pts dtherm tpr_shadow vnmi flexpriority ept vpid fsgsbase tsc_adjust bmi1 avx2 smep bmi2 erms invpcid
bogomips	: 4788.98
clflush size	: 64
cache_alignment	: 64
address sizes	: 39 bits physical, 48 bits virtual
power management:

processor	: 2
vendor_id	: GenuineIntel
cpu family	: 6
model		: 69
model name	: Intel(R) Core(TM) i5-4210U CPU @ 1.70GHz
stepping	: 1
microcode	: 0x17
cpu MHz		: 1600.000
cache size	: 3072 KB
physical id	: 0
siblings	: 4
core id		: 1
cpu cores	: 2
apicid		: 2
initial apicid	: 2
fpu		: yes
fpu_exception	: yes
cpuid level	: 13
wp		: yes
flags		: fpu vme de pse tsc msr pae mce cx8 apic sep mtrr pge mca cmov pat pse36 clflush dts acpi mmx fxsr sse sse2 ss ht tm pbe syscall nx pdpe1gb rdtscp lm constant_tsc arch_perfmon pebs bts rep_good nopl xtopology nonstop_tsc aperfmperf eagerfpu pni pclmulqdq dtes64 monitor ds_cpl vmx est tm2 ssse3 fma cx16 xtpr pdcm pcid sse4_1 sse4_2 movbe popcnt tsc_deadline_timer aes xsave avx f16c rdrand lahf_lm abm ida arat epb xsaveopt pln pts dtherm tpr_shadow vnmi flexpriority ept vpid fsgsbase tsc_adjust bmi1 avx2 smep bmi2 erms invpcid
bogomips	: 4788.98
clflush size	: 64
cache_alignment	: 64
address sizes	: 39 bits physical, 48 bits virtual
power management:

processor	: 3
vendor_id	: GenuineIntel
cpu family	: 6
model		: 69
model name	: Intel(R) Core(TM) i5-4210U CPU @ 1.70GHz
stepping	: 1
microcode	: 0x17
cpu MHz		: 1600.000
cache size	: 3072 KB
physical id	: 0
siblings	: 4
core id		: 1
cpu cores	: 2
apicid		: 3
initial apicid	: 3
fpu		: yes
fpu_exception	: yes
cpuid level	: 13
wp		: yes
flags		: fpu vme de pse tsc msr pae mce cx8 apic sep mtrr pge mca cmov pat pse36 clflush dts acpi mmx fxsr sse sse2 ss ht tm pbe syscall nx pdpe1gb rdtscp lm constant_tsc arch_perfmon pebs bts rep_good nopl xtopology nonstop_tsc aperfmperf eagerfpu pni pclmulqdq dtes64 monitor ds_cpl vmx est tm2 ssse3 fma cx16 xtpr pdcm pcid sse4_1 sse4_2 movbe popcnt tsc_deadline_timer aes xsave avx f16c rdrand lahf_lm abm ida arat epb xsaveopt pln pts dtherm tpr_shadow vnmi flexpriority ept vpid fsgsbase tsc_adjust bmi1 avx2 smep bmi2 erms invpcid
bogomips	: 4788.98
clflush size	: 64
cache_alignment	: 64
address sizes	: 39 bits physical, 48 bits virtual
power management:



Memory: 4k page, physical 8105184k(1154276k free), swap 0k(0k free)

vm_info: OpenJDK 64-Bit Server VM (24.65-b04) for linux-amd64 JRE (1.7.0_65-b32), built on Aug 23 2014 13:33:31 by "buildd" with gcc 4.8.2

time: Sat Sep 27 09:25:42 2014
elapsed time: 3075 seconds

