#
# There is insufficient memory for the Java Runtime Environment to continue.
# Native memory allocation (malloc) failed to allocate 254279680 bytes for committing reserved memory.
# Possible reasons:
#   The system is out of physical RAM or swap space
#   In 32 bit mode, the process size limit was hit
# Possible solutions:
#   Reduce memory load on the system
#   Increase physical memory or swap space
#   Check if swap backing store is full
#   Use 64 bit Java on a 64 bit OS
#   Decrease Java heap size (-Xmx/-Xms)
#   Decrease number of Java threads
#   Decrease Java thread stack sizes (-Xss)
#   Set larger code cache with -XX:ReservedCodeCacheSize=
# This output file may be truncated or incomplete.
#
#  Out of Memory Error (os_linux.cpp:2798), pid=14051, tid=139858074666752
#
# JRE version: OpenJDK Runtime Environment (7.0_65-b32) (build 1.7.0_65-b32)
# Java VM: OpenJDK 64-Bit Server VM (24.65-b04 mixed mode linux-amd64 compressed oops)
# Failed to write core dump. Core dumps have been disabled. To enable core dumping, try "ulimit -c unlimited" before starting Java again
#

---------------  T H R E A D  ---------------

Current thread (0x00007f3348075800):  VMThread [stack: 0x00007f333ecc0000,0x00007f333edc1000] [id=14061]

Stack: [0x00007f333ecc0000,0x00007f333edc1000],  sp=0x00007f333edbf490,  free space=1021k
Native frames: (J=compiled Java code, j=interpreted, Vv=VM code, C=native code)
V  [libjvm.so+0x948635]  VMError::report_and_die()+0x175
V  [libjvm.so+0x48b904]  report_vm_out_of_memory(char const*, int, unsigned long, char const*)+0x74
V  [libjvm.so+0x7c766b]  os::pd_commit_memory(char*, unsigned long, unsigned long, bool)+0xeb
V  [libjvm.so+0x7c212f]  os::commit_memory(char*, unsigned long, unsigned long, bool)+0x1f
V  [libjvm.so+0x8338bb]  PSVirtualSpace::expand_by(unsigned long)+0x5b
V  [libjvm.so+0x834710]  PSYoungGen::resize_generation(unsigned long, unsigned long)+0xb0
V  [libjvm.so+0x834dfb]  PSYoungGen::resize(unsigned long, unsigned long)+0x1b
V  [libjvm.so+0x8310e0]  PSScavenge::invoke_no_policy()+0xde0
V  [libjvm.so+0x8318b8]  PSScavenge::invoke()+0x38
V  [libjvm.so+0x7e8293]  ParallelScavengeHeap::failed_mem_allocate(unsigned long)+0x63
V  [libjvm.so+0x94a034]  VM_ParallelGCFailedAllocation::doit()+0x84
V  [libjvm.so+0x94e527]  VM_Operation::evaluate()+0x47
V  [libjvm.so+0x94ce98]  VMThread::evaluate_operation(VM_Operation*)+0x318
V  [libjvm.so+0x94d2f9]  VMThread::loop()+0x219
V  [libjvm.so+0x94d742]  VMThread::run()+0x72
V  [libjvm.so+0x7c4532]  java_start(Thread*)+0xf2

VM_Operation (0x00007f334f4bb6b0): ParallelGCFailedAllocation, mode: safepoint, requested by thread 0x00007f334800a000


---------------  P R O C E S S  ---------------

Java Threads: ( => current thread )
  0x00007f33480a6800 JavaThread "Service Thread" daemon [_thread_blocked, id=14067, stack(0x00007f333dfd8000,0x00007f333e0d9000)]
  0x00007f33480a4000 JavaThread "C2 CompilerThread1" daemon [_thread_blocked, id=14066, stack(0x00007f333e0d9000,0x00007f333e1da000)]
  0x00007f33480a1000 JavaThread "C2 CompilerThread0" daemon [_thread_blocked, id=14065, stack(0x00007f333e1da000,0x00007f333e2db000)]
  0x00007f334809f000 JavaThread "Signal Dispatcher" daemon [_thread_blocked, id=14064, stack(0x00007f333e2db000,0x00007f333e3dc000)]
  0x00007f334807c000 JavaThread "Finalizer" daemon [_thread_blocked, id=14063, stack(0x00007f333eabe000,0x00007f333ebbf000)]
  0x00007f334807a000 JavaThread "Reference Handler" daemon [_thread_blocked, id=14062, stack(0x00007f333ebbf000,0x00007f333ecc0000)]
  0x00007f334800a000 JavaThread "main" [_thread_blocked, id=14056, stack(0x00007f334f3bc000,0x00007f334f4bd000)]

Other Threads:
=>0x00007f3348075800 VMThread [stack: 0x00007f333ecc0000,0x00007f333edc1000] [id=14061]
  0x00007f33480b1000 WatcherThread [stack: 0x00007f333ded7000,0x00007f333dfd8000] [id=14068]

VM state:at safepoint (normal execution)

VM Mutex/Monitor currently owned by a thread:  ([mutex/lock_event])
[0x00007f33480064c0] Threads_lock - owner thread: 0x00007f3348075800
[0x00007f33480069c0] Heap_lock - owner thread: 0x00007f334800a000

Heap
 PSYoungGen      total 413696K, used 161K [0x00000007d6c00000, 0x00000007f0080000, 0x0000000800000000)
  eden space 413184K, 0% used [0x00000007d6c00000,0x00000007d6c00000,0x00000007eff80000)
  from space 512K, 31% used [0x00000007eff80000,0x00000007effa8460,0x00000007f0000000)
  to   space 512K, 0% used [0x00000007f0000000,0x00000007f0000000,0x00000007f0080000)
 ParOldGen       total 84480K, used 296K [0x0000000784400000, 0x0000000789680000, 0x00000007d6c00000)
  object space 84480K, 0% used [0x0000000784400000,0x000000078444a050,0x0000000789680000)
 PSPermGen       total 21504K, used 3000K [0x0000000779e00000, 0x000000077b300000, 0x0000000784400000)
  object space 21504K, 13% used [0x0000000779e00000,0x000000077a0ee210,0x000000077b300000)

Card table byte_map: [0x00007f33449c5000,0x00007f3344df7000] byte_map_base: 0x00007f3340df6000

Polling page: 0x00007f334f4d9000

Code Cache  [0x00007f3344df7000, 0x00007f3345067000, 0x00007f3347df7000)
 total_blobs=251 nmethods=68 adapters=137 free_code_cache=48665Kb largest_free_block=49806912

Compilation events (10 events):
Event: 4.356 Thread 0x00007f33480a4000 nmethod 64 0x00007f3344e61490 code [0x00007f3344e61600, 0x00007f3344e617a8]
Event: 4.357 Thread 0x00007f33480a4000   65             java.util.regex.Pattern::bitsOrSingle (104 bytes)
Event: 4.379 Thread 0x00007f33480a4000 nmethod 65 0x00007f3344e72f50 code [0x00007f3344e73100, 0x00007f3344e734a0]
Event: 4.379 Thread 0x00007f33480a4000   66             java.util.regex.Pattern::flags (5 bytes)
Event: 4.380 Thread 0x00007f33480a4000 nmethod 66 0x00007f3344e6ac50 code [0x00007f3344e6ad80, 0x00007f3344e6add8]
Event: 4.380 Thread 0x00007f33480a4000   67             java.util.regex.Pattern$BitClass::add (97 bytes)
Event: 4.383 Thread 0x00007f33480a1000 nmethod 62 0x00007f3344e72390 code [0x00007f3344e72500, 0x00007f3344e72bd8]
Event: 4.383 Thread 0x00007f33480a1000   68             edu.buffalo.cse.irf14.analysis.TokenStream::setIndexCurrent (9 bytes)
Event: 4.383 Thread 0x00007f33480a1000 nmethod 68 0x00007f3344e61290 code [0x00007f3344e613c0, 0x00007f3344e61418]
Event: 4.407 Thread 0x00007f33480a4000 nmethod 67 0x00007f3344e6fe10 code [0x00007f3344e6ffa0, 0x00007f3344e70260]

GC Heap History (10 events):
Event: 1.816 GC heap after
Heap after GC invocations=6 (full 0):
 PSYoungGen      total 129536K, used 396K [0x00000007d6c00000, 0x00000007deb00000, 0x0000000800000000)
  eden space 129024K, 0% used [0x00000007d6c00000,0x00000007d6c00000,0x00000007dea00000)
  from space 512K, 77% used [0x00000007dea80000,0x00000007deae30e0,0x00000007deb00000)
  to   space 512K, 0% used [0x00000007dea00000,0x00000007dea00000,0x00000007dea80000)
 ParOldGen       total 84480K, used 0K [0x0000000784400000, 0x0000000789680000, 0x00000007d6c00000)
  object space 84480K, 0% used [0x0000000784400000,0x0000000784400000,0x0000000789680000)
 PSPermGen       total 21504K, used 2998K [0x0000000779e00000, 0x000000077b300000, 0x0000000784400000)
  object space 21504K, 13% used [0x0000000779e00000,0x000000077a0edbb8,0x000000077b300000)
}
Event: 2.252 GC heap before
{Heap before GC invocations=7 (full 0):
 PSYoungGen      total 129536K, used 129420K [0x00000007d6c00000, 0x00000007deb00000, 0x0000000800000000)
  eden space 129024K, 100% used [0x00000007d6c00000,0x00000007dea00000,0x00000007dea00000)
  from space 512K, 77% used [0x00000007dea80000,0x00000007deae30e0,0x00000007deb00000)
  to   space 512K, 0% used [0x00000007dea00000,0x00000007dea00000,0x00000007dea80000)
 ParOldGen       total 84480K, used 0K [0x0000000784400000, 0x0000000789680000, 0x00000007d6c00000)
  object space 84480K, 0% used [0x0000000784400000,0x0000000784400000,0x0000000789680000)
 PSPermGen       total 21504K, used 3000K [0x0000000779e00000, 0x000000077b300000, 0x0000000784400000)
  object space 21504K, 13% used [0x0000000779e00000,0x000000077a0ee210,0x000000077b300000)
Event: 2.315 GC heap after
Heap after GC invocations=7 (full 0):
 PSYoungGen      total 129536K, used 228K [0x00000007d6c00000, 0x00000007e6900000, 0x0000000800000000)
  eden space 129024K, 0% used [0x00000007d6c00000,0x00000007d6c00000,0x00000007dea00000)
  from space 512K, 44% used [0x00000007dea00000,0x00000007dea393b0,0x00000007dea80000)
  to   space 512K, 0% used [0x00000007e6880000,0x00000007e6880000,0x00000007e6900000)
 ParOldGen       total 84480K, used 272K [0x0000000784400000, 0x0000000789680000, 0x00000007d6c00000)
  object space 84480K, 0% used [0x0000000784400000,0x0000000784444050,0x0000000789680000)
 PSPermGen       total 21504K, used 3000K [0x0000000779e00000, 0x000000077b300000, 0x0000000784400000)
  object space 21504K, 13% used [0x0000000779e00000,0x000000077a0ee210,0x000000077b300000)
}
Event: 2.456 GC heap before
{Heap before GC invocations=8 (full 0):
 PSYoungGen      total 129536K, used 129252K [0x00000007d6c00000, 0x00000007e6900000, 0x0000000800000000)
  eden space 129024K, 100% used [0x00000007d6c00000,0x00000007dea00000,0x00000007dea00000)
  from space 512K, 44% used [0x00000007dea00000,0x00000007dea393b0,0x00000007dea80000)
  to   space 512K, 0% used [0x00000007e6880000,0x00000007e6880000,0x00000007e6900000)
 ParOldGen       total 84480K, used 272K [0x0000000784400000, 0x0000000789680000, 0x00000007d6c00000)
  object space 84480K, 0% used [0x0000000784400000,0x0000000784444050,0x0000000789680000)
 PSPermGen       total 21504K, used 3000K [0x0000000779e00000, 0x000000077b300000, 0x0000000784400000)
  object space 21504K, 13% used [0x0000000779e00000,0x000000077a0ee210,0x000000077b300000)
Event: 2.456 GC heap after
Heap after GC invocations=8 (full 0):
 PSYoungGen      total 258560K, used 108K [0x00000007d6c00000, 0x00000007e6900000, 0x0000000800000000)
  eden space 258048K, 0% used [0x00000007d6c00000,0x00000007d6c00000,0x00000007e6800000)
  from space 512K, 21% used [0x00000007e6880000,0x00000007e689b370,0x00000007e6900000)
  to   space 512K, 0% used [0x00000007e6800000,0x00000007e6800000,0x00000007e6880000)
 ParOldGen       total 84480K, used 280K [0x0000000784400000, 0x0000000789680000, 0x00000007d6c00000)
  object space 84480K, 0% used [0x0000000784400000,0x0000000784446050,0x0000000789680000)
 PSPermGen       total 21504K, used 3000K [0x0000000779e00000, 0x000000077b300000, 0x0000000784400000)
  object space 21504K, 13% used [0x0000000779e00000,0x000000077a0ee210,0x000000077b300000)
}
Event: 3.804 GC heap before
{Heap before GC invocations=9 (full 0):
 PSYoungGen      total 258560K, used 258067K [0x00000007d6c00000, 0x00000007e6900000, 0x0000000800000000)
  eden space 258048K, 99% used [0x00000007d6c00000,0x00000007e67e9ad8,0x00000007e6800000)
  from space 512K, 21% used [0x00000007e6880000,0x00000007e689b370,0x00000007e6900000)
  to   space 512K, 0% used [0x00000007e6800000,0x00000007e6800000,0x00000007e6880000)
 ParOldGen       total 84480K, used 280K [0x0000000784400000, 0x0000000789680000, 0x00000007d6c00000)
  object space 84480K, 0% used [0x0000000784400000,0x0000000784446050,0x0000000789680000)
 PSPermGen       total 21504K, used 3000K [0x0000000779e00000, 0x000000077b300000, 0x0000000784400000)
  object space 21504K, 13% used [0x0000000779e00000,0x000000077a0ee210,0x000000077b300000)
Event: 3.805 GC heap after
Heap after GC invocations=9 (full 0):
 PSYoungGen      total 258560K, used 220K [0x00000007d6c00000, 0x00000007f0080000, 0x0000000800000000)
  eden space 258048K, 0% used [0x00000007d6c00000,0x00000007d6c00000,0x00000007e6800000)
  from space 512K, 43% used [0x00000007e6800000,0x00000007e6837270,0x00000007e6880000)
  to   space 512K, 0% used [0x00000007f0000000,0x00000007f0000000,0x00000007f0080000)
 ParOldGen       total 84480K, used 288K [0x0000000784400000, 0x0000000789680000, 0x00000007d6c00000)
  object space 84480K, 0% used [0x0000000784400000,0x0000000784448050,0x0000000789680000)
 PSPermGen       total 21504K, used 3000K [0x0000000779e00000, 0x000000077b300000, 0x0000000784400000)
  object space 21504K, 13% used [0x0000000779e00000,0x000000077a0ee210,0x000000077b300000)
}
Event: 4.141 GC heap before
{Heap before GC invocations=10 (full 0):
 PSYoungGen      total 258560K, used 258253K [0x00000007d6c00000, 0x00000007f0080000, 0x0000000800000000)
  eden space 258048K, 99% used [0x00000007d6c00000,0x00000007e67fc3e8,0x00000007e6800000)
  from space 512K, 43% used [0x00000007e6800000,0x00000007e6837270,0x00000007e6880000)
  to   space 512K, 0% used [0x00000007f0000000,0x00000007f0000000,0x00000007f0080000)
 ParOldGen       total 84480K, used 288K [0x0000000784400000, 0x0000000789680000, 0x00000007d6c00000)
  object space 84480K, 0% used [0x0000000784400000,0x0000000784448050,0x0000000789680000)
 PSPermGen       total 21504K, used 3000K [0x0000000779e00000, 0x000000077b300000, 0x0000000784400000)
  object space 21504K, 13% used [0x0000000779e00000,0x000000077a0ee210,0x000000077b300000)
Event: 4.143 GC heap after
Heap after GC invocations=10 (full 0):
 PSYoungGen      total 413696K, used 140K [0x00000007d6c00000, 0x00000007f0080000, 0x0000000800000000)
  eden space 413184K, 0% used [0x00000007d6c00000,0x00000007d6c00000,0x00000007eff80000)
  from space 512K, 27% used [0x00000007f0000000,0x00000007f00233f8,0x00000007f0080000)
  to   space 512K, 0% used [0x00000007eff80000,0x00000007eff80000,0x00000007f0000000)
 ParOldGen       total 84480K, used 296K [0x0000000784400000, 0x0000000789680000, 0x00000007d6c00000)
  object space 84480K, 0% used [0x0000000784400000,0x000000078444a050,0x0000000789680000)
 PSPermGen       total 21504K, used 3000K [0x0000000779e00000, 0x000000077b300000, 0x0000000784400000)
  object space 21504K, 13% used [0x0000000779e00000,0x000000077a0ee210,0x000000077b300000)
}
Event: 5.708 GC heap before
{Heap before GC invocations=11 (full 0):
 PSYoungGen      total 413696K, used 413324K [0x00000007d6c00000, 0x00000007f0080000, 0x0000000800000000)
  eden space 413184K, 100% used [0x00000007d6c00000,0x00000007eff80000,0x00000007eff80000)
  from space 512K, 27% used [0x00000007f0000000,0x00000007f00233f8,0x00000007f0080000)
  to   space 512K, 0% used [0x00000007eff80000,0x00000007eff80000,0x00000007f0000000)
 ParOldGen       total 84480K, used 296K [0x0000000784400000, 0x0000000789680000, 0x00000007d6c00000)
  object space 84480K, 0% used [0x0000000784400000,0x000000078444a050,0x0000000789680000)
 PSPermGen       total 21504K, used 3000K [0x0000000779e00000, 0x000000077b300000, 0x0000000784400000)
  object space 21504K, 13% used [0x0000000779e00000,0x000000077a0ee210,0x000000077b300000)

Deoptimization events (0 events):
No events

Internal exceptions (10 events):
Event: 0.645 Thread 0x00007f334800a000 Threw 0x00000007d6c6b140 at /build/buildd/openjdk-7-7u65-2.5.1/build/openjdk/hotspot/src/share/vm/prims/jvm.cpp:1247
Event: 0.646 Thread 0x00007f334800a000 Threw 0x00000007d6c6f130 at /build/buildd/openjdk-7-7u65-2.5.1/build/openjdk/hotspot/src/share/vm/prims/jvm.cpp:1247
Event: 0.647 Thread 0x00007f334800a000 Threw 0x00000007d6c71c20 at /build/buildd/openjdk-7-7u65-2.5.1/build/openjdk/hotspot/src/share/vm/prims/jvm.cpp:1247
Event: 0.671 Thread 0x00007f334800a000 Threw 0x00000007d6c73de8 at /build/buildd/openjdk-7-7u65-2.5.1/build/openjdk/hotspot/src/share/vm/prims/jvm.cpp:1247
Event: 0.672 Thread 0x00007f334800a000 Threw 0x00000007d6c75f78 at /build/buildd/openjdk-7-7u65-2.5.1/build/openjdk/hotspot/src/share/vm/prims/jvm.cpp:1247
Event: 0.673 Thread 0x00007f334800a000 Threw 0x00000007d6c7a0a8 at /build/buildd/openjdk-7-7u65-2.5.1/build/openjdk/hotspot/src/share/vm/prims/jvm.cpp:1247
Event: 0.683 Thread 0x00007f334800a000 Threw 0x00000007d6c7ec48 at /build/buildd/openjdk-7-7u65-2.5.1/build/openjdk/hotspot/src/share/vm/prims/jvm.cpp:1247
Event: 0.690 Thread 0x00007f334800a000 Threw 0x00000007d6c81718 at /build/buildd/openjdk-7-7u65-2.5.1/build/openjdk/hotspot/src/share/vm/prims/jvm.cpp:1247
Event: 0.691 Thread 0x00007f334800a000 Threw 0x00000007d6c84660 at /build/buildd/openjdk-7-7u65-2.5.1/build/openjdk/hotspot/src/share/vm/prims/jvm.cpp:1247
Event: 0.692 Thread 0x00007f334800a000 Threw 0x00000007d6c884c0 at /build/buildd/openjdk-7-7u65-2.5.1/build/openjdk/hotspot/src/share/vm/prims/jvm.cpp:1247

Events (10 events):
Event: 2.315 Executing VM operation: ParallelGCFailedAllocation done
Event: 2.455 Executing VM operation: ParallelGCFailedAllocation
Event: 2.456 Executing VM operation: ParallelGCFailedAllocation done
Event: 3.804 Executing VM operation: ParallelGCFailedAllocation
Event: 3.805 Executing VM operation: ParallelGCFailedAllocation done
Event: 4.141 Executing VM operation: ParallelGCFailedAllocation
Event: 4.143 Executing VM operation: ParallelGCFailedAllocation done
Event: 4.558 Executing VM operation: EnableBiasedLocking
Event: 4.608 Executing VM operation: EnableBiasedLocking done
Event: 5.708 Executing VM operation: ParallelGCFailedAllocation


Dynamic libraries:
00400000-00401000 r-xp 00000000 08:05 5115745                            /usr/lib/jvm/java-7-openjdk-amd64/jre/bin/java
00600000-00601000 r--p 00000000 08:05 5115745                            /usr/lib/jvm/java-7-openjdk-amd64/jre/bin/java
00601000-00602000 rw-p 00001000 08:05 5115745                            /usr/lib/jvm/java-7-openjdk-amd64/jre/bin/java
01b2a000-01b4b000 rw-p 00000000 00:00 0                                  [heap]
779e00000-77b300000 rw-p 00000000 00:00 0 
77b300000-784400000 rw-p 00000000 00:00 0 
784400000-789680000 rw-p 00000000 00:00 0 
789680000-7d6c00000 rw-p 00000000 00:00 0 
7d6c00000-7f0080000 rw-p 00000000 00:00 0 
7ff300000-800000000 rw-p 00000000 00:00 0 
7f3304000000-7f3304021000 rw-p 00000000 00:00 0 
7f3304021000-7f3308000000 ---p 00000000 00:00 0 
7f3308000000-7f3308021000 rw-p 00000000 00:00 0 
7f3308021000-7f330c000000 ---p 00000000 00:00 0 
7f330c000000-7f330c186000 rw-p 00000000 00:00 0 
7f330c186000-7f3310000000 ---p 00000000 00:00 0 
7f3310000000-7f331026b000 rw-p 00000000 00:00 0 
7f331026b000-7f3314000000 ---p 00000000 00:00 0 
7f3314000000-7f3314021000 rw-p 00000000 00:00 0 
7f3314021000-7f3318000000 ---p 00000000 00:00 0 
7f3318000000-7f3318021000 rw-p 00000000 00:00 0 
7f3318021000-7f331c000000 ---p 00000000 00:00 0 
7f331c000000-7f331c021000 rw-p 00000000 00:00 0 
7f331c021000-7f3320000000 ---p 00000000 00:00 0 
7f3323cf0000-7f3328000000 rw-p 00000000 00:00 0 
7f3328000000-7f3328021000 rw-p 00000000 00:00 0 
7f3328021000-7f332c000000 ---p 00000000 00:00 0 
7f332c000000-7f332c021000 rw-p 00000000 00:00 0 
7f332c021000-7f3330000000 ---p 00000000 00:00 0 
7f3330000000-7f3330021000 rw-p 00000000 00:00 0 
7f3330021000-7f3334000000 ---p 00000000 00:00 0 
7f3338000000-7f3338021000 rw-p 00000000 00:00 0 
7f3338021000-7f333c000000 ---p 00000000 00:00 0 
7f333dc9d000-7f333ded7000 rw-p 00000000 00:00 0 
7f333ded7000-7f333ded8000 ---p 00000000 00:00 0 
7f333ded8000-7f333dfd8000 rw-p 00000000 00:00 0                          [stack:14068]
7f333dfd8000-7f333dfdb000 ---p 00000000 00:00 0 
7f333dfdb000-7f333e0d9000 rw-p 00000000 00:00 0                          [stack:14067]
7f333e0d9000-7f333e0dc000 ---p 00000000 00:00 0 
7f333e0dc000-7f333e1da000 rw-p 00000000 00:00 0                          [stack:14066]
7f333e1da000-7f333e1dd000 ---p 00000000 00:00 0 
7f333e1dd000-7f333e2db000 rw-p 00000000 00:00 0                          [stack:14065]
7f333e2db000-7f333e2de000 ---p 00000000 00:00 0 
7f333e2de000-7f333e3dc000 rw-p 00000000 00:00 0                          [stack:14064]
7f333e3dc000-7f333eabe000 r--p 00000000 08:05 4725374                    /usr/lib/locale/locale-archive
7f333eabe000-7f333eac1000 ---p 00000000 00:00 0 
7f333eac1000-7f333ebbf000 rw-p 00000000 00:00 0                          [stack:14063]
7f333ebbf000-7f333ebc2000 ---p 00000000 00:00 0 
7f333ebc2000-7f333ecc0000 rw-p 00000000 00:00 0                          [stack:14062]
7f333ecc0000-7f333ecc1000 ---p 00000000 00:00 0 
7f333ecc1000-7f3340000000 rw-p 00000000 00:00 0                          [stack:14061]
7f3340000000-7f3340021000 rw-p 00000000 00:00 0 
7f3340021000-7f3344000000 ---p 00000000 00:00 0 
7f3344018000-7f3344207000 rw-p 00000000 00:00 0 
7f3344207000-7f33443b8000 r--s 01d21000 08:05 5114452                    /usr/lib/jvm/java-7-openjdk-amd64/jre/lib/rt.jar
7f33443b8000-7f334442e000 rw-p 00000000 00:00 0 
7f334442e000-7f334442f000 ---p 00000000 00:00 0 
7f334442f000-7f334452f000 rw-p 00000000 00:00 0                          [stack:14060]
7f334452f000-7f3344530000 ---p 00000000 00:00 0 
7f3344530000-7f3344630000 rw-p 00000000 00:00 0                          [stack:14059]
7f3344630000-7f3344631000 ---p 00000000 00:00 0 
7f3344631000-7f334475b000 rw-p 00000000 00:00 0                          [stack:14058]
7f334475b000-7f33449c5000 rw-p 00000000 00:00 0 
7f33449c5000-7f33449d0000 rw-p 00000000 00:00 0 
7f33449d0000-7f3344a18000 rw-p 00000000 00:00 0 
7f3344a18000-7f3344a42000 rw-p 00000000 00:00 0 
7f3344a42000-7f3344cac000 rw-p 00000000 00:00 0 
7f3344cac000-7f3344d77000 rw-p 00000000 00:00 0 
7f3344d77000-7f3344df6000 rw-p 00000000 00:00 0 
7f3344df6000-7f3344df7000 rw-p 00000000 00:00 0 
7f3344df7000-7f3345067000 rwxp 00000000 00:00 0 
7f3345067000-7f3347df7000 rw-p 00000000 00:00 0 
7f3347df7000-7f3347dff000 r-xp 00000000 08:05 5111914                    /usr/lib/jvm/java-7-openjdk-amd64/jre/lib/amd64/libzip.so
7f3347dff000-7f3347ffe000 ---p 00008000 08:05 5111914                    /usr/lib/jvm/java-7-openjdk-amd64/jre/lib/amd64/libzip.so
7f3347ffe000-7f3347fff000 r--p 00007000 08:05 5111914                    /usr/lib/jvm/java-7-openjdk-amd64/jre/lib/amd64/libzip.so
7f3347fff000-7f3348000000 rw-p 00008000 08:05 5111914                    /usr/lib/jvm/java-7-openjdk-amd64/jre/lib/amd64/libzip.so
7f3348000000-7f3348111000 rw-p 00000000 00:00 0 
7f3348111000-7f334c000000 ---p 00000000 00:00 0 
7f334c006000-7f334c0b3000 rw-p 00000000 00:00 0 
7f334c0b3000-7f334c0b4000 ---p 00000000 00:00 0 
7f334c0b4000-7f334c1bf000 rw-p 00000000 00:00 0                          [stack:14057]
7f334c1bf000-7f334c207000 rw-p 00000000 00:00 0 
7f334c207000-7f334c212000 r-xp 00000000 08:05 5510180                    /lib/x86_64-linux-gnu/libnss_files-2.19.so
7f334c212000-7f334c411000 ---p 0000b000 08:05 5510180                    /lib/x86_64-linux-gnu/libnss_files-2.19.so
7f334c411000-7f334c412000 r--p 0000a000 08:05 5510180                    /lib/x86_64-linux-gnu/libnss_files-2.19.so
7f334c412000-7f334c413000 rw-p 0000b000 08:05 5510180                    /lib/x86_64-linux-gnu/libnss_files-2.19.so
7f334c413000-7f334c41e000 r-xp 00000000 08:05 5510181                    /lib/x86_64-linux-gnu/libnss_nis-2.19.so
7f334c41e000-7f334c61d000 ---p 0000b000 08:05 5510181                    /lib/x86_64-linux-gnu/libnss_nis-2.19.so
7f334c61d000-7f334c61e000 r--p 0000a000 08:05 5510181                    /lib/x86_64-linux-gnu/libnss_nis-2.19.so
7f334c61e000-7f334c61f000 rw-p 0000b000 08:05 5510181                    /lib/x86_64-linux-gnu/libnss_nis-2.19.so
7f334c61f000-7f334c636000 r-xp 00000000 08:05 5510167                    /lib/x86_64-linux-gnu/libnsl-2.19.so
7f334c636000-7f334c835000 ---p 00017000 08:05 5510167                    /lib/x86_64-linux-gnu/libnsl-2.19.so
7f334c835000-7f334c836000 r--p 00016000 08:05 5510167                    /lib/x86_64-linux-gnu/libnsl-2.19.so
7f334c836000-7f334c837000 rw-p 00017000 08:05 5510167                    /lib/x86_64-linux-gnu/libnsl-2.19.so
7f334c837000-7f334c839000 rw-p 00000000 00:00 0 
7f334c839000-7f334c842000 r-xp 00000000 08:05 5510134                    /lib/x86_64-linux-gnu/libnss_compat-2.19.so
7f334c842000-7f334ca41000 ---p 00009000 08:05 5510134                    /lib/x86_64-linux-gnu/libnss_compat-2.19.so
7f334ca41000-7f334ca42000 r--p 00008000 08:05 5510134                    /lib/x86_64-linux-gnu/libnss_compat-2.19.so
7f334ca42000-7f334ca43000 rw-p 00009000 08:05 5510134                    /lib/x86_64-linux-gnu/libnss_compat-2.19.so
7f334ca43000-7f334ca6e000 r-xp 00000000 08:05 5111911                    /usr/lib/jvm/java-7-openjdk-amd64/jre/lib/amd64/libjava.so
7f334ca6e000-7f334cc6e000 ---p 0002b000 08:05 5111911                    /usr/lib/jvm/java-7-openjdk-amd64/jre/lib/amd64/libjava.so
7f334cc6e000-7f334cc6f000 r--p 0002b000 08:05 5111911                    /usr/lib/jvm/java-7-openjdk-amd64/jre/lib/amd64/libjava.so
7f334cc6f000-7f334cc71000 rw-p 0002c000 08:05 5111911                    /usr/lib/jvm/java-7-openjdk-amd64/jre/lib/amd64/libjava.so
7f334cc71000-7f334cc81000 r-xp 00000000 08:05 5111928                    /usr/lib/jvm/java-7-openjdk-amd64/jre/lib/amd64/libverify.so
7f334cc81000-7f334ce80000 ---p 00010000 08:05 5111928                    /usr/lib/jvm/java-7-openjdk-amd64/jre/lib/amd64/libverify.so
7f334ce80000-7f334ce82000 r--p 0000f000 08:05 5111928                    /usr/lib/jvm/java-7-openjdk-amd64/jre/lib/amd64/libverify.so
7f334ce82000-7f334ce83000 rw-p 00011000 08:05 5111928                    /usr/lib/jvm/java-7-openjdk-amd64/jre/lib/amd64/libverify.so
7f334ce83000-7f334ce8a000 r-xp 00000000 08:05 5510169                    /lib/x86_64-linux-gnu/librt-2.19.so
7f334ce8a000-7f334d089000 ---p 00007000 08:05 5510169                    /lib/x86_64-linux-gnu/librt-2.19.so
7f334d089000-7f334d08a000 r--p 00006000 08:05 5510169                    /lib/x86_64-linux-gnu/librt-2.19.so
7f334d08a000-7f334d08b000 rw-p 00007000 08:05 5510169                    /lib/x86_64-linux-gnu/librt-2.19.so
7f334d08b000-7f334d0a1000 r-xp 00000000 08:05 5509026                    /lib/x86_64-linux-gnu/libgcc_s.so.1
7f334d0a1000-7f334d2a0000 ---p 00016000 08:05 5509026                    /lib/x86_64-linux-gnu/libgcc_s.so.1
7f334d2a0000-7f334d2a1000 rw-p 00015000 08:05 5509026                    /lib/x86_64-linux-gnu/libgcc_s.so.1
7f334d2a1000-7f334d3a6000 r-xp 00000000 08:05 5510176                    /lib/x86_64-linux-gnu/libm-2.19.so
7f334d3a6000-7f334d5a5000 ---p 00105000 08:05 5510176                    /lib/x86_64-linux-gnu/libm-2.19.so
7f334d5a5000-7f334d5a6000 r--p 00104000 08:05 5510176                    /lib/x86_64-linux-gnu/libm-2.19.so
7f334d5a6000-7f334d5a7000 rw-p 00105000 08:05 5510176                    /lib/x86_64-linux-gnu/libm-2.19.so
7f334d5a7000-7f334d68d000 r-xp 00000000 08:05 4727270                    /usr/lib/x86_64-linux-gnu/libstdc++.so.6.0.19
7f334d68d000-7f334d88c000 ---p 000e6000 08:05 4727270                    /usr/lib/x86_64-linux-gnu/libstdc++.so.6.0.19
7f334d88c000-7f334d894000 r--p 000e5000 08:05 4727270                    /usr/lib/x86_64-linux-gnu/libstdc++.so.6.0.19
7f334d894000-7f334d896000 rw-p 000ed000 08:05 4727270                    /usr/lib/x86_64-linux-gnu/libstdc++.so.6.0.19
7f334d896000-7f334d8ab000 rw-p 00000000 00:00 0 
7f334d8ab000-7f334e3c1000 r-xp 00000000 08:05 5111942                    /usr/lib/jvm/java-7-openjdk-amd64/jre/lib/amd64/server/libjvm.so
7f334e3c1000-7f334e5c0000 ---p 00b16000 08:05 5111942                    /usr/lib/jvm/java-7-openjdk-amd64/jre/lib/amd64/server/libjvm.so
7f334e5c0000-7f334e65a000 r--p 00b15000 08:05 5111942                    /usr/lib/jvm/java-7-openjdk-amd64/jre/lib/amd64/server/libjvm.so
7f334e65a000-7f334e67d000 rw-p 00baf000 08:05 5111942                    /usr/lib/jvm/java-7-openjdk-amd64/jre/lib/amd64/server/libjvm.so
7f334e67d000-7f334e6ab000 rw-p 00000000 00:00 0 
7f334e6ab000-7f334e6c3000 r-xp 00000000 08:05 5509162                    /lib/x86_64-linux-gnu/libz.so.1.2.8
7f334e6c3000-7f334e8c2000 ---p 00018000 08:05 5509162                    /lib/x86_64-linux-gnu/libz.so.1.2.8
7f334e8c2000-7f334e8c3000 r--p 00017000 08:05 5509162                    /lib/x86_64-linux-gnu/libz.so.1.2.8
7f334e8c3000-7f334e8c4000 rw-p 00018000 08:05 5509162                    /lib/x86_64-linux-gnu/libz.so.1.2.8
7f334e8c4000-7f334e8dd000 r-xp 00000000 08:05 5510186                    /lib/x86_64-linux-gnu/libpthread-2.19.so
7f334e8dd000-7f334eadc000 ---p 00019000 08:05 5510186                    /lib/x86_64-linux-gnu/libpthread-2.19.so
7f334eadc000-7f334eadd000 r--p 00018000 08:05 5510186                    /lib/x86_64-linux-gnu/libpthread-2.19.so
7f334eadd000-7f334eade000 rw-p 00019000 08:05 5510186                    /lib/x86_64-linux-gnu/libpthread-2.19.so
7f334eade000-7f334eae2000 rw-p 00000000 00:00 0 
7f334eae2000-7f334eae5000 r-xp 00000000 08:05 5510185                    /lib/x86_64-linux-gnu/libdl-2.19.so
7f334eae5000-7f334ece4000 ---p 00003000 08:05 5510185                    /lib/x86_64-linux-gnu/libdl-2.19.so
7f334ece4000-7f334ece5000 r--p 00002000 08:05 5510185                    /lib/x86_64-linux-gnu/libdl-2.19.so
7f334ece5000-7f334ece6000 rw-p 00003000 08:05 5510185                    /lib/x86_64-linux-gnu/libdl-2.19.so
7f334ece6000-7f334eea1000 r-xp 00000000 08:05 5510173                    /lib/x86_64-linux-gnu/libc-2.19.so
7f334eea1000-7f334f0a1000 ---p 001bb000 08:05 5510173                    /lib/x86_64-linux-gnu/libc-2.19.so
7f334f0a1000-7f334f0a5000 r--p 001bb000 08:05 5510173                    /lib/x86_64-linux-gnu/libc-2.19.so
7f334f0a5000-7f334f0a7000 rw-p 001bf000 08:05 5510173                    /lib/x86_64-linux-gnu/libc-2.19.so
7f334f0a7000-7f334f0ac000 rw-p 00000000 00:00 0 
7f334f0ac000-7f334f0b9000 r-xp 00000000 08:05 5111948                    /usr/lib/jvm/java-7-openjdk-amd64/jre/lib/amd64/jli/libjli.so
7f334f0b9000-7f334f2b8000 ---p 0000d000 08:05 5111948                    /usr/lib/jvm/java-7-openjdk-amd64/jre/lib/amd64/jli/libjli.so
7f334f2b8000-7f334f2b9000 r--p 0000c000 08:05 5111948                    /usr/lib/jvm/java-7-openjdk-amd64/jre/lib/amd64/jli/libjli.so
7f334f2b9000-7f334f2ba000 rw-p 0000d000 08:05 5111948                    /usr/lib/jvm/java-7-openjdk-amd64/jre/lib/amd64/jli/libjli.so
7f334f2ba000-7f334f2dd000 r-xp 00000000 08:05 5510174                    /lib/x86_64-linux-gnu/ld-2.19.so
7f334f2f6000-7f334f2f9000 r--s 0003c000 08:05 5111965                    /usr/lib/jvm/java-7-openjdk-amd64/jre/lib/ext/sunpkcs11.jar
7f334f2f9000-7f334f2fc000 r--s 0000f000 08:05 5111961                    /usr/lib/jvm/java-7-openjdk-amd64/jre/lib/ext/pulse-java.jar
7f334f2fc000-7f334f306000 rw-p 00000000 00:00 0 
7f334f306000-7f334f3bc000 rw-p 00000000 00:00 0 
7f334f3bc000-7f334f3bf000 ---p 00000000 00:00 0 
7f334f3bf000-7f334f4c2000 rw-p 00000000 00:00 0                          [stack:14056]
7f334f4c3000-7f334f4c4000 rw-p 00000000 00:00 0 
7f334f4c4000-7f334f4c6000 r--s 00006000 08:05 5117819                    /usr/share/java/java-atk-wrapper.jar
7f334f4c6000-7f334f4c9000 r--s 00032000 08:05 5111963                    /usr/lib/jvm/java-7-openjdk-amd64/jre/lib/ext/sunjce_provider.jar
7f334f4c9000-7f334f4cb000 r--s 00012000 08:05 5111962                    /usr/lib/jvm/java-7-openjdk-amd64/jre/lib/ext/zipfs.jar
7f334f4cb000-7f334f4cf000 r--s 00085000 08:05 5111960                    /usr/lib/jvm/java-7-openjdk-amd64/jre/lib/ext/localedata.jar
7f334f4cf000-7f334f4d0000 r--s 00002000 08:05 5111964                    /usr/lib/jvm/java-7-openjdk-amd64/jre/lib/ext/dnsns.jar
7f334f4d0000-7f334f4d8000 rw-s 00000000 08:05 3407965                    /tmp/hsperfdata_pritika/14051
7f334f4d8000-7f334f4d9000 rw-p 00000000 00:00 0 
7f334f4d9000-7f334f4da000 ---p 00000000 00:00 0 
7f334f4da000-7f334f4dc000 rw-p 00000000 00:00 0 
7f334f4dc000-7f334f4dd000 r--p 00022000 08:05 5510174                    /lib/x86_64-linux-gnu/ld-2.19.so
7f334f4dd000-7f334f4de000 rw-p 00023000 08:05 5510174                    /lib/x86_64-linux-gnu/ld-2.19.so
7f334f4de000-7f334f4df000 rw-p 00000000 00:00 0 
7fffab416000-7fffab437000 rw-p 00000000 00:00 0                          [stack]
7fffab4ed000-7fffab4ef000 r-xp 00000000 00:00 0                          [vdso]
ffffffffff600000-ffffffffff601000 r-xp 00000000 00:00 0                  [vsyscall]

VM Arguments:
jvm_args: -Dfile.encoding=UTF-8 
java_command: edu.buffalo.cse.irf14.Runner
Launcher Type: SUN_STANDARD

Environment Variables:
PATH=/usr/local/sbin:/usr/local/bin:/usr/sbin:/usr/bin:/sbin:/bin:/usr/games:/usr/local/games
SHELL=/bin/bash
DISPLAY=:0.0

Signal Handlers:
SIGSEGV: [libjvm.so+0x949110], sa_mask[0]=0x7ffbfeff, sa_flags=0x10000004
SIGBUS: [libjvm.so+0x949110], sa_mask[0]=0x7ffbfeff, sa_flags=0x10000004
SIGFPE: [libjvm.so+0x7c2e80], sa_mask[0]=0x7ffbfeff, sa_flags=0x10000004
SIGPIPE: [libjvm.so+0x7c2e80], sa_mask[0]=0x7ffbfeff, sa_flags=0x10000004
SIGXFSZ: [libjvm.so+0x7c2e80], sa_mask[0]=0x7ffbfeff, sa_flags=0x10000004
SIGILL: [libjvm.so+0x7c2e80], sa_mask[0]=0x7ffbfeff, sa_flags=0x10000004
SIGUSR1: SIG_DFL, sa_mask[0]=0x00000000, sa_flags=0x00000000
SIGUSR2: [libjvm.so+0x7c2d20], sa_mask[0]=0x00000004, sa_flags=0x10000004
SIGHUP: [libjvm.so+0x7c2f00], sa_mask[0]=0x7ffbfeff, sa_flags=0x10000004
SIGINT: [libjvm.so+0x7c2f00], sa_mask[0]=0x7ffbfeff, sa_flags=0x10000004
SIGTERM: [libjvm.so+0x7c2f00], sa_mask[0]=0x7ffbfeff, sa_flags=0x10000004
SIGQUIT: [libjvm.so+0x7c2f00], sa_mask[0]=0x7ffbfeff, sa_flags=0x10000004
SIGTRAP: SIG_DFL, sa_mask[0]=0x00000000, sa_flags=0x00000000


---------------  S Y S T E M  ---------------

OS:Ubuntu 14.04 (trusty)
uname:Linux 3.13.0-35-generic #62-Ubuntu SMP Fri Aug 15 01:58:42 UTC 2014 x86_64
libc:glibc 2.19 NPTL 2.19 
rlimit: STACK 8192k, CORE 0k, NPROC 62612, NOFILE 4096, AS infinity
load average:13.58 11.72 10.54

/proc/meminfo:
MemTotal:        8105184 kB
MemFree:          697872 kB
Buffers:             308 kB
Cached:           394272 kB
SwapCached:            0 kB
Active:          6819672 kB
Inactive:         391064 kB
Active(anon):    6818836 kB
Inactive(anon):   365972 kB
Active(file):        836 kB
Inactive(file):    25092 kB
Unevictable:          32 kB
Mlocked:              32 kB
SwapTotal:             0 kB
SwapFree:              0 kB
Dirty:               232 kB
Writeback:             0 kB
AnonPages:       6816308 kB
Mapped:            93500 kB
Shmem:            368564 kB
Slab:              56648 kB
SReclaimable:      23332 kB
SUnreclaim:        33316 kB
KernelStack:        6448 kB
PageTables:        46228 kB
NFS_Unstable:          0 kB
Bounce:                0 kB
WritebackTmp:          0 kB
CommitLimit:     4052592 kB
Committed_AS:   13354256 kB
VmallocTotal:   34359738367 kB
VmallocUsed:      555944 kB
VmallocChunk:   34359170648 kB
HardwareCorrupted:     0 kB
AnonHugePages:   5316608 kB
HugePages_Total:       0
HugePages_Free:        0
HugePages_Rsvd:        0
HugePages_Surp:        0
Hugepagesize:       2048 kB
DirectMap4k:       60032 kB
DirectMap2M:     3014656 kB
DirectMap1G:     5242880 kB


CPU:total 4 (2 cores per cpu, 2 threads per core) family 6 model 69 stepping 1, cmov, cx8, fxsr, mmx, sse, sse2, sse3, ssse3, sse4.1, sse4.2, popcnt, avx, avx2, aes, erms, ht, tsc, tscinvbit

/proc/cpuinfo:
processor	: 0
vendor_id	: GenuineIntel
cpu family	: 6
model		: 69
model name	: Intel(R) Core(TM) i5-4210U CPU @ 1.70GHz
stepping	: 1
microcode	: 0x17
cpu MHz		: 1600.000
cache size	: 3072 KB
physical id	: 0
siblings	: 4
core id		: 0
cpu cores	: 2
apicid		: 0
initial apicid	: 0
fpu		: yes
fpu_exception	: yes
cpuid level	: 13
wp		: yes
flags		: fpu vme de pse tsc msr pae mce cx8 apic sep mtrr pge mca cmov pat pse36 clflush dts acpi mmx fxsr sse sse2 ss ht tm pbe syscall nx pdpe1gb rdtscp lm constant_tsc arch_perfmon pebs bts rep_good nopl xtopology nonstop_tsc aperfmperf eagerfpu pni pclmulqdq dtes64 monitor ds_cpl vmx est tm2 ssse3 fma cx16 xtpr pdcm pcid sse4_1 sse4_2 movbe popcnt tsc_deadline_timer aes xsave avx f16c rdrand lahf_lm abm ida arat epb xsaveopt pln pts dtherm tpr_shadow vnmi flexpriority ept vpid fsgsbase tsc_adjust bmi1 avx2 smep bmi2 erms invpcid
bogomips	: 4789.25
clflush size	: 64
cache_alignment	: 64
address sizes	: 39 bits physical, 48 bits virtual
power management:

processor	: 1
vendor_id	: GenuineIntel
cpu family	: 6
model		: 69
model name	: Intel(R) Core(TM) i5-4210U CPU @ 1.70GHz
stepping	: 1
microcode	: 0x17
cpu MHz		: 1600.000
cache size	: 3072 KB
physical id	: 0
siblings	: 4
core id		: 0
cpu cores	: 2
apicid		: 1
initial apicid	: 1
fpu		: yes
fpu_exception	: yes
cpuid level	: 13
wp		: yes
flags		: fpu vme de pse tsc msr pae mce cx8 apic sep mtrr pge mca cmov pat pse36 clflush dts acpi mmx fxsr sse sse2 ss ht tm pbe syscall nx pdpe1gb rdtscp lm constant_tsc arch_perfmon pebs bts rep_good nopl xtopology nonstop_tsc aperfmperf eagerfpu pni pclmulqdq dtes64 monitor ds_cpl vmx est tm2 ssse3 fma cx16 xtpr pdcm pcid sse4_1 sse4_2 movbe popcnt tsc_deadline_timer aes xsave avx f16c rdrand lahf_lm abm ida arat epb xsaveopt pln pts dtherm tpr_shadow vnmi flexpriority ept vpid fsgsbase tsc_adjust bmi1 avx2 smep bmi2 erms invpcid
bogomips	: 4789.25
clflush size	: 64
cache_alignment	: 64
address sizes	: 39 bits physical, 48 bits virtual
power management:

processor	: 2
vendor_id	: GenuineIntel
cpu family	: 6
model		: 69
model name	: Intel(R) Core(TM) i5-4210U CPU @ 1.70GHz
stepping	: 1
microcode	: 0x17
cpu MHz		: 1600.000
cache size	: 3072 KB
physical id	: 0
siblings	: 4
core id		: 1
cpu cores	: 2
apicid		: 2
initial apicid	: 2
fpu		: yes
fpu_exception	: yes
cpuid level	: 13
wp		: yes
flags		: fpu vme de pse tsc msr pae mce cx8 apic sep mtrr pge mca cmov pat pse36 clflush dts acpi mmx fxsr sse sse2 ss ht tm pbe syscall nx pdpe1gb rdtscp lm constant_tsc arch_perfmon pebs bts rep_good nopl xtopology nonstop_tsc aperfmperf eagerfpu pni pclmulqdq dtes64 monitor ds_cpl vmx est tm2 ssse3 fma cx16 xtpr pdcm pcid sse4_1 sse4_2 movbe popcnt tsc_deadline_timer aes xsave avx f16c rdrand lahf_lm abm ida arat epb xsaveopt pln pts dtherm tpr_shadow vnmi flexpriority ept vpid fsgsbase tsc_adjust bmi1 avx2 smep bmi2 erms invpcid
bogomips	: 4789.25
clflush size	: 64
cache_alignment	: 64
address sizes	: 39 bits physical, 48 bits virtual
power management:

processor	: 3
vendor_id	: GenuineIntel
cpu family	: 6
model		: 69
model name	: Intel(R) Core(TM) i5-4210U CPU @ 1.70GHz
stepping	: 1
microcode	: 0x17
cpu MHz		: 1600.000
cache size	: 3072 KB
physical id	: 0
siblings	: 4
core id		: 1
cpu cores	: 2
apicid		: 3
initial apicid	: 3
fpu		: yes
fpu_exception	: yes
cpuid level	: 13
wp		: yes
flags		: fpu vme de pse tsc msr pae mce cx8 apic sep mtrr pge mca cmov pat pse36 clflush dts acpi mmx fxsr sse sse2 ss ht tm pbe syscall nx pdpe1gb rdtscp lm constant_tsc arch_perfmon pebs bts rep_good nopl xtopology nonstop_tsc aperfmperf eagerfpu pni pclmulqdq dtes64 monitor ds_cpl vmx est tm2 ssse3 fma cx16 xtpr pdcm pcid sse4_1 sse4_2 movbe popcnt tsc_deadline_timer aes xsave avx f16c rdrand lahf_lm abm ida arat epb xsaveopt pln pts dtherm tpr_shadow vnmi flexpriority ept vpid fsgsbase tsc_adjust bmi1 avx2 smep bmi2 erms invpcid
bogomips	: 4789.25
clflush size	: 64
cache_alignment	: 64
address sizes	: 39 bits physical, 48 bits virtual
power management:



Memory: 4k page, physical 8105184k(697872k free), swap 0k(0k free)

vm_info: OpenJDK 64-Bit Server VM (24.65-b04) for linux-amd64 JRE (1.7.0_65-b32), built on Aug 23 2014 13:33:31 by "buildd" with gcc 4.8.2

time: Sat Sep 20 19:10:08 2014
elapsed time: 8 seconds

