#
# There is insufficient memory for the Java Runtime Environment to continue.
# Native memory allocation (malloc) failed to allocate 158859264 bytes for committing reserved memory.
# Possible reasons:
#   The system is out of physical RAM or swap space
#   In 32 bit mode, the process size limit was hit
# Possible solutions:
#   Reduce memory load on the system
#   Increase physical memory or swap space
#   Check if swap backing store is full
#   Use 64 bit Java on a 64 bit OS
#   Decrease Java heap size (-Xmx/-Xms)
#   Decrease number of Java threads
#   Decrease Java thread stack sizes (-Xss)
#   Set larger code cache with -XX:ReservedCodeCacheSize=
# This output file may be truncated or incomplete.
#
#  Out of Memory Error (os_linux.cpp:2798), pid=3510, tid=139637834131200
#
# JRE version: OpenJDK Runtime Environment (7.0_65-b32) (build 1.7.0_65-b32)
# Java VM: OpenJDK 64-Bit Server VM (24.65-b04 mixed mode linux-amd64 compressed oops)
# Failed to write core dump. Core dumps have been disabled. To enable core dumping, try "ulimit -c unlimited" before starting Java again
#

---------------  T H R E A D  ---------------

Current thread (0x00007f0000075800):  VMThread [stack: 0x00007efff7702000,0x00007efff7803000] [id=3536]

Stack: [0x00007efff7702000,0x00007efff7803000],  sp=0x00007efff7801490,  free space=1021k
Native frames: (J=compiled Java code, j=interpreted, Vv=VM code, C=native code)
V  [libjvm.so+0x948635]  VMError::report_and_die()+0x175
V  [libjvm.so+0x48b904]  report_vm_out_of_memory(char const*, int, unsigned long, char const*)+0x74
V  [libjvm.so+0x7c766b]  os::pd_commit_memory(char*, unsigned long, unsigned long, bool)+0xeb
V  [libjvm.so+0x7c212f]  os::commit_memory(char*, unsigned long, unsigned long, bool)+0x1f
V  [libjvm.so+0x8338bb]  PSVirtualSpace::expand_by(unsigned long)+0x5b
V  [libjvm.so+0x834710]  PSYoungGen::resize_generation(unsigned long, unsigned long)+0xb0
V  [libjvm.so+0x834dfb]  PSYoungGen::resize(unsigned long, unsigned long)+0x1b
V  [libjvm.so+0x8310e0]  PSScavenge::invoke_no_policy()+0xde0
V  [libjvm.so+0x8318b8]  PSScavenge::invoke()+0x38
V  [libjvm.so+0x7e8293]  ParallelScavengeHeap::failed_mem_allocate(unsigned long)+0x63
V  [libjvm.so+0x94a034]  VM_ParallelGCFailedAllocation::doit()+0x84
V  [libjvm.so+0x94e527]  VM_Operation::evaluate()+0x47
V  [libjvm.so+0x94ce98]  VMThread::evaluate_operation(VM_Operation*)+0x318
V  [libjvm.so+0x94d2f9]  VMThread::loop()+0x219
V  [libjvm.so+0x94d742]  VMThread::run()+0x72
V  [libjvm.so+0x7c4532]  java_start(Thread*)+0xf2

VM_Operation (0x00007f0007f5f6d0): ParallelGCFailedAllocation, mode: safepoint, requested by thread 0x00007f000000a000


---------------  P R O C E S S  ---------------

Java Threads: ( => current thread )
  0x00007f00000a6800 JavaThread "Service Thread" daemon [_thread_blocked, id=3547, stack(0x00007efff6a1a000,0x00007efff6b1b000)]
  0x00007f00000a4000 JavaThread "C2 CompilerThread1" daemon [_thread_blocked, id=3545, stack(0x00007efff6b1b000,0x00007efff6c1c000)]
  0x00007f00000a1000 JavaThread "C2 CompilerThread0" daemon [_thread_blocked, id=3543, stack(0x00007efff6c1c000,0x00007efff6d1d000)]
  0x00007f000009f000 JavaThread "Signal Dispatcher" daemon [_thread_blocked, id=3541, stack(0x00007efff6d1d000,0x00007efff6e1e000)]
  0x00007f000007c000 JavaThread "Finalizer" daemon [_thread_blocked, id=3540, stack(0x00007efff7500000,0x00007efff7601000)]
  0x00007f000007a000 JavaThread "Reference Handler" daemon [_thread_blocked, id=3537, stack(0x00007efff7601000,0x00007efff7702000)]
  0x00007f000000a000 JavaThread "main" [_thread_blocked, id=3525, stack(0x00007f0007e60000,0x00007f0007f61000)]

Other Threads:
=>0x00007f0000075800 VMThread [stack: 0x00007efff7702000,0x00007efff7803000] [id=3536]
  0x00007f00000b1000 WatcherThread [stack: 0x00007efff6919000,0x00007efff6a1a000] [id=3550]

VM state:at safepoint (normal execution)

VM Mutex/Monitor currently owned by a thread:  ([mutex/lock_event])
[0x00007f00000064c0] Threads_lock - owner thread: 0x00007f0000075800
[0x00007f00000069c0] Heap_lock - owner thread: 0x00007f000000a000

Heap
 PSYoungGen      total 259072K, used 70K [0x00000007d6c00000, 0x00000007e6a00000, 0x0000000800000000)
  eden space 258048K, 0% used [0x00000007d6c00000,0x00000007d6c00000,0x00000007e6800000)
  from space 1024K, 6% used [0x00000007e6800000,0x00000007e6811af8,0x00000007e6900000)
  to   space 1024K, 0% used [0x00000007e6900000,0x00000007e6900000,0x00000007e6a00000)
 ParOldGen       total 84480K, used 388K [0x0000000784400000, 0x0000000789680000, 0x00000007d6c00000)
  object space 84480K, 0% used [0x0000000784400000,0x0000000784461080,0x0000000789680000)
 PSPermGen       total 21504K, used 3514K [0x0000000779e00000, 0x000000077b300000, 0x0000000784400000)
  object space 21504K, 16% used [0x0000000779e00000,0x000000077a16ea28,0x000000077b300000)

Card table byte_map: [0x00007f0004670000,0x00007f0004aa2000] byte_map_base: 0x00007f0000aa1000

Polling page: 0x00007f0007f7d000

Code Cache  [0x00007efffd000000, 0x00007efffd270000, 0x00007f0000000000)
 total_blobs=230 nmethods=38 adapters=146 free_code_cache=48704Kb largest_free_block=49848512

Compilation events (10 events):
Event: 20.808 Thread 0x00007f00000a4000 nmethod 33 0x00007efffd072190 code [0x00007efffd072380, 0x00007efffd072d80]
Event: 20.808 Thread 0x00007f00000a4000   35             java.util.Scanner::saveState (9 bytes)
Event: 20.809 Thread 0x00007f00000a4000 nmethod 35 0x00007efffd06bb50 code [0x00007efffd06bc80, 0x00007efffd06bcd8]
Event: 20.810 Thread 0x00007f00000a4000   36             java.util.Scanner::revertState (20 bytes)
Event: 20.828 Thread 0x00007f00000a1000 nmethod 34 0x00007efffd06aa10 code [0x00007efffd06abe0, 0x00007efffd06b490]
Event: 20.828 Thread 0x00007f00000a1000   37             java.util.ArrayList::contains (14 bytes)
Event: 20.831 Thread 0x00007f00000a4000 nmethod 36 0x00007efffd06d290 code [0x00007efffd06d3c0, 0x00007efffd06d438]
Event: 20.863 Thread 0x00007f00000a1000 nmethod 37 0x00007efffd06a210 code [0x00007efffd06a360, 0x00007efffd06a558]
Event: 21.007 Thread 0x00007f00000a4000   38 %           edu.buffalo.cse.irf14.document.Parser::contentParse @ 347 (583 bytes)
Event: 21.511 Thread 0x00007f00000a4000 nmethod 38% 0x00007efffd073650 code [0x00007efffd073960, 0x00007efffd074ba8]

GC Heap History (10 events):
Event: 19.823 GC heap after
Heap after GC invocations=4 (full 0):
 PSYoungGen      total 69632K, used 416K [0x00000007d6c00000, 0x00000007db500000, 0x0000000800000000)
  eden space 64512K, 0% used [0x00000007d6c00000,0x00000007d6c00000,0x00000007dab00000)
  from space 5120K, 8% used [0x00000007db000000,0x00000007db068000,0x00000007db500000)
  to   space 5120K, 0% used [0x00000007dab00000,0x00000007dab00000,0x00000007db000000)
 ParOldGen       total 84480K, used 8K [0x0000000784400000, 0x0000000789680000, 0x00000007d6c00000)
  object space 84480K, 0% used [0x0000000784400000,0x0000000784402000,0x0000000789680000)
 PSPermGen       total 21504K, used 3514K [0x0000000779e00000, 0x000000077b300000, 0x0000000784400000)
  object space 21504K, 16% used [0x0000000779e00000,0x000000077a16ea28,0x000000077b300000)
}
Event: 20.100 GC heap before
{Heap before GC invocations=5 (full 0):
 PSYoungGen      total 69632K, used 64928K [0x00000007d6c00000, 0x00000007db500000, 0x0000000800000000)
  eden space 64512K, 100% used [0x00000007d6c00000,0x00000007dab00000,0x00000007dab00000)
  from space 5120K, 8% used [0x00000007db000000,0x00000007db068000,0x00000007db500000)
  to   space 5120K, 0% used [0x00000007dab00000,0x00000007dab00000,0x00000007db000000)
 ParOldGen       total 84480K, used 8K [0x0000000784400000, 0x0000000789680000, 0x00000007d6c00000)
  object space 84480K, 0% used [0x0000000784400000,0x0000000784402000,0x0000000789680000)
 PSPermGen       total 21504K, used 3514K [0x0000000779e00000, 0x000000077b300000, 0x0000000784400000)
  object space 21504K, 16% used [0x0000000779e00000,0x000000077a16ea28,0x000000077b300000)
Event: 20.103 GC heap after
Heap after GC invocations=5 (full 0):
 PSYoungGen      total 69632K, used 416K [0x00000007d6c00000, 0x00000007deb00000, 0x0000000800000000)
  eden space 64512K, 0% used [0x00000007d6c00000,0x00000007d6c00000,0x00000007dab00000)
  from space 5120K, 8% used [0x00000007dab00000,0x00000007dab68020,0x00000007db000000)
  to   space 512K, 0% used [0x00000007dea80000,0x00000007dea80000,0x00000007deb00000)
 ParOldGen       total 84480K, used 8K [0x0000000784400000, 0x0000000789680000, 0x00000007d6c00000)
  object space 84480K, 0% used [0x0000000784400000,0x0000000784402000,0x0000000789680000)
 PSPermGen       total 21504K, used 3514K [0x0000000779e00000, 0x000000077b300000, 0x0000000784400000)
  object space 21504K, 16% used [0x0000000779e00000,0x000000077a16ea28,0x000000077b300000)
}
Event: 20.372 GC heap before
{Heap before GC invocations=6 (full 0):
 PSYoungGen      total 69632K, used 64928K [0x00000007d6c00000, 0x00000007deb00000, 0x0000000800000000)
  eden space 64512K, 100% used [0x00000007d6c00000,0x00000007dab00000,0x00000007dab00000)
  from space 5120K, 8% used [0x00000007dab00000,0x00000007dab68020,0x00000007db000000)
  to   space 512K, 0% used [0x00000007dea80000,0x00000007dea80000,0x00000007deb00000)
 ParOldGen       total 84480K, used 8K [0x0000000784400000, 0x0000000789680000, 0x00000007d6c00000)
  object space 84480K, 0% used [0x0000000784400000,0x0000000784402000,0x0000000789680000)
 PSPermGen       total 21504K, used 3514K [0x0000000779e00000, 0x000000077b300000, 0x0000000784400000)
  object space 21504K, 16% used [0x0000000779e00000,0x000000077a16ea28,0x000000077b300000)
Event: 20.376 GC heap after
Heap after GC invocations=6 (full 0):
 PSYoungGen      total 129536K, used 480K [0x00000007d6c00000, 0x00000007deb00000, 0x0000000800000000)
  eden space 129024K, 0% used [0x00000007d6c00000,0x00000007d6c00000,0x00000007dea00000)
  from space 512K, 93% used [0x00000007dea80000,0x00000007deaf8020,0x00000007deb00000)
  to   space 512K, 0% used [0x00000007dea00000,0x00000007dea00000,0x00000007dea80000)
 ParOldGen       total 84480K, used 8K [0x0000000784400000, 0x0000000789680000, 0x00000007d6c00000)
  object space 84480K, 0% used [0x0000000784400000,0x0000000784402000,0x0000000789680000)
 PSPermGen       total 21504K, used 3514K [0x0000000779e00000, 0x000000077b300000, 0x0000000784400000)
  object space 21504K, 16% used [0x0000000779e00000,0x000000077a16ea28,0x000000077b300000)
}
Event: 20.749 GC heap before
{Heap before GC invocations=7 (full 0):
 PSYoungGen      total 129536K, used 129504K [0x00000007d6c00000, 0x00000007deb00000, 0x0000000800000000)
  eden space 129024K, 100% used [0x00000007d6c00000,0x00000007dea00000,0x00000007dea00000)
  from space 512K, 93% used [0x00000007dea80000,0x00000007deaf8020,0x00000007deb00000)
  to   space 512K, 0% used [0x00000007dea00000,0x00000007dea00000,0x00000007dea80000)
 ParOldGen       total 84480K, used 8K [0x0000000784400000, 0x0000000789680000, 0x00000007d6c00000)
  object space 84480K, 0% used [0x0000000784400000,0x0000000784402000,0x0000000789680000)
 PSPermGen       total 21504K, used 3514K [0x0000000779e00000, 0x000000077b300000, 0x0000000784400000)
  object space 21504K, 16% used [0x0000000779e00000,0x000000077a16ea28,0x000000077b300000)
Event: 20.756 GC heap after
Heap after GC invocations=7 (full 0):
 PSYoungGen      total 129536K, used 59K [0x00000007d6c00000, 0x00000007e6a00000, 0x0000000800000000)
  eden space 129024K, 0% used [0x00000007d6c00000,0x00000007d6c00000,0x00000007dea00000)
  from space 512K, 11% used [0x00000007dea00000,0x00000007dea0ed68,0x00000007dea80000)
  to   space 1024K, 0% used [0x00000007e6900000,0x00000007e6900000,0x00000007e6a00000)
 ParOldGen       total 84480K, used 372K [0x0000000784400000, 0x0000000789680000, 0x00000007d6c00000)
  object space 84480K, 0% used [0x0000000784400000,0x000000078445d080,0x0000000789680000)
 PSPermGen       total 21504K, used 3514K [0x0000000779e00000, 0x000000077b300000, 0x0000000784400000)
  object space 21504K, 16% used [0x0000000779e00000,0x000000077a16ea28,0x000000077b300000)
}
Event: 21.038 GC heap before
{Heap before GC invocations=8 (full 0):
 PSYoungGen      total 129536K, used 129083K [0x00000007d6c00000, 0x00000007e6a00000, 0x0000000800000000)
  eden space 129024K, 100% used [0x00000007d6c00000,0x00000007dea00000,0x00000007dea00000)
  from space 512K, 11% used [0x00000007dea00000,0x00000007dea0ed68,0x00000007dea80000)
  to   space 1024K, 0% used [0x00000007e6900000,0x00000007e6900000,0x00000007e6a00000)
 ParOldGen       total 84480K, used 372K [0x0000000784400000, 0x0000000789680000, 0x00000007d6c00000)
  object space 84480K, 0% used [0x0000000784400000,0x000000078445d080,0x0000000789680000)
 PSPermGen       total 21504K, used 3514K [0x0000000779e00000, 0x000000077b300000, 0x0000000784400000)
  object space 21504K, 16% used [0x0000000779e00000,0x000000077a16ea28,0x000000077b300000)
Event: 21.041 GC heap after
Heap after GC invocations=8 (full 0):
 PSYoungGen      total 259072K, used 63K [0x00000007d6c00000, 0x00000007e6a00000, 0x0000000800000000)
  eden space 258048K, 0% used [0x00000007d6c00000,0x00000007d6c00000,0x00000007e6800000)
  from space 1024K, 6% used [0x00000007e6900000,0x00000007e690fe58,0x00000007e6a00000)
  to   space 1024K, 0% used [0x00000007e6800000,0x00000007e6800000,0x00000007e6900000)
 ParOldGen       total 84480K, used 372K [0x0000000784400000, 0x0000000789680000, 0x00000007d6c00000)
  object space 84480K, 0% used [0x0000000784400000,0x000000078445d080,0x0000000789680000)
 PSPermGen       total 21504K, used 3514K [0x0000000779e00000, 0x000000077b300000, 0x0000000784400000)
  object space 21504K, 16% used [0x0000000779e00000,0x000000077a16ea28,0x000000077b300000)
}
Event: 22.149 GC heap before
{Heap before GC invocations=9 (full 0):
 PSYoungGen      total 259072K, used 258111K [0x00000007d6c00000, 0x00000007e6a00000, 0x0000000800000000)
  eden space 258048K, 100% used [0x00000007d6c00000,0x00000007e6800000,0x00000007e6800000)
  from space 1024K, 6% used [0x00000007e6900000,0x00000007e690fe58,0x00000007e6a00000)
  to   space 1024K, 0% used [0x00000007e6800000,0x00000007e6800000,0x00000007e6900000)
 ParOldGen       total 84480K, used 372K [0x0000000784400000, 0x0000000789680000, 0x00000007d6c00000)
  object space 84480K, 0% used [0x0000000784400000,0x000000078445d080,0x0000000789680000)
 PSPermGen       total 21504K, used 3514K [0x0000000779e00000, 0x000000077b300000, 0x0000000784400000)
  object space 21504K, 16% used [0x0000000779e00000,0x000000077a16ea28,0x000000077b300000)

Deoptimization events (0 events):
No events

Internal exceptions (10 events):
Event: 2.720 Thread 0x00007f000000a000 Threw 0x00000007d6c57718 at /build/buildd/openjdk-7-7u65-2.5.1/build/openjdk/hotspot/src/share/vm/prims/jvm.cpp:1247
Event: 2.722 Thread 0x00007f000000a000 Threw 0x00000007d6c5c5e0 at /build/buildd/openjdk-7-7u65-2.5.1/build/openjdk/hotspot/src/share/vm/prims/jvm.cpp:1247
Event: 2.769 Thread 0x00007f000000a000 Threw 0x00000007d6c60228 at /build/buildd/openjdk-7-7u65-2.5.1/build/openjdk/hotspot/src/share/vm/prims/jvm.cpp:1247
Event: 2.771 Thread 0x00007f000000a000 Threw 0x00000007d6c62be0 at /build/buildd/openjdk-7-7u65-2.5.1/build/openjdk/hotspot/src/share/vm/prims/jvm.cpp:1247
Event: 2.997 Thread 0x00007f000000a000 Threw 0x00000007d6cb08b0 at /build/buildd/openjdk-7-7u65-2.5.1/build/openjdk/hotspot/src/share/vm/prims/jvm.cpp:1247
Event: 2.997 Thread 0x00007f000000a000 Threw 0x00000007d6cb09d8 at /build/buildd/openjdk-7-7u65-2.5.1/build/openjdk/hotspot/src/share/vm/prims/jvm.cpp:1247
Event: 3.008 Thread 0x00007f000000a000 Threw 0x00000007d6cb2f88 at /build/buildd/openjdk-7-7u65-2.5.1/build/openjdk/hotspot/src/share/vm/prims/jvm.cpp:1247
Event: 3.008 Thread 0x00007f000000a000 Threw 0x00000007d6cb30b0 at /build/buildd/openjdk-7-7u65-2.5.1/build/openjdk/hotspot/src/share/vm/prims/jvm.cpp:1247
Event: 3.008 Thread 0x00007f000000a000 Threw 0x00000007d6cb39b0 at /build/buildd/openjdk-7-7u65-2.5.1/build/openjdk/hotspot/src/share/vm/prims/jvm.cpp:1247
Event: 3.008 Thread 0x00007f000000a000 Threw 0x00000007d6cb3ad8 at /build/buildd/openjdk-7-7u65-2.5.1/build/openjdk/hotspot/src/share/vm/prims/jvm.cpp:1247

Events (10 events):
Event: 19.824 Executing VM operation: ParallelGCFailedAllocation done
Event: 20.100 Executing VM operation: ParallelGCFailedAllocation
Event: 20.103 Executing VM operation: ParallelGCFailedAllocation done
Event: 20.372 Executing VM operation: ParallelGCFailedAllocation
Event: 20.376 Executing VM operation: ParallelGCFailedAllocation done
Event: 20.749 Executing VM operation: ParallelGCFailedAllocation
Event: 20.756 Executing VM operation: ParallelGCFailedAllocation done
Event: 21.038 Executing VM operation: ParallelGCFailedAllocation
Event: 21.041 Executing VM operation: ParallelGCFailedAllocation done
Event: 22.149 Executing VM operation: ParallelGCFailedAllocation


Dynamic libraries:
00400000-00401000 r-xp 00000000 08:05 5115745                            /usr/lib/jvm/java-7-openjdk-amd64/jre/bin/java
00600000-00601000 r--p 00000000 08:05 5115745                            /usr/lib/jvm/java-7-openjdk-amd64/jre/bin/java
00601000-00602000 rw-p 00001000 08:05 5115745                            /usr/lib/jvm/java-7-openjdk-amd64/jre/bin/java
01cf7000-01d18000 rw-p 00000000 00:00 0                                  [heap]
779e00000-77b300000 rw-p 00000000 00:00 0 
77b300000-784400000 rw-p 00000000 00:00 0 
784400000-789680000 rw-p 00000000 00:00 0 
789680000-7d6c00000 rw-p 00000000 00:00 0 
7d6c00000-7e6a00000 rw-p 00000000 00:00 0 
7f0180000-800000000 rw-p 00000000 00:00 0 
7effbc000000-7effbc021000 rw-p 00000000 00:00 0 
7effbc021000-7effc0000000 ---p 00000000 00:00 0 
7effc0000000-7effc0021000 rw-p 00000000 00:00 0 
7effc0021000-7effc4000000 ---p 00000000 00:00 0 
7effc4000000-7effc420a000 rw-p 00000000 00:00 0 
7effc420a000-7effc8000000 ---p 00000000 00:00 0 
7effc8000000-7effc827d000 rw-p 00000000 00:00 0 
7effc827d000-7effcc000000 ---p 00000000 00:00 0 
7effcc000000-7effcc021000 rw-p 00000000 00:00 0 
7effcc021000-7effd0000000 ---p 00000000 00:00 0 
7effd0000000-7effd0021000 rw-p 00000000 00:00 0 
7effd0021000-7effd4000000 ---p 00000000 00:00 0 
7effd4000000-7effd4021000 rw-p 00000000 00:00 0 
7effd4021000-7effd8000000 ---p 00000000 00:00 0 
7effdbcf0000-7effe0000000 rw-p 00000000 00:00 0 
7effe0000000-7effe0021000 rw-p 00000000 00:00 0 
7effe0021000-7effe4000000 ---p 00000000 00:00 0 
7effe4000000-7effe4021000 rw-p 00000000 00:00 0 
7effe4021000-7effe8000000 ---p 00000000 00:00 0 
7effe8000000-7effe8021000 rw-p 00000000 00:00 0 
7effe8021000-7effec000000 ---p 00000000 00:00 0 
7efff0000000-7efff0021000 rw-p 00000000 00:00 0 
7efff0021000-7efff4000000 ---p 00000000 00:00 0 
7efff66df000-7efff6919000 rw-p 00000000 00:00 0 
7efff6919000-7efff691a000 ---p 00000000 00:00 0 
7efff691a000-7efff6a1a000 rw-p 00000000 00:00 0                          [stack:3550]
7efff6a1a000-7efff6a1d000 ---p 00000000 00:00 0 
7efff6a1d000-7efff6b1b000 rw-p 00000000 00:00 0                          [stack:3547]
7efff6b1b000-7efff6b1e000 ---p 00000000 00:00 0 
7efff6b1e000-7efff6c1c000 rw-p 00000000 00:00 0                          [stack:3545]
7efff6c1c000-7efff6c1f000 ---p 00000000 00:00 0 
7efff6c1f000-7efff6d1d000 rw-p 00000000 00:00 0                          [stack:3543]
7efff6d1d000-7efff6d20000 ---p 00000000 00:00 0 
7efff6d20000-7efff6e1e000 rw-p 00000000 00:00 0                          [stack:3541]
7efff6e1e000-7efff7500000 r--p 00000000 08:05 4725374                    /usr/lib/locale/locale-archive
7efff7500000-7efff7503000 ---p 00000000 00:00 0 
7efff7503000-7efff7601000 rw-p 00000000 00:00 0                          [stack:3540]
7efff7601000-7efff7604000 ---p 00000000 00:00 0 
7efff7604000-7efff7702000 rw-p 00000000 00:00 0                          [stack:3537]
7efff7702000-7efff7703000 ---p 00000000 00:00 0 
7efff7703000-7efff794d000 rw-p 00000000 00:00 0                          [stack:3536]
7efff794d000-7efff7afe000 r--s 01d21000 08:05 5114452                    /usr/lib/jvm/java-7-openjdk-amd64/jre/lib/rt.jar
7efff7afe000-7efff8000000 rw-p 00000000 00:00 0 
7efff8000000-7efff8021000 rw-p 00000000 00:00 0 
7efff8021000-7efffc000000 ---p 00000000 00:00 0 
7efffc06d000-7efffceff000 rw-p 00000000 00:00 0 
7efffceff000-7efffcf00000 ---p 00000000 00:00 0 
7efffcf00000-7efffd000000 rw-p 00000000 00:00 0                          [stack:3534]
7efffd000000-7efffd270000 rwxp 00000000 00:00 0 
7efffd270000-7f0000143000 rw-p 00000000 00:00 0 
7f0000143000-7f0004000000 ---p 00000000 00:00 0 
7f0004013000-7f0004086000 rw-p 00000000 00:00 0 
7f0004086000-7f0004087000 ---p 00000000 00:00 0 
7f0004087000-7f0004187000 rw-p 00000000 00:00 0                          [stack:3531]
7f0004187000-7f0004188000 ---p 00000000 00:00 0 
7f0004188000-7f0004288000 rw-p 00000000 00:00 0                          [stack:3530]
7f0004288000-7f0004289000 ---p 00000000 00:00 0 
7f0004289000-7f0004394000 rw-p 00000000 00:00 0                          [stack:3528]
7f0004394000-7f00043dc000 rw-p 00000000 00:00 0 
7f00043dc000-7f0004406000 rw-p 00000000 00:00 0 
7f0004406000-7f0004670000 rw-p 00000000 00:00 0 
7f0004670000-7f000467b000 rw-p 00000000 00:00 0 
7f000467b000-7f00046c3000 rw-p 00000000 00:00 0 
7f00046c3000-7f00046ed000 rw-p 00000000 00:00 0 
7f00046ed000-7f0004957000 rw-p 00000000 00:00 0 
7f0004957000-7f00049d6000 rw-p 00000000 00:00 0 
7f00049d6000-7f0004aa1000 rw-p 00000000 00:00 0 
7f0004aa1000-7f0004aa2000 rw-p 00000000 00:00 0 
7f0004aa2000-7f0004aaa000 r-xp 00000000 08:05 5111914                    /usr/lib/jvm/java-7-openjdk-amd64/jre/lib/amd64/libzip.so
7f0004aaa000-7f0004ca9000 ---p 00008000 08:05 5111914                    /usr/lib/jvm/java-7-openjdk-amd64/jre/lib/amd64/libzip.so
7f0004ca9000-7f0004caa000 r--p 00007000 08:05 5111914                    /usr/lib/jvm/java-7-openjdk-amd64/jre/lib/amd64/libzip.so
7f0004caa000-7f0004cab000 rw-p 00008000 08:05 5111914                    /usr/lib/jvm/java-7-openjdk-amd64/jre/lib/amd64/libzip.so
7f0004cab000-7f0004cb6000 r-xp 00000000 08:05 5510180                    /lib/x86_64-linux-gnu/libnss_files-2.19.so
7f0004cb6000-7f0004eb5000 ---p 0000b000 08:05 5510180                    /lib/x86_64-linux-gnu/libnss_files-2.19.so
7f0004eb5000-7f0004eb6000 r--p 0000a000 08:05 5510180                    /lib/x86_64-linux-gnu/libnss_files-2.19.so
7f0004eb6000-7f0004eb7000 rw-p 0000b000 08:05 5510180                    /lib/x86_64-linux-gnu/libnss_files-2.19.so
7f0004eb7000-7f0004ec2000 r-xp 00000000 08:05 5510181                    /lib/x86_64-linux-gnu/libnss_nis-2.19.so
7f0004ec2000-7f00050c1000 ---p 0000b000 08:05 5510181                    /lib/x86_64-linux-gnu/libnss_nis-2.19.so
7f00050c1000-7f00050c2000 r--p 0000a000 08:05 5510181                    /lib/x86_64-linux-gnu/libnss_nis-2.19.so
7f00050c2000-7f00050c3000 rw-p 0000b000 08:05 5510181                    /lib/x86_64-linux-gnu/libnss_nis-2.19.so
7f00050c3000-7f00050da000 r-xp 00000000 08:05 5510167                    /lib/x86_64-linux-gnu/libnsl-2.19.so
7f00050da000-7f00052d9000 ---p 00017000 08:05 5510167                    /lib/x86_64-linux-gnu/libnsl-2.19.so
7f00052d9000-7f00052da000 r--p 00016000 08:05 5510167                    /lib/x86_64-linux-gnu/libnsl-2.19.so
7f00052da000-7f00052db000 rw-p 00017000 08:05 5510167                    /lib/x86_64-linux-gnu/libnsl-2.19.so
7f00052db000-7f00052dd000 rw-p 00000000 00:00 0 
7f00052dd000-7f00052e6000 r-xp 00000000 08:05 5510134                    /lib/x86_64-linux-gnu/libnss_compat-2.19.so
7f00052e6000-7f00054e5000 ---p 00009000 08:05 5510134                    /lib/x86_64-linux-gnu/libnss_compat-2.19.so
7f00054e5000-7f00054e6000 r--p 00008000 08:05 5510134                    /lib/x86_64-linux-gnu/libnss_compat-2.19.so
7f00054e6000-7f00054e7000 rw-p 00009000 08:05 5510134                    /lib/x86_64-linux-gnu/libnss_compat-2.19.so
7f00054e7000-7f0005512000 r-xp 00000000 08:05 5111911                    /usr/lib/jvm/java-7-openjdk-amd64/jre/lib/amd64/libjava.so
7f0005512000-7f0005712000 ---p 0002b000 08:05 5111911                    /usr/lib/jvm/java-7-openjdk-amd64/jre/lib/amd64/libjava.so
7f0005712000-7f0005713000 r--p 0002b000 08:05 5111911                    /usr/lib/jvm/java-7-openjdk-amd64/jre/lib/amd64/libjava.so
7f0005713000-7f0005715000 rw-p 0002c000 08:05 5111911                    /usr/lib/jvm/java-7-openjdk-amd64/jre/lib/amd64/libjava.so
7f0005715000-7f0005725000 r-xp 00000000 08:05 5111928                    /usr/lib/jvm/java-7-openjdk-amd64/jre/lib/amd64/libverify.so
7f0005725000-7f0005924000 ---p 00010000 08:05 5111928                    /usr/lib/jvm/java-7-openjdk-amd64/jre/lib/amd64/libverify.so
7f0005924000-7f0005926000 r--p 0000f000 08:05 5111928                    /usr/lib/jvm/java-7-openjdk-amd64/jre/lib/amd64/libverify.so
7f0005926000-7f0005927000 rw-p 00011000 08:05 5111928                    /usr/lib/jvm/java-7-openjdk-amd64/jre/lib/amd64/libverify.so
7f0005927000-7f000592e000 r-xp 00000000 08:05 5510169                    /lib/x86_64-linux-gnu/librt-2.19.so
7f000592e000-7f0005b2d000 ---p 00007000 08:05 5510169                    /lib/x86_64-linux-gnu/librt-2.19.so
7f0005b2d000-7f0005b2e000 r--p 00006000 08:05 5510169                    /lib/x86_64-linux-gnu/librt-2.19.so
7f0005b2e000-7f0005b2f000 rw-p 00007000 08:05 5510169                    /lib/x86_64-linux-gnu/librt-2.19.so
7f0005b2f000-7f0005b45000 r-xp 00000000 08:05 5509026                    /lib/x86_64-linux-gnu/libgcc_s.so.1
7f0005b45000-7f0005d44000 ---p 00016000 08:05 5509026                    /lib/x86_64-linux-gnu/libgcc_s.so.1
7f0005d44000-7f0005d45000 rw-p 00015000 08:05 5509026                    /lib/x86_64-linux-gnu/libgcc_s.so.1
7f0005d45000-7f0005e4a000 r-xp 00000000 08:05 5510176                    /lib/x86_64-linux-gnu/libm-2.19.so
7f0005e4a000-7f0006049000 ---p 00105000 08:05 5510176                    /lib/x86_64-linux-gnu/libm-2.19.so
7f0006049000-7f000604a000 r--p 00104000 08:05 5510176                    /lib/x86_64-linux-gnu/libm-2.19.so
7f000604a000-7f000604b000 rw-p 00105000 08:05 5510176                    /lib/x86_64-linux-gnu/libm-2.19.so
7f000604b000-7f0006131000 r-xp 00000000 08:05 4727270                    /usr/lib/x86_64-linux-gnu/libstdc++.so.6.0.19
7f0006131000-7f0006330000 ---p 000e6000 08:05 4727270                    /usr/lib/x86_64-linux-gnu/libstdc++.so.6.0.19
7f0006330000-7f0006338000 r--p 000e5000 08:05 4727270                    /usr/lib/x86_64-linux-gnu/libstdc++.so.6.0.19
7f0006338000-7f000633a000 rw-p 000ed000 08:05 4727270                    /usr/lib/x86_64-linux-gnu/libstdc++.so.6.0.19
7f000633a000-7f000634f000 rw-p 00000000 00:00 0 
7f000634f000-7f0006e65000 r-xp 00000000 08:05 5111942                    /usr/lib/jvm/java-7-openjdk-amd64/jre/lib/amd64/server/libjvm.so
7f0006e65000-7f0007064000 ---p 00b16000 08:05 5111942                    /usr/lib/jvm/java-7-openjdk-amd64/jre/lib/amd64/server/libjvm.so
7f0007064000-7f00070fe000 r--p 00b15000 08:05 5111942                    /usr/lib/jvm/java-7-openjdk-amd64/jre/lib/amd64/server/libjvm.so
7f00070fe000-7f0007121000 rw-p 00baf000 08:05 5111942                    /usr/lib/jvm/java-7-openjdk-amd64/jre/lib/amd64/server/libjvm.so
7f0007121000-7f000714f000 rw-p 00000000 00:00 0 
7f000714f000-7f0007167000 r-xp 00000000 08:05 5509162                    /lib/x86_64-linux-gnu/libz.so.1.2.8
7f0007167000-7f0007366000 ---p 00018000 08:05 5509162                    /lib/x86_64-linux-gnu/libz.so.1.2.8
7f0007366000-7f0007367000 r--p 00017000 08:05 5509162                    /lib/x86_64-linux-gnu/libz.so.1.2.8
7f0007367000-7f0007368000 rw-p 00018000 08:05 5509162                    /lib/x86_64-linux-gnu/libz.so.1.2.8
7f0007368000-7f0007381000 r-xp 00000000 08:05 5510186                    /lib/x86_64-linux-gnu/libpthread-2.19.so
7f0007381000-7f0007580000 ---p 00019000 08:05 5510186                    /lib/x86_64-linux-gnu/libpthread-2.19.so
7f0007580000-7f0007581000 r--p 00018000 08:05 5510186                    /lib/x86_64-linux-gnu/libpthread-2.19.so
7f0007581000-7f0007582000 rw-p 00019000 08:05 5510186                    /lib/x86_64-linux-gnu/libpthread-2.19.so
7f0007582000-7f0007586000 rw-p 00000000 00:00 0 
7f0007586000-7f0007589000 r-xp 00000000 08:05 5510185                    /lib/x86_64-linux-gnu/libdl-2.19.so
7f0007589000-7f0007788000 ---p 00003000 08:05 5510185                    /lib/x86_64-linux-gnu/libdl-2.19.so
7f0007788000-7f0007789000 r--p 00002000 08:05 5510185                    /lib/x86_64-linux-gnu/libdl-2.19.so
7f0007789000-7f000778a000 rw-p 00003000 08:05 5510185                    /lib/x86_64-linux-gnu/libdl-2.19.so
7f000778a000-7f0007945000 r-xp 00000000 08:05 5510173                    /lib/x86_64-linux-gnu/libc-2.19.so
7f0007945000-7f0007b45000 ---p 001bb000 08:05 5510173                    /lib/x86_64-linux-gnu/libc-2.19.so
7f0007b45000-7f0007b49000 r--p 001bb000 08:05 5510173                    /lib/x86_64-linux-gnu/libc-2.19.so
7f0007b49000-7f0007b4b000 rw-p 001bf000 08:05 5510173                    /lib/x86_64-linux-gnu/libc-2.19.so
7f0007b4b000-7f0007b50000 rw-p 00000000 00:00 0 
7f0007b50000-7f0007b5d000 r-xp 00000000 08:05 5111948                    /usr/lib/jvm/java-7-openjdk-amd64/jre/lib/amd64/jli/libjli.so
7f0007b5d000-7f0007d5c000 ---p 0000d000 08:05 5111948                    /usr/lib/jvm/java-7-openjdk-amd64/jre/lib/amd64/jli/libjli.so
7f0007d5c000-7f0007d5d000 r--p 0000c000 08:05 5111948                    /usr/lib/jvm/java-7-openjdk-amd64/jre/lib/amd64/jli/libjli.so
7f0007d5d000-7f0007d5e000 rw-p 0000d000 08:05 5111948                    /usr/lib/jvm/java-7-openjdk-amd64/jre/lib/amd64/jli/libjli.so
7f0007d5e000-7f0007d81000 r-xp 00000000 08:05 5510174                    /lib/x86_64-linux-gnu/ld-2.19.so
7f0007d9a000-7f0007d9d000 r--s 0003c000 08:05 5111965                    /usr/lib/jvm/java-7-openjdk-amd64/jre/lib/ext/sunpkcs11.jar
7f0007d9d000-7f0007da0000 r--s 0000f000 08:05 5111961                    /usr/lib/jvm/java-7-openjdk-amd64/jre/lib/ext/pulse-java.jar
7f0007da0000-7f0007daa000 rw-p 00000000 00:00 0 
7f0007daa000-7f0007e60000 rw-p 00000000 00:00 0 
7f0007e60000-7f0007e63000 ---p 00000000 00:00 0 
7f0007e63000-7f0007f66000 rw-p 00000000 00:00 0                          [stack:3525]
7f0007f67000-7f0007f68000 rw-p 00000000 00:00 0 
7f0007f68000-7f0007f6a000 r--s 00006000 08:05 5117819                    /usr/share/java/java-atk-wrapper.jar
7f0007f6a000-7f0007f6d000 r--s 00032000 08:05 5111963                    /usr/lib/jvm/java-7-openjdk-amd64/jre/lib/ext/sunjce_provider.jar
7f0007f6d000-7f0007f6f000 r--s 00012000 08:05 5111962                    /usr/lib/jvm/java-7-openjdk-amd64/jre/lib/ext/zipfs.jar
7f0007f6f000-7f0007f73000 r--s 00085000 08:05 5111960                    /usr/lib/jvm/java-7-openjdk-amd64/jre/lib/ext/localedata.jar
7f0007f73000-7f0007f74000 r--s 00002000 08:05 5111964                    /usr/lib/jvm/java-7-openjdk-amd64/jre/lib/ext/dnsns.jar
7f0007f74000-7f0007f7c000 rw-s 00000000 08:05 3407966                    /tmp/hsperfdata_pritika/3510
7f0007f7c000-7f0007f7d000 rw-p 00000000 00:00 0 
7f0007f7d000-7f0007f7e000 ---p 00000000 00:00 0 
7f0007f7e000-7f0007f80000 rw-p 00000000 00:00 0 
7f0007f80000-7f0007f81000 r--p 00022000 08:05 5510174                    /lib/x86_64-linux-gnu/ld-2.19.so
7f0007f81000-7f0007f82000 rw-p 00023000 08:05 5510174                    /lib/x86_64-linux-gnu/ld-2.19.so
7f0007f82000-7f0007f83000 rw-p 00000000 00:00 0 
7fffc96fb000-7fffc971c000 rw-p 00000000 00:00 0                          [stack]
7fffc973c000-7fffc973e000 r-xp 00000000 00:00 0                          [vdso]
ffffffffff600000-ffffffffff601000 r-xp 00000000 00:00 0                  [vsyscall]

VM Arguments:
jvm_args: -Dfile.encoding=UTF-8 
java_command: edu.buffalo.cse.irf14.Runner
Launcher Type: SUN_STANDARD

Environment Variables:
PATH=/usr/local/sbin:/usr/local/bin:/usr/sbin:/usr/bin:/sbin:/bin:/usr/games:/usr/local/games
SHELL=/bin/bash
DISPLAY=:0.0

Signal Handlers:
SIGSEGV: [libjvm.so+0x949110], sa_mask[0]=0x7ffbfeff, sa_flags=0x10000004
SIGBUS: [libjvm.so+0x949110], sa_mask[0]=0x7ffbfeff, sa_flags=0x10000004
SIGFPE: [libjvm.so+0x7c2e80], sa_mask[0]=0x7ffbfeff, sa_flags=0x10000004
SIGPIPE: [libjvm.so+0x7c2e80], sa_mask[0]=0x7ffbfeff, sa_flags=0x10000004
SIGXFSZ: [libjvm.so+0x7c2e80], sa_mask[0]=0x7ffbfeff, sa_flags=0x10000004
SIGILL: [libjvm.so+0x7c2e80], sa_mask[0]=0x7ffbfeff, sa_flags=0x10000004
SIGUSR1: SIG_DFL, sa_mask[0]=0x00000000, sa_flags=0x00000000
SIGUSR2: [libjvm.so+0x7c2d20], sa_mask[0]=0x00000004, sa_flags=0x10000004
SIGHUP: [libjvm.so+0x7c2f00], sa_mask[0]=0x7ffbfeff, sa_flags=0x10000004
SIGINT: [libjvm.so+0x7c2f00], sa_mask[0]=0x7ffbfeff, sa_flags=0x10000004
SIGTERM: [libjvm.so+0x7c2f00], sa_mask[0]=0x7ffbfeff, sa_flags=0x10000004
SIGQUIT: [libjvm.so+0x7c2f00], sa_mask[0]=0x7ffbfeff, sa_flags=0x10000004
SIGTRAP: SIG_DFL, sa_mask[0]=0x00000000, sa_flags=0x00000000


---------------  S Y S T E M  ---------------

OS:Ubuntu 14.04 (trusty)
uname:Linux 3.13.0-35-generic #62-Ubuntu SMP Fri Aug 15 01:58:42 UTC 2014 x86_64
libc:glibc 2.19 NPTL 2.19 
rlimit: STACK 8192k, CORE 0k, NPROC 62612, NOFILE 4096, AS infinity
load average:22.78 12.78 6.87

/proc/meminfo:
MemTotal:        8105184 kB
MemFree:          299920 kB
Buffers:             612 kB
Cached:           299028 kB
SwapCached:            0 kB
Active:          7287504 kB
Inactive:         297088 kB
Active(anon):    7286896 kB
Inactive(anon):   268508 kB
Active(file):        608 kB
Inactive(file):    28580 kB
Unevictable:          32 kB
Mlocked:              32 kB
SwapTotal:             0 kB
SwapFree:              0 kB
Dirty:               356 kB
Writeback:             0 kB
AnonPages:       7311980 kB
Mapped:            65336 kB
Shmem:            270080 kB
Slab:              50528 kB
SReclaimable:      20168 kB
SUnreclaim:        30360 kB
KernelStack:        5632 kB
PageTables:        46392 kB
NFS_Unstable:          0 kB
Bounce:                0 kB
WritebackTmp:          0 kB
CommitLimit:     4052592 kB
Committed_AS:   12257596 kB
VmallocTotal:   34359738367 kB
VmallocUsed:      555976 kB
VmallocChunk:   34359168600 kB
HardwareCorrupted:     0 kB
AnonHugePages:   5900288 kB
HugePages_Total:       0
HugePages_Free:        0
HugePages_Rsvd:        0
HugePages_Surp:        0
Hugepagesize:       2048 kB
DirectMap4k:       60032 kB
DirectMap2M:     3014656 kB
DirectMap1G:     5242880 kB


CPU:total 4 (2 cores per cpu, 2 threads per core) family 6 model 69 stepping 1, cmov, cx8, fxsr, mmx, sse, sse2, sse3, ssse3, sse4.1, sse4.2, popcnt, avx, avx2, aes, erms, ht, tsc, tscinvbit

/proc/cpuinfo:
processor	: 0
vendor_id	: GenuineIntel
cpu family	: 6
model		: 69
model name	: Intel(R) Core(TM) i5-4210U CPU @ 1.70GHz
stepping	: 1
microcode	: 0x17
cpu MHz		: 1600.000
cache size	: 3072 KB
physical id	: 0
siblings	: 4
core id		: 0
cpu cores	: 2
apicid		: 0
initial apicid	: 0
fpu		: yes
fpu_exception	: yes
cpuid level	: 13
wp		: yes
flags		: fpu vme de pse tsc msr pae mce cx8 apic sep mtrr pge mca cmov pat pse36 clflush dts acpi mmx fxsr sse sse2 ss ht tm pbe syscall nx pdpe1gb rdtscp lm constant_tsc arch_perfmon pebs bts rep_good nopl xtopology nonstop_tsc aperfmperf eagerfpu pni pclmulqdq dtes64 monitor ds_cpl vmx est tm2 ssse3 fma cx16 xtpr pdcm pcid sse4_1 sse4_2 movbe popcnt tsc_deadline_timer aes xsave avx f16c rdrand lahf_lm abm ida arat epb xsaveopt pln pts dtherm tpr_shadow vnmi flexpriority ept vpid fsgsbase tsc_adjust bmi1 avx2 smep bmi2 erms invpcid
bogomips	: 4788.98
clflush size	: 64
cache_alignment	: 64
address sizes	: 39 bits physical, 48 bits virtual
power management:

processor	: 1
vendor_id	: GenuineIntel
cpu family	: 6
model		: 69
model name	: Intel(R) Core(TM) i5-4210U CPU @ 1.70GHz
stepping	: 1
microcode	: 0x17
cpu MHz		: 1600.000
cache size	: 3072 KB
physical id	: 0
siblings	: 4
core id		: 0
cpu cores	: 2
apicid		: 1
initial apicid	: 1
fpu		: yes
fpu_exception	: yes
cpuid level	: 13
wp		: yes
flags		: fpu vme de pse tsc msr pae mce cx8 apic sep mtrr pge mca cmov pat pse36 clflush dts acpi mmx fxsr sse sse2 ss ht tm pbe syscall nx pdpe1gb rdtscp lm constant_tsc arch_perfmon pebs bts rep_good nopl xtopology nonstop_tsc aperfmperf eagerfpu pni pclmulqdq dtes64 monitor ds_cpl vmx est tm2 ssse3 fma cx16 xtpr pdcm pcid sse4_1 sse4_2 movbe popcnt tsc_deadline_timer aes xsave avx f16c rdrand lahf_lm abm ida arat epb xsaveopt pln pts dtherm tpr_shadow vnmi flexpriority ept vpid fsgsbase tsc_adjust bmi1 avx2 smep bmi2 erms invpcid
bogomips	: 4788.98
clflush size	: 64
cache_alignment	: 64
address sizes	: 39 bits physical, 48 bits virtual
power management:

processor	: 2
vendor_id	: GenuineIntel
cpu family	: 6
model		: 69
model name	: Intel(R) Core(TM) i5-4210U CPU @ 1.70GHz
stepping	: 1
microcode	: 0x17
cpu MHz		: 1600.000
cache size	: 3072 KB
physical id	: 0
siblings	: 4
core id		: 1
cpu cores	: 2
apicid		: 2
initial apicid	: 2
fpu		: yes
fpu_exception	: yes
cpuid level	: 13
wp		: yes
flags		: fpu vme de pse tsc msr pae mce cx8 apic sep mtrr pge mca cmov pat pse36 clflush dts acpi mmx fxsr sse sse2 ss ht tm pbe syscall nx pdpe1gb rdtscp lm constant_tsc arch_perfmon pebs bts rep_good nopl xtopology nonstop_tsc aperfmperf eagerfpu pni pclmulqdq dtes64 monitor ds_cpl vmx est tm2 ssse3 fma cx16 xtpr pdcm pcid sse4_1 sse4_2 movbe popcnt tsc_deadline_timer aes xsave avx f16c rdrand lahf_lm abm ida arat epb xsaveopt pln pts dtherm tpr_shadow vnmi flexpriority ept vpid fsgsbase tsc_adjust bmi1 avx2 smep bmi2 erms invpcid
bogomips	: 4788.98
clflush size	: 64
cache_alignment	: 64
address sizes	: 39 bits physical, 48 bits virtual
power management:

processor	: 3
vendor_id	: GenuineIntel
cpu family	: 6
model		: 69
model name	: Intel(R) Core(TM) i5-4210U CPU @ 1.70GHz
stepping	: 1
microcode	: 0x17
cpu MHz		: 1600.000
cache size	: 3072 KB
physical id	: 0
siblings	: 4
core id		: 1
cpu cores	: 2
apicid		: 3
initial apicid	: 3
fpu		: yes
fpu_exception	: yes
cpuid level	: 13
wp		: yes
flags		: fpu vme de pse tsc msr pae mce cx8 apic sep mtrr pge mca cmov pat pse36 clflush dts acpi mmx fxsr sse sse2 ss ht tm pbe syscall nx pdpe1gb rdtscp lm constant_tsc arch_perfmon pebs bts rep_good nopl xtopology nonstop_tsc aperfmperf eagerfpu pni pclmulqdq dtes64 monitor ds_cpl vmx est tm2 ssse3 fma cx16 xtpr pdcm pcid sse4_1 sse4_2 movbe popcnt tsc_deadline_timer aes xsave avx f16c rdrand lahf_lm abm ida arat epb xsaveopt pln pts dtherm tpr_shadow vnmi flexpriority ept vpid fsgsbase tsc_adjust bmi1 avx2 smep bmi2 erms invpcid
bogomips	: 4788.98
clflush size	: 64
cache_alignment	: 64
address sizes	: 39 bits physical, 48 bits virtual
power management:



Memory: 4k page, physical 8105184k(299920k free), swap 0k(0k free)

vm_info: OpenJDK 64-Bit Server VM (24.65-b04) for linux-amd64 JRE (1.7.0_65-b32), built on Aug 23 2014 13:33:31 by "buildd" with gcc 4.8.2

time: Sat Sep 27 08:28:58 2014
elapsed time: 25 seconds

