#
# There is insufficient memory for the Java Runtime Environment to continue.
# Native memory allocation (malloc) failed to allocate 26738688 bytes for committing reserved memory.
# Possible reasons:
#   The system is out of physical RAM or swap space
#   In 32 bit mode, the process size limit was hit
# Possible solutions:
#   Reduce memory load on the system
#   Increase physical memory or swap space
#   Check if swap backing store is full
#   Use 64 bit Java on a 64 bit OS
#   Decrease Java heap size (-Xmx/-Xms)
#   Decrease number of Java threads
#   Decrease Java thread stack sizes (-Xss)
#   Set larger code cache with -XX:ReservedCodeCacheSize=
# This output file may be truncated or incomplete.
#
#  Out of Memory Error (os_linux.cpp:2798), pid=14304, tid=139879823898368
#
# JRE version: OpenJDK Runtime Environment (7.0_65-b32) (build 1.7.0_65-b32)
# Java VM: OpenJDK 64-Bit Server VM (24.65-b04 mixed mode linux-amd64 compressed oops)
# Failed to write core dump. Core dumps have been disabled. To enable core dumping, try "ulimit -c unlimited" before starting Java again
#

---------------  T H R E A D  ---------------

Current thread (0x00007f3868075800):  VMThread [stack: 0x00007f384f26f000,0x00007f384f370000] [id=14314]

Stack: [0x00007f384f26f000,0x00007f384f370000],  sp=0x00007f384f36e490,  free space=1021k
Native frames: (J=compiled Java code, j=interpreted, Vv=VM code, C=native code)
V  [libjvm.so+0x948635]  VMError::report_and_die()+0x175
V  [libjvm.so+0x48b904]  report_vm_out_of_memory(char const*, int, unsigned long, char const*)+0x74
V  [libjvm.so+0x7c766b]  os::pd_commit_memory(char*, unsigned long, unsigned long, bool)+0xeb
V  [libjvm.so+0x7c212f]  os::commit_memory(char*, unsigned long, unsigned long, bool)+0x1f
V  [libjvm.so+0x8338bb]  PSVirtualSpace::expand_by(unsigned long)+0x5b
V  [libjvm.so+0x82360b]  PSOldGen::expand_by(unsigned long) [clone .part.80]+0x1b
V  [libjvm.so+0x8237cb]  PSOldGen::expand(unsigned long) [clone .part.81]+0xdb
V  [libjvm.so+0x8246f8]  PSOldGen::resize(unsigned long)+0x188
V  [libjvm.so+0x82b7c4]  PSParallelCompact::invoke_no_policy(bool)+0x9c4
V  [libjvm.so+0x8319fd]  PSScavenge::invoke()+0x17d
V  [libjvm.so+0x7e8293]  ParallelScavengeHeap::failed_mem_allocate(unsigned long)+0x63
V  [libjvm.so+0x94a034]  VM_ParallelGCFailedAllocation::doit()+0x84
V  [libjvm.so+0x94e527]  VM_Operation::evaluate()+0x47
V  [libjvm.so+0x94ce98]  VMThread::evaluate_operation(VM_Operation*)+0x318
V  [libjvm.so+0x94d2f9]  VMThread::loop()+0x219
V  [libjvm.so+0x94d742]  VMThread::run()+0x72
V  [libjvm.so+0x7c4532]  java_start(Thread*)+0xf2

VM_Operation (0x00007f386fd7a750): ParallelGCFailedAllocation, mode: safepoint, requested by thread 0x00007f386800a000


---------------  P R O C E S S  ---------------

Java Threads: ( => current thread )
  0x00007f38680a6800 JavaThread "Service Thread" daemon [_thread_blocked, id=14320, stack(0x00007f384e587000,0x00007f384e688000)]
  0x00007f38680a4000 JavaThread "C2 CompilerThread1" daemon [_thread_blocked, id=14319, stack(0x00007f384e688000,0x00007f384e789000)]
  0x00007f38680a1000 JavaThread "C2 CompilerThread0" daemon [_thread_blocked, id=14318, stack(0x00007f384e789000,0x00007f384e88a000)]
  0x00007f386809f000 JavaThread "Signal Dispatcher" daemon [_thread_blocked, id=14317, stack(0x00007f384e88a000,0x00007f384e98b000)]
  0x00007f386807c000 JavaThread "Finalizer" daemon [_thread_blocked, id=14316, stack(0x00007f384f06d000,0x00007f384f16e000)]
  0x00007f386807a000 JavaThread "Reference Handler" daemon [_thread_blocked, id=14315, stack(0x00007f384f16e000,0x00007f384f26f000)]
  0x00007f386800a000 JavaThread "main" [_thread_blocked, id=14309, stack(0x00007f386fc7b000,0x00007f386fd7c000)]

Other Threads:
=>0x00007f3868075800 VMThread [stack: 0x00007f384f26f000,0x00007f384f370000] [id=14314]
  0x00007f38680b1000 WatcherThread [stack: 0x00007f384e486000,0x00007f384e587000] [id=14321]

VM state:at safepoint (normal execution)

VM Mutex/Monitor currently owned by a thread:  ([mutex/lock_event])
[0x00007f3868005e40] ExpandHeap_lock - owner thread: 0x00007f3868075800
[0x00007f38680064c0] Threads_lock - owner thread: 0x00007f3868075800
[0x00007f38680069c0] Heap_lock - owner thread: 0x00007f386800a000

Heap
 PSYoungGen      total 664064K, used 0K [0x00000007d6c00000, 0x0000000800000000, 0x0000000800000000)
  eden space 652288K, 0% used [0x00000007d6c00000,0x00000007d6c00000,0x00000007fe900000)
  from space 11776K, 0% used [0x00000007ff480000,0x00000007ff480000,0x0000000800000000)
  to   space 11776K, 0% used [0x00000007fe900000,0x00000007fe900000,0x00000007ff480000)
 ParOldGen       total 595968K, used 12118K [0x0000000784400000, 0x00000007a8a00000, 0x00000007d6c00000)
  object space 595968K, 2% used [0x0000000784400000,0x0000000784fd5bd8,0x00000007a8a00000)
 PSPermGen       total 21504K, used 2999K [0x0000000779e00000, 0x000000077b300000, 0x0000000784400000)
  object space 21504K, 13% used [0x0000000779e00000,0x000000077a0edef0,0x000000077b300000)

Card table byte_map: [0x00007f386c48b000,0x00007f386c8bd000] byte_map_base: 0x00007f38688bc000

Polling page: 0x00007f386fd98000

Code Cache  [0x00007f3865000000, 0x00007f3865270000, 0x00007f3868000000)
 total_blobs=257 nmethods=74 adapters=137 free_code_cache=48644Kb largest_free_block=49784960

Compilation events (10 events):
Event: 1.674 Thread 0x00007f38680a4000 nmethod 70 0x00007f3865076b90 code [0x00007f3865076cc0, 0x00007f3865076d18]
Event: 1.674 Thread 0x00007f38680a4000   71             java.util.regex.Pattern$BitClass::add (97 bytes)
Event: 1.677 Thread 0x00007f38680a1000 nmethod 66 0x00007f3865078010 code [0x00007f3865078160, 0x00007f38650784d8]
Event: 1.677 Thread 0x00007f38680a1000   72             java.lang.String::toString (2 bytes)
Event: 1.677 Thread 0x00007f38680a1000 nmethod 72 0x00007f386507db50 code [0x00007f386507dc80, 0x00007f386507dcd8]
Event: 1.677 Thread 0x00007f38680a1000   73             edu.buffalo.cse.irf14.analysis.TokenStream::setIndexCurrent (9 bytes)
Event: 1.678 Thread 0x00007f38680a4000 nmethod 71 0x00007f386507a150 code [0x00007f386507a2e0, 0x00007f386507a5a0]
Event: 1.678 Thread 0x00007f38680a1000 nmethod 73 0x00007f386507d950 code [0x00007f386507da80, 0x00007f386507dad8]
Event: 2.124 Thread 0x00007f38680a4000   74 %           edu.buffalo.cse.irf14.analysis.CapitalizationFilter::increment @ 187 (326 bytes)
Event: 2.322 Thread 0x00007f38680a4000 nmethod 74% 0x00007f3865082350 code [0x00007f3865082660, 0x00007f3865083d70]

GC Heap History (10 events):
Event: 14015.955 GC heap after
Heap after GC invocations=21969 (full 277):
 PSYoungGen      total 664064K, used 11637K [0x00000007d6c00000, 0x0000000800000000, 0x0000000800000000)
  eden space 652288K, 0% used [0x00000007d6c00000,0x00000007d6c00000,0x00000007fe900000)
  from space 11776K, 98% used [0x00000007ff480000,0x00000007fffdd748,0x0000000800000000)
  to   space 11776K, 0% used [0x00000007fe900000,0x00000007fe900000,0x00000007ff480000)
 ParOldGen       total 595968K, used 533896K [0x0000000784400000, 0x00000007a8a00000, 0x00000007d6c00000)
  object space 595968K, 89% used [0x0000000784400000,0x00000007a4d62180,0x00000007a8a00000)
 PSPermGen       total 21504K, used 2999K [0x0000000779e00000, 0x000000077b300000, 0x0000000784400000)
  object space 21504K, 13% used [0x0000000779e00000,0x000000077a0edef0,0x000000077b300000)
}
Event: 14016.591 GC heap before
{Heap before GC invocations=21970 (full 277):
 PSYoungGen      total 664064K, used 661600K [0x00000007d6c00000, 0x0000000800000000, 0x0000000800000000)
  eden space 652288K, 99% used [0x00000007d6c00000,0x00000007fe6baaa0,0x00000007fe900000)
  from space 11776K, 98% used [0x00000007ff480000,0x00000007fffdd748,0x0000000800000000)
  to   space 11776K, 0% used [0x00000007fe900000,0x00000007fe900000,0x00000007ff480000)
 ParOldGen       total 595968K, used 533896K [0x0000000784400000, 0x00000007a8a00000, 0x00000007d6c00000)
  object space 595968K, 89% used [0x0000000784400000,0x00000007a4d62180,0x00000007a8a00000)
 PSPermGen       total 21504K, used 2999K [0x0000000779e00000, 0x000000077b300000, 0x0000000784400000)
  object space 21504K, 13% used [0x0000000779e00000,0x000000077a0edef0,0x000000077b300000)
Event: 14016.600 GC heap after
Heap after GC invocations=21970 (full 277):
 PSYoungGen      total 664064K, used 11638K [0x00000007d6c00000, 0x0000000800000000, 0x0000000800000000)
  eden space 652288K, 0% used [0x00000007d6c00000,0x00000007d6c00000,0x00000007fe900000)
  from space 11776K, 98% used [0x00000007fe900000,0x00000007ff45d860,0x00000007ff480000)
  to   space 11776K, 0% used [0x00000007ff480000,0x00000007ff480000,0x0000000800000000)
 ParOldGen       total 595968K, used 545502K [0x0000000784400000, 0x00000007a8a00000, 0x00000007d6c00000)
  object space 595968K, 91% used [0x0000000784400000,0x00000007a58b79e0,0x00000007a8a00000)
 PSPermGen       total 21504K, used 2999K [0x0000000779e00000, 0x000000077b300000, 0x0000000784400000)
  object space 21504K, 13% used [0x0000000779e00000,0x000000077a0edef0,0x000000077b300000)
}
Event: 14017.236 GC heap before
{Heap before GC invocations=21971 (full 277):
 PSYoungGen      total 664064K, used 661616K [0x00000007d6c00000, 0x0000000800000000, 0x0000000800000000)
  eden space 652288K, 99% used [0x00000007d6c00000,0x00000007fe6be7e0,0x00000007fe900000)
  from space 11776K, 98% used [0x00000007fe900000,0x00000007ff45d860,0x00000007ff480000)
  to   space 11776K, 0% used [0x00000007ff480000,0x00000007ff480000,0x0000000800000000)
 ParOldGen       total 595968K, used 545502K [0x0000000784400000, 0x00000007a8a00000, 0x00000007d6c00000)
  object space 595968K, 91% used [0x0000000784400000,0x00000007a58b79e0,0x00000007a8a00000)
 PSPermGen       total 21504K, used 2999K [0x0000000779e00000, 0x000000077b300000, 0x0000000784400000)
  object space 21504K, 13% used [0x0000000779e00000,0x000000077a0edef0,0x000000077b300000)
Event: 14017.726 GC heap after
Heap after GC invocations=21971 (full 277):
 PSYoungGen      total 664064K, used 11638K [0x00000007d6c00000, 0x0000000800000000, 0x0000000800000000)
  eden space 652288K, 0% used [0x00000007d6c00000,0x00000007d6c00000,0x00000007fe900000)
  from space 11776K, 98% used [0x00000007ff480000,0x00000007fffdd978,0x0000000800000000)
  to   space 11776K, 0% used [0x00000007fe900000,0x00000007fe900000,0x00000007ff480000)
 ParOldGen       total 595968K, used 557108K [0x0000000784400000, 0x00000007a8a00000, 0x00000007d6c00000)
  object space 595968K, 93% used [0x0000000784400000,0x00000007a640d358,0x00000007a8a00000)
 PSPermGen       total 21504K, used 2999K [0x0000000779e00000, 0x000000077b300000, 0x0000000784400000)
  object space 21504K, 13% used [0x0000000779e00000,0x000000077a0edef0,0x000000077b300000)
}
Event: 14018.391 GC heap before
{Heap before GC invocations=21972 (full 277):
 PSYoungGen      total 664064K, used 661631K [0x00000007d6c00000, 0x0000000800000000, 0x0000000800000000)
  eden space 652288K, 99% used [0x00000007d6c00000,0x00000007fe6c2520,0x00000007fe900000)
  from space 11776K, 98% used [0x00000007ff480000,0x00000007fffdd978,0x0000000800000000)
  to   space 11776K, 0% used [0x00000007fe900000,0x00000007fe900000,0x00000007ff480000)
 ParOldGen       total 595968K, used 557108K [0x0000000784400000, 0x00000007a8a00000, 0x00000007d6c00000)
  object space 595968K, 93% used [0x0000000784400000,0x00000007a640d358,0x00000007a8a00000)
 PSPermGen       total 21504K, used 2999K [0x0000000779e00000, 0x000000077b300000, 0x0000000784400000)
  object space 21504K, 13% used [0x0000000779e00000,0x000000077a0edef0,0x000000077b300000)
Event: 14018.401 GC heap after
Heap after GC invocations=21972 (full 277):
 PSYoungGen      total 664064K, used 11638K [0x00000007d6c00000, 0x0000000800000000, 0x0000000800000000)
  eden space 652288K, 0% used [0x00000007d6c00000,0x00000007d6c00000,0x00000007fe900000)
  from space 11776K, 98% used [0x00000007fe900000,0x00000007ff45da90,0x00000007ff480000)
  to   space 11776K, 0% used [0x00000007ff480000,0x00000007ff480000,0x0000000800000000)
 ParOldGen       total 595968K, used 568715K [0x0000000784400000, 0x00000007a8a00000, 0x00000007d6c00000)
  object space 595968K, 95% used [0x0000000784400000,0x00000007a6f62de8,0x00000007a8a00000)
 PSPermGen       total 21504K, used 2999K [0x0000000779e00000, 0x000000077b300000, 0x0000000784400000)
  object space 21504K, 13% used [0x0000000779e00000,0x000000077a0edef0,0x000000077b300000)
}
Event: 14019.070 GC heap before
{Heap before GC invocations=21973 (full 277):
 PSYoungGen      total 664064K, used 661647K [0x00000007d6c00000, 0x0000000800000000, 0x0000000800000000)
  eden space 652288K, 99% used [0x00000007d6c00000,0x00000007fe6c6260,0x00000007fe900000)
  from space 11776K, 98% used [0x00000007fe900000,0x00000007ff45da90,0x00000007ff480000)
  to   space 11776K, 0% used [0x00000007ff480000,0x00000007ff480000,0x0000000800000000)
 ParOldGen       total 595968K, used 568715K [0x0000000784400000, 0x00000007a8a00000, 0x00000007d6c00000)
  object space 595968K, 95% used [0x0000000784400000,0x00000007a6f62de8,0x00000007a8a00000)
 PSPermGen       total 21504K, used 2999K [0x0000000779e00000, 0x000000077b300000, 0x0000000784400000)
  object space 21504K, 13% used [0x0000000779e00000,0x000000077a0edef0,0x000000077b300000)
Event: 14019.139 GC heap after
Heap after GC invocations=21973 (full 277):
 PSYoungGen      total 664064K, used 11638K [0x00000007d6c00000, 0x0000000800000000, 0x0000000800000000)
  eden space 652288K, 0% used [0x00000007d6c00000,0x00000007d6c00000,0x00000007fe900000)
  from space 11776K, 98% used [0x00000007ff480000,0x00000007fffddba8,0x0000000800000000)
  to   space 11776K, 0% used [0x00000007fe900000,0x00000007fe900000,0x00000007ff480000)
 ParOldGen       total 595968K, used 580322K [0x0000000784400000, 0x00000007a8a00000, 0x00000007d6c00000)
  object space 595968K, 97% used [0x0000000784400000,0x00000007a7ab8990,0x00000007a8a00000)
 PSPermGen       total 21504K, used 2999K [0x0000000779e00000, 0x000000077b300000, 0x0000000784400000)
  object space 21504K, 13% used [0x0000000779e00000,0x000000077a0edef0,0x000000077b300000)
}
Event: 14019.375 GC heap before
{Heap before GC invocations=21974 (full 278):
 PSYoungGen      total 664064K, used 11638K [0x00000007d6c00000, 0x0000000800000000, 0x0000000800000000)
  eden space 652288K, 0% used [0x00000007d6c00000,0x00000007d6c00000,0x00000007fe900000)
  from space 11776K, 98% used [0x00000007ff480000,0x00000007fffddba8,0x0000000800000000)
  to   space 11776K, 0% used [0x00000007fe900000,0x00000007fe900000,0x00000007ff480000)
 ParOldGen       total 595968K, used 580322K [0x0000000784400000, 0x00000007a8a00000, 0x00000007d6c00000)
  object space 595968K, 97% used [0x0000000784400000,0x00000007a7ab8990,0x00000007a8a00000)
 PSPermGen       total 21504K, used 2999K [0x0000000779e00000, 0x000000077b300000, 0x0000000784400000)
  object space 21504K, 13% used [0x0000000779e00000,0x000000077a0edef0,0x000000077b300000)

Deoptimization events (0 events):
No events

Internal exceptions (10 events):
Event: 0.194 Thread 0x00007f386800a000 Threw 0x00000007d6c6b8a8 at /build/buildd/openjdk-7-7u65-2.5.1/build/openjdk/hotspot/src/share/vm/prims/jvm.cpp:1247
Event: 0.196 Thread 0x00007f386800a000 Threw 0x00000007d6c6f898 at /build/buildd/openjdk-7-7u65-2.5.1/build/openjdk/hotspot/src/share/vm/prims/jvm.cpp:1247
Event: 0.202 Thread 0x00007f386800a000 Threw 0x00000007d6c724c8 at /build/buildd/openjdk-7-7u65-2.5.1/build/openjdk/hotspot/src/share/vm/prims/jvm.cpp:1247
Event: 0.204 Thread 0x00007f386800a000 Threw 0x00000007d6c74550 at /build/buildd/openjdk-7-7u65-2.5.1/build/openjdk/hotspot/src/share/vm/prims/jvm.cpp:1247
Event: 0.205 Thread 0x00007f386800a000 Threw 0x00000007d6c766e0 at /build/buildd/openjdk-7-7u65-2.5.1/build/openjdk/hotspot/src/share/vm/prims/jvm.cpp:1247
Event: 0.206 Thread 0x00007f386800a000 Threw 0x00000007d6c7a810 at /build/buildd/openjdk-7-7u65-2.5.1/build/openjdk/hotspot/src/share/vm/prims/jvm.cpp:1247
Event: 0.207 Thread 0x00007f386800a000 Threw 0x00000007d6c7f3b0 at /build/buildd/openjdk-7-7u65-2.5.1/build/openjdk/hotspot/src/share/vm/prims/jvm.cpp:1247
Event: 0.208 Thread 0x00007f386800a000 Threw 0x00000007d6c81e80 at /build/buildd/openjdk-7-7u65-2.5.1/build/openjdk/hotspot/src/share/vm/prims/jvm.cpp:1247
Event: 0.209 Thread 0x00007f386800a000 Threw 0x00000007d6c84dc8 at /build/buildd/openjdk-7-7u65-2.5.1/build/openjdk/hotspot/src/share/vm/prims/jvm.cpp:1247
Event: 0.209 Thread 0x00007f386800a000 Threw 0x00000007d6c88c40 at /build/buildd/openjdk-7-7u65-2.5.1/build/openjdk/hotspot/src/share/vm/prims/jvm.cpp:1247

Events (10 events):
Event: 14014.245 Executing VM operation: ParallelGCFailedAllocation done
Event: 14014.847 Executing VM operation: ParallelGCFailedAllocation
Event: 14015.968 Executing VM operation: ParallelGCFailedAllocation done
Event: 14016.591 Executing VM operation: ParallelGCFailedAllocation
Event: 14016.600 Executing VM operation: ParallelGCFailedAllocation done
Event: 14017.236 Executing VM operation: ParallelGCFailedAllocation
Event: 14017.772 Executing VM operation: ParallelGCFailedAllocation done
Event: 14018.391 Executing VM operation: ParallelGCFailedAllocation
Event: 14018.401 Executing VM operation: ParallelGCFailedAllocation done
Event: 14019.070 Executing VM operation: ParallelGCFailedAllocation


Dynamic libraries:
00400000-00401000 r-xp 00000000 08:05 5115745                            /usr/lib/jvm/java-7-openjdk-amd64/jre/bin/java
00600000-00601000 r--p 00000000 08:05 5115745                            /usr/lib/jvm/java-7-openjdk-amd64/jre/bin/java
00601000-00602000 rw-p 00001000 08:05 5115745                            /usr/lib/jvm/java-7-openjdk-amd64/jre/bin/java
00d32000-00d53000 rw-p 00000000 00:00 0                                  [heap]
779e00000-77b300000 rw-p 00000000 00:00 0 
77b300000-784400000 rw-p 00000000 00:00 0 
784400000-7a8a00000 rw-p 00000000 00:00 0 
7aa380000-7d6c00000 rw-p 00000000 00:00 0 
7d6c00000-800000000 rw-p 00000000 00:00 0 
7f3828000000-7f3828021000 rw-p 00000000 00:00 0 
7f3828021000-7f382c000000 ---p 00000000 00:00 0 
7f3830000000-7f3830318000 rw-p 00000000 00:00 0 
7f3830318000-7f3834000000 ---p 00000000 00:00 0 
7f3834000000-7f3834021000 rw-p 00000000 00:00 0 
7f3834021000-7f3838000000 ---p 00000000 00:00 0 
7f3838000000-7f3838021000 rw-p 00000000 00:00 0 
7f3838021000-7f383c000000 ---p 00000000 00:00 0 
7f383c000000-7f383c1bb000 rw-p 00000000 00:00 0 
7f383c1bb000-7f3840000000 ---p 00000000 00:00 0 
7f3840000000-7f3840021000 rw-p 00000000 00:00 0 
7f3840021000-7f3844000000 ---p 00000000 00:00 0 
7f3844000000-7f3844021000 rw-p 00000000 00:00 0 
7f3844021000-7f3848000000 ---p 00000000 00:00 0 
7f3848000000-7f3848021000 rw-p 00000000 00:00 0 
7f3848021000-7f384c000000 ---p 00000000 00:00 0 
7f384e24c000-7f384e486000 rw-p 00000000 00:00 0 
7f384e486000-7f384e487000 ---p 00000000 00:00 0 
7f384e487000-7f384e587000 rw-p 00000000 00:00 0                          [stack:14321]
7f384e587000-7f384e58a000 ---p 00000000 00:00 0 
7f384e58a000-7f384e688000 rw-p 00000000 00:00 0                          [stack:14320]
7f384e688000-7f384e68b000 ---p 00000000 00:00 0 
7f384e68b000-7f384e789000 rw-p 00000000 00:00 0                          [stack:14319]
7f384e789000-7f384e78c000 ---p 00000000 00:00 0 
7f384e78c000-7f384e88a000 rw-p 00000000 00:00 0                          [stack:14318]
7f384e88a000-7f384e88d000 ---p 00000000 00:00 0 
7f384e88d000-7f384e98b000 rw-p 00000000 00:00 0                          [stack:14317]
7f384e98b000-7f384f06d000 r--p 00000000 08:05 4725374                    /usr/lib/locale/locale-archive
7f384f06d000-7f384f070000 ---p 00000000 00:00 0 
7f384f070000-7f384f16e000 rw-p 00000000 00:00 0                          [stack:14316]
7f384f16e000-7f384f171000 ---p 00000000 00:00 0 
7f384f171000-7f384f26f000 rw-p 00000000 00:00 0                          [stack:14315]
7f384f26f000-7f384f270000 ---p 00000000 00:00 0 
7f384f270000-7f3850000000 rw-p 00000000 00:00 0                          [stack:14314]
7f3850000000-7f385002b000 rw-p 00000000 00:00 0 
7f385002b000-7f3854000000 ---p 00000000 00:00 0 
7f3854000000-7f385402b000 rw-p 00000000 00:00 0 
7f385402b000-7f3858000000 ---p 00000000 00:00 0 
7f3858000000-7f385802d000 rw-p 00000000 00:00 0 
7f385802d000-7f385c000000 ---p 00000000 00:00 0 
7f385c000000-7f385c023000 rw-p 00000000 00:00 0 
7f385c023000-7f3860000000 ---p 00000000 00:00 0 
7f3860016000-7f386033a000 rw-p 00000000 00:00 0 
7f386033a000-7f38604eb000 r--s 01d21000 08:05 5114452                    /usr/lib/jvm/java-7-openjdk-amd64/jre/lib/rt.jar
7f38604eb000-7f3864cfd000 rw-p 00000000 00:00 0 
7f3864cfd000-7f3864cfe000 ---p 00000000 00:00 0 
7f3864cfe000-7f3864dfe000 rw-p 00000000 00:00 0                          [stack:14313]
7f3864dfe000-7f3864dff000 ---p 00000000 00:00 0 
7f3864dff000-7f3864eff000 rw-p 00000000 00:00 0                          [stack:14312]
7f3864eff000-7f3864f00000 ---p 00000000 00:00 0 
7f3864f00000-7f3865000000 rw-p 00000000 00:00 0                          [stack:14311]
7f3865000000-7f3865270000 rwxp 00000000 00:00 0 
7f3865270000-7f3868120000 rw-p 00000000 00:00 0 
7f3868120000-7f386c000000 ---p 00000000 00:00 0 
7f386c008000-7f386c0a3000 rw-p 00000000 00:00 0 
7f386c0a3000-7f386c0a4000 ---p 00000000 00:00 0 
7f386c0a4000-7f386c1af000 rw-p 00000000 00:00 0                          [stack:14310]
7f386c1af000-7f386c1f7000 rw-p 00000000 00:00 0 
7f386c1f7000-7f386c31a000 rw-p 00000000 00:00 0 
7f386c31a000-7f386c48b000 rw-p 00000000 00:00 0 
7f386c48b000-7f386c496000 rw-p 00000000 00:00 0 
7f386c496000-7f386c4de000 rw-p 00000000 00:00 0 
7f386c4de000-7f386c601000 rw-p 00000000 00:00 0 
7f386c601000-7f386c772000 rw-p 00000000 00:00 0 
7f386c772000-7f386c8bc000 rw-p 00000000 00:00 0 
7f386c8bc000-7f386c8bd000 rw-p 00000000 00:00 0 
7f386c8bd000-7f386c8c5000 r-xp 00000000 08:05 5111914                    /usr/lib/jvm/java-7-openjdk-amd64/jre/lib/amd64/libzip.so
7f386c8c5000-7f386cac4000 ---p 00008000 08:05 5111914                    /usr/lib/jvm/java-7-openjdk-amd64/jre/lib/amd64/libzip.so
7f386cac4000-7f386cac5000 r--p 00007000 08:05 5111914                    /usr/lib/jvm/java-7-openjdk-amd64/jre/lib/amd64/libzip.so
7f386cac5000-7f386cac6000 rw-p 00008000 08:05 5111914                    /usr/lib/jvm/java-7-openjdk-amd64/jre/lib/amd64/libzip.so
7f386cac6000-7f386cad1000 r-xp 00000000 08:05 5510180                    /lib/x86_64-linux-gnu/libnss_files-2.19.so
7f386cad1000-7f386ccd0000 ---p 0000b000 08:05 5510180                    /lib/x86_64-linux-gnu/libnss_files-2.19.so
7f386ccd0000-7f386ccd1000 r--p 0000a000 08:05 5510180                    /lib/x86_64-linux-gnu/libnss_files-2.19.so
7f386ccd1000-7f386ccd2000 rw-p 0000b000 08:05 5510180                    /lib/x86_64-linux-gnu/libnss_files-2.19.so
7f386ccd2000-7f386ccdd000 r-xp 00000000 08:05 5510181                    /lib/x86_64-linux-gnu/libnss_nis-2.19.so
7f386ccdd000-7f386cedc000 ---p 0000b000 08:05 5510181                    /lib/x86_64-linux-gnu/libnss_nis-2.19.so
7f386cedc000-7f386cedd000 r--p 0000a000 08:05 5510181                    /lib/x86_64-linux-gnu/libnss_nis-2.19.so
7f386cedd000-7f386cede000 rw-p 0000b000 08:05 5510181                    /lib/x86_64-linux-gnu/libnss_nis-2.19.so
7f386cede000-7f386cef5000 r-xp 00000000 08:05 5510167                    /lib/x86_64-linux-gnu/libnsl-2.19.so
7f386cef5000-7f386d0f4000 ---p 00017000 08:05 5510167                    /lib/x86_64-linux-gnu/libnsl-2.19.so
7f386d0f4000-7f386d0f5000 r--p 00016000 08:05 5510167                    /lib/x86_64-linux-gnu/libnsl-2.19.so
7f386d0f5000-7f386d0f6000 rw-p 00017000 08:05 5510167                    /lib/x86_64-linux-gnu/libnsl-2.19.so
7f386d0f6000-7f386d0f8000 rw-p 00000000 00:00 0 
7f386d0f8000-7f386d101000 r-xp 00000000 08:05 5510134                    /lib/x86_64-linux-gnu/libnss_compat-2.19.so
7f386d101000-7f386d300000 ---p 00009000 08:05 5510134                    /lib/x86_64-linux-gnu/libnss_compat-2.19.so
7f386d300000-7f386d301000 r--p 00008000 08:05 5510134                    /lib/x86_64-linux-gnu/libnss_compat-2.19.so
7f386d301000-7f386d302000 rw-p 00009000 08:05 5510134                    /lib/x86_64-linux-gnu/libnss_compat-2.19.so
7f386d302000-7f386d32d000 r-xp 00000000 08:05 5111911                    /usr/lib/jvm/java-7-openjdk-amd64/jre/lib/amd64/libjava.so
7f386d32d000-7f386d52d000 ---p 0002b000 08:05 5111911                    /usr/lib/jvm/java-7-openjdk-amd64/jre/lib/amd64/libjava.so
7f386d52d000-7f386d52e000 r--p 0002b000 08:05 5111911                    /usr/lib/jvm/java-7-openjdk-amd64/jre/lib/amd64/libjava.so
7f386d52e000-7f386d530000 rw-p 0002c000 08:05 5111911                    /usr/lib/jvm/java-7-openjdk-amd64/jre/lib/amd64/libjava.so
7f386d530000-7f386d540000 r-xp 00000000 08:05 5111928                    /usr/lib/jvm/java-7-openjdk-amd64/jre/lib/amd64/libverify.so
7f386d540000-7f386d73f000 ---p 00010000 08:05 5111928                    /usr/lib/jvm/java-7-openjdk-amd64/jre/lib/amd64/libverify.so
7f386d73f000-7f386d741000 r--p 0000f000 08:05 5111928                    /usr/lib/jvm/java-7-openjdk-amd64/jre/lib/amd64/libverify.so
7f386d741000-7f386d742000 rw-p 00011000 08:05 5111928                    /usr/lib/jvm/java-7-openjdk-amd64/jre/lib/amd64/libverify.so
7f386d742000-7f386d749000 r-xp 00000000 08:05 5510169                    /lib/x86_64-linux-gnu/librt-2.19.so
7f386d749000-7f386d948000 ---p 00007000 08:05 5510169                    /lib/x86_64-linux-gnu/librt-2.19.so
7f386d948000-7f386d949000 r--p 00006000 08:05 5510169                    /lib/x86_64-linux-gnu/librt-2.19.so
7f386d949000-7f386d94a000 rw-p 00007000 08:05 5510169                    /lib/x86_64-linux-gnu/librt-2.19.so
7f386d94a000-7f386d960000 r-xp 00000000 08:05 5509026                    /lib/x86_64-linux-gnu/libgcc_s.so.1
7f386d960000-7f386db5f000 ---p 00016000 08:05 5509026                    /lib/x86_64-linux-gnu/libgcc_s.so.1
7f386db5f000-7f386db60000 rw-p 00015000 08:05 5509026                    /lib/x86_64-linux-gnu/libgcc_s.so.1
7f386db60000-7f386dc65000 r-xp 00000000 08:05 5510176                    /lib/x86_64-linux-gnu/libm-2.19.so
7f386dc65000-7f386de64000 ---p 00105000 08:05 5510176                    /lib/x86_64-linux-gnu/libm-2.19.so
7f386de64000-7f386de65000 r--p 00104000 08:05 5510176                    /lib/x86_64-linux-gnu/libm-2.19.so
7f386de65000-7f386de66000 rw-p 00105000 08:05 5510176                    /lib/x86_64-linux-gnu/libm-2.19.so
7f386de66000-7f386df4c000 r-xp 00000000 08:05 4727270                    /usr/lib/x86_64-linux-gnu/libstdc++.so.6.0.19
7f386df4c000-7f386e14b000 ---p 000e6000 08:05 4727270                    /usr/lib/x86_64-linux-gnu/libstdc++.so.6.0.19
7f386e14b000-7f386e153000 r--p 000e5000 08:05 4727270                    /usr/lib/x86_64-linux-gnu/libstdc++.so.6.0.19
7f386e153000-7f386e155000 rw-p 000ed000 08:05 4727270                    /usr/lib/x86_64-linux-gnu/libstdc++.so.6.0.19
7f386e155000-7f386e16a000 rw-p 00000000 00:00 0 
7f386e16a000-7f386ec80000 r-xp 00000000 08:05 5111942                    /usr/lib/jvm/java-7-openjdk-amd64/jre/lib/amd64/server/libjvm.so
7f386ec80000-7f386ee7f000 ---p 00b16000 08:05 5111942                    /usr/lib/jvm/java-7-openjdk-amd64/jre/lib/amd64/server/libjvm.so
7f386ee7f000-7f386ef19000 r--p 00b15000 08:05 5111942                    /usr/lib/jvm/java-7-openjdk-amd64/jre/lib/amd64/server/libjvm.so
7f386ef19000-7f386ef3c000 rw-p 00baf000 08:05 5111942                    /usr/lib/jvm/java-7-openjdk-amd64/jre/lib/amd64/server/libjvm.so
7f386ef3c000-7f386ef6a000 rw-p 00000000 00:00 0 
7f386ef6a000-7f386ef82000 r-xp 00000000 08:05 5509162                    /lib/x86_64-linux-gnu/libz.so.1.2.8
7f386ef82000-7f386f181000 ---p 00018000 08:05 5509162                    /lib/x86_64-linux-gnu/libz.so.1.2.8
7f386f181000-7f386f182000 r--p 00017000 08:05 5509162                    /lib/x86_64-linux-gnu/libz.so.1.2.8
7f386f182000-7f386f183000 rw-p 00018000 08:05 5509162                    /lib/x86_64-linux-gnu/libz.so.1.2.8
7f386f183000-7f386f19c000 r-xp 00000000 08:05 5510186                    /lib/x86_64-linux-gnu/libpthread-2.19.so
7f386f19c000-7f386f39b000 ---p 00019000 08:05 5510186                    /lib/x86_64-linux-gnu/libpthread-2.19.so
7f386f39b000-7f386f39c000 r--p 00018000 08:05 5510186                    /lib/x86_64-linux-gnu/libpthread-2.19.so
7f386f39c000-7f386f39d000 rw-p 00019000 08:05 5510186                    /lib/x86_64-linux-gnu/libpthread-2.19.so
7f386f39d000-7f386f3a1000 rw-p 00000000 00:00 0 
7f386f3a1000-7f386f3a4000 r-xp 00000000 08:05 5510185                    /lib/x86_64-linux-gnu/libdl-2.19.so
7f386f3a4000-7f386f5a3000 ---p 00003000 08:05 5510185                    /lib/x86_64-linux-gnu/libdl-2.19.so
7f386f5a3000-7f386f5a4000 r--p 00002000 08:05 5510185                    /lib/x86_64-linux-gnu/libdl-2.19.so
7f386f5a4000-7f386f5a5000 rw-p 00003000 08:05 5510185                    /lib/x86_64-linux-gnu/libdl-2.19.so
7f386f5a5000-7f386f760000 r-xp 00000000 08:05 5510173                    /lib/x86_64-linux-gnu/libc-2.19.so
7f386f760000-7f386f960000 ---p 001bb000 08:05 5510173                    /lib/x86_64-linux-gnu/libc-2.19.so
7f386f960000-7f386f964000 r--p 001bb000 08:05 5510173                    /lib/x86_64-linux-gnu/libc-2.19.so
7f386f964000-7f386f966000 rw-p 001bf000 08:05 5510173                    /lib/x86_64-linux-gnu/libc-2.19.so
7f386f966000-7f386f96b000 rw-p 00000000 00:00 0 
7f386f96b000-7f386f978000 r-xp 00000000 08:05 5111948                    /usr/lib/jvm/java-7-openjdk-amd64/jre/lib/amd64/jli/libjli.so
7f386f978000-7f386fb77000 ---p 0000d000 08:05 5111948                    /usr/lib/jvm/java-7-openjdk-amd64/jre/lib/amd64/jli/libjli.so
7f386fb77000-7f386fb78000 r--p 0000c000 08:05 5111948                    /usr/lib/jvm/java-7-openjdk-amd64/jre/lib/amd64/jli/libjli.so
7f386fb78000-7f386fb79000 rw-p 0000d000 08:05 5111948                    /usr/lib/jvm/java-7-openjdk-amd64/jre/lib/amd64/jli/libjli.so
7f386fb79000-7f386fb9c000 r-xp 00000000 08:05 5510174                    /lib/x86_64-linux-gnu/ld-2.19.so
7f386fbb5000-7f386fbb8000 r--s 0003c000 08:05 5111965                    /usr/lib/jvm/java-7-openjdk-amd64/jre/lib/ext/sunpkcs11.jar
7f386fbb8000-7f386fbbb000 r--s 0000f000 08:05 5111961                    /usr/lib/jvm/java-7-openjdk-amd64/jre/lib/ext/pulse-java.jar
7f386fbbb000-7f386fbc5000 rw-p 00000000 00:00 0 
7f386fbc5000-7f386fc7b000 rw-p 00000000 00:00 0 
7f386fc7b000-7f386fc7e000 ---p 00000000 00:00 0 
7f386fc7e000-7f386fd81000 rw-p 00000000 00:00 0                          [stack:14309]
7f386fd82000-7f386fd83000 rw-p 00000000 00:00 0 
7f386fd83000-7f386fd85000 r--s 00006000 08:05 5117819                    /usr/share/java/java-atk-wrapper.jar
7f386fd85000-7f386fd88000 r--s 00032000 08:05 5111963                    /usr/lib/jvm/java-7-openjdk-amd64/jre/lib/ext/sunjce_provider.jar
7f386fd88000-7f386fd8a000 r--s 00012000 08:05 5111962                    /usr/lib/jvm/java-7-openjdk-amd64/jre/lib/ext/zipfs.jar
7f386fd8a000-7f386fd8e000 r--s 00085000 08:05 5111960                    /usr/lib/jvm/java-7-openjdk-amd64/jre/lib/ext/localedata.jar
7f386fd8e000-7f386fd8f000 r--s 00002000 08:05 5111964                    /usr/lib/jvm/java-7-openjdk-amd64/jre/lib/ext/dnsns.jar
7f386fd8f000-7f386fd97000 rw-s 00000000 08:05 3407954                    /tmp/hsperfdata_pritika/14304
7f386fd97000-7f386fd98000 rw-p 00000000 00:00 0 
7f386fd98000-7f386fd99000 ---p 00000000 00:00 0 
7f386fd99000-7f386fd9b000 rw-p 00000000 00:00 0 
7f386fd9b000-7f386fd9c000 r--p 00022000 08:05 5510174                    /lib/x86_64-linux-gnu/ld-2.19.so
7f386fd9c000-7f386fd9d000 rw-p 00023000 08:05 5510174                    /lib/x86_64-linux-gnu/ld-2.19.so
7f386fd9d000-7f386fd9e000 rw-p 00000000 00:00 0 
7fffc1763000-7fffc1784000 rw-p 00000000 00:00 0                          [stack]
7fffc17fe000-7fffc1800000 r-xp 00000000 00:00 0                          [vdso]
ffffffffff600000-ffffffffff601000 r-xp 00000000 00:00 0                  [vsyscall]

VM Arguments:
jvm_args: -Dfile.encoding=UTF-8 
java_command: edu.buffalo.cse.irf14.Runner
Launcher Type: SUN_STANDARD

Environment Variables:
PATH=/usr/local/sbin:/usr/local/bin:/usr/sbin:/usr/bin:/sbin:/bin:/usr/games:/usr/local/games
SHELL=/bin/bash
DISPLAY=:0.0

Signal Handlers:
SIGSEGV: [libjvm.so+0x949110], sa_mask[0]=0x7ffbfeff, sa_flags=0x10000004
SIGBUS: [libjvm.so+0x949110], sa_mask[0]=0x7ffbfeff, sa_flags=0x10000004
SIGFPE: [libjvm.so+0x7c2e80], sa_mask[0]=0x7ffbfeff, sa_flags=0x10000004
SIGPIPE: [libjvm.so+0x7c2e80], sa_mask[0]=0x7ffbfeff, sa_flags=0x10000004
SIGXFSZ: [libjvm.so+0x7c2e80], sa_mask[0]=0x7ffbfeff, sa_flags=0x10000004
SIGILL: [libjvm.so+0x7c2e80], sa_mask[0]=0x7ffbfeff, sa_flags=0x10000004
SIGUSR1: SIG_DFL, sa_mask[0]=0x00000000, sa_flags=0x00000000
SIGUSR2: [libjvm.so+0x7c2d20], sa_mask[0]=0x00000004, sa_flags=0x10000004
SIGHUP: [libjvm.so+0x7c2f00], sa_mask[0]=0x7ffbfeff, sa_flags=0x10000004
SIGINT: [libjvm.so+0x7c2f00], sa_mask[0]=0x7ffbfeff, sa_flags=0x10000004
SIGTERM: [libjvm.so+0x7c2f00], sa_mask[0]=0x7ffbfeff, sa_flags=0x10000004
SIGQUIT: [libjvm.so+0x7c2f00], sa_mask[0]=0x7ffbfeff, sa_flags=0x10000004
SIGTRAP: SIG_DFL, sa_mask[0]=0x00000000, sa_flags=0x00000000


---------------  S Y S T E M  ---------------

OS:Ubuntu 14.04 (trusty)
uname:Linux 3.13.0-35-generic #62-Ubuntu SMP Fri Aug 15 01:58:42 UTC 2014 x86_64
libc:glibc 2.19 NPTL 2.19 
rlimit: STACK 8192k, CORE 0k, NPROC 62612, NOFILE 4096, AS infinity
load average:31.17 15.88 8.97

/proc/meminfo:
MemTotal:        8105184 kB
MemFree:          126700 kB
Buffers:             180 kB
Cached:           468368 kB
SwapCached:            0 kB
Active:          7317236 kB
Inactive:         464528 kB
Active(anon):    7315988 kB
Inactive(anon):   463276 kB
Active(file):       1248 kB
Inactive(file):     1252 kB
Unevictable:          32 kB
Mlocked:              32 kB
SwapTotal:             0 kB
SwapFree:              0 kB
Dirty:                36 kB
Writeback:            56 kB
AnonPages:       7313456 kB
Mapped:           108644 kB
Shmem:            465840 kB
Slab:              54924 kB
SReclaimable:      22188 kB
SUnreclaim:        32736 kB
KernelStack:        5144 kB
PageTables:        46028 kB
NFS_Unstable:          0 kB
Bounce:                0 kB
WritebackTmp:          0 kB
CommitLimit:     4052592 kB
Committed_AS:   11048320 kB
VmallocTotal:   34359738367 kB
VmallocUsed:      556008 kB
VmallocChunk:   34359170648 kB
HardwareCorrupted:     0 kB
AnonHugePages:   6025216 kB
HugePages_Total:       0
HugePages_Free:        0
HugePages_Rsvd:        0
HugePages_Surp:        0
Hugepagesize:       2048 kB
DirectMap4k:       60032 kB
DirectMap2M:     3014656 kB
DirectMap1G:     5242880 kB


CPU:total 4 (2 cores per cpu, 2 threads per core) family 6 model 69 stepping 1, cmov, cx8, fxsr, mmx, sse, sse2, sse3, ssse3, sse4.1, sse4.2, popcnt, avx, avx2, aes, erms, ht, tsc, tscinvbit

/proc/cpuinfo:
processor	: 0
vendor_id	: GenuineIntel
cpu family	: 6
model		: 69
model name	: Intel(R) Core(TM) i5-4210U CPU @ 1.70GHz
stepping	: 1
microcode	: 0x17
cpu MHz		: 1600.000
cache size	: 3072 KB
physical id	: 0
siblings	: 4
core id		: 0
cpu cores	: 2
apicid		: 0
initial apicid	: 0
fpu		: yes
fpu_exception	: yes
cpuid level	: 13
wp		: yes
flags		: fpu vme de pse tsc msr pae mce cx8 apic sep mtrr pge mca cmov pat pse36 clflush dts acpi mmx fxsr sse sse2 ss ht tm pbe syscall nx pdpe1gb rdtscp lm constant_tsc arch_perfmon pebs bts rep_good nopl xtopology nonstop_tsc aperfmperf eagerfpu pni pclmulqdq dtes64 monitor ds_cpl vmx est tm2 ssse3 fma cx16 xtpr pdcm pcid sse4_1 sse4_2 movbe popcnt tsc_deadline_timer aes xsave avx f16c rdrand lahf_lm abm ida arat epb xsaveopt pln pts dtherm tpr_shadow vnmi flexpriority ept vpid fsgsbase tsc_adjust bmi1 avx2 smep bmi2 erms invpcid
bogomips	: 4789.25
clflush size	: 64
cache_alignment	: 64
address sizes	: 39 bits physical, 48 bits virtual
power management:

processor	: 1
vendor_id	: GenuineIntel
cpu family	: 6
model		: 69
model name	: Intel(R) Core(TM) i5-4210U CPU @ 1.70GHz
stepping	: 1
microcode	: 0x17
cpu MHz		: 1300.000
cache size	: 3072 KB
physical id	: 0
siblings	: 4
core id		: 0
cpu cores	: 2
apicid		: 1
initial apicid	: 1
fpu		: yes
fpu_exception	: yes
cpuid level	: 13
wp		: yes
flags		: fpu vme de pse tsc msr pae mce cx8 apic sep mtrr pge mca cmov pat pse36 clflush dts acpi mmx fxsr sse sse2 ss ht tm pbe syscall nx pdpe1gb rdtscp lm constant_tsc arch_perfmon pebs bts rep_good nopl xtopology nonstop_tsc aperfmperf eagerfpu pni pclmulqdq dtes64 monitor ds_cpl vmx est tm2 ssse3 fma cx16 xtpr pdcm pcid sse4_1 sse4_2 movbe popcnt tsc_deadline_timer aes xsave avx f16c rdrand lahf_lm abm ida arat epb xsaveopt pln pts dtherm tpr_shadow vnmi flexpriority ept vpid fsgsbase tsc_adjust bmi1 avx2 smep bmi2 erms invpcid
bogomips	: 4789.25
clflush size	: 64
cache_alignment	: 64
address sizes	: 39 bits physical, 48 bits virtual
power management:

processor	: 2
vendor_id	: GenuineIntel
cpu family	: 6
model		: 69
model name	: Intel(R) Core(TM) i5-4210U CPU @ 1.70GHz
stepping	: 1
microcode	: 0x17
cpu MHz		: 1600.000
cache size	: 3072 KB
physical id	: 0
siblings	: 4
core id		: 1
cpu cores	: 2
apicid		: 2
initial apicid	: 2
fpu		: yes
fpu_exception	: yes
cpuid level	: 13
wp		: yes
flags		: fpu vme de pse tsc msr pae mce cx8 apic sep mtrr pge mca cmov pat pse36 clflush dts acpi mmx fxsr sse sse2 ss ht tm pbe syscall nx pdpe1gb rdtscp lm constant_tsc arch_perfmon pebs bts rep_good nopl xtopology nonstop_tsc aperfmperf eagerfpu pni pclmulqdq dtes64 monitor ds_cpl vmx est tm2 ssse3 fma cx16 xtpr pdcm pcid sse4_1 sse4_2 movbe popcnt tsc_deadline_timer aes xsave avx f16c rdrand lahf_lm abm ida arat epb xsaveopt pln pts dtherm tpr_shadow vnmi flexpriority ept vpid fsgsbase tsc_adjust bmi1 avx2 smep bmi2 erms invpcid
bogomips	: 4789.25
clflush size	: 64
cache_alignment	: 64
address sizes	: 39 bits physical, 48 bits virtual
power management:

processor	: 3
vendor_id	: GenuineIntel
cpu family	: 6
model		: 69
model name	: Intel(R) Core(TM) i5-4210U CPU @ 1.70GHz
stepping	: 1
microcode	: 0x17
cpu MHz		: 1600.000
cache size	: 3072 KB
physical id	: 0
siblings	: 4
core id		: 1
cpu cores	: 2
apicid		: 3
initial apicid	: 3
fpu		: yes
fpu_exception	: yes
cpuid level	: 13
wp		: yes
flags		: fpu vme de pse tsc msr pae mce cx8 apic sep mtrr pge mca cmov pat pse36 clflush dts acpi mmx fxsr sse sse2 ss ht tm pbe syscall nx pdpe1gb rdtscp lm constant_tsc arch_perfmon pebs bts rep_good nopl xtopology nonstop_tsc aperfmperf eagerfpu pni pclmulqdq dtes64 monitor ds_cpl vmx est tm2 ssse3 fma cx16 xtpr pdcm pcid sse4_1 sse4_2 movbe popcnt tsc_deadline_timer aes xsave avx f16c rdrand lahf_lm abm ida arat epb xsaveopt pln pts dtherm tpr_shadow vnmi flexpriority ept vpid fsgsbase tsc_adjust bmi1 avx2 smep bmi2 erms invpcid
bogomips	: 4789.25
clflush size	: 64
cache_alignment	: 64
address sizes	: 39 bits physical, 48 bits virtual
power management:



Memory: 4k page, physical 8105184k(125304k free), swap 0k(0k free)

vm_info: OpenJDK 64-Bit Server VM (24.65-b04) for linux-amd64 JRE (1.7.0_65-b32), built on Aug 23 2014 13:33:31 by "buildd" with gcc 4.8.2

time: Sat Sep 20 23:12:31 2014
elapsed time: 14139 seconds

