#
# There is insufficient memory for the Java Runtime Environment to continue.
# Native memory allocation (malloc) failed to allocate 37224448 bytes for committing reserved memory.
# Possible reasons:
#   The system is out of physical RAM or swap space
#   In 32 bit mode, the process size limit was hit
# Possible solutions:
#   Reduce memory load on the system
#   Increase physical memory or swap space
#   Check if swap backing store is full
#   Use 64 bit Java on a 64 bit OS
#   Decrease Java heap size (-Xmx/-Xms)
#   Decrease number of Java threads
#   Decrease Java thread stack sizes (-Xss)
#   Set larger code cache with -XX:ReservedCodeCacheSize=
# This output file may be truncated or incomplete.
#
#  Out of Memory Error (os_linux.cpp:2798), pid=3912, tid=140250745657088
#
# JRE version: OpenJDK Runtime Environment (7.0_65-b32) (build 1.7.0_65-b32)
# Java VM: OpenJDK 64-Bit Server VM (24.65-b04 mixed mode linux-amd64 compressed oops)
# Failed to write core dump. Core dumps have been disabled. To enable core dumping, try "ulimit -c unlimited" before starting Java again
#

---------------  T H R E A D  ---------------

Current thread (0x00007f8ec0075800):  VMThread [stack: 0x00007f8eabcfd000,0x00007f8eabdfe000] [id=3922]

Stack: [0x00007f8eabcfd000,0x00007f8eabdfe000],  sp=0x00007f8eabdfc490,  free space=1021k
Native frames: (J=compiled Java code, j=interpreted, Vv=VM code, C=native code)
V  [libjvm.so+0x948635]  VMError::report_and_die()+0x175
V  [libjvm.so+0x48b904]  report_vm_out_of_memory(char const*, int, unsigned long, char const*)+0x74
V  [libjvm.so+0x7c766b]  os::pd_commit_memory(char*, unsigned long, unsigned long, bool)+0xeb
V  [libjvm.so+0x7c212f]  os::commit_memory(char*, unsigned long, unsigned long, bool)+0x1f
V  [libjvm.so+0x8338bb]  PSVirtualSpace::expand_by(unsigned long)+0x5b
V  [libjvm.so+0x834710]  PSYoungGen::resize_generation(unsigned long, unsigned long)+0xb0
V  [libjvm.so+0x834dfb]  PSYoungGen::resize(unsigned long, unsigned long)+0x1b
V  [libjvm.so+0x8310e0]  PSScavenge::invoke_no_policy()+0xde0
V  [libjvm.so+0x8318b8]  PSScavenge::invoke()+0x38
V  [libjvm.so+0x7e8293]  ParallelScavengeHeap::failed_mem_allocate(unsigned long)+0x63
V  [libjvm.so+0x94a034]  VM_ParallelGCFailedAllocation::doit()+0x84
V  [libjvm.so+0x94e527]  VM_Operation::evaluate()+0x47
V  [libjvm.so+0x94ce98]  VMThread::evaluate_operation(VM_Operation*)+0x318
V  [libjvm.so+0x94d2f9]  VMThread::loop()+0x219
V  [libjvm.so+0x94d742]  VMThread::run()+0x72
V  [libjvm.so+0x7c4532]  java_start(Thread*)+0xf2

VM_Operation (0x00007f8ec88b66c0): ParallelGCFailedAllocation, mode: safepoint, requested by thread 0x00007f8ec000a000


---------------  P R O C E S S  ---------------

Java Threads: ( => current thread )
  0x00007f8ec00a6800 JavaThread "Service Thread" daemon [_thread_blocked, id=3928, stack(0x00007f8eab015000,0x00007f8eab116000)]
  0x00007f8ec00a4000 JavaThread "C2 CompilerThread1" daemon [_thread_blocked, id=3927, stack(0x00007f8eab116000,0x00007f8eab217000)]
  0x00007f8ec00a1000 JavaThread "C2 CompilerThread0" daemon [_thread_blocked, id=3926, stack(0x00007f8eab217000,0x00007f8eab318000)]
  0x00007f8ec009f000 JavaThread "Signal Dispatcher" daemon [_thread_blocked, id=3925, stack(0x00007f8eab318000,0x00007f8eab419000)]
  0x00007f8ec007c000 JavaThread "Finalizer" daemon [_thread_blocked, id=3924, stack(0x00007f8eabafb000,0x00007f8eabbfc000)]
  0x00007f8ec007a000 JavaThread "Reference Handler" daemon [_thread_blocked, id=3923, stack(0x00007f8eabbfc000,0x00007f8eabcfd000)]
  0x00007f8ec000a000 JavaThread "main" [_thread_blocked, id=3915, stack(0x00007f8ec87b7000,0x00007f8ec88b8000)]

Other Threads:
=>0x00007f8ec0075800 VMThread [stack: 0x00007f8eabcfd000,0x00007f8eabdfe000] [id=3922]
  0x00007f8ec00b1000 WatcherThread [stack: 0x00007f8eaaf14000,0x00007f8eab015000] [id=3929]

VM state:at safepoint (normal execution)

VM Mutex/Monitor currently owned by a thread:  ([mutex/lock_event])
[0x00007f8ec00064c0] Threads_lock - owner thread: 0x00007f8ec0075800
[0x00007f8ec00069c0] Heap_lock - owner thread: 0x00007f8ec000a000

Heap
 PSYoungGen      total 234496K, used 1473K [0x00000007d6c00000, 0x00000007e5d00000, 0x0000000800000000)
  eden space 232448K, 0% used [0x00000007d6c00000,0x00000007d6c00000,0x00000007e4f00000)
  from space 2048K, 71% used [0x00000007e5900000,0x00000007e5a70468,0x00000007e5b00000)
  to   space 1536K, 0% used [0x00000007e5b80000,0x00000007e5b80000,0x00000007e5d00000)
 ParOldGen       total 41984K, used 14528K [0x0000000784400000, 0x0000000786d00000, 0x00000007d6c00000)
  object space 41984K, 34% used [0x0000000784400000,0x0000000785230380,0x0000000786d00000)
 PSPermGen       total 21504K, used 3524K [0x0000000779e00000, 0x000000077b300000, 0x0000000784400000)
  object space 21504K, 16% used [0x0000000779e00000,0x000000077a171028,0x000000077b300000)

Card table byte_map: [0x00007f8ec4fc7000,0x00007f8ec53f9000] byte_map_base: 0x00007f8ec13f8000

Polling page: 0x00007f8ec88d4000

Code Cache  [0x00007f8ebd000000, 0x00007f8ebd270000, 0x00007f8ec0000000)
 total_blobs=251 nmethods=58 adapters=146 free_code_cache=48634Kb largest_free_block=49758720

Compilation events (10 events):
Event: 3.243 Thread 0x00007f8ec00a4000 nmethod 54 0x00007f8ebd071d10 code [0x00007f8ebd071e60, 0x00007f8ebd071ed8]
Event: 3.243 Thread 0x00007f8ec00a4000   55             java.lang.String::toLowerCase (8 bytes)
Event: 3.245 Thread 0x00007f8ec00a4000 nmethod 55 0x00007f8ebd07ac90 code [0x00007f8ebd07ade0, 0x00007f8ebd07aea8]
Event: 3.245 Thread 0x00007f8ec00a4000   56             java.util.Locale::getDefault (13 bytes)
Event: 3.279 Thread 0x00007f8ec00a4000 nmethod 56 0x00007f8ebd07aa50 code [0x00007f8ebd07ab80, 0x00007f8ebd07abf8]
Event: 3.279 Thread 0x00007f8ec00a4000   57             java.util.ArrayList::contains (14 bytes)
Event: 3.284 Thread 0x00007f8ec00a4000 nmethod 57 0x00007f8ebd07a610 code [0x00007f8ebd07a760, 0x00007f8ebd07a958]
Event: 3.285 Thread 0x00007f8ec00a1000 nmethod 53 0x00007f8ebd079f10 code [0x00007f8ebd07a080, 0x00007f8ebd07a328]
Event: 3.329 Thread 0x00007f8ec00a4000   58 %           edu.buffalo.cse.irf14.document.Parser::contentParse @ 324 (560 bytes)
Event: 4.354 Thread 0x00007f8ec00a4000 nmethod 58% 0x00007f8ebd086910 code [0x00007f8ebd086ec0, 0x00007f8ebd089568]

GC Heap History (10 events):
Event: 2776.424 GC heap after
Heap after GC invocations=6962 (full 18):
 PSYoungGen      total 176640K, used 1440K [0x00000007d6c00000, 0x00000007e5f00000, 0x0000000800000000)
  eden space 175104K, 0% used [0x00000007d6c00000,0x00000007d6c00000,0x00000007e1700000)
  from space 1536K, 93% used [0x00000007e5d80000,0x00000007e5ee81d8,0x00000007e5f00000)
  to   space 2048K, 0% used [0x00000007e5b00000,0x00000007e5b00000,0x00000007e5d00000)
 ParOldGen       total 41984K, used 14528K [0x0000000784400000, 0x0000000786d00000, 0x00000007d6c00000)
  object space 41984K, 34% used [0x0000000784400000,0x0000000785230380,0x0000000786d00000)
 PSPermGen       total 21504K, used 3524K [0x0000000779e00000, 0x000000077b300000, 0x0000000784400000)
  object space 21504K, 16% used [0x0000000779e00000,0x000000077a171028,0x000000077b300000)
}
Event: 2776.973 GC heap before
{Heap before GC invocations=6963 (full 18):
 PSYoungGen      total 176640K, used 176109K [0x00000007d6c00000, 0x00000007e5f00000, 0x0000000800000000)
  eden space 175104K, 99% used [0x00000007d6c00000,0x00000007e1693440,0x00000007e1700000)
  from space 1536K, 93% used [0x00000007e5d80000,0x00000007e5ee81d8,0x00000007e5f00000)
  to   space 2048K, 0% used [0x00000007e5b00000,0x00000007e5b00000,0x00000007e5d00000)
 ParOldGen       total 41984K, used 14528K [0x0000000784400000, 0x0000000786d00000, 0x00000007d6c00000)
  object space 41984K, 34% used [0x0000000784400000,0x0000000785230380,0x0000000786d00000)
 PSPermGen       total 21504K, used 3524K [0x0000000779e00000, 0x000000077b300000, 0x0000000784400000)
  object space 21504K, 16% used [0x0000000779e00000,0x000000077a171028,0x000000077b300000)
Event: 2776.976 GC heap after
Heap after GC invocations=6963 (full 18):
 PSYoungGen      total 169472K, used 1472K [0x00000007d6c00000, 0x00000007e5e00000, 0x0000000800000000)
  eden space 167936K, 0% used [0x00000007d6c00000,0x00000007d6c00000,0x00000007e1000000)
  from space 1536K, 95% used [0x00000007e5b00000,0x00000007e5c70258,0x00000007e5c80000)
  to   space 1536K, 0% used [0x00000007e5c80000,0x00000007e5c80000,0x00000007e5e00000)
 ParOldGen       total 41984K, used 14528K [0x0000000784400000, 0x0000000786d00000, 0x00000007d6c00000)
  object space 41984K, 34% used [0x0000000784400000,0x0000000785230380,0x0000000786d00000)
 PSPermGen       total 21504K, used 3524K [0x0000000779e00000, 0x000000077b300000, 0x0000000784400000)
  object space 21504K, 16% used [0x0000000779e00000,0x000000077a171028,0x000000077b300000)
}
Event: 2777.494 GC heap before
{Heap before GC invocations=6964 (full 18):
 PSYoungGen      total 169472K, used 169113K [0x00000007d6c00000, 0x00000007e5e00000, 0x0000000800000000)
  eden space 167936K, 99% used [0x00000007d6c00000,0x00000007e0fb6280,0x00000007e1000000)
  from space 1536K, 95% used [0x00000007e5b00000,0x00000007e5c70258,0x00000007e5c80000)
  to   space 1536K, 0% used [0x00000007e5c80000,0x00000007e5c80000,0x00000007e5e00000)
 ParOldGen       total 41984K, used 14528K [0x0000000784400000, 0x0000000786d00000, 0x00000007d6c00000)
  object space 41984K, 34% used [0x0000000784400000,0x0000000785230380,0x0000000786d00000)
 PSPermGen       total 21504K, used 3524K [0x0000000779e00000, 0x000000077b300000, 0x0000000784400000)
  object space 21504K, 16% used [0x0000000779e00000,0x000000077a171028,0x000000077b300000)
Event: 2777.496 GC heap after
Heap after GC invocations=6964 (full 18):
 PSYoungGen      total 162816K, used 1440K [0x00000007d6c00000, 0x00000007e5e00000, 0x0000000800000000)
  eden space 161280K, 0% used [0x00000007d6c00000,0x00000007d6c00000,0x00000007e0980000)
  from space 1536K, 93% used [0x00000007e5c80000,0x00000007e5de82b0,0x00000007e5e00000)
  to   space 2048K, 0% used [0x00000007e5a00000,0x00000007e5a00000,0x00000007e5c00000)
 ParOldGen       total 41984K, used 14528K [0x0000000784400000, 0x0000000786d00000, 0x00000007d6c00000)
  object space 41984K, 34% used [0x0000000784400000,0x0000000785230380,0x0000000786d00000)
 PSPermGen       total 21504K, used 3524K [0x0000000779e00000, 0x000000077b300000, 0x0000000784400000)
  object space 21504K, 16% used [0x0000000779e00000,0x000000077a171028,0x000000077b300000)
}
Event: 2778.141 GC heap before
{Heap before GC invocations=6965 (full 18):
 PSYoungGen      total 162816K, used 162049K [0x00000007d6c00000, 0x00000007e5e00000, 0x0000000800000000)
  eden space 161280K, 99% used [0x00000007d6c00000,0x00000007e08d81a8,0x00000007e0980000)
  from space 1536K, 93% used [0x00000007e5c80000,0x00000007e5de82b0,0x00000007e5e00000)
  to   space 2048K, 0% used [0x00000007e5a00000,0x00000007e5a00000,0x00000007e5c00000)
 ParOldGen       total 41984K, used 14528K [0x0000000784400000, 0x0000000786d00000, 0x00000007d6c00000)
  object space 41984K, 34% used [0x0000000784400000,0x0000000785230380,0x0000000786d00000)
 PSPermGen       total 21504K, used 3524K [0x0000000779e00000, 0x000000077b300000, 0x0000000784400000)
  object space 21504K, 16% used [0x0000000779e00000,0x000000077a171028,0x000000077b300000)
Event: 2780.902 GC heap after
Heap after GC invocations=6965 (full 18):
 PSYoungGen      total 195072K, used 1472K [0x00000007d6c00000, 0x00000007e5d00000, 0x0000000800000000)
  eden space 193536K, 0% used [0x00000007d6c00000,0x00000007d6c00000,0x00000007e2900000)
  from space 1536K, 95% used [0x00000007e5a00000,0x00000007e5b70320,0x00000007e5b80000)
  to   space 1536K, 0% used [0x00000007e5b80000,0x00000007e5b80000,0x00000007e5d00000)
 ParOldGen       total 41984K, used 14528K [0x0000000784400000, 0x0000000786d00000, 0x00000007d6c00000)
  object space 41984K, 34% used [0x0000000784400000,0x0000000785230380,0x0000000786d00000)
 PSPermGen       total 21504K, used 3524K [0x0000000779e00000, 0x000000077b300000, 0x0000000784400000)
  object space 21504K, 16% used [0x0000000779e00000,0x000000077a171028,0x000000077b300000)
}
Event: 2784.213 GC heap before
{Heap before GC invocations=6966 (full 18):
 PSYoungGen      total 195072K, used 194503K [0x00000007d6c00000, 0x00000007e5d00000, 0x0000000800000000)
  eden space 193536K, 99% used [0x00000007d6c00000,0x00000007e28818f8,0x00000007e2900000)
  from space 1536K, 95% used [0x00000007e5a00000,0x00000007e5b70320,0x00000007e5b80000)
  to   space 1536K, 0% used [0x00000007e5b80000,0x00000007e5b80000,0x00000007e5d00000)
 ParOldGen       total 41984K, used 14528K [0x0000000784400000, 0x0000000786d00000, 0x00000007d6c00000)
  object space 41984K, 34% used [0x0000000784400000,0x0000000785230380,0x0000000786d00000)
 PSPermGen       total 21504K, used 3524K [0x0000000779e00000, 0x000000077b300000, 0x0000000784400000)
  object space 21504K, 16% used [0x0000000779e00000,0x000000077a171028,0x000000077b300000)
Event: 2789.266 GC heap after
Heap after GC invocations=6966 (full 18):
 PSYoungGen      total 233984K, used 1472K [0x00000007d6c00000, 0x00000007e5d00000, 0x0000000800000000)
  eden space 232448K, 0% used [0x00000007d6c00000,0x00000007d6c00000,0x00000007e4f00000)
  from space 1536K, 95% used [0x00000007e5b80000,0x00000007e5cf03c8,0x00000007e5d00000)
  to   space 2048K, 0% used [0x00000007e5900000,0x00000007e5900000,0x00000007e5b00000)
 ParOldGen       total 41984K, used 14528K [0x0000000784400000, 0x0000000786d00000, 0x00000007d6c00000)
  object space 41984K, 34% used [0x0000000784400000,0x0000000785230380,0x0000000786d00000)
 PSPermGen       total 21504K, used 3524K [0x0000000779e00000, 0x000000077b300000, 0x0000000784400000)
  object space 21504K, 16% used [0x0000000779e00000,0x000000077a171028,0x000000077b300000)
}
Event: 2791.995 GC heap before
{Heap before GC invocations=6967 (full 18):
 PSYoungGen      total 233984K, used 232568K [0x00000007d6c00000, 0x00000007e5d00000, 0x0000000800000000)
  eden space 232448K, 99% used [0x00000007d6c00000,0x00000007e4dadec0,0x00000007e4f00000)
  from space 1536K, 95% used [0x00000007e5b80000,0x00000007e5cf03c8,0x00000007e5d00000)
  to   space 2048K, 0% used [0x00000007e5900000,0x00000007e5900000,0x00000007e5b00000)
 ParOldGen       total 41984K, used 14528K [0x0000000784400000, 0x0000000786d00000, 0x00000007d6c00000)
  object space 41984K, 34% used [0x0000000784400000,0x0000000785230380,0x0000000786d00000)
 PSPermGen       total 21504K, used 3524K [0x0000000779e00000, 0x000000077b300000, 0x0000000784400000)
  object space 21504K, 16% used [0x0000000779e00000,0x000000077a171028,0x000000077b300000)

Deoptimization events (4 events):
Event: 1.445 Thread 0x00007f8ec000a000 Uncommon trap: reason=class_check action=maybe_recompile pc=0x00007f8ebd063e48 method=java.util.regex.Matcher.match(II)Z @ 86
Event: 1.506 Thread 0x00007f8ec000a000 Uncommon trap: reason=class_check action=maybe_recompile pc=0x00007f8ebd063e48 method=java.util.regex.Matcher.match(II)Z @ 86
Event: 1.610 Thread 0x00007f8ec000a000 Uncommon trap: reason=class_check action=maybe_recompile pc=0x00007f8ebd063e48 method=java.util.regex.Matcher.match(II)Z @ 86
Event: 1.631 Thread 0x00007f8ec000a000 Uncommon trap: reason=class_check action=maybe_recompile pc=0x00007f8ebd063e48 method=java.util.regex.Matcher.match(II)Z @ 86

Internal exceptions (10 events):
Event: 1.002 Thread 0x00007f8ec000a000 Threw 0x00000007d6c57818 at /build/buildd/openjdk-7-7u65-2.5.1/build/openjdk/hotspot/src/share/vm/prims/jvm.cpp:1247
Event: 1.004 Thread 0x00007f8ec000a000 Threw 0x00000007d6c5c848 at /build/buildd/openjdk-7-7u65-2.5.1/build/openjdk/hotspot/src/share/vm/prims/jvm.cpp:1247
Event: 1.022 Thread 0x00007f8ec000a000 Threw 0x00000007d6c60200 at /build/buildd/openjdk-7-7u65-2.5.1/build/openjdk/hotspot/src/share/vm/prims/jvm.cpp:1247
Event: 1.024 Thread 0x00007f8ec000a000 Threw 0x00000007d6c62bb8 at /build/buildd/openjdk-7-7u65-2.5.1/build/openjdk/hotspot/src/share/vm/prims/jvm.cpp:1247
Event: 1.164 Thread 0x00007f8ec000a000 Threw 0x00000007d6cc0ab8 at /build/buildd/openjdk-7-7u65-2.5.1/build/openjdk/hotspot/src/share/vm/prims/jvm.cpp:1247
Event: 1.164 Thread 0x00007f8ec000a000 Threw 0x00000007d6cc0be0 at /build/buildd/openjdk-7-7u65-2.5.1/build/openjdk/hotspot/src/share/vm/prims/jvm.cpp:1247
Event: 1.167 Thread 0x00007f8ec000a000 Threw 0x00000007d6cc3190 at /build/buildd/openjdk-7-7u65-2.5.1/build/openjdk/hotspot/src/share/vm/prims/jvm.cpp:1247
Event: 1.167 Thread 0x00007f8ec000a000 Threw 0x00000007d6cc32b8 at /build/buildd/openjdk-7-7u65-2.5.1/build/openjdk/hotspot/src/share/vm/prims/jvm.cpp:1247
Event: 1.167 Thread 0x00007f8ec000a000 Threw 0x00000007d6cc3bb8 at /build/buildd/openjdk-7-7u65-2.5.1/build/openjdk/hotspot/src/share/vm/prims/jvm.cpp:1247
Event: 1.167 Thread 0x00007f8ec000a000 Threw 0x00000007d6cc3ce0 at /build/buildd/openjdk-7-7u65-2.5.1/build/openjdk/hotspot/src/share/vm/prims/jvm.cpp:1247

Events (10 events):
Event: 2776.424 Executing VM operation: ParallelGCFailedAllocation done
Event: 2776.973 Executing VM operation: ParallelGCFailedAllocation
Event: 2776.976 Executing VM operation: ParallelGCFailedAllocation done
Event: 2777.494 Executing VM operation: ParallelGCFailedAllocation
Event: 2777.496 Executing VM operation: ParallelGCFailedAllocation done
Event: 2777.897 Executing VM operation: ParallelGCFailedAllocation
Event: 2781.866 Executing VM operation: ParallelGCFailedAllocation done
Event: 2783.152 Executing VM operation: ParallelGCFailedAllocation
Event: 2790.843 Executing VM operation: ParallelGCFailedAllocation done
Event: 2791.688 Executing VM operation: ParallelGCFailedAllocation


Dynamic libraries:
00400000-00401000 r-xp 00000000 08:05 5115745                            /usr/lib/jvm/java-7-openjdk-amd64/jre/bin/java
00600000-00601000 r--p 00000000 08:05 5115745                            /usr/lib/jvm/java-7-openjdk-amd64/jre/bin/java
00601000-00602000 rw-p 00001000 08:05 5115745                            /usr/lib/jvm/java-7-openjdk-amd64/jre/bin/java
01ae3000-01b04000 rw-p 00000000 00:00 0                                  [heap]
779e00000-77b300000 rw-p 00000000 00:00 0 
77b300000-784400000 rw-p 00000000 00:00 0 
784400000-786d00000 rw-p 00000000 00:00 0 
786d00000-789680000 ---p 00000000 00:00 0 
789680000-7d6c00000 rw-p 00000000 00:00 0 
7d6c00000-7e5d00000 rw-p 00000000 00:00 0 
7e8080000-800000000 ---p 00000000 00:00 0 
7f8e80000000-7f8e80021000 rw-p 00000000 00:00 0 
7f8e80021000-7f8e84000000 ---p 00000000 00:00 0 
7f8e88000000-7f8e883ef000 rw-p 00000000 00:00 0 
7f8e883ef000-7f8e8c000000 ---p 00000000 00:00 0 
7f8e8c000000-7f8e8c021000 rw-p 00000000 00:00 0 
7f8e8c021000-7f8e90000000 ---p 00000000 00:00 0 
7f8e90000000-7f8e90021000 rw-p 00000000 00:00 0 
7f8e90021000-7f8e94000000 ---p 00000000 00:00 0 
7f8e94000000-7f8e942ac000 rw-p 00000000 00:00 0 
7f8e942ac000-7f8e98000000 ---p 00000000 00:00 0 
7f8e98000000-7f8e98021000 rw-p 00000000 00:00 0 
7f8e98021000-7f8e9c000000 ---p 00000000 00:00 0 
7f8e9c000000-7f8e9c021000 rw-p 00000000 00:00 0 
7f8e9c021000-7f8ea0000000 ---p 00000000 00:00 0 
7f8ea0000000-7f8ea0021000 rw-p 00000000 00:00 0 
7f8ea0021000-7f8ea4000000 ---p 00000000 00:00 0 
7f8ea4000000-7f8ea4021000 rw-p 00000000 00:00 0 
7f8ea4021000-7f8ea8000000 ---p 00000000 00:00 0 
7f8eaacda000-7f8eaaf14000 rw-p 00000000 00:00 0 
7f8eaaf14000-7f8eaaf15000 ---p 00000000 00:00 0 
7f8eaaf15000-7f8eab015000 rw-p 00000000 00:00 0                          [stack:3929]
7f8eab015000-7f8eab018000 ---p 00000000 00:00 0 
7f8eab018000-7f8eab116000 rw-p 00000000 00:00 0                          [stack:3928]
7f8eab116000-7f8eab119000 ---p 00000000 00:00 0 
7f8eab119000-7f8eab217000 rw-p 00000000 00:00 0                          [stack:3927]
7f8eab217000-7f8eab21a000 ---p 00000000 00:00 0 
7f8eab21a000-7f8eab318000 rw-p 00000000 00:00 0                          [stack:3926]
7f8eab318000-7f8eab31b000 ---p 00000000 00:00 0 
7f8eab31b000-7f8eab419000 rw-p 00000000 00:00 0                          [stack:3925]
7f8eab419000-7f8eabafb000 r--p 00000000 08:05 4725374                    /usr/lib/locale/locale-archive
7f8eabafb000-7f8eabafe000 ---p 00000000 00:00 0 
7f8eabafe000-7f8eabbfc000 rw-p 00000000 00:00 0                          [stack:3924]
7f8eabbfc000-7f8eabbff000 ---p 00000000 00:00 0 
7f8eabbff000-7f8eabcfd000 rw-p 00000000 00:00 0                          [stack:3923]
7f8eabcfd000-7f8eabcfe000 ---p 00000000 00:00 0 
7f8eabcfe000-7f8eac000000 rw-p 00000000 00:00 0                          [stack:3922]
7f8eac000000-7f8eac023000 rw-p 00000000 00:00 0 
7f8eac023000-7f8eb0000000 ---p 00000000 00:00 0 
7f8eb0000000-7f8eb002b000 rw-p 00000000 00:00 0 
7f8eb002b000-7f8eb4000000 ---p 00000000 00:00 0 
7f8eb4000000-7f8eb402e000 rw-p 00000000 00:00 0 
7f8eb402e000-7f8eb8000000 ---p 00000000 00:00 0 
7f8eb80c3000-7f8ebd000000 rw-p 00000000 00:00 0 
7f8ebd000000-7f8ebd270000 rwxp 00000000 00:00 0 
7f8ebd270000-7f8ec0143000 rw-p 00000000 00:00 0 
7f8ec0143000-7f8ec4000000 ---p 00000000 00:00 0 
7f8ec4009000-7f8ec41d7000 rw-p 00000000 00:00 0 
7f8ec41d7000-7f8ec4388000 r--s 01d21000 08:05 5114452                    /usr/lib/jvm/java-7-openjdk-amd64/jre/lib/rt.jar
7f8ec4388000-7f8ec48dc000 rw-p 00000000 00:00 0 
7f8ec48dc000-7f8ec48dd000 ---p 00000000 00:00 0 
7f8ec48dd000-7f8ec49dd000 rw-p 00000000 00:00 0                          [stack:3921]
7f8ec49dd000-7f8ec49de000 ---p 00000000 00:00 0 
7f8ec49de000-7f8ec4ade000 rw-p 00000000 00:00 0                          [stack:3920]
7f8ec4ade000-7f8ec4adf000 ---p 00000000 00:00 0 
7f8ec4adf000-7f8ec4bdf000 rw-p 00000000 00:00 0                          [stack:3919]
7f8ec4bdf000-7f8ec4be0000 ---p 00000000 00:00 0 
7f8ec4be0000-7f8ec4ceb000 rw-p 00000000 00:00 0                          [stack:3917]
7f8ec4ceb000-7f8ec4d33000 rw-p 00000000 00:00 0 
7f8ec4d33000-7f8ec4d48000 rw-p 00000000 00:00 0 
7f8ec4d48000-7f8ec4d5d000 ---p 00000000 00:00 0 
7f8ec4d5d000-7f8ec4fc7000 rw-p 00000000 00:00 0 
7f8ec4fc7000-7f8ec4fd2000 rw-p 00000000 00:00 0 
7f8ec4fd2000-7f8ec501a000 rw-p 00000000 00:00 0 
7f8ec501a000-7f8ec502f000 rw-p 00000000 00:00 0 
7f8ec502f000-7f8ec5044000 ---p 00000000 00:00 0 
7f8ec5044000-7f8ec52ae000 rw-p 00000000 00:00 0 
7f8ec52ae000-7f8ec5327000 rw-p 00000000 00:00 0 
7f8ec5327000-7f8ec53f8000 ---p 00000000 00:00 0 
7f8ec53f8000-7f8ec53f9000 rw-p 00000000 00:00 0 
7f8ec53f9000-7f8ec5401000 r-xp 00000000 08:05 5111914                    /usr/lib/jvm/java-7-openjdk-amd64/jre/lib/amd64/libzip.so
7f8ec5401000-7f8ec5600000 ---p 00008000 08:05 5111914                    /usr/lib/jvm/java-7-openjdk-amd64/jre/lib/amd64/libzip.so
7f8ec5600000-7f8ec5601000 r--p 00007000 08:05 5111914                    /usr/lib/jvm/java-7-openjdk-amd64/jre/lib/amd64/libzip.so
7f8ec5601000-7f8ec5602000 rw-p 00008000 08:05 5111914                    /usr/lib/jvm/java-7-openjdk-amd64/jre/lib/amd64/libzip.so
7f8ec5602000-7f8ec560d000 r-xp 00000000 08:05 5510180                    /lib/x86_64-linux-gnu/libnss_files-2.19.so
7f8ec560d000-7f8ec580c000 ---p 0000b000 08:05 5510180                    /lib/x86_64-linux-gnu/libnss_files-2.19.so
7f8ec580c000-7f8ec580d000 r--p 0000a000 08:05 5510180                    /lib/x86_64-linux-gnu/libnss_files-2.19.so
7f8ec580d000-7f8ec580e000 rw-p 0000b000 08:05 5510180                    /lib/x86_64-linux-gnu/libnss_files-2.19.so
7f8ec580e000-7f8ec5819000 r-xp 00000000 08:05 5510181                    /lib/x86_64-linux-gnu/libnss_nis-2.19.so
7f8ec5819000-7f8ec5a18000 ---p 0000b000 08:05 5510181                    /lib/x86_64-linux-gnu/libnss_nis-2.19.so
7f8ec5a18000-7f8ec5a19000 r--p 0000a000 08:05 5510181                    /lib/x86_64-linux-gnu/libnss_nis-2.19.so
7f8ec5a19000-7f8ec5a1a000 rw-p 0000b000 08:05 5510181                    /lib/x86_64-linux-gnu/libnss_nis-2.19.so
7f8ec5a1a000-7f8ec5a31000 r-xp 00000000 08:05 5510167                    /lib/x86_64-linux-gnu/libnsl-2.19.so
7f8ec5a31000-7f8ec5c30000 ---p 00017000 08:05 5510167                    /lib/x86_64-linux-gnu/libnsl-2.19.so
7f8ec5c30000-7f8ec5c31000 r--p 00016000 08:05 5510167                    /lib/x86_64-linux-gnu/libnsl-2.19.so
7f8ec5c31000-7f8ec5c32000 rw-p 00017000 08:05 5510167                    /lib/x86_64-linux-gnu/libnsl-2.19.so
7f8ec5c32000-7f8ec5c34000 rw-p 00000000 00:00 0 
7f8ec5c34000-7f8ec5c3d000 r-xp 00000000 08:05 5510134                    /lib/x86_64-linux-gnu/libnss_compat-2.19.so
7f8ec5c3d000-7f8ec5e3c000 ---p 00009000 08:05 5510134                    /lib/x86_64-linux-gnu/libnss_compat-2.19.so
7f8ec5e3c000-7f8ec5e3d000 r--p 00008000 08:05 5510134                    /lib/x86_64-linux-gnu/libnss_compat-2.19.so
7f8ec5e3d000-7f8ec5e3e000 rw-p 00009000 08:05 5510134                    /lib/x86_64-linux-gnu/libnss_compat-2.19.so
7f8ec5e3e000-7f8ec5e69000 r-xp 00000000 08:05 5111911                    /usr/lib/jvm/java-7-openjdk-amd64/jre/lib/amd64/libjava.so
7f8ec5e69000-7f8ec6069000 ---p 0002b000 08:05 5111911                    /usr/lib/jvm/java-7-openjdk-amd64/jre/lib/amd64/libjava.so
7f8ec6069000-7f8ec606a000 r--p 0002b000 08:05 5111911                    /usr/lib/jvm/java-7-openjdk-amd64/jre/lib/amd64/libjava.so
7f8ec606a000-7f8ec606c000 rw-p 0002c000 08:05 5111911                    /usr/lib/jvm/java-7-openjdk-amd64/jre/lib/amd64/libjava.so
7f8ec606c000-7f8ec607c000 r-xp 00000000 08:05 5111928                    /usr/lib/jvm/java-7-openjdk-amd64/jre/lib/amd64/libverify.so
7f8ec607c000-7f8ec627b000 ---p 00010000 08:05 5111928                    /usr/lib/jvm/java-7-openjdk-amd64/jre/lib/amd64/libverify.so
7f8ec627b000-7f8ec627d000 r--p 0000f000 08:05 5111928                    /usr/lib/jvm/java-7-openjdk-amd64/jre/lib/amd64/libverify.so
7f8ec627d000-7f8ec627e000 rw-p 00011000 08:05 5111928                    /usr/lib/jvm/java-7-openjdk-amd64/jre/lib/amd64/libverify.so
7f8ec627e000-7f8ec6285000 r-xp 00000000 08:05 5510169                    /lib/x86_64-linux-gnu/librt-2.19.so
7f8ec6285000-7f8ec6484000 ---p 00007000 08:05 5510169                    /lib/x86_64-linux-gnu/librt-2.19.so
7f8ec6484000-7f8ec6485000 r--p 00006000 08:05 5510169                    /lib/x86_64-linux-gnu/librt-2.19.so
7f8ec6485000-7f8ec6486000 rw-p 00007000 08:05 5510169                    /lib/x86_64-linux-gnu/librt-2.19.so
7f8ec6486000-7f8ec649c000 r-xp 00000000 08:05 5509026                    /lib/x86_64-linux-gnu/libgcc_s.so.1
7f8ec649c000-7f8ec669b000 ---p 00016000 08:05 5509026                    /lib/x86_64-linux-gnu/libgcc_s.so.1
7f8ec669b000-7f8ec669c000 rw-p 00015000 08:05 5509026                    /lib/x86_64-linux-gnu/libgcc_s.so.1
7f8ec669c000-7f8ec67a1000 r-xp 00000000 08:05 5510176                    /lib/x86_64-linux-gnu/libm-2.19.so
7f8ec67a1000-7f8ec69a0000 ---p 00105000 08:05 5510176                    /lib/x86_64-linux-gnu/libm-2.19.so
7f8ec69a0000-7f8ec69a1000 r--p 00104000 08:05 5510176                    /lib/x86_64-linux-gnu/libm-2.19.so
7f8ec69a1000-7f8ec69a2000 rw-p 00105000 08:05 5510176                    /lib/x86_64-linux-gnu/libm-2.19.so
7f8ec69a2000-7f8ec6a88000 r-xp 00000000 08:05 4727270                    /usr/lib/x86_64-linux-gnu/libstdc++.so.6.0.19
7f8ec6a88000-7f8ec6c87000 ---p 000e6000 08:05 4727270                    /usr/lib/x86_64-linux-gnu/libstdc++.so.6.0.19
7f8ec6c87000-7f8ec6c8f000 r--p 000e5000 08:05 4727270                    /usr/lib/x86_64-linux-gnu/libstdc++.so.6.0.19
7f8ec6c8f000-7f8ec6c91000 rw-p 000ed000 08:05 4727270                    /usr/lib/x86_64-linux-gnu/libstdc++.so.6.0.19
7f8ec6c91000-7f8ec6ca6000 rw-p 00000000 00:00 0 
7f8ec6ca6000-7f8ec77bc000 r-xp 00000000 08:05 5111942                    /usr/lib/jvm/java-7-openjdk-amd64/jre/lib/amd64/server/libjvm.so
7f8ec77bc000-7f8ec79bb000 ---p 00b16000 08:05 5111942                    /usr/lib/jvm/java-7-openjdk-amd64/jre/lib/amd64/server/libjvm.so
7f8ec79bb000-7f8ec7a55000 r--p 00b15000 08:05 5111942                    /usr/lib/jvm/java-7-openjdk-amd64/jre/lib/amd64/server/libjvm.so
7f8ec7a55000-7f8ec7a78000 rw-p 00baf000 08:05 5111942                    /usr/lib/jvm/java-7-openjdk-amd64/jre/lib/amd64/server/libjvm.so
7f8ec7a78000-7f8ec7aa6000 rw-p 00000000 00:00 0 
7f8ec7aa6000-7f8ec7abe000 r-xp 00000000 08:05 5509162                    /lib/x86_64-linux-gnu/libz.so.1.2.8
7f8ec7abe000-7f8ec7cbd000 ---p 00018000 08:05 5509162                    /lib/x86_64-linux-gnu/libz.so.1.2.8
7f8ec7cbd000-7f8ec7cbe000 r--p 00017000 08:05 5509162                    /lib/x86_64-linux-gnu/libz.so.1.2.8
7f8ec7cbe000-7f8ec7cbf000 rw-p 00018000 08:05 5509162                    /lib/x86_64-linux-gnu/libz.so.1.2.8
7f8ec7cbf000-7f8ec7cd8000 r-xp 00000000 08:05 5510186                    /lib/x86_64-linux-gnu/libpthread-2.19.so
7f8ec7cd8000-7f8ec7ed7000 ---p 00019000 08:05 5510186                    /lib/x86_64-linux-gnu/libpthread-2.19.so
7f8ec7ed7000-7f8ec7ed8000 r--p 00018000 08:05 5510186                    /lib/x86_64-linux-gnu/libpthread-2.19.so
7f8ec7ed8000-7f8ec7ed9000 rw-p 00019000 08:05 5510186                    /lib/x86_64-linux-gnu/libpthread-2.19.so
7f8ec7ed9000-7f8ec7edd000 rw-p 00000000 00:00 0 
7f8ec7edd000-7f8ec7ee0000 r-xp 00000000 08:05 5510185                    /lib/x86_64-linux-gnu/libdl-2.19.so
7f8ec7ee0000-7f8ec80df000 ---p 00003000 08:05 5510185                    /lib/x86_64-linux-gnu/libdl-2.19.so
7f8ec80df000-7f8ec80e0000 r--p 00002000 08:05 5510185                    /lib/x86_64-linux-gnu/libdl-2.19.so
7f8ec80e0000-7f8ec80e1000 rw-p 00003000 08:05 5510185                    /lib/x86_64-linux-gnu/libdl-2.19.so
7f8ec80e1000-7f8ec829c000 r-xp 00000000 08:05 5510173                    /lib/x86_64-linux-gnu/libc-2.19.so
7f8ec829c000-7f8ec849c000 ---p 001bb000 08:05 5510173                    /lib/x86_64-linux-gnu/libc-2.19.so
7f8ec849c000-7f8ec84a0000 r--p 001bb000 08:05 5510173                    /lib/x86_64-linux-gnu/libc-2.19.so
7f8ec84a0000-7f8ec84a2000 rw-p 001bf000 08:05 5510173                    /lib/x86_64-linux-gnu/libc-2.19.so
7f8ec84a2000-7f8ec84a7000 rw-p 00000000 00:00 0 
7f8ec84a7000-7f8ec84b4000 r-xp 00000000 08:05 5111948                    /usr/lib/jvm/java-7-openjdk-amd64/jre/lib/amd64/jli/libjli.so
7f8ec84b4000-7f8ec86b3000 ---p 0000d000 08:05 5111948                    /usr/lib/jvm/java-7-openjdk-amd64/jre/lib/amd64/jli/libjli.so
7f8ec86b3000-7f8ec86b4000 r--p 0000c000 08:05 5111948                    /usr/lib/jvm/java-7-openjdk-amd64/jre/lib/amd64/jli/libjli.so
7f8ec86b4000-7f8ec86b5000 rw-p 0000d000 08:05 5111948                    /usr/lib/jvm/java-7-openjdk-amd64/jre/lib/amd64/jli/libjli.so
7f8ec86b5000-7f8ec86d8000 r-xp 00000000 08:05 5510174                    /lib/x86_64-linux-gnu/ld-2.19.so
7f8ec86f1000-7f8ec86f4000 r--s 0003c000 08:05 5111965                    /usr/lib/jvm/java-7-openjdk-amd64/jre/lib/ext/sunpkcs11.jar
7f8ec86f4000-7f8ec86f7000 r--s 0000f000 08:05 5111961                    /usr/lib/jvm/java-7-openjdk-amd64/jre/lib/ext/pulse-java.jar
7f8ec86f7000-7f8ec8701000 rw-p 00000000 00:00 0 
7f8ec8701000-7f8ec87b7000 rw-p 00000000 00:00 0 
7f8ec87b7000-7f8ec87ba000 ---p 00000000 00:00 0 
7f8ec87ba000-7f8ec88bd000 rw-p 00000000 00:00 0                          [stack:3915]
7f8ec88be000-7f8ec88bf000 rw-p 00000000 00:00 0 
7f8ec88bf000-7f8ec88c1000 r--s 00006000 08:05 5117819                    /usr/share/java/java-atk-wrapper.jar
7f8ec88c1000-7f8ec88c4000 r--s 00032000 08:05 5111963                    /usr/lib/jvm/java-7-openjdk-amd64/jre/lib/ext/sunjce_provider.jar
7f8ec88c4000-7f8ec88c6000 r--s 00012000 08:05 5111962                    /usr/lib/jvm/java-7-openjdk-amd64/jre/lib/ext/zipfs.jar
7f8ec88c6000-7f8ec88ca000 r--s 00085000 08:05 5111960                    /usr/lib/jvm/java-7-openjdk-amd64/jre/lib/ext/localedata.jar
7f8ec88ca000-7f8ec88cb000 r--s 00002000 08:05 5111964                    /usr/lib/jvm/java-7-openjdk-amd64/jre/lib/ext/dnsns.jar
7f8ec88cb000-7f8ec88d3000 rw-s 00000000 08:05 3407958                    /tmp/hsperfdata_pritika/3912
7f8ec88d3000-7f8ec88d4000 rw-p 00000000 00:00 0 
7f8ec88d4000-7f8ec88d5000 ---p 00000000 00:00 0 
7f8ec88d5000-7f8ec88d7000 rw-p 00000000 00:00 0 
7f8ec88d7000-7f8ec88d8000 r--p 00022000 08:05 5510174                    /lib/x86_64-linux-gnu/ld-2.19.so
7f8ec88d8000-7f8ec88d9000 rw-p 00023000 08:05 5510174                    /lib/x86_64-linux-gnu/ld-2.19.so
7f8ec88d9000-7f8ec88da000 rw-p 00000000 00:00 0 
7fff67d6a000-7fff67d8b000 rw-p 00000000 00:00 0                          [stack]
7fff67dd5000-7fff67dd7000 r-xp 00000000 00:00 0                          [vdso]
ffffffffff600000-ffffffffff601000 r-xp 00000000 00:00 0                  [vsyscall]

VM Arguments:
jvm_args: -Dfile.encoding=UTF-8 
java_command: edu.buffalo.cse.irf14.Runner
Launcher Type: SUN_STANDARD

Environment Variables:
PATH=/usr/local/sbin:/usr/local/bin:/usr/sbin:/usr/bin:/sbin:/bin:/usr/games:/usr/local/games
SHELL=/bin/bash
DISPLAY=:0.0

Signal Handlers:
SIGSEGV: [libjvm.so+0x949110], sa_mask[0]=0x7ffbfeff, sa_flags=0x10000004
SIGBUS: [libjvm.so+0x949110], sa_mask[0]=0x7ffbfeff, sa_flags=0x10000004
SIGFPE: [libjvm.so+0x7c2e80], sa_mask[0]=0x7ffbfeff, sa_flags=0x10000004
SIGPIPE: [libjvm.so+0x7c2e80], sa_mask[0]=0x7ffbfeff, sa_flags=0x10000004
SIGXFSZ: [libjvm.so+0x7c2e80], sa_mask[0]=0x7ffbfeff, sa_flags=0x10000004
SIGILL: [libjvm.so+0x7c2e80], sa_mask[0]=0x7ffbfeff, sa_flags=0x10000004
SIGUSR1: SIG_DFL, sa_mask[0]=0x00000000, sa_flags=0x00000000
SIGUSR2: [libjvm.so+0x7c2d20], sa_mask[0]=0x00000004, sa_flags=0x10000004
SIGHUP: [libjvm.so+0x7c2f00], sa_mask[0]=0x7ffbfeff, sa_flags=0x10000004
SIGINT: [libjvm.so+0x7c2f00], sa_mask[0]=0x7ffbfeff, sa_flags=0x10000004
SIGTERM: [libjvm.so+0x7c2f00], sa_mask[0]=0x7ffbfeff, sa_flags=0x10000004
SIGQUIT: [libjvm.so+0x7c2f00], sa_mask[0]=0x7ffbfeff, sa_flags=0x10000004
SIGTRAP: SIG_DFL, sa_mask[0]=0x00000000, sa_flags=0x00000000


---------------  S Y S T E M  ---------------

OS:Ubuntu 14.04 (trusty)
uname:Linux 3.13.0-35-generic #62-Ubuntu SMP Fri Aug 15 01:58:42 UTC 2014 x86_64
libc:glibc 2.19 NPTL 2.19 
rlimit: STACK 8192k, CORE 0k, NPROC 62612, NOFILE 4096, AS infinity
load average:20.58 15.34 13.08

/proc/meminfo:
MemTotal:        8105184 kB
MemFree:         1154276 kB
Buffers:            1516 kB
Cached:           391712 kB
SwapCached:            0 kB
Active:          6367720 kB
Inactive:         387456 kB
Active(anon):    6363944 kB
Inactive(anon):   350684 kB
Active(file):       3776 kB
Inactive(file):    36772 kB
Unevictable:          32 kB
Mlocked:              32 kB
SwapTotal:             0 kB
SwapFree:              0 kB
Dirty:               332 kB
Writeback:             0 kB
AnonPages:       6362108 kB
Mapped:            69956 kB
Shmem:            352564 kB
Slab:              52244 kB
SReclaimable:      21440 kB
SUnreclaim:        30804 kB
KernelStack:        5408 kB
PageTables:        44220 kB
NFS_Unstable:          0 kB
Bounce:                0 kB
WritebackTmp:          0 kB
CommitLimit:     4052592 kB
Committed_AS:   10854900 kB
VmallocTotal:   34359738367 kB
VmallocUsed:      555976 kB
VmallocChunk:   34359168600 kB
HardwareCorrupted:     0 kB
AnonHugePages:   4280320 kB
HugePages_Total:       0
HugePages_Free:        0
HugePages_Rsvd:        0
HugePages_Surp:        0
Hugepagesize:       2048 kB
DirectMap4k:       60032 kB
DirectMap2M:     3014656 kB
DirectMap1G:     5242880 kB


CPU:total 4 (2 cores per cpu, 2 threads per core) family 6 model 69 stepping 1, cmov, cx8, fxsr, mmx, sse, sse2, sse3, ssse3, sse4.1, sse4.2, popcnt, avx, avx2, aes, erms, ht, tsc, tscinvbit

/proc/cpuinfo:
processor	: 0
vendor_id	: GenuineIntel
cpu family	: 6
model		: 69
model name	: Intel(R) Core(TM) i5-4210U CPU @ 1.70GHz
stepping	: 1
microcode	: 0x17
cpu MHz		: 1600.000
cache size	: 3072 KB
physical id	: 0
siblings	: 4
core id		: 0
cpu cores	: 2
apicid		: 0
initial apicid	: 0
fpu		: yes
fpu_exception	: yes
cpuid level	: 13
wp		: yes
flags		: fpu vme de pse tsc msr pae mce cx8 apic sep mtrr pge mca cmov pat pse36 clflush dts acpi mmx fxsr sse sse2 ss ht tm pbe syscall nx pdpe1gb rdtscp lm constant_tsc arch_perfmon pebs bts rep_good nopl xtopology nonstop_tsc aperfmperf eagerfpu pni pclmulqdq dtes64 monitor ds_cpl vmx est tm2 ssse3 fma cx16 xtpr pdcm pcid sse4_1 sse4_2 movbe popcnt tsc_deadline_timer aes xsave avx f16c rdrand lahf_lm abm ida arat epb xsaveopt pln pts dtherm tpr_shadow vnmi flexpriority ept vpid fsgsbase tsc_adjust bmi1 avx2 smep bmi2 erms invpcid
bogomips	: 4788.98
clflush size	: 64
cache_alignment	: 64
address sizes	: 39 bits physical, 48 bits virtual
power management:

processor	: 1
vendor_id	: GenuineIntel
cpu family	: 6
model		: 69
model name	: Intel(R) Core(TM) i5-4210U CPU @ 1.70GHz
stepping	: 1
microcode	: 0x17
cpu MHz		: 1600.000
cache size	: 3072 KB
physical id	: 0
siblings	: 4
core id		: 0
cpu cores	: 2
apicid		: 1
initial apicid	: 1
fpu		: yes
fpu_exception	: yes
cpuid level	: 13
wp		: yes
flags		: fpu vme de pse tsc msr pae mce cx8 apic sep mtrr pge mca cmov pat pse36 clflush dts acpi mmx fxsr sse sse2 ss ht tm pbe syscall nx pdpe1gb rdtscp lm constant_tsc arch_perfmon pebs bts rep_good nopl xtopology nonstop_tsc aperfmperf eagerfpu pni pclmulqdq dtes64 monitor ds_cpl vmx est tm2 ssse3 fma cx16 xtpr pdcm pcid sse4_1 sse4_2 movbe popcnt tsc_deadline_timer aes xsave avx f16c rdrand lahf_lm abm ida arat epb xsaveopt pln pts dtherm tpr_shadow vnmi flexpriority ept vpid fsgsbase tsc_adjust bmi1 avx2 smep bmi2 erms invpcid
bogomips	: 4788.98
clflush size	: 64
cache_alignment	: 64
address sizes	: 39 bits physical, 48 bits virtual
power management:

processor	: 2
vendor_id	: GenuineIntel
cpu family	: 6
model		: 69
model name	: Intel(R) Core(TM) i5-4210U CPU @ 1.70GHz
stepping	: 1
microcode	: 0x17
cpu MHz		: 1600.000
cache size	: 3072 KB
physical id	: 0
siblings	: 4
core id		: 1
cpu cores	: 2
apicid		: 2
initial apicid	: 2
fpu		: yes
fpu_exception	: yes
cpuid level	: 13
wp		: yes
flags		: fpu vme de pse tsc msr pae mce cx8 apic sep mtrr pge mca cmov pat pse36 clflush dts acpi mmx fxsr sse sse2 ss ht tm pbe syscall nx pdpe1gb rdtscp lm constant_tsc arch_perfmon pebs bts rep_good nopl xtopology nonstop_tsc aperfmperf eagerfpu pni pclmulqdq dtes64 monitor ds_cpl vmx est tm2 ssse3 fma cx16 xtpr pdcm pcid sse4_1 sse4_2 movbe popcnt tsc_deadline_timer aes xsave avx f16c rdrand lahf_lm abm ida arat epb xsaveopt pln pts dtherm tpr_shadow vnmi flexpriority ept vpid fsgsbase tsc_adjust bmi1 avx2 smep bmi2 erms invpcid
bogomips	: 4788.98
clflush size	: 64
cache_alignment	: 64
address sizes	: 39 bits physical, 48 bits virtual
power management:

processor	: 3
vendor_id	: GenuineIntel
cpu family	: 6
model		: 69
model name	: Intel(R) Core(TM) i5-4210U CPU @ 1.70GHz
stepping	: 1
microcode	: 0x17
cpu MHz		: 1600.000
cache size	: 3072 KB
physical id	: 0
siblings	: 4
core id		: 1
cpu cores	: 2
apicid		: 3
initial apicid	: 3
fpu		: yes
fpu_exception	: yes
cpuid level	: 13
wp		: yes
flags		: fpu vme de pse tsc msr pae mce cx8 apic sep mtrr pge mca cmov pat pse36 clflush dts acpi mmx fxsr sse sse2 ss ht tm pbe syscall nx pdpe1gb rdtscp lm constant_tsc arch_perfmon pebs bts rep_good nopl xtopology nonstop_tsc aperfmperf eagerfpu pni pclmulqdq dtes64 monitor ds_cpl vmx est tm2 ssse3 fma cx16 xtpr pdcm pcid sse4_1 sse4_2 movbe popcnt tsc_deadline_timer aes xsave avx f16c rdrand lahf_lm abm ida arat epb xsaveopt pln pts dtherm tpr_shadow vnmi flexpriority ept vpid fsgsbase tsc_adjust bmi1 avx2 smep bmi2 erms invpcid
bogomips	: 4788.98
clflush size	: 64
cache_alignment	: 64
address sizes	: 39 bits physical, 48 bits virtual
power management:



Memory: 4k page, physical 8105184k(1154276k free), swap 0k(0k free)

vm_info: OpenJDK 64-Bit Server VM (24.65-b04) for linux-amd64 JRE (1.7.0_65-b32), built on Aug 23 2014 13:33:31 by "buildd" with gcc 4.8.2

time: Sat Sep 27 09:25:42 2014
elapsed time: 2800 seconds

