#
# There is insufficient memory for the Java Runtime Environment to continue.
# Native memory allocation (malloc) failed to allocate 57671680 bytes for committing reserved memory.
# Possible reasons:
#   The system is out of physical RAM or swap space
#   In 32 bit mode, the process size limit was hit
# Possible solutions:
#   Reduce memory load on the system
#   Increase physical memory or swap space
#   Check if swap backing store is full
#   Use 64 bit Java on a 64 bit OS
#   Decrease Java heap size (-Xmx/-Xms)
#   Decrease number of Java threads
#   Decrease Java thread stack sizes (-Xss)
#   Set larger code cache with -XX:ReservedCodeCacheSize=
# This output file may be truncated or incomplete.
#
#  Out of Memory Error (os_linux.cpp:2798), pid=2961, tid=140184841594624
#
# JRE version: OpenJDK Runtime Environment (7.0_65-b32) (build 1.7.0_65-b32)
# Java VM: OpenJDK 64-Bit Server VM (24.65-b04 mixed mode linux-amd64 compressed oops)
# Failed to write core dump. Core dumps have been disabled. To enable core dumping, try "ulimit -c unlimited" before starting Java again
#

---------------  T H R E A D  ---------------

Current thread (0x00007f7f5c075800):  VMThread [stack: 0x00007f7f539fa000,0x00007f7f53afb000] [id=2971]

Stack: [0x00007f7f539fa000,0x00007f7f53afb000],  sp=0x00007f7f53af9490,  free space=1021k
Native frames: (J=compiled Java code, j=interpreted, Vv=VM code, C=native code)
V  [libjvm.so+0x948635]  VMError::report_and_die()+0x175
V  [libjvm.so+0x48b904]  report_vm_out_of_memory(char const*, int, unsigned long, char const*)+0x74
V  [libjvm.so+0x7c766b]  os::pd_commit_memory(char*, unsigned long, unsigned long, bool)+0xeb
V  [libjvm.so+0x7c212f]  os::commit_memory(char*, unsigned long, unsigned long, bool)+0x1f
V  [libjvm.so+0x8338bb]  PSVirtualSpace::expand_by(unsigned long)+0x5b
V  [libjvm.so+0x834710]  PSYoungGen::resize_generation(unsigned long, unsigned long)+0xb0
V  [libjvm.so+0x834dfb]  PSYoungGen::resize(unsigned long, unsigned long)+0x1b
V  [libjvm.so+0x8310e0]  PSScavenge::invoke_no_policy()+0xde0
V  [libjvm.so+0x8318b8]  PSScavenge::invoke()+0x38
V  [libjvm.so+0x7e8293]  ParallelScavengeHeap::failed_mem_allocate(unsigned long)+0x63
V  [libjvm.so+0x94a034]  VM_ParallelGCFailedAllocation::doit()+0x84
V  [libjvm.so+0x94e527]  VM_Operation::evaluate()+0x47
V  [libjvm.so+0x94ce98]  VMThread::evaluate_operation(VM_Operation*)+0x318
V  [libjvm.so+0x94d2f9]  VMThread::loop()+0x219
V  [libjvm.so+0x94d742]  VMThread::run()+0x72
V  [libjvm.so+0x7c4532]  java_start(Thread*)+0xf2

VM_Operation (0x00007f7f641f46d0): ParallelGCFailedAllocation, mode: safepoint, requested by thread 0x00007f7f5c00a000


---------------  P R O C E S S  ---------------

Java Threads: ( => current thread )
  0x00007f7f5c0a6800 JavaThread "Service Thread" daemon [_thread_blocked, id=2977, stack(0x00007f7f52d12000,0x00007f7f52e13000)]
  0x00007f7f5c0a4000 JavaThread "C2 CompilerThread1" daemon [_thread_blocked, id=2976, stack(0x00007f7f52e13000,0x00007f7f52f14000)]
  0x00007f7f5c0a1000 JavaThread "C2 CompilerThread0" daemon [_thread_blocked, id=2975, stack(0x00007f7f52f14000,0x00007f7f53015000)]
  0x00007f7f5c09f000 JavaThread "Signal Dispatcher" daemon [_thread_blocked, id=2974, stack(0x00007f7f53015000,0x00007f7f53116000)]
  0x00007f7f5c07c000 JavaThread "Finalizer" daemon [_thread_blocked, id=2973, stack(0x00007f7f537f8000,0x00007f7f538f9000)]
  0x00007f7f5c07a000 JavaThread "Reference Handler" daemon [_thread_blocked, id=2972, stack(0x00007f7f538f9000,0x00007f7f539fa000)]
  0x00007f7f5c00a000 JavaThread "main" [_thread_blocked, id=2963, stack(0x00007f7f640f5000,0x00007f7f641f6000)]

Other Threads:
=>0x00007f7f5c075800 VMThread [stack: 0x00007f7f539fa000,0x00007f7f53afb000] [id=2971]
  0x00007f7f5c0b1000 WatcherThread [stack: 0x00007f7f52c11000,0x00007f7f52d12000] [id=2978]

VM state:at safepoint (normal execution)

VM Mutex/Monitor currently owned by a thread:  ([mutex/lock_event])
[0x00007f7f5c0064c0] Threads_lock - owner thread: 0x00007f7f5c075800
[0x00007f7f5c0069c0] Heap_lock - owner thread: 0x00007f7f5c00a000

Heap
 PSYoungGen      total 378880K, used 1856K [0x00000007d6c00000, 0x00000007ef380000, 0x0000000800000000)
  eden space 375808K, 0% used [0x00000007d6c00000,0x00000007d6c00000,0x00000007edb00000)
  from space 3072K, 60% used [0x00000007eed80000,0x00000007eef50100,0x00000007ef080000)
  to   space 2048K, 0% used [0x00000007ef180000,0x00000007ef180000,0x00000007ef380000)
 ParOldGen       total 49664K, used 27326K [0x0000000784400000, 0x0000000787480000, 0x00000007d6c00000)
  object space 49664K, 55% used [0x0000000784400000,0x0000000785eafa08,0x0000000787480000)
 PSPermGen       total 21504K, used 3511K [0x0000000779e00000, 0x000000077b300000, 0x0000000784400000)
  object space 21504K, 16% used [0x0000000779e00000,0x000000077a16dea8,0x000000077b300000)

Card table byte_map: [0x00007f7f60905000,0x00007f7f60d37000] byte_map_base: 0x00007f7f5cd36000

Polling page: 0x00007f7f64212000

Code Cache  [0x00007f7f59000000, 0x00007f7f59270000, 0x00007f7f5c000000)
 total_blobs=231 nmethods=39 adapters=146 free_code_cache=48703Kb largest_free_block=49838080

Compilation events (10 events):
Event: 1.207 Thread 0x00007f7f5c0a1000 nmethod 35 0x00007f7f5906e310 code [0x00007f7f5906e4e0, 0x00007f7f5906edb0]
Event: 1.207 Thread 0x00007f7f5c0a1000   36             java.util.Scanner::saveState (9 bytes)
Event: 1.208 Thread 0x00007f7f5c0a1000 nmethod 36 0x00007f7f5906e0d0 code [0x00007f7f5906e200, 0x00007f7f5906e258]
Event: 1.208 Thread 0x00007f7f5c0a1000   37             java.util.Scanner::revertState (20 bytes)
Event: 1.209 Thread 0x00007f7f5c0a1000 nmethod 37 0x00007f7f59069f90 code [0x00007f7f5906a0c0, 0x00007f7f5906a138]
Event: 1.209 Thread 0x00007f7f5c0a1000   38             java.util.ArrayList::contains (14 bytes)
Event: 1.226 Thread 0x00007f7f5c0a4000 nmethod 34 0x00007f7f5906b410 code [0x00007f7f5906b600, 0x00007f7f5906c000]
Event: 1.229 Thread 0x00007f7f5c0a1000 nmethod 38 0x00007f7f59071850 code [0x00007f7f590719a0, 0x00007f7f59071b98]
Event: 1.305 Thread 0x00007f7f5c0a4000   39 %           edu.buffalo.cse.irf14.document.Parser::contentParse @ 324 (560 bytes)
Event: 1.494 Thread 0x00007f7f5c0a4000 nmethod 39% 0x00007f7f59075f10 code [0x00007f7f59076220, 0x00007f7f59077468]

GC Heap History (10 events):
Event: 4030.092 GC heap after
Heap after GC invocations=8722 (full 40):
 PSYoungGen      total 284672K, used 32K [0x00000007d6c00000, 0x00000007ef680000, 0x0000000800000000)
  eden space 284160K, 0% used [0x00000007d6c00000,0x00000007d6c00000,0x00000007e8180000)
  from space 512K, 6% used [0x00000007ef600000,0x00000007ef608000,0x00000007ef680000)
  to   space 3072K, 0% used [0x00000007ef080000,0x00000007ef080000,0x00000007ef380000)
 ParOldGen       total 49664K, used 27326K [0x0000000784400000, 0x0000000787480000, 0x00000007d6c00000)
  object space 49664K, 55% used [0x0000000784400000,0x0000000785eafa08,0x0000000787480000)
 PSPermGen       total 21504K, used 3511K [0x0000000779e00000, 0x000000077b300000, 0x0000000784400000)
  object space 21504K, 16% used [0x0000000779e00000,0x000000077a16dea8,0x000000077b300000)
}
Event: 4031.059 GC heap before
{Heap before GC invocations=8723 (full 40):
 PSYoungGen      total 284672K, used 283110K [0x00000007d6c00000, 0x00000007ef680000, 0x0000000800000000)
  eden space 284160K, 99% used [0x00000007d6c00000,0x00000007e8071bd0,0x00000007e8180000)
  from space 512K, 6% used [0x00000007ef600000,0x00000007ef608000,0x00000007ef680000)
  to   space 3072K, 0% used [0x00000007ef080000,0x00000007ef080000,0x00000007ef380000)
 ParOldGen       total 49664K, used 27326K [0x0000000784400000, 0x0000000787480000, 0x00000007d6c00000)
  object space 49664K, 55% used [0x0000000784400000,0x0000000785eafa08,0x0000000787480000)
 PSPermGen       total 21504K, used 3511K [0x0000000779e00000, 0x000000077b300000, 0x0000000784400000)
  object space 21504K, 16% used [0x0000000779e00000,0x000000077a16dea8,0x000000077b300000)
Event: 4031.063 GC heap after
Heap after GC invocations=8723 (full 40):
 PSYoungGen      total 274944K, used 1823K [0x00000007d6c00000, 0x00000007ef680000, 0x0000000800000000)
  eden space 271872K, 0% used [0x00000007d6c00000,0x00000007d6c00000,0x00000007e7580000)
  from space 3072K, 59% used [0x00000007ef080000,0x00000007ef247e78,0x00000007ef380000)
  to   space 3072K, 0% used [0x00000007ef380000,0x00000007ef380000,0x00000007ef680000)
 ParOldGen       total 49664K, used 27326K [0x0000000784400000, 0x0000000787480000, 0x00000007d6c00000)
  object space 49664K, 55% used [0x0000000784400000,0x0000000785eafa08,0x0000000787480000)
 PSPermGen       total 21504K, used 3511K [0x0000000779e00000, 0x000000077b300000, 0x0000000784400000)
  object space 21504K, 16% used [0x0000000779e00000,0x000000077a16dea8,0x000000077b300000)
}
Event: 4031.947 GC heap before
{Heap before GC invocations=8724 (full 40):
 PSYoungGen      total 274944K, used 272382K [0x00000007d6c00000, 0x00000007ef680000, 0x0000000800000000)
  eden space 271872K, 99% used [0x00000007d6c00000,0x00000007e7437c30,0x00000007e7580000)
  from space 3072K, 59% used [0x00000007ef080000,0x00000007ef247e78,0x00000007ef380000)
  to   space 3072K, 0% used [0x00000007ef380000,0x00000007ef380000,0x00000007ef680000)
 ParOldGen       total 49664K, used 27326K [0x0000000784400000, 0x0000000787480000, 0x00000007d6c00000)
  object space 49664K, 55% used [0x0000000784400000,0x0000000785eafa08,0x0000000787480000)
 PSPermGen       total 21504K, used 3511K [0x0000000779e00000, 0x000000077b300000, 0x0000000784400000)
  object space 21504K, 16% used [0x0000000779e00000,0x000000077a16dea8,0x000000077b300000)
Event: 4031.952 GC heap after
Heap after GC invocations=8724 (full 40):
 PSYoungGen      total 262656K, used 1823K [0x00000007d6c00000, 0x00000007ef580000, 0x0000000800000000)
  eden space 260608K, 0% used [0x00000007d6c00000,0x00000007d6c00000,0x00000007e6a80000)
  from space 2048K, 89% used [0x00000007ef380000,0x00000007ef547ef0,0x00000007ef580000)
  to   space 3072K, 0% used [0x00000007eef80000,0x00000007eef80000,0x00000007ef280000)
 ParOldGen       total 49664K, used 27326K [0x0000000784400000, 0x0000000787480000, 0x00000007d6c00000)
  object space 49664K, 55% used [0x0000000784400000,0x0000000785eafa08,0x0000000787480000)
 PSPermGen       total 21504K, used 3511K [0x0000000779e00000, 0x000000077b300000, 0x0000000784400000)
  object space 21504K, 16% used [0x0000000779e00000,0x000000077a16dea8,0x000000077b300000)
}
Event: 4033.779 GC heap before
{Heap before GC invocations=8725 (full 40):
 PSYoungGen      total 262656K, used 261653K [0x00000007d6c00000, 0x00000007ef580000, 0x0000000800000000)
  eden space 260608K, 99% used [0x00000007d6c00000,0x00000007e69bd7a8,0x00000007e6a80000)
  from space 2048K, 89% used [0x00000007ef380000,0x00000007ef547ef0,0x00000007ef580000)
  to   space 3072K, 0% used [0x00000007eef80000,0x00000007eef80000,0x00000007ef280000)
 ParOldGen       total 49664K, used 27326K [0x0000000784400000, 0x0000000787480000, 0x00000007d6c00000)
  object space 49664K, 55% used [0x0000000784400000,0x0000000785eafa08,0x0000000787480000)
 PSPermGen       total 21504K, used 3511K [0x0000000779e00000, 0x000000077b300000, 0x0000000784400000)
  object space 21504K, 16% used [0x0000000779e00000,0x000000077a16dea8,0x000000077b300000)
Event: 4035.722 GC heap after
Heap after GC invocations=8725 (full 40):
 PSYoungGen      total 314880K, used 1855K [0x00000007d6c00000, 0x00000007ef400000, 0x0000000800000000)
  eden space 312832K, 0% used [0x00000007d6c00000,0x00000007d6c00000,0x00000007e9d80000)
  from space 2048K, 90% used [0x00000007eef80000,0x00000007ef14ffa0,0x00000007ef180000)
  to   space 2560K, 0% used [0x00000007ef180000,0x00000007ef180000,0x00000007ef400000)
 ParOldGen       total 49664K, used 27326K [0x0000000784400000, 0x0000000787480000, 0x00000007d6c00000)
  object space 49664K, 55% used [0x0000000784400000,0x0000000785eafa08,0x0000000787480000)
 PSPermGen       total 21504K, used 3511K [0x0000000779e00000, 0x000000077b300000, 0x0000000784400000)
  object space 21504K, 16% used [0x0000000779e00000,0x000000077a16dea8,0x000000077b300000)
}
Event: 4039.148 GC heap before
{Heap before GC invocations=8726 (full 40):
 PSYoungGen      total 314880K, used 313679K [0x00000007d6c00000, 0x00000007ef400000, 0x0000000800000000)
  eden space 312832K, 99% used [0x00000007d6c00000,0x00000007e9c83f60,0x00000007e9d80000)
  from space 2048K, 90% used [0x00000007eef80000,0x00000007ef14ffa0,0x00000007ef180000)
  to   space 2560K, 0% used [0x00000007ef180000,0x00000007ef180000,0x00000007ef400000)
 ParOldGen       total 49664K, used 27326K [0x0000000784400000, 0x0000000787480000, 0x00000007d6c00000)
  object space 49664K, 55% used [0x0000000784400000,0x0000000785eafa08,0x0000000787480000)
 PSPermGen       total 21504K, used 3511K [0x0000000779e00000, 0x000000077b300000, 0x0000000784400000)
  object space 21504K, 16% used [0x0000000779e00000,0x000000077a16dea8,0x000000077b300000)
Event: 4044.086 GC heap after
Heap after GC invocations=8726 (full 40):
 PSYoungGen      total 377856K, used 1856K [0x00000007d6c00000, 0x00000007ef380000, 0x0000000800000000)
  eden space 375808K, 0% used [0x00000007d6c00000,0x00000007d6c00000,0x00000007edb00000)
  from space 2048K, 90% used [0x00000007ef180000,0x00000007ef350050,0x00000007ef380000)
  to   space 3072K, 0% used [0x00000007eed80000,0x00000007eed80000,0x00000007ef080000)
 ParOldGen       total 49664K, used 27326K [0x0000000784400000, 0x0000000787480000, 0x00000007d6c00000)
  object space 49664K, 55% used [0x0000000784400000,0x0000000785eafa08,0x0000000787480000)
 PSPermGen       total 21504K, used 3511K [0x0000000779e00000, 0x000000077b300000, 0x0000000784400000)
  object space 21504K, 16% used [0x0000000779e00000,0x000000077a16dea8,0x000000077b300000)
}
Event: 4046.974 GC heap before
{Heap before GC invocations=8727 (full 40):
 PSYoungGen      total 377856K, used 376440K [0x00000007d6c00000, 0x00000007ef380000, 0x0000000800000000)
  eden space 375808K, 99% used [0x00000007d6c00000,0x00000007ed9ce040,0x00000007edb00000)
  from space 2048K, 90% used [0x00000007ef180000,0x00000007ef350050,0x00000007ef380000)
  to   space 3072K, 0% used [0x00000007eed80000,0x00000007eed80000,0x00000007ef080000)
 ParOldGen       total 49664K, used 27326K [0x0000000784400000, 0x0000000787480000, 0x00000007d6c00000)
  object space 49664K, 55% used [0x0000000784400000,0x0000000785eafa08,0x0000000787480000)
 PSPermGen       total 21504K, used 3511K [0x0000000779e00000, 0x000000077b300000, 0x0000000784400000)
  object space 21504K, 16% used [0x0000000779e00000,0x000000077a16dea8,0x000000077b300000)

Deoptimization events (0 events):
No events

Internal exceptions (10 events):
Event: 0.339 Thread 0x00007f7f5c00a000 Threw 0x00000007d6c57790 at /build/buildd/openjdk-7-7u65-2.5.1/build/openjdk/hotspot/src/share/vm/prims/jvm.cpp:1247
Event: 0.341 Thread 0x00007f7f5c00a000 Threw 0x00000007d6c5c7d0 at /build/buildd/openjdk-7-7u65-2.5.1/build/openjdk/hotspot/src/share/vm/prims/jvm.cpp:1247
Event: 0.352 Thread 0x00007f7f5c00a000 Threw 0x00000007d6c60188 at /build/buildd/openjdk-7-7u65-2.5.1/build/openjdk/hotspot/src/share/vm/prims/jvm.cpp:1247
Event: 0.354 Thread 0x00007f7f5c00a000 Threw 0x00000007d6c62b40 at /build/buildd/openjdk-7-7u65-2.5.1/build/openjdk/hotspot/src/share/vm/prims/jvm.cpp:1247
Event: 0.412 Thread 0x00007f7f5c00a000 Threw 0x00000007d6ca9f30 at /build/buildd/openjdk-7-7u65-2.5.1/build/openjdk/hotspot/src/share/vm/prims/jvm.cpp:1247
Event: 0.412 Thread 0x00007f7f5c00a000 Threw 0x00000007d6caa058 at /build/buildd/openjdk-7-7u65-2.5.1/build/openjdk/hotspot/src/share/vm/prims/jvm.cpp:1247
Event: 0.413 Thread 0x00007f7f5c00a000 Threw 0x00000007d6cac608 at /build/buildd/openjdk-7-7u65-2.5.1/build/openjdk/hotspot/src/share/vm/prims/jvm.cpp:1247
Event: 0.413 Thread 0x00007f7f5c00a000 Threw 0x00000007d6cac730 at /build/buildd/openjdk-7-7u65-2.5.1/build/openjdk/hotspot/src/share/vm/prims/jvm.cpp:1247
Event: 0.414 Thread 0x00007f7f5c00a000 Threw 0x00000007d6cad030 at /build/buildd/openjdk-7-7u65-2.5.1/build/openjdk/hotspot/src/share/vm/prims/jvm.cpp:1247
Event: 0.414 Thread 0x00007f7f5c00a000 Threw 0x00000007d6cad158 at /build/buildd/openjdk-7-7u65-2.5.1/build/openjdk/hotspot/src/share/vm/prims/jvm.cpp:1247

Events (10 events):
Event: 4030.092 Executing VM operation: ParallelGCFailedAllocation done
Event: 4031.059 Executing VM operation: ParallelGCFailedAllocation
Event: 4031.063 Executing VM operation: ParallelGCFailedAllocation done
Event: 4031.946 Executing VM operation: ParallelGCFailedAllocation
Event: 4031.952 Executing VM operation: ParallelGCFailedAllocation done
Event: 4032.770 Executing VM operation: ParallelGCFailedAllocation
Event: 4036.746 Executing VM operation: ParallelGCFailedAllocation done
Event: 4037.972 Executing VM operation: ParallelGCFailedAllocation
Event: 4046.598 Executing VM operation: ParallelGCFailedAllocation done
Event: 4046.809 Executing VM operation: ParallelGCFailedAllocation


Dynamic libraries:
00400000-00401000 r-xp 00000000 08:05 5115745                            /usr/lib/jvm/java-7-openjdk-amd64/jre/bin/java
00600000-00601000 r--p 00000000 08:05 5115745                            /usr/lib/jvm/java-7-openjdk-amd64/jre/bin/java
00601000-00602000 rw-p 00001000 08:05 5115745                            /usr/lib/jvm/java-7-openjdk-amd64/jre/bin/java
01ff3000-02014000 rw-p 00000000 00:00 0                                  [heap]
779e00000-77b300000 rw-p 00000000 00:00 0 
77b300000-784400000 rw-p 00000000 00:00 0 
784400000-787480000 rw-p 00000000 00:00 0 
787480000-789680000 ---p 00000000 00:00 0 
789680000-7d6c00000 rw-p 00000000 00:00 0 
7d6c00000-7ef380000 rw-p 00000000 00:00 0 
7f2a80000-800000000 ---p 00000000 00:00 0 
7f7f18000000-7f7f18021000 rw-p 00000000 00:00 0 
7f7f18021000-7f7f1c000000 ---p 00000000 00:00 0 
7f7f20000000-7f7f201df000 rw-p 00000000 00:00 0 
7f7f201df000-7f7f24000000 ---p 00000000 00:00 0 
7f7f24000000-7f7f24021000 rw-p 00000000 00:00 0 
7f7f24021000-7f7f28000000 ---p 00000000 00:00 0 
7f7f28000000-7f7f28021000 rw-p 00000000 00:00 0 
7f7f28021000-7f7f2c000000 ---p 00000000 00:00 0 
7f7f2c000000-7f7f2c277000 rw-p 00000000 00:00 0 
7f7f2c277000-7f7f30000000 ---p 00000000 00:00 0 
7f7f30000000-7f7f30021000 rw-p 00000000 00:00 0 
7f7f30021000-7f7f34000000 ---p 00000000 00:00 0 
7f7f34000000-7f7f34021000 rw-p 00000000 00:00 0 
7f7f34021000-7f7f38000000 ---p 00000000 00:00 0 
7f7f38000000-7f7f38021000 rw-p 00000000 00:00 0 
7f7f38021000-7f7f3c000000 ---p 00000000 00:00 0 
7f7f3fcf0000-7f7f44000000 rw-p 00000000 00:00 0 
7f7f44000000-7f7f4402b000 rw-p 00000000 00:00 0 
7f7f4402b000-7f7f48000000 ---p 00000000 00:00 0 
7f7f48000000-7f7f48023000 rw-p 00000000 00:00 0 
7f7f48023000-7f7f4c000000 ---p 00000000 00:00 0 
7f7f4c000000-7f7f4c02c000 rw-p 00000000 00:00 0 
7f7f4c02c000-7f7f50000000 ---p 00000000 00:00 0 
7f7f529d7000-7f7f52c11000 rw-p 00000000 00:00 0 
7f7f52c11000-7f7f52c12000 ---p 00000000 00:00 0 
7f7f52c12000-7f7f52d12000 rw-p 00000000 00:00 0                          [stack:2978]
7f7f52d12000-7f7f52d15000 ---p 00000000 00:00 0 
7f7f52d15000-7f7f52e13000 rw-p 00000000 00:00 0                          [stack:2977]
7f7f52e13000-7f7f52e16000 ---p 00000000 00:00 0 
7f7f52e16000-7f7f52f14000 rw-p 00000000 00:00 0                          [stack:2976]
7f7f52f14000-7f7f52f17000 ---p 00000000 00:00 0 
7f7f52f17000-7f7f53015000 rw-p 00000000 00:00 0                          [stack:2975]
7f7f53015000-7f7f53018000 ---p 00000000 00:00 0 
7f7f53018000-7f7f53116000 rw-p 00000000 00:00 0                          [stack:2974]
7f7f53116000-7f7f537f8000 r--p 00000000 08:05 4725374                    /usr/lib/locale/locale-archive
7f7f537f8000-7f7f537fb000 ---p 00000000 00:00 0 
7f7f537fb000-7f7f538f9000 rw-p 00000000 00:00 0                          [stack:2973]
7f7f538f9000-7f7f538fc000 ---p 00000000 00:00 0 
7f7f538fc000-7f7f539fa000 rw-p 00000000 00:00 0                          [stack:2972]
7f7f539fa000-7f7f539fb000 ---p 00000000 00:00 0 
7f7f539fb000-7f7f54000000 rw-p 00000000 00:00 0                          [stack:2971]
7f7f54000000-7f7f5402e000 rw-p 00000000 00:00 0 
7f7f5402e000-7f7f58000000 ---p 00000000 00:00 0 
7f7f58014000-7f7f58a1e000 rw-p 00000000 00:00 0 
7f7f58a1e000-7f7f58bcf000 r--s 01d21000 08:05 5114452                    /usr/lib/jvm/java-7-openjdk-amd64/jre/lib/rt.jar
7f7f58bcf000-7f7f59000000 rw-p 00000000 00:00 0 
7f7f59000000-7f7f59270000 rwxp 00000000 00:00 0 
7f7f59270000-7f7f5c133000 rw-p 00000000 00:00 0 
7f7f5c133000-7f7f60000000 ---p 00000000 00:00 0 
7f7f60009000-7f7f6021a000 rw-p 00000000 00:00 0 
7f7f6021a000-7f7f6021b000 ---p 00000000 00:00 0 
7f7f6021b000-7f7f6031b000 rw-p 00000000 00:00 0                          [stack:2970]
7f7f6031b000-7f7f6031c000 ---p 00000000 00:00 0 
7f7f6031c000-7f7f6041c000 rw-p 00000000 00:00 0                          [stack:2969]
7f7f6041c000-7f7f6041d000 ---p 00000000 00:00 0 
7f7f6041d000-7f7f6051d000 rw-p 00000000 00:00 0                          [stack:2968]
7f7f6051d000-7f7f6051e000 ---p 00000000 00:00 0 
7f7f6051e000-7f7f60629000 rw-p 00000000 00:00 0                          [stack:2967]
7f7f60629000-7f7f60671000 rw-p 00000000 00:00 0 
7f7f60671000-7f7f6068a000 rw-p 00000000 00:00 0 
7f7f6068a000-7f7f6069b000 ---p 00000000 00:00 0 
7f7f6069b000-7f7f60905000 rw-p 00000000 00:00 0 
7f7f60905000-7f7f60910000 rw-p 00000000 00:00 0 
7f7f60910000-7f7f60958000 rw-p 00000000 00:00 0 
7f7f60958000-7f7f60971000 rw-p 00000000 00:00 0 
7f7f60971000-7f7f60982000 ---p 00000000 00:00 0 
7f7f60982000-7f7f60bec000 rw-p 00000000 00:00 0 
7f7f60bec000-7f7f60cb0000 rw-p 00000000 00:00 0 
7f7f60cb0000-7f7f60d36000 ---p 00000000 00:00 0 
7f7f60d36000-7f7f60d37000 rw-p 00000000 00:00 0 
7f7f60d37000-7f7f60d3f000 r-xp 00000000 08:05 5111914                    /usr/lib/jvm/java-7-openjdk-amd64/jre/lib/amd64/libzip.so
7f7f60d3f000-7f7f60f3e000 ---p 00008000 08:05 5111914                    /usr/lib/jvm/java-7-openjdk-amd64/jre/lib/amd64/libzip.so
7f7f60f3e000-7f7f60f3f000 r--p 00007000 08:05 5111914                    /usr/lib/jvm/java-7-openjdk-amd64/jre/lib/amd64/libzip.so
7f7f60f3f000-7f7f60f40000 rw-p 00008000 08:05 5111914                    /usr/lib/jvm/java-7-openjdk-amd64/jre/lib/amd64/libzip.so
7f7f60f40000-7f7f60f4b000 r-xp 00000000 08:05 5510180                    /lib/x86_64-linux-gnu/libnss_files-2.19.so
7f7f60f4b000-7f7f6114a000 ---p 0000b000 08:05 5510180                    /lib/x86_64-linux-gnu/libnss_files-2.19.so
7f7f6114a000-7f7f6114b000 r--p 0000a000 08:05 5510180                    /lib/x86_64-linux-gnu/libnss_files-2.19.so
7f7f6114b000-7f7f6114c000 rw-p 0000b000 08:05 5510180                    /lib/x86_64-linux-gnu/libnss_files-2.19.so
7f7f6114c000-7f7f61157000 r-xp 00000000 08:05 5510181                    /lib/x86_64-linux-gnu/libnss_nis-2.19.so
7f7f61157000-7f7f61356000 ---p 0000b000 08:05 5510181                    /lib/x86_64-linux-gnu/libnss_nis-2.19.so
7f7f61356000-7f7f61357000 r--p 0000a000 08:05 5510181                    /lib/x86_64-linux-gnu/libnss_nis-2.19.so
7f7f61357000-7f7f61358000 rw-p 0000b000 08:05 5510181                    /lib/x86_64-linux-gnu/libnss_nis-2.19.so
7f7f61358000-7f7f6136f000 r-xp 00000000 08:05 5510167                    /lib/x86_64-linux-gnu/libnsl-2.19.so
7f7f6136f000-7f7f6156e000 ---p 00017000 08:05 5510167                    /lib/x86_64-linux-gnu/libnsl-2.19.so
7f7f6156e000-7f7f6156f000 r--p 00016000 08:05 5510167                    /lib/x86_64-linux-gnu/libnsl-2.19.so
7f7f6156f000-7f7f61570000 rw-p 00017000 08:05 5510167                    /lib/x86_64-linux-gnu/libnsl-2.19.so
7f7f61570000-7f7f61572000 rw-p 00000000 00:00 0 
7f7f61572000-7f7f6157b000 r-xp 00000000 08:05 5510134                    /lib/x86_64-linux-gnu/libnss_compat-2.19.so
7f7f6157b000-7f7f6177a000 ---p 00009000 08:05 5510134                    /lib/x86_64-linux-gnu/libnss_compat-2.19.so
7f7f6177a000-7f7f6177b000 r--p 00008000 08:05 5510134                    /lib/x86_64-linux-gnu/libnss_compat-2.19.so
7f7f6177b000-7f7f6177c000 rw-p 00009000 08:05 5510134                    /lib/x86_64-linux-gnu/libnss_compat-2.19.so
7f7f6177c000-7f7f617a7000 r-xp 00000000 08:05 5111911                    /usr/lib/jvm/java-7-openjdk-amd64/jre/lib/amd64/libjava.so
7f7f617a7000-7f7f619a7000 ---p 0002b000 08:05 5111911                    /usr/lib/jvm/java-7-openjdk-amd64/jre/lib/amd64/libjava.so
7f7f619a7000-7f7f619a8000 r--p 0002b000 08:05 5111911                    /usr/lib/jvm/java-7-openjdk-amd64/jre/lib/amd64/libjava.so
7f7f619a8000-7f7f619aa000 rw-p 0002c000 08:05 5111911                    /usr/lib/jvm/java-7-openjdk-amd64/jre/lib/amd64/libjava.so
7f7f619aa000-7f7f619ba000 r-xp 00000000 08:05 5111928                    /usr/lib/jvm/java-7-openjdk-amd64/jre/lib/amd64/libverify.so
7f7f619ba000-7f7f61bb9000 ---p 00010000 08:05 5111928                    /usr/lib/jvm/java-7-openjdk-amd64/jre/lib/amd64/libverify.so
7f7f61bb9000-7f7f61bbb000 r--p 0000f000 08:05 5111928                    /usr/lib/jvm/java-7-openjdk-amd64/jre/lib/amd64/libverify.so
7f7f61bbb000-7f7f61bbc000 rw-p 00011000 08:05 5111928                    /usr/lib/jvm/java-7-openjdk-amd64/jre/lib/amd64/libverify.so
7f7f61bbc000-7f7f61bc3000 r-xp 00000000 08:05 5510169                    /lib/x86_64-linux-gnu/librt-2.19.so
7f7f61bc3000-7f7f61dc2000 ---p 00007000 08:05 5510169                    /lib/x86_64-linux-gnu/librt-2.19.so
7f7f61dc2000-7f7f61dc3000 r--p 00006000 08:05 5510169                    /lib/x86_64-linux-gnu/librt-2.19.so
7f7f61dc3000-7f7f61dc4000 rw-p 00007000 08:05 5510169                    /lib/x86_64-linux-gnu/librt-2.19.so
7f7f61dc4000-7f7f61dda000 r-xp 00000000 08:05 5509026                    /lib/x86_64-linux-gnu/libgcc_s.so.1
7f7f61dda000-7f7f61fd9000 ---p 00016000 08:05 5509026                    /lib/x86_64-linux-gnu/libgcc_s.so.1
7f7f61fd9000-7f7f61fda000 rw-p 00015000 08:05 5509026                    /lib/x86_64-linux-gnu/libgcc_s.so.1
7f7f61fda000-7f7f620df000 r-xp 00000000 08:05 5510176                    /lib/x86_64-linux-gnu/libm-2.19.so
7f7f620df000-7f7f622de000 ---p 00105000 08:05 5510176                    /lib/x86_64-linux-gnu/libm-2.19.so
7f7f622de000-7f7f622df000 r--p 00104000 08:05 5510176                    /lib/x86_64-linux-gnu/libm-2.19.so
7f7f622df000-7f7f622e0000 rw-p 00105000 08:05 5510176                    /lib/x86_64-linux-gnu/libm-2.19.so
7f7f622e0000-7f7f623c6000 r-xp 00000000 08:05 4727270                    /usr/lib/x86_64-linux-gnu/libstdc++.so.6.0.19
7f7f623c6000-7f7f625c5000 ---p 000e6000 08:05 4727270                    /usr/lib/x86_64-linux-gnu/libstdc++.so.6.0.19
7f7f625c5000-7f7f625cd000 r--p 000e5000 08:05 4727270                    /usr/lib/x86_64-linux-gnu/libstdc++.so.6.0.19
7f7f625cd000-7f7f625cf000 rw-p 000ed000 08:05 4727270                    /usr/lib/x86_64-linux-gnu/libstdc++.so.6.0.19
7f7f625cf000-7f7f625e4000 rw-p 00000000 00:00 0 
7f7f625e4000-7f7f630fa000 r-xp 00000000 08:05 5111942                    /usr/lib/jvm/java-7-openjdk-amd64/jre/lib/amd64/server/libjvm.so
7f7f630fa000-7f7f632f9000 ---p 00b16000 08:05 5111942                    /usr/lib/jvm/java-7-openjdk-amd64/jre/lib/amd64/server/libjvm.so
7f7f632f9000-7f7f63393000 r--p 00b15000 08:05 5111942                    /usr/lib/jvm/java-7-openjdk-amd64/jre/lib/amd64/server/libjvm.so
7f7f63393000-7f7f633b6000 rw-p 00baf000 08:05 5111942                    /usr/lib/jvm/java-7-openjdk-amd64/jre/lib/amd64/server/libjvm.so
7f7f633b6000-7f7f633e4000 rw-p 00000000 00:00 0 
7f7f633e4000-7f7f633fc000 r-xp 00000000 08:05 5509162                    /lib/x86_64-linux-gnu/libz.so.1.2.8
7f7f633fc000-7f7f635fb000 ---p 00018000 08:05 5509162                    /lib/x86_64-linux-gnu/libz.so.1.2.8
7f7f635fb000-7f7f635fc000 r--p 00017000 08:05 5509162                    /lib/x86_64-linux-gnu/libz.so.1.2.8
7f7f635fc000-7f7f635fd000 rw-p 00018000 08:05 5509162                    /lib/x86_64-linux-gnu/libz.so.1.2.8
7f7f635fd000-7f7f63616000 r-xp 00000000 08:05 5510186                    /lib/x86_64-linux-gnu/libpthread-2.19.so
7f7f63616000-7f7f63815000 ---p 00019000 08:05 5510186                    /lib/x86_64-linux-gnu/libpthread-2.19.so
7f7f63815000-7f7f63816000 r--p 00018000 08:05 5510186                    /lib/x86_64-linux-gnu/libpthread-2.19.so
7f7f63816000-7f7f63817000 rw-p 00019000 08:05 5510186                    /lib/x86_64-linux-gnu/libpthread-2.19.so
7f7f63817000-7f7f6381b000 rw-p 00000000 00:00 0 
7f7f6381b000-7f7f6381e000 r-xp 00000000 08:05 5510185                    /lib/x86_64-linux-gnu/libdl-2.19.so
7f7f6381e000-7f7f63a1d000 ---p 00003000 08:05 5510185                    /lib/x86_64-linux-gnu/libdl-2.19.so
7f7f63a1d000-7f7f63a1e000 r--p 00002000 08:05 5510185                    /lib/x86_64-linux-gnu/libdl-2.19.so
7f7f63a1e000-7f7f63a1f000 rw-p 00003000 08:05 5510185                    /lib/x86_64-linux-gnu/libdl-2.19.so
7f7f63a1f000-7f7f63bda000 r-xp 00000000 08:05 5510173                    /lib/x86_64-linux-gnu/libc-2.19.so
7f7f63bda000-7f7f63dda000 ---p 001bb000 08:05 5510173                    /lib/x86_64-linux-gnu/libc-2.19.so
7f7f63dda000-7f7f63dde000 r--p 001bb000 08:05 5510173                    /lib/x86_64-linux-gnu/libc-2.19.so
7f7f63dde000-7f7f63de0000 rw-p 001bf000 08:05 5510173                    /lib/x86_64-linux-gnu/libc-2.19.so
7f7f63de0000-7f7f63de5000 rw-p 00000000 00:00 0 
7f7f63de5000-7f7f63df2000 r-xp 00000000 08:05 5111948                    /usr/lib/jvm/java-7-openjdk-amd64/jre/lib/amd64/jli/libjli.so
7f7f63df2000-7f7f63ff1000 ---p 0000d000 08:05 5111948                    /usr/lib/jvm/java-7-openjdk-amd64/jre/lib/amd64/jli/libjli.so
7f7f63ff1000-7f7f63ff2000 r--p 0000c000 08:05 5111948                    /usr/lib/jvm/java-7-openjdk-amd64/jre/lib/amd64/jli/libjli.so
7f7f63ff2000-7f7f63ff3000 rw-p 0000d000 08:05 5111948                    /usr/lib/jvm/java-7-openjdk-amd64/jre/lib/amd64/jli/libjli.so
7f7f63ff3000-7f7f64016000 r-xp 00000000 08:05 5510174                    /lib/x86_64-linux-gnu/ld-2.19.so
7f7f6402f000-7f7f64032000 r--s 0003c000 08:05 5111965                    /usr/lib/jvm/java-7-openjdk-amd64/jre/lib/ext/sunpkcs11.jar
7f7f64032000-7f7f64035000 r--s 0000f000 08:05 5111961                    /usr/lib/jvm/java-7-openjdk-amd64/jre/lib/ext/pulse-java.jar
7f7f64035000-7f7f6403f000 rw-p 00000000 00:00 0 
7f7f6403f000-7f7f640f5000 rw-p 00000000 00:00 0 
7f7f640f5000-7f7f640f8000 ---p 00000000 00:00 0 
7f7f640f8000-7f7f641fb000 rw-p 00000000 00:00 0                          [stack:2963]
7f7f641fc000-7f7f641fd000 rw-p 00000000 00:00 0 
7f7f641fd000-7f7f641ff000 r--s 00006000 08:05 5117819                    /usr/share/java/java-atk-wrapper.jar
7f7f641ff000-7f7f64202000 r--s 00032000 08:05 5111963                    /usr/lib/jvm/java-7-openjdk-amd64/jre/lib/ext/sunjce_provider.jar
7f7f64202000-7f7f64204000 r--s 00012000 08:05 5111962                    /usr/lib/jvm/java-7-openjdk-amd64/jre/lib/ext/zipfs.jar
7f7f64204000-7f7f64208000 r--s 00085000 08:05 5111960                    /usr/lib/jvm/java-7-openjdk-amd64/jre/lib/ext/localedata.jar
7f7f64208000-7f7f64209000 r--s 00002000 08:05 5111964                    /usr/lib/jvm/java-7-openjdk-amd64/jre/lib/ext/dnsns.jar
7f7f64209000-7f7f64211000 rw-s 00000000 08:05 3407949                    /tmp/hsperfdata_pritika/2961
7f7f64211000-7f7f64212000 rw-p 00000000 00:00 0 
7f7f64212000-7f7f64213000 ---p 00000000 00:00 0 
7f7f64213000-7f7f64215000 rw-p 00000000 00:00 0 
7f7f64215000-7f7f64216000 r--p 00022000 08:05 5510174                    /lib/x86_64-linux-gnu/ld-2.19.so
7f7f64216000-7f7f64217000 rw-p 00023000 08:05 5510174                    /lib/x86_64-linux-gnu/ld-2.19.so
7f7f64217000-7f7f64218000 rw-p 00000000 00:00 0 
7fffdcf83000-7fffdcfa4000 rw-p 00000000 00:00 0                          [stack]
7fffdcffe000-7fffdd000000 r-xp 00000000 00:00 0                          [vdso]
ffffffffff600000-ffffffffff601000 r-xp 00000000 00:00 0                  [vsyscall]

VM Arguments:
jvm_args: -Dfile.encoding=UTF-8 
java_command: edu.buffalo.cse.irf14.Runner
Launcher Type: SUN_STANDARD

Environment Variables:
PATH=/usr/local/sbin:/usr/local/bin:/usr/sbin:/usr/bin:/sbin:/bin:/usr/games:/usr/local/games
SHELL=/bin/bash
DISPLAY=:0.0

Signal Handlers:
SIGSEGV: [libjvm.so+0x949110], sa_mask[0]=0x7ffbfeff, sa_flags=0x10000004
SIGBUS: [libjvm.so+0x949110], sa_mask[0]=0x7ffbfeff, sa_flags=0x10000004
SIGFPE: [libjvm.so+0x7c2e80], sa_mask[0]=0x7ffbfeff, sa_flags=0x10000004
SIGPIPE: [libjvm.so+0x7c2e80], sa_mask[0]=0x7ffbfeff, sa_flags=0x10000004
SIGXFSZ: [libjvm.so+0x7c2e80], sa_mask[0]=0x7ffbfeff, sa_flags=0x10000004
SIGILL: [libjvm.so+0x7c2e80], sa_mask[0]=0x7ffbfeff, sa_flags=0x10000004
SIGUSR1: SIG_DFL, sa_mask[0]=0x00000000, sa_flags=0x00000000
SIGUSR2: [libjvm.so+0x7c2d20], sa_mask[0]=0x00000004, sa_flags=0x10000004
SIGHUP: [libjvm.so+0x7c2f00], sa_mask[0]=0x7ffbfeff, sa_flags=0x10000004
SIGINT: [libjvm.so+0x7c2f00], sa_mask[0]=0x7ffbfeff, sa_flags=0x10000004
SIGTERM: [libjvm.so+0x7c2f00], sa_mask[0]=0x7ffbfeff, sa_flags=0x10000004
SIGQUIT: [libjvm.so+0x7c2f00], sa_mask[0]=0x7ffbfeff, sa_flags=0x10000004
SIGTRAP: SIG_DFL, sa_mask[0]=0x00000000, sa_flags=0x00000000


---------------  S Y S T E M  ---------------

OS:Ubuntu 14.04 (trusty)
uname:Linux 3.13.0-35-generic #62-Ubuntu SMP Fri Aug 15 01:58:42 UTC 2014 x86_64
libc:glibc 2.19 NPTL 2.19 
rlimit: STACK 8192k, CORE 0k, NPROC 62612, NOFILE 4096, AS infinity
load average:20.58 15.34 13.08

/proc/meminfo:
MemTotal:        8105184 kB
MemFree:         1154276 kB
Buffers:            1516 kB
Cached:           391712 kB
SwapCached:            0 kB
Active:          6367720 kB
Inactive:         387456 kB
Active(anon):    6363944 kB
Inactive(anon):   350684 kB
Active(file):       3776 kB
Inactive(file):    36772 kB
Unevictable:          32 kB
Mlocked:              32 kB
SwapTotal:             0 kB
SwapFree:              0 kB
Dirty:               332 kB
Writeback:             0 kB
AnonPages:       6362108 kB
Mapped:            69956 kB
Shmem:            352564 kB
Slab:              52244 kB
SReclaimable:      21440 kB
SUnreclaim:        30804 kB
KernelStack:        5408 kB
PageTables:        44220 kB
NFS_Unstable:          0 kB
Bounce:                0 kB
WritebackTmp:          0 kB
CommitLimit:     4052592 kB
Committed_AS:   10854900 kB
VmallocTotal:   34359738367 kB
VmallocUsed:      555976 kB
VmallocChunk:   34359168600 kB
HardwareCorrupted:     0 kB
AnonHugePages:   4280320 kB
HugePages_Total:       0
HugePages_Free:        0
HugePages_Rsvd:        0
HugePages_Surp:        0
Hugepagesize:       2048 kB
DirectMap4k:       60032 kB
DirectMap2M:     3014656 kB
DirectMap1G:     5242880 kB


CPU:total 4 (2 cores per cpu, 2 threads per core) family 6 model 69 stepping 1, cmov, cx8, fxsr, mmx, sse, sse2, sse3, ssse3, sse4.1, sse4.2, popcnt, avx, avx2, aes, erms, ht, tsc, tscinvbit

/proc/cpuinfo:
processor	: 0
vendor_id	: GenuineIntel
cpu family	: 6
model		: 69
model name	: Intel(R) Core(TM) i5-4210U CPU @ 1.70GHz
stepping	: 1
microcode	: 0x17
cpu MHz		: 1600.000
cache size	: 3072 KB
physical id	: 0
siblings	: 4
core id		: 0
cpu cores	: 2
apicid		: 0
initial apicid	: 0
fpu		: yes
fpu_exception	: yes
cpuid level	: 13
wp		: yes
flags		: fpu vme de pse tsc msr pae mce cx8 apic sep mtrr pge mca cmov pat pse36 clflush dts acpi mmx fxsr sse sse2 ss ht tm pbe syscall nx pdpe1gb rdtscp lm constant_tsc arch_perfmon pebs bts rep_good nopl xtopology nonstop_tsc aperfmperf eagerfpu pni pclmulqdq dtes64 monitor ds_cpl vmx est tm2 ssse3 fma cx16 xtpr pdcm pcid sse4_1 sse4_2 movbe popcnt tsc_deadline_timer aes xsave avx f16c rdrand lahf_lm abm ida arat epb xsaveopt pln pts dtherm tpr_shadow vnmi flexpriority ept vpid fsgsbase tsc_adjust bmi1 avx2 smep bmi2 erms invpcid
bogomips	: 4788.98
clflush size	: 64
cache_alignment	: 64
address sizes	: 39 bits physical, 48 bits virtual
power management:

processor	: 1
vendor_id	: GenuineIntel
cpu family	: 6
model		: 69
model name	: Intel(R) Core(TM) i5-4210U CPU @ 1.70GHz
stepping	: 1
microcode	: 0x17
cpu MHz		: 1600.000
cache size	: 3072 KB
physical id	: 0
siblings	: 4
core id		: 0
cpu cores	: 2
apicid		: 1
initial apicid	: 1
fpu		: yes
fpu_exception	: yes
cpuid level	: 13
wp		: yes
flags		: fpu vme de pse tsc msr pae mce cx8 apic sep mtrr pge mca cmov pat pse36 clflush dts acpi mmx fxsr sse sse2 ss ht tm pbe syscall nx pdpe1gb rdtscp lm constant_tsc arch_perfmon pebs bts rep_good nopl xtopology nonstop_tsc aperfmperf eagerfpu pni pclmulqdq dtes64 monitor ds_cpl vmx est tm2 ssse3 fma cx16 xtpr pdcm pcid sse4_1 sse4_2 movbe popcnt tsc_deadline_timer aes xsave avx f16c rdrand lahf_lm abm ida arat epb xsaveopt pln pts dtherm tpr_shadow vnmi flexpriority ept vpid fsgsbase tsc_adjust bmi1 avx2 smep bmi2 erms invpcid
bogomips	: 4788.98
clflush size	: 64
cache_alignment	: 64
address sizes	: 39 bits physical, 48 bits virtual
power management:

processor	: 2
vendor_id	: GenuineIntel
cpu family	: 6
model		: 69
model name	: Intel(R) Core(TM) i5-4210U CPU @ 1.70GHz
stepping	: 1
microcode	: 0x17
cpu MHz		: 1600.000
cache size	: 3072 KB
physical id	: 0
siblings	: 4
core id		: 1
cpu cores	: 2
apicid		: 2
initial apicid	: 2
fpu		: yes
fpu_exception	: yes
cpuid level	: 13
wp		: yes
flags		: fpu vme de pse tsc msr pae mce cx8 apic sep mtrr pge mca cmov pat pse36 clflush dts acpi mmx fxsr sse sse2 ss ht tm pbe syscall nx pdpe1gb rdtscp lm constant_tsc arch_perfmon pebs bts rep_good nopl xtopology nonstop_tsc aperfmperf eagerfpu pni pclmulqdq dtes64 monitor ds_cpl vmx est tm2 ssse3 fma cx16 xtpr pdcm pcid sse4_1 sse4_2 movbe popcnt tsc_deadline_timer aes xsave avx f16c rdrand lahf_lm abm ida arat epb xsaveopt pln pts dtherm tpr_shadow vnmi flexpriority ept vpid fsgsbase tsc_adjust bmi1 avx2 smep bmi2 erms invpcid
bogomips	: 4788.98
clflush size	: 64
cache_alignment	: 64
address sizes	: 39 bits physical, 48 bits virtual
power management:

processor	: 3
vendor_id	: GenuineIntel
cpu family	: 6
model		: 69
model name	: Intel(R) Core(TM) i5-4210U CPU @ 1.70GHz
stepping	: 1
microcode	: 0x17
cpu MHz		: 1600.000
cache size	: 3072 KB
physical id	: 0
siblings	: 4
core id		: 1
cpu cores	: 2
apicid		: 3
initial apicid	: 3
fpu		: yes
fpu_exception	: yes
cpuid level	: 13
wp		: yes
flags		: fpu vme de pse tsc msr pae mce cx8 apic sep mtrr pge mca cmov pat pse36 clflush dts acpi mmx fxsr sse sse2 ss ht tm pbe syscall nx pdpe1gb rdtscp lm constant_tsc arch_perfmon pebs bts rep_good nopl xtopology nonstop_tsc aperfmperf eagerfpu pni pclmulqdq dtes64 monitor ds_cpl vmx est tm2 ssse3 fma cx16 xtpr pdcm pcid sse4_1 sse4_2 movbe popcnt tsc_deadline_timer aes xsave avx f16c rdrand lahf_lm abm ida arat epb xsaveopt pln pts dtherm tpr_shadow vnmi flexpriority ept vpid fsgsbase tsc_adjust bmi1 avx2 smep bmi2 erms invpcid
bogomips	: 4788.98
clflush size	: 64
cache_alignment	: 64
address sizes	: 39 bits physical, 48 bits virtual
power management:



Memory: 4k page, physical 8105184k(1154276k free), swap 0k(0k free)

vm_info: OpenJDK 64-Bit Server VM (24.65-b04) for linux-amd64 JRE (1.7.0_65-b32), built on Aug 23 2014 13:33:31 by "buildd" with gcc 4.8.2

time: Sat Sep 27 09:25:42 2014
elapsed time: 4055 seconds

