#
# There is insufficient memory for the Java Runtime Environment to continue.
# Native memory allocation (malloc) failed to allocate 15728640 bytes for committing reserved memory.
# Possible reasons:
#   The system is out of physical RAM or swap space
#   In 32 bit mode, the process size limit was hit
# Possible solutions:
#   Reduce memory load on the system
#   Increase physical memory or swap space
#   Check if swap backing store is full
#   Use 64 bit Java on a 64 bit OS
#   Decrease Java heap size (-Xmx/-Xms)
#   Decrease number of Java threads
#   Decrease Java thread stack sizes (-Xss)
#   Set larger code cache with -XX:ReservedCodeCacheSize=
# This output file may be truncated or incomplete.
#
#  Out of Memory Error (os_linux.cpp:2798), pid=3679, tid=140598309877504
#
# JRE version: OpenJDK Runtime Environment (7.0_65-b32) (build 1.7.0_65-b32)
# Java VM: OpenJDK 64-Bit Server VM (24.65-b04 mixed mode linux-amd64 compressed oops)
# Failed to write core dump. Core dumps have been disabled. To enable core dumping, try "ulimit -c unlimited" before starting Java again
#

---------------  T H R E A D  ---------------

Current thread (0x00007fdf94075800):  VMThread [stack: 0x00007fdf9840f000,0x00007fdf98510000] [id=3700]

Stack: [0x00007fdf9840f000,0x00007fdf98510000],  sp=0x00007fdf9850e490,  free space=1021k
Native frames: (J=compiled Java code, j=interpreted, Vv=VM code, C=native code)
V  [libjvm.so+0x948635]  VMError::report_and_die()+0x175
V  [libjvm.so+0x48b904]  report_vm_out_of_memory(char const*, int, unsigned long, char const*)+0x74
V  [libjvm.so+0x7c766b]  os::pd_commit_memory(char*, unsigned long, unsigned long, bool)+0xeb
V  [libjvm.so+0x7c212f]  os::commit_memory(char*, unsigned long, unsigned long, bool)+0x1f
V  [libjvm.so+0x8338bb]  PSVirtualSpace::expand_by(unsigned long)+0x5b
V  [libjvm.so+0x834710]  PSYoungGen::resize_generation(unsigned long, unsigned long)+0xb0
V  [libjvm.so+0x834dfb]  PSYoungGen::resize(unsigned long, unsigned long)+0x1b
V  [libjvm.so+0x8310e0]  PSScavenge::invoke_no_policy()+0xde0
V  [libjvm.so+0x8318b8]  PSScavenge::invoke()+0x38
V  [libjvm.so+0x7e8293]  ParallelScavengeHeap::failed_mem_allocate(unsigned long)+0x63
V  [libjvm.so+0x94a034]  VM_ParallelGCFailedAllocation::doit()+0x84
V  [libjvm.so+0x94e527]  VM_Operation::evaluate()+0x47
V  [libjvm.so+0x94ce98]  VMThread::evaluate_operation(VM_Operation*)+0x318
V  [libjvm.so+0x94d2f9]  VMThread::loop()+0x219
V  [libjvm.so+0x94d742]  VMThread::run()+0x72
V  [libjvm.so+0x7c4532]  java_start(Thread*)+0xf2

VM_Operation (0x00007fdf9dbec650): ParallelGCFailedAllocation, mode: safepoint, requested by thread 0x00007fdf9400a000


---------------  P R O C E S S  ---------------

Java Threads: ( => current thread )
  0x00007fdf940a6800 JavaThread "Service Thread" daemon [_thread_blocked, id=3714, stack(0x00007fdf9071c000,0x00007fdf9081d000)]
  0x00007fdf940a4000 JavaThread "C2 CompilerThread1" daemon [_thread_blocked, id=3713, stack(0x00007fdf9081d000,0x00007fdf9091e000)]
  0x00007fdf940a1000 JavaThread "C2 CompilerThread0" daemon [_thread_blocked, id=3712, stack(0x00007fdf9800b000,0x00007fdf9810c000)]
  0x00007fdf9409f000 JavaThread "Signal Dispatcher" daemon [_thread_blocked, id=3711, stack(0x00007fdf9810c000,0x00007fdf9820d000)]
  0x00007fdf9407c000 JavaThread "Finalizer" daemon [_thread_blocked, id=3703, stack(0x00007fdf9820d000,0x00007fdf9830e000)]
  0x00007fdf9407a000 JavaThread "Reference Handler" daemon [_thread_blocked, id=3702, stack(0x00007fdf9830e000,0x00007fdf9840f000)]
  0x00007fdf9400a000 JavaThread "main" [_thread_blocked, id=3684, stack(0x00007fdf9daed000,0x00007fdf9dbee000)]

Other Threads:
=>0x00007fdf94075800 VMThread [stack: 0x00007fdf9840f000,0x00007fdf98510000] [id=3700]
  0x00007fdf940b1000 WatcherThread [stack: 0x00007fdf9061b000,0x00007fdf9071c000] [id=3715]

VM state:at safepoint (normal execution)

VM Mutex/Monitor currently owned by a thread:  ([mutex/lock_event])
[0x00007fdf940064c0] Threads_lock - owner thread: 0x00007fdf94075800
[0x00007fdf940069c0] Heap_lock - owner thread: 0x00007fdf9400a000

Heap
 PSYoungGen      total 348160K, used 1560K [0x00000007d6c00000, 0x00000007ef600000, 0x0000000800000000)
  eden space 345600K, 0% used [0x00000007d6c00000,0x00000007d6c00000,0x00000007ebd80000)
  from space 2560K, 60% used [0x00000007ef100000,0x00000007ef286250,0x00000007ef380000)
  to   space 2048K, 0% used [0x00000007ef400000,0x00000007ef400000,0x00000007ef600000)
 ParOldGen       total 41984K, used 34601K [0x0000000784400000, 0x0000000786d00000, 0x00000007d6c00000)
  object space 41984K, 82% used [0x0000000784400000,0x00000007865ca6b0,0x0000000786d00000)
 PSPermGen       total 21504K, used 3641K [0x0000000779e00000, 0x000000077b300000, 0x0000000784400000)
  object space 21504K, 16% used [0x0000000779e00000,0x000000077a18e6c0,0x000000077b300000)

Card table byte_map: [0x00007fdf9a2fd000,0x00007fdf9a72f000] byte_map_base: 0x00007fdf9672e000

Polling page: 0x00007fdf9dc0a000

Code Cache  [0x00007fdf91000000, 0x00007fdf91270000, 0x00007fdf94000000)
 total_blobs=274 nmethods=80 adapters=147 free_code_cache=48617Kb largest_free_block=49743680

Compilation events (10 events):
Event: 4.332 Thread 0x00007fdf940a4000 nmethod 76 0x00007fdf91077b50 code [0x00007fdf91077ca0, 0x00007fdf91077d18]
Event: 4.429 Thread 0x00007fdf940a4000   77             java.lang.String::toLowerCase (8 bytes)
Event: 4.431 Thread 0x00007fdf940a4000 nmethod 77 0x00007fdf9107a410 code [0x00007fdf9107a560, 0x00007fdf9107a628]
Event: 4.431 Thread 0x00007fdf940a4000   78             java.util.Locale::getDefault (13 bytes)
Event: 4.432 Thread 0x00007fdf940a4000 nmethod 78 0x00007fdf9107a1d0 code [0x00007fdf9107a300, 0x00007fdf9107a378]
Event: 4.441 Thread 0x00007fdf940a1000 nmethod 75 0x00007fdf91080690 code [0x00007fdf910808c0, 0x00007fdf910813e8]
Event: 4.443 Thread 0x00007fdf940a4000   79             java.util.ArrayList::contains (14 bytes)
Event: 4.449 Thread 0x00007fdf940a4000 nmethod 79 0x00007fdf9107e8d0 code [0x00007fdf9107ea20, 0x00007fdf9107ec18]
Event: 4.553 Thread 0x00007fdf940a4000   80 %           edu.buffalo.cse.irf14.document.Parser::contentParse @ 324 (560 bytes)
Event: 5.354 Thread 0x00007fdf940a4000 nmethod 80% 0x00007fdf9108a3d0 code [0x00007fdf9108a9a0, 0x00007fdf9108d240]

GC Heap History (10 events):
Event: 3073.046 GC heap after
Heap after GC invocations=7353 (full 19):
 PSYoungGen      total 263168K, used 1527K [0x00000007d6c00000, 0x00000007ef880000, 0x0000000800000000)
  eden space 261632K, 0% used [0x00000007d6c00000,0x00000007d6c00000,0x00000007e6b80000)
  from space 1536K, 99% used [0x00000007ef700000,0x00000007ef87ded8,0x00000007ef880000)
  to   space 2560K, 0% used [0x00000007ef380000,0x00000007ef380000,0x00000007ef600000)
 ParOldGen       total 41984K, used 34601K [0x0000000784400000, 0x0000000786d00000, 0x00000007d6c00000)
  object space 41984K, 82% used [0x0000000784400000,0x00000007865ca6b0,0x0000000786d00000)
 PSPermGen       total 21504K, used 3641K [0x0000000779e00000, 0x000000077b300000, 0x0000000784400000)
  object space 21504K, 16% used [0x0000000779e00000,0x000000077a18e6c0,0x000000077b300000)
}
Event: 3074.052 GC heap before
{Heap before GC invocations=7354 (full 19):
 PSYoungGen      total 263168K, used 261813K [0x00000007d6c00000, 0x00000007ef880000, 0x0000000800000000)
  eden space 261632K, 99% used [0x00000007d6c00000,0x00000007e6a2f770,0x00000007e6b80000)
  from space 1536K, 99% used [0x00000007ef700000,0x00000007ef87ded8,0x00000007ef880000)
  to   space 2560K, 0% used [0x00000007ef380000,0x00000007ef380000,0x00000007ef600000)
 ParOldGen       total 41984K, used 34601K [0x0000000784400000, 0x0000000786d00000, 0x00000007d6c00000)
  object space 41984K, 82% used [0x0000000784400000,0x00000007865ca6b0,0x0000000786d00000)
 PSPermGen       total 21504K, used 3641K [0x0000000779e00000, 0x000000077b300000, 0x0000000784400000)
  object space 21504K, 16% used [0x0000000779e00000,0x000000077a18e6c0,0x000000077b300000)
Event: 3074.066 GC heap after
Heap after GC invocations=7354 (full 19):
 PSYoungGen      total 252416K, used 1559K [0x00000007d6c00000, 0x00000007ef780000, 0x0000000800000000)
  eden space 250368K, 0% used [0x00000007d6c00000,0x00000007d6c00000,0x00000007e6080000)
  from space 2048K, 76% used [0x00000007ef380000,0x00000007ef505f88,0x00000007ef580000)
  to   space 2048K, 0% used [0x00000007ef580000,0x00000007ef580000,0x00000007ef780000)
 ParOldGen       total 41984K, used 34601K [0x0000000784400000, 0x0000000786d00000, 0x00000007d6c00000)
  object space 41984K, 82% used [0x0000000784400000,0x00000007865ca6b0,0x0000000786d00000)
 PSPermGen       total 21504K, used 3641K [0x0000000779e00000, 0x000000077b300000, 0x0000000784400000)
  object space 21504K, 16% used [0x0000000779e00000,0x000000077a18e6c0,0x000000077b300000)
}
Event: 3074.779 GC heap before
{Heap before GC invocations=7355 (full 19):
 PSYoungGen      total 252416K, used 251401K [0x00000007d6c00000, 0x00000007ef780000, 0x0000000800000000)
  eden space 250368K, 99% used [0x00000007d6c00000,0x00000007e5ffc4c0,0x00000007e6080000)
  from space 2048K, 76% used [0x00000007ef380000,0x00000007ef505f88,0x00000007ef580000)
  to   space 2048K, 0% used [0x00000007ef580000,0x00000007ef580000,0x00000007ef780000)
 ParOldGen       total 41984K, used 34601K [0x0000000784400000, 0x0000000786d00000, 0x00000007d6c00000)
  object space 41984K, 82% used [0x0000000784400000,0x00000007865ca6b0,0x0000000786d00000)
 PSPermGen       total 21504K, used 3641K [0x0000000779e00000, 0x000000077b300000, 0x0000000784400000)
  object space 21504K, 16% used [0x0000000779e00000,0x000000077a18e6c0,0x000000077b300000)
Event: 3074.783 GC heap after
Heap after GC invocations=7355 (full 19):
 PSYoungGen      total 241152K, used 1528K [0x00000007d6c00000, 0x00000007ef700000, 0x0000000800000000)
  eden space 239616K, 0% used [0x00000007d6c00000,0x00000007d6c00000,0x00000007e5600000)
  from space 1536K, 99% used [0x00000007ef580000,0x00000007ef6fe010,0x00000007ef700000)
  to   space 2560K, 0% used [0x00000007ef200000,0x00000007ef200000,0x00000007ef480000)
 ParOldGen       total 41984K, used 34601K [0x0000000784400000, 0x0000000786d00000, 0x00000007d6c00000)
  object space 41984K, 82% used [0x0000000784400000,0x00000007865ca6b0,0x0000000786d00000)
 PSPermGen       total 21504K, used 3641K [0x0000000779e00000, 0x000000077b300000, 0x0000000784400000)
  object space 21504K, 16% used [0x0000000779e00000,0x000000077a18e6c0,0x000000077b300000)
}
Event: 3076.130 GC heap before
{Heap before GC invocations=7356 (full 19):
 PSYoungGen      total 241152K, used 240923K [0x00000007d6c00000, 0x00000007ef700000, 0x0000000800000000)
  eden space 239616K, 99% used [0x00000007d6c00000,0x00000007e55c8c38,0x00000007e5600000)
  from space 1536K, 99% used [0x00000007ef580000,0x00000007ef6fe010,0x00000007ef700000)
  to   space 2560K, 0% used [0x00000007ef200000,0x00000007ef200000,0x00000007ef480000)
 ParOldGen       total 41984K, used 34601K [0x0000000784400000, 0x0000000786d00000, 0x00000007d6c00000)
  object space 41984K, 82% used [0x0000000784400000,0x00000007865ca6b0,0x0000000786d00000)
 PSPermGen       total 21504K, used 3641K [0x0000000779e00000, 0x000000077b300000, 0x0000000784400000)
  object space 21504K, 16% used [0x0000000779e00000,0x000000077a18e6c0,0x000000077b300000)
Event: 3078.171 GC heap after
Heap after GC invocations=7356 (full 19):
 PSYoungGen      total 289792K, used 1560K [0x00000007d6c00000, 0x00000007ef600000, 0x0000000800000000)
  eden space 287744K, 0% used [0x00000007d6c00000,0x00000007d6c00000,0x00000007e8500000)
  from space 2048K, 76% used [0x00000007ef200000,0x00000007ef3860b0,0x00000007ef400000)
  to   space 2048K, 0% used [0x00000007ef400000,0x00000007ef400000,0x00000007ef600000)
 ParOldGen       total 41984K, used 34601K [0x0000000784400000, 0x0000000786d00000, 0x00000007d6c00000)
  object space 41984K, 82% used [0x0000000784400000,0x00000007865ca6b0,0x0000000786d00000)
 PSPermGen       total 21504K, used 3641K [0x0000000779e00000, 0x000000077b300000, 0x0000000784400000)
  object space 21504K, 16% used [0x0000000779e00000,0x000000077a18e6c0,0x000000077b300000)
}
Event: 3081.512 GC heap before
{Heap before GC invocations=7357 (full 19):
 PSYoungGen      total 289792K, used 288867K [0x00000007d6c00000, 0x00000007ef600000, 0x0000000800000000)
  eden space 287744K, 99% used [0x00000007d6c00000,0x00000007e8492dd8,0x00000007e8500000)
  from space 2048K, 76% used [0x00000007ef200000,0x00000007ef3860b0,0x00000007ef400000)
  to   space 2048K, 0% used [0x00000007ef400000,0x00000007ef400000,0x00000007ef600000)
 ParOldGen       total 41984K, used 34601K [0x0000000784400000, 0x0000000786d00000, 0x00000007d6c00000)
  object space 41984K, 82% used [0x0000000784400000,0x00000007865ca6b0,0x0000000786d00000)
 PSPermGen       total 21504K, used 3641K [0x0000000779e00000, 0x000000077b300000, 0x0000000784400000)
  object space 21504K, 16% used [0x0000000779e00000,0x000000077a18e6c0,0x000000077b300000)
Event: 3086.534 GC heap after
Heap after GC invocations=7357 (full 19):
 PSYoungGen      total 347648K, used 1560K [0x00000007d6c00000, 0x00000007ef600000, 0x0000000800000000)
  eden space 345600K, 0% used [0x00000007d6c00000,0x00000007d6c00000,0x00000007ebd80000)
  from space 2048K, 76% used [0x00000007ef400000,0x00000007ef586170,0x00000007ef600000)
  to   space 2560K, 0% used [0x00000007ef100000,0x00000007ef100000,0x00000007ef380000)
 ParOldGen       total 41984K, used 34601K [0x0000000784400000, 0x0000000786d00000, 0x00000007d6c00000)
  object space 41984K, 82% used [0x0000000784400000,0x00000007865ca6b0,0x0000000786d00000)
 PSPermGen       total 21504K, used 3641K [0x0000000779e00000, 0x000000077b300000, 0x0000000784400000)
  object space 21504K, 16% used [0x0000000779e00000,0x000000077a18e6c0,0x000000077b300000)
}
Event: 3089.260 GC heap before
{Heap before GC invocations=7358 (full 19):
 PSYoungGen      total 347648K, used 345777K [0x00000007d6c00000, 0x00000007ef600000, 0x0000000800000000)
  eden space 345600K, 99% used [0x00000007d6c00000,0x00000007ebc265b8,0x00000007ebd80000)
  from space 2048K, 76% used [0x00000007ef400000,0x00000007ef586170,0x00000007ef600000)
  to   space 2560K, 0% used [0x00000007ef100000,0x00000007ef100000,0x00000007ef380000)
 ParOldGen       total 41984K, used 34601K [0x0000000784400000, 0x0000000786d00000, 0x00000007d6c00000)
  object space 41984K, 82% used [0x0000000784400000,0x00000007865ca6b0,0x0000000786d00000)
 PSPermGen       total 21504K, used 3641K [0x0000000779e00000, 0x000000077b300000, 0x0000000784400000)
  object space 21504K, 16% used [0x0000000779e00000,0x000000077a18e6c0,0x000000077b300000)

Deoptimization events (4 events):
Event: 1.258 Thread 0x00007fdf9400a000 Uncommon trap: reason=class_check action=maybe_recompile pc=0x00007fdf91061408 method=java.util.regex.Matcher.match(II)Z @ 86
Event: 1.417 Thread 0x00007fdf9400a000 Uncommon trap: reason=class_check action=maybe_recompile pc=0x00007fdf91061408 method=java.util.regex.Matcher.match(II)Z @ 86
Event: 1.563 Thread 0x00007fdf9400a000 Uncommon trap: reason=class_check action=maybe_recompile pc=0x00007fdf91061408 method=java.util.regex.Matcher.match(II)Z @ 86
Event: 1.611 Thread 0x00007fdf9400a000 Uncommon trap: reason=class_check action=maybe_recompile pc=0x00007fdf91061408 method=java.util.regex.Matcher.match(II)Z @ 86

Internal exceptions (10 events):
Event: 1.181 Thread 0x00007fdf9400a000 Threw 0x00000007d6d05b60 at /build/buildd/openjdk-7-7u65-2.5.1/build/openjdk/hotspot/src/share/vm/prims/jvm.cpp:1247
Event: 1.183 Thread 0x00007fdf9400a000 Threw 0x00000007d6d08698 at /build/buildd/openjdk-7-7u65-2.5.1/build/openjdk/hotspot/src/share/vm/prims/jvm.cpp:1247
Event: 1.204 Thread 0x00007fdf9400a000 Threw 0x00000007d6d0a720 at /build/buildd/openjdk-7-7u65-2.5.1/build/openjdk/hotspot/src/share/vm/prims/jvm.cpp:1247
Event: 1.205 Thread 0x00007fdf9400a000 Threw 0x00000007d6d0c910 at /build/buildd/openjdk-7-7u65-2.5.1/build/openjdk/hotspot/src/share/vm/prims/jvm.cpp:1247
Event: 1.206 Thread 0x00007fdf9400a000 Threw 0x00000007d6d10a40 at /build/buildd/openjdk-7-7u65-2.5.1/build/openjdk/hotspot/src/share/vm/prims/jvm.cpp:1247
Event: 1.207 Thread 0x00007fdf9400a000 Threw 0x00000007d6d15548 at /build/buildd/openjdk-7-7u65-2.5.1/build/openjdk/hotspot/src/share/vm/prims/jvm.cpp:1247
Event: 1.208 Thread 0x00007fdf9400a000 Threw 0x00000007d6d18018 at /build/buildd/openjdk-7-7u65-2.5.1/build/openjdk/hotspot/src/share/vm/prims/jvm.cpp:1247
Event: 1.209 Thread 0x00007fdf9400a000 Threw 0x00000007d6d1abd0 at /build/buildd/openjdk-7-7u65-2.5.1/build/openjdk/hotspot/src/share/vm/prims/jvm.cpp:1247
Event: 1.232 Thread 0x00007fdf9400a000 Threw 0x00000007d6d215c0 at /build/buildd/openjdk-7-7u65-2.5.1/build/openjdk/hotspot/src/share/vm/prims/jvm.cpp:1247
Event: 1.234 Thread 0x00007fdf9400a000 Threw 0x00000007d6d25c48 at /build/buildd/openjdk-7-7u65-2.5.1/build/openjdk/hotspot/src/share/vm/prims/jvm.cpp:1247

Events (10 events):
Event: 3073.046 Executing VM operation: ParallelGCFailedAllocation done
Event: 3074.052 Executing VM operation: ParallelGCFailedAllocation
Event: 3074.066 Executing VM operation: ParallelGCFailedAllocation done
Event: 3074.779 Executing VM operation: ParallelGCFailedAllocation
Event: 3074.783 Executing VM operation: ParallelGCFailedAllocation done
Event: 3075.322 Executing VM operation: ParallelGCFailedAllocation
Event: 3079.134 Executing VM operation: ParallelGCFailedAllocation done
Event: 3080.421 Executing VM operation: ParallelGCFailedAllocation
Event: 3088.112 Executing VM operation: ParallelGCFailedAllocation done
Event: 3088.987 Executing VM operation: ParallelGCFailedAllocation


Dynamic libraries:
00400000-00401000 r-xp 00000000 08:05 5115745                            /usr/lib/jvm/java-7-openjdk-amd64/jre/bin/java
00600000-00601000 r--p 00000000 08:05 5115745                            /usr/lib/jvm/java-7-openjdk-amd64/jre/bin/java
00601000-00602000 rw-p 00001000 08:05 5115745                            /usr/lib/jvm/java-7-openjdk-amd64/jre/bin/java
021c1000-021e2000 rw-p 00000000 00:00 0                                  [heap]
779e00000-77b300000 rw-p 00000000 00:00 0 
77b300000-784400000 rw-p 00000000 00:00 0 
784400000-786d00000 rw-p 00000000 00:00 0 
786d00000-789680000 ---p 00000000 00:00 0 
789680000-7d6c00000 rw-p 00000000 00:00 0 
7d6c00000-7ef600000 rw-p 00000000 00:00 0 
7f0500000-800000000 ---p 00000000 00:00 0 
7fdf50000000-7fdf50021000 rw-p 00000000 00:00 0 
7fdf50021000-7fdf54000000 ---p 00000000 00:00 0 
7fdf54000000-7fdf54021000 rw-p 00000000 00:00 0 
7fdf54021000-7fdf58000000 ---p 00000000 00:00 0 
7fdf58000000-7fdf582a2000 rw-p 00000000 00:00 0 
7fdf582a2000-7fdf5c000000 ---p 00000000 00:00 0 
7fdf5c000000-7fdf5c352000 rw-p 00000000 00:00 0 
7fdf5c352000-7fdf60000000 ---p 00000000 00:00 0 
7fdf60000000-7fdf60021000 rw-p 00000000 00:00 0 
7fdf60021000-7fdf64000000 ---p 00000000 00:00 0 
7fdf64000000-7fdf64021000 rw-p 00000000 00:00 0 
7fdf64021000-7fdf68000000 ---p 00000000 00:00 0 
7fdf68000000-7fdf68021000 rw-p 00000000 00:00 0 
7fdf68021000-7fdf6c000000 ---p 00000000 00:00 0 
7fdf6fcf0000-7fdf74000000 rw-p 00000000 00:00 0 
7fdf74000000-7fdf7402b000 rw-p 00000000 00:00 0 
7fdf7402b000-7fdf78000000 ---p 00000000 00:00 0 
7fdf78000000-7fdf78021000 rw-p 00000000 00:00 0 
7fdf78021000-7fdf7c000000 ---p 00000000 00:00 0 
7fdf7c000000-7fdf7c033000 rw-p 00000000 00:00 0 
7fdf7c033000-7fdf80000000 ---p 00000000 00:00 0 
7fdf84000000-7fdf8402b000 rw-p 00000000 00:00 0 
7fdf8402b000-7fdf88000000 ---p 00000000 00:00 0 
7fdf8c000000-7fdf8c021000 rw-p 00000000 00:00 0 
7fdf8c021000-7fdf90000000 ---p 00000000 00:00 0 
7fdf903e1000-7fdf9061b000 rw-p 00000000 00:00 0 
7fdf9061b000-7fdf9061c000 ---p 00000000 00:00 0 
7fdf9061c000-7fdf9071c000 rw-p 00000000 00:00 0                          [stack:3715]
7fdf9071c000-7fdf9071f000 ---p 00000000 00:00 0 
7fdf9071f000-7fdf9081d000 rw-p 00000000 00:00 0                          [stack:3714]
7fdf9081d000-7fdf90820000 ---p 00000000 00:00 0 
7fdf90820000-7fdf9091e000 rw-p 00000000 00:00 0                          [stack:3713]
7fdf9091e000-7fdf91000000 r--p 00000000 08:05 4725374                    /usr/lib/locale/locale-archive
7fdf91000000-7fdf91270000 rwxp 00000000 00:00 0 
7fdf91270000-7fdf94145000 rw-p 00000000 00:00 0 
7fdf94145000-7fdf98000000 ---p 00000000 00:00 0 
7fdf9800b000-7fdf9800e000 ---p 00000000 00:00 0 
7fdf9800e000-7fdf9810c000 rw-p 00000000 00:00 0                          [stack:3712]
7fdf9810c000-7fdf9810f000 ---p 00000000 00:00 0 
7fdf9810f000-7fdf9820d000 rw-p 00000000 00:00 0                          [stack:3711]
7fdf9820d000-7fdf98210000 ---p 00000000 00:00 0 
7fdf98210000-7fdf9830e000 rw-p 00000000 00:00 0                          [stack:3703]
7fdf9830e000-7fdf98311000 ---p 00000000 00:00 0 
7fdf98311000-7fdf9840f000 rw-p 00000000 00:00 0                          [stack:3702]
7fdf9840f000-7fdf98410000 ---p 00000000 00:00 0 
7fdf98410000-7fdf9950d000 rw-p 00000000 00:00 0                          [stack:3700]
7fdf9950d000-7fdf996be000 r--s 01d21000 08:05 5114452                    /usr/lib/jvm/java-7-openjdk-amd64/jre/lib/rt.jar
7fdf996be000-7fdf99c12000 rw-p 00000000 00:00 0 
7fdf99c12000-7fdf99c13000 ---p 00000000 00:00 0 
7fdf99c13000-7fdf99d13000 rw-p 00000000 00:00 0                          [stack:3698]
7fdf99d13000-7fdf99d14000 ---p 00000000 00:00 0 
7fdf99d14000-7fdf99e14000 rw-p 00000000 00:00 0                          [stack:3696]
7fdf99e14000-7fdf99e15000 ---p 00000000 00:00 0 
7fdf99e15000-7fdf99f15000 rw-p 00000000 00:00 0                          [stack:3694]
7fdf99f15000-7fdf99f16000 ---p 00000000 00:00 0 
7fdf99f16000-7fdf9a021000 rw-p 00000000 00:00 0                          [stack:3690]
7fdf9a021000-7fdf9a069000 rw-p 00000000 00:00 0 
7fdf9a069000-7fdf9a07e000 rw-p 00000000 00:00 0 
7fdf9a07e000-7fdf9a093000 ---p 00000000 00:00 0 
7fdf9a093000-7fdf9a2fd000 rw-p 00000000 00:00 0 
7fdf9a2fd000-7fdf9a308000 rw-p 00000000 00:00 0 
7fdf9a308000-7fdf9a350000 rw-p 00000000 00:00 0 
7fdf9a350000-7fdf9a365000 rw-p 00000000 00:00 0 
7fdf9a365000-7fdf9a37a000 ---p 00000000 00:00 0 
7fdf9a37a000-7fdf9a5e4000 rw-p 00000000 00:00 0 
7fdf9a5e4000-7fdf9a6a9000 rw-p 00000000 00:00 0 
7fdf9a6a9000-7fdf9a72e000 ---p 00000000 00:00 0 
7fdf9a72e000-7fdf9a72f000 rw-p 00000000 00:00 0 
7fdf9a72f000-7fdf9a737000 r-xp 00000000 08:05 5111914                    /usr/lib/jvm/java-7-openjdk-amd64/jre/lib/amd64/libzip.so
7fdf9a737000-7fdf9a936000 ---p 00008000 08:05 5111914                    /usr/lib/jvm/java-7-openjdk-amd64/jre/lib/amd64/libzip.so
7fdf9a936000-7fdf9a937000 r--p 00007000 08:05 5111914                    /usr/lib/jvm/java-7-openjdk-amd64/jre/lib/amd64/libzip.so
7fdf9a937000-7fdf9a938000 rw-p 00008000 08:05 5111914                    /usr/lib/jvm/java-7-openjdk-amd64/jre/lib/amd64/libzip.so
7fdf9a938000-7fdf9a943000 r-xp 00000000 08:05 5510180                    /lib/x86_64-linux-gnu/libnss_files-2.19.so
7fdf9a943000-7fdf9ab42000 ---p 0000b000 08:05 5510180                    /lib/x86_64-linux-gnu/libnss_files-2.19.so
7fdf9ab42000-7fdf9ab43000 r--p 0000a000 08:05 5510180                    /lib/x86_64-linux-gnu/libnss_files-2.19.so
7fdf9ab43000-7fdf9ab44000 rw-p 0000b000 08:05 5510180                    /lib/x86_64-linux-gnu/libnss_files-2.19.so
7fdf9ab44000-7fdf9ab4f000 r-xp 00000000 08:05 5510181                    /lib/x86_64-linux-gnu/libnss_nis-2.19.so
7fdf9ab4f000-7fdf9ad4e000 ---p 0000b000 08:05 5510181                    /lib/x86_64-linux-gnu/libnss_nis-2.19.so
7fdf9ad4e000-7fdf9ad4f000 r--p 0000a000 08:05 5510181                    /lib/x86_64-linux-gnu/libnss_nis-2.19.so
7fdf9ad4f000-7fdf9ad50000 rw-p 0000b000 08:05 5510181                    /lib/x86_64-linux-gnu/libnss_nis-2.19.so
7fdf9ad50000-7fdf9ad67000 r-xp 00000000 08:05 5510167                    /lib/x86_64-linux-gnu/libnsl-2.19.so
7fdf9ad67000-7fdf9af66000 ---p 00017000 08:05 5510167                    /lib/x86_64-linux-gnu/libnsl-2.19.so
7fdf9af66000-7fdf9af67000 r--p 00016000 08:05 5510167                    /lib/x86_64-linux-gnu/libnsl-2.19.so
7fdf9af67000-7fdf9af68000 rw-p 00017000 08:05 5510167                    /lib/x86_64-linux-gnu/libnsl-2.19.so
7fdf9af68000-7fdf9af6a000 rw-p 00000000 00:00 0 
7fdf9af6a000-7fdf9af73000 r-xp 00000000 08:05 5510134                    /lib/x86_64-linux-gnu/libnss_compat-2.19.so
7fdf9af73000-7fdf9b172000 ---p 00009000 08:05 5510134                    /lib/x86_64-linux-gnu/libnss_compat-2.19.so
7fdf9b172000-7fdf9b173000 r--p 00008000 08:05 5510134                    /lib/x86_64-linux-gnu/libnss_compat-2.19.so
7fdf9b173000-7fdf9b174000 rw-p 00009000 08:05 5510134                    /lib/x86_64-linux-gnu/libnss_compat-2.19.so
7fdf9b174000-7fdf9b19f000 r-xp 00000000 08:05 5111911                    /usr/lib/jvm/java-7-openjdk-amd64/jre/lib/amd64/libjava.so
7fdf9b19f000-7fdf9b39f000 ---p 0002b000 08:05 5111911                    /usr/lib/jvm/java-7-openjdk-amd64/jre/lib/amd64/libjava.so
7fdf9b39f000-7fdf9b3a0000 r--p 0002b000 08:05 5111911                    /usr/lib/jvm/java-7-openjdk-amd64/jre/lib/amd64/libjava.so
7fdf9b3a0000-7fdf9b3a2000 rw-p 0002c000 08:05 5111911                    /usr/lib/jvm/java-7-openjdk-amd64/jre/lib/amd64/libjava.so
7fdf9b3a2000-7fdf9b3b2000 r-xp 00000000 08:05 5111928                    /usr/lib/jvm/java-7-openjdk-amd64/jre/lib/amd64/libverify.so
7fdf9b3b2000-7fdf9b5b1000 ---p 00010000 08:05 5111928                    /usr/lib/jvm/java-7-openjdk-amd64/jre/lib/amd64/libverify.so
7fdf9b5b1000-7fdf9b5b3000 r--p 0000f000 08:05 5111928                    /usr/lib/jvm/java-7-openjdk-amd64/jre/lib/amd64/libverify.so
7fdf9b5b3000-7fdf9b5b4000 rw-p 00011000 08:05 5111928                    /usr/lib/jvm/java-7-openjdk-amd64/jre/lib/amd64/libverify.so
7fdf9b5b4000-7fdf9b5bb000 r-xp 00000000 08:05 5510169                    /lib/x86_64-linux-gnu/librt-2.19.so
7fdf9b5bb000-7fdf9b7ba000 ---p 00007000 08:05 5510169                    /lib/x86_64-linux-gnu/librt-2.19.so
7fdf9b7ba000-7fdf9b7bb000 r--p 00006000 08:05 5510169                    /lib/x86_64-linux-gnu/librt-2.19.so
7fdf9b7bb000-7fdf9b7bc000 rw-p 00007000 08:05 5510169                    /lib/x86_64-linux-gnu/librt-2.19.so
7fdf9b7bc000-7fdf9b7d2000 r-xp 00000000 08:05 5509026                    /lib/x86_64-linux-gnu/libgcc_s.so.1
7fdf9b7d2000-7fdf9b9d1000 ---p 00016000 08:05 5509026                    /lib/x86_64-linux-gnu/libgcc_s.so.1
7fdf9b9d1000-7fdf9b9d2000 rw-p 00015000 08:05 5509026                    /lib/x86_64-linux-gnu/libgcc_s.so.1
7fdf9b9d2000-7fdf9bad7000 r-xp 00000000 08:05 5510176                    /lib/x86_64-linux-gnu/libm-2.19.so
7fdf9bad7000-7fdf9bcd6000 ---p 00105000 08:05 5510176                    /lib/x86_64-linux-gnu/libm-2.19.so
7fdf9bcd6000-7fdf9bcd7000 r--p 00104000 08:05 5510176                    /lib/x86_64-linux-gnu/libm-2.19.so
7fdf9bcd7000-7fdf9bcd8000 rw-p 00105000 08:05 5510176                    /lib/x86_64-linux-gnu/libm-2.19.so
7fdf9bcd8000-7fdf9bdbe000 r-xp 00000000 08:05 4727270                    /usr/lib/x86_64-linux-gnu/libstdc++.so.6.0.19
7fdf9bdbe000-7fdf9bfbd000 ---p 000e6000 08:05 4727270                    /usr/lib/x86_64-linux-gnu/libstdc++.so.6.0.19
7fdf9bfbd000-7fdf9bfc5000 r--p 000e5000 08:05 4727270                    /usr/lib/x86_64-linux-gnu/libstdc++.so.6.0.19
7fdf9bfc5000-7fdf9bfc7000 rw-p 000ed000 08:05 4727270                    /usr/lib/x86_64-linux-gnu/libstdc++.so.6.0.19
7fdf9bfc7000-7fdf9bfdc000 rw-p 00000000 00:00 0 
7fdf9bfdc000-7fdf9caf2000 r-xp 00000000 08:05 5111942                    /usr/lib/jvm/java-7-openjdk-amd64/jre/lib/amd64/server/libjvm.so
7fdf9caf2000-7fdf9ccf1000 ---p 00b16000 08:05 5111942                    /usr/lib/jvm/java-7-openjdk-amd64/jre/lib/amd64/server/libjvm.so
7fdf9ccf1000-7fdf9cd8b000 r--p 00b15000 08:05 5111942                    /usr/lib/jvm/java-7-openjdk-amd64/jre/lib/amd64/server/libjvm.so
7fdf9cd8b000-7fdf9cdae000 rw-p 00baf000 08:05 5111942                    /usr/lib/jvm/java-7-openjdk-amd64/jre/lib/amd64/server/libjvm.so
7fdf9cdae000-7fdf9cddc000 rw-p 00000000 00:00 0 
7fdf9cddc000-7fdf9cdf4000 r-xp 00000000 08:05 5509162                    /lib/x86_64-linux-gnu/libz.so.1.2.8
7fdf9cdf4000-7fdf9cff3000 ---p 00018000 08:05 5509162                    /lib/x86_64-linux-gnu/libz.so.1.2.8
7fdf9cff3000-7fdf9cff4000 r--p 00017000 08:05 5509162                    /lib/x86_64-linux-gnu/libz.so.1.2.8
7fdf9cff4000-7fdf9cff5000 rw-p 00018000 08:05 5509162                    /lib/x86_64-linux-gnu/libz.so.1.2.8
7fdf9cff5000-7fdf9d00e000 r-xp 00000000 08:05 5510186                    /lib/x86_64-linux-gnu/libpthread-2.19.so
7fdf9d00e000-7fdf9d20d000 ---p 00019000 08:05 5510186                    /lib/x86_64-linux-gnu/libpthread-2.19.so
7fdf9d20d000-7fdf9d20e000 r--p 00018000 08:05 5510186                    /lib/x86_64-linux-gnu/libpthread-2.19.so
7fdf9d20e000-7fdf9d20f000 rw-p 00019000 08:05 5510186                    /lib/x86_64-linux-gnu/libpthread-2.19.so
7fdf9d20f000-7fdf9d213000 rw-p 00000000 00:00 0 
7fdf9d213000-7fdf9d216000 r-xp 00000000 08:05 5510185                    /lib/x86_64-linux-gnu/libdl-2.19.so
7fdf9d216000-7fdf9d415000 ---p 00003000 08:05 5510185                    /lib/x86_64-linux-gnu/libdl-2.19.so
7fdf9d415000-7fdf9d416000 r--p 00002000 08:05 5510185                    /lib/x86_64-linux-gnu/libdl-2.19.so
7fdf9d416000-7fdf9d417000 rw-p 00003000 08:05 5510185                    /lib/x86_64-linux-gnu/libdl-2.19.so
7fdf9d417000-7fdf9d5d2000 r-xp 00000000 08:05 5510173                    /lib/x86_64-linux-gnu/libc-2.19.so
7fdf9d5d2000-7fdf9d7d2000 ---p 001bb000 08:05 5510173                    /lib/x86_64-linux-gnu/libc-2.19.so
7fdf9d7d2000-7fdf9d7d6000 r--p 001bb000 08:05 5510173                    /lib/x86_64-linux-gnu/libc-2.19.so
7fdf9d7d6000-7fdf9d7d8000 rw-p 001bf000 08:05 5510173                    /lib/x86_64-linux-gnu/libc-2.19.so
7fdf9d7d8000-7fdf9d7dd000 rw-p 00000000 00:00 0 
7fdf9d7dd000-7fdf9d7ea000 r-xp 00000000 08:05 5111948                    /usr/lib/jvm/java-7-openjdk-amd64/jre/lib/amd64/jli/libjli.so
7fdf9d7ea000-7fdf9d9e9000 ---p 0000d000 08:05 5111948                    /usr/lib/jvm/java-7-openjdk-amd64/jre/lib/amd64/jli/libjli.so
7fdf9d9e9000-7fdf9d9ea000 r--p 0000c000 08:05 5111948                    /usr/lib/jvm/java-7-openjdk-amd64/jre/lib/amd64/jli/libjli.so
7fdf9d9ea000-7fdf9d9eb000 rw-p 0000d000 08:05 5111948                    /usr/lib/jvm/java-7-openjdk-amd64/jre/lib/amd64/jli/libjli.so
7fdf9d9eb000-7fdf9da0e000 r-xp 00000000 08:05 5510174                    /lib/x86_64-linux-gnu/ld-2.19.so
7fdf9da27000-7fdf9da2a000 r--s 0003c000 08:05 5111965                    /usr/lib/jvm/java-7-openjdk-amd64/jre/lib/ext/sunpkcs11.jar
7fdf9da2a000-7fdf9da2d000 r--s 0000f000 08:05 5111961                    /usr/lib/jvm/java-7-openjdk-amd64/jre/lib/ext/pulse-java.jar
7fdf9da2d000-7fdf9da37000 rw-p 00000000 00:00 0 
7fdf9da37000-7fdf9daed000 rw-p 00000000 00:00 0 
7fdf9daed000-7fdf9daf0000 ---p 00000000 00:00 0 
7fdf9daf0000-7fdf9dbf3000 rw-p 00000000 00:00 0                          [stack:3684]
7fdf9dbf4000-7fdf9dbf5000 rw-p 00000000 00:00 0 
7fdf9dbf5000-7fdf9dbf7000 r--s 00006000 08:05 5117819                    /usr/share/java/java-atk-wrapper.jar
7fdf9dbf7000-7fdf9dbfa000 r--s 00032000 08:05 5111963                    /usr/lib/jvm/java-7-openjdk-amd64/jre/lib/ext/sunjce_provider.jar
7fdf9dbfa000-7fdf9dbfc000 r--s 00012000 08:05 5111962                    /usr/lib/jvm/java-7-openjdk-amd64/jre/lib/ext/zipfs.jar
7fdf9dbfc000-7fdf9dc00000 r--s 00085000 08:05 5111960                    /usr/lib/jvm/java-7-openjdk-amd64/jre/lib/ext/localedata.jar
7fdf9dc00000-7fdf9dc01000 r--s 00002000 08:05 5111964                    /usr/lib/jvm/java-7-openjdk-amd64/jre/lib/ext/dnsns.jar
7fdf9dc01000-7fdf9dc09000 rw-s 00000000 08:05 3407903                    /tmp/hsperfdata_pritika/3679
7fdf9dc09000-7fdf9dc0a000 rw-p 00000000 00:00 0 
7fdf9dc0a000-7fdf9dc0b000 ---p 00000000 00:00 0 
7fdf9dc0b000-7fdf9dc0d000 rw-p 00000000 00:00 0 
7fdf9dc0d000-7fdf9dc0e000 r--p 00022000 08:05 5510174                    /lib/x86_64-linux-gnu/ld-2.19.so
7fdf9dc0e000-7fdf9dc0f000 rw-p 00023000 08:05 5510174                    /lib/x86_64-linux-gnu/ld-2.19.so
7fdf9dc0f000-7fdf9dc10000 rw-p 00000000 00:00 0 
7fffecaf1000-7fffecb12000 rw-p 00000000 00:00 0                          [stack]
7fffecbfe000-7fffecc00000 r-xp 00000000 00:00 0                          [vdso]
ffffffffff600000-ffffffffff601000 r-xp 00000000 00:00 0                  [vsyscall]

VM Arguments:
jvm_args: -Dfile.encoding=UTF-8 
java_command: edu.buffalo.cse.irf14.Runner
Launcher Type: SUN_STANDARD

Environment Variables:
PATH=/usr/local/sbin:/usr/local/bin:/usr/sbin:/usr/bin:/sbin:/bin:/usr/games:/usr/local/games
SHELL=/bin/bash
DISPLAY=:0.0

Signal Handlers:
SIGSEGV: [libjvm.so+0x949110], sa_mask[0]=0x7ffbfeff, sa_flags=0x10000004
SIGBUS: [libjvm.so+0x949110], sa_mask[0]=0x7ffbfeff, sa_flags=0x10000004
SIGFPE: [libjvm.so+0x7c2e80], sa_mask[0]=0x7ffbfeff, sa_flags=0x10000004
SIGPIPE: [libjvm.so+0x7c2e80], sa_mask[0]=0x7ffbfeff, sa_flags=0x10000004
SIGXFSZ: [libjvm.so+0x7c2e80], sa_mask[0]=0x7ffbfeff, sa_flags=0x10000004
SIGILL: [libjvm.so+0x7c2e80], sa_mask[0]=0x7ffbfeff, sa_flags=0x10000004
SIGUSR1: SIG_DFL, sa_mask[0]=0x00000000, sa_flags=0x00000000
SIGUSR2: [libjvm.so+0x7c2d20], sa_mask[0]=0x00000004, sa_flags=0x10000004
SIGHUP: [libjvm.so+0x7c2f00], sa_mask[0]=0x7ffbfeff, sa_flags=0x10000004
SIGINT: [libjvm.so+0x7c2f00], sa_mask[0]=0x7ffbfeff, sa_flags=0x10000004
SIGTERM: [libjvm.so+0x7c2f00], sa_mask[0]=0x7ffbfeff, sa_flags=0x10000004
SIGQUIT: [libjvm.so+0x7c2f00], sa_mask[0]=0x7ffbfeff, sa_flags=0x10000004
SIGTRAP: SIG_DFL, sa_mask[0]=0x00000000, sa_flags=0x00000000


---------------  S Y S T E M  ---------------

OS:Ubuntu 14.04 (trusty)
uname:Linux 3.13.0-35-generic #62-Ubuntu SMP Fri Aug 15 01:58:42 UTC 2014 x86_64
libc:glibc 2.19 NPTL 2.19 
rlimit: STACK 8192k, CORE 0k, NPROC 62612, NOFILE 4096, AS infinity
load average:20.58 15.34 13.08

/proc/meminfo:
MemTotal:        8105184 kB
MemFree:         1154276 kB
Buffers:            1516 kB
Cached:           391712 kB
SwapCached:            0 kB
Active:          6367720 kB
Inactive:         387456 kB
Active(anon):    6363944 kB
Inactive(anon):   350684 kB
Active(file):       3776 kB
Inactive(file):    36772 kB
Unevictable:          32 kB
Mlocked:              32 kB
SwapTotal:             0 kB
SwapFree:              0 kB
Dirty:               332 kB
Writeback:             0 kB
AnonPages:       6362108 kB
Mapped:            69956 kB
Shmem:            352564 kB
Slab:              52244 kB
SReclaimable:      21440 kB
SUnreclaim:        30804 kB
KernelStack:        5408 kB
PageTables:        44220 kB
NFS_Unstable:          0 kB
Bounce:                0 kB
WritebackTmp:          0 kB
CommitLimit:     4052592 kB
Committed_AS:   10854900 kB
VmallocTotal:   34359738367 kB
VmallocUsed:      555976 kB
VmallocChunk:   34359168600 kB
HardwareCorrupted:     0 kB
AnonHugePages:   4280320 kB
HugePages_Total:       0
HugePages_Free:        0
HugePages_Rsvd:        0
HugePages_Surp:        0
Hugepagesize:       2048 kB
DirectMap4k:       60032 kB
DirectMap2M:     3014656 kB
DirectMap1G:     5242880 kB


CPU:total 4 (2 cores per cpu, 2 threads per core) family 6 model 69 stepping 1, cmov, cx8, fxsr, mmx, sse, sse2, sse3, ssse3, sse4.1, sse4.2, popcnt, avx, avx2, aes, erms, ht, tsc, tscinvbit

/proc/cpuinfo:
processor	: 0
vendor_id	: GenuineIntel
cpu family	: 6
model		: 69
model name	: Intel(R) Core(TM) i5-4210U CPU @ 1.70GHz
stepping	: 1
microcode	: 0x17
cpu MHz		: 1600.000
cache size	: 3072 KB
physical id	: 0
siblings	: 4
core id		: 0
cpu cores	: 2
apicid		: 0
initial apicid	: 0
fpu		: yes
fpu_exception	: yes
cpuid level	: 13
wp		: yes
flags		: fpu vme de pse tsc msr pae mce cx8 apic sep mtrr pge mca cmov pat pse36 clflush dts acpi mmx fxsr sse sse2 ss ht tm pbe syscall nx pdpe1gb rdtscp lm constant_tsc arch_perfmon pebs bts rep_good nopl xtopology nonstop_tsc aperfmperf eagerfpu pni pclmulqdq dtes64 monitor ds_cpl vmx est tm2 ssse3 fma cx16 xtpr pdcm pcid sse4_1 sse4_2 movbe popcnt tsc_deadline_timer aes xsave avx f16c rdrand lahf_lm abm ida arat epb xsaveopt pln pts dtherm tpr_shadow vnmi flexpriority ept vpid fsgsbase tsc_adjust bmi1 avx2 smep bmi2 erms invpcid
bogomips	: 4788.98
clflush size	: 64
cache_alignment	: 64
address sizes	: 39 bits physical, 48 bits virtual
power management:

processor	: 1
vendor_id	: GenuineIntel
cpu family	: 6
model		: 69
model name	: Intel(R) Core(TM) i5-4210U CPU @ 1.70GHz
stepping	: 1
microcode	: 0x17
cpu MHz		: 1600.000
cache size	: 3072 KB
physical id	: 0
siblings	: 4
core id		: 0
cpu cores	: 2
apicid		: 1
initial apicid	: 1
fpu		: yes
fpu_exception	: yes
cpuid level	: 13
wp		: yes
flags		: fpu vme de pse tsc msr pae mce cx8 apic sep mtrr pge mca cmov pat pse36 clflush dts acpi mmx fxsr sse sse2 ss ht tm pbe syscall nx pdpe1gb rdtscp lm constant_tsc arch_perfmon pebs bts rep_good nopl xtopology nonstop_tsc aperfmperf eagerfpu pni pclmulqdq dtes64 monitor ds_cpl vmx est tm2 ssse3 fma cx16 xtpr pdcm pcid sse4_1 sse4_2 movbe popcnt tsc_deadline_timer aes xsave avx f16c rdrand lahf_lm abm ida arat epb xsaveopt pln pts dtherm tpr_shadow vnmi flexpriority ept vpid fsgsbase tsc_adjust bmi1 avx2 smep bmi2 erms invpcid
bogomips	: 4788.98
clflush size	: 64
cache_alignment	: 64
address sizes	: 39 bits physical, 48 bits virtual
power management:

processor	: 2
vendor_id	: GenuineIntel
cpu family	: 6
model		: 69
model name	: Intel(R) Core(TM) i5-4210U CPU @ 1.70GHz
stepping	: 1
microcode	: 0x17
cpu MHz		: 1600.000
cache size	: 3072 KB
physical id	: 0
siblings	: 4
core id		: 1
cpu cores	: 2
apicid		: 2
initial apicid	: 2
fpu		: yes
fpu_exception	: yes
cpuid level	: 13
wp		: yes
flags		: fpu vme de pse tsc msr pae mce cx8 apic sep mtrr pge mca cmov pat pse36 clflush dts acpi mmx fxsr sse sse2 ss ht tm pbe syscall nx pdpe1gb rdtscp lm constant_tsc arch_perfmon pebs bts rep_good nopl xtopology nonstop_tsc aperfmperf eagerfpu pni pclmulqdq dtes64 monitor ds_cpl vmx est tm2 ssse3 fma cx16 xtpr pdcm pcid sse4_1 sse4_2 movbe popcnt tsc_deadline_timer aes xsave avx f16c rdrand lahf_lm abm ida arat epb xsaveopt pln pts dtherm tpr_shadow vnmi flexpriority ept vpid fsgsbase tsc_adjust bmi1 avx2 smep bmi2 erms invpcid
bogomips	: 4788.98
clflush size	: 64
cache_alignment	: 64
address sizes	: 39 bits physical, 48 bits virtual
power management:

processor	: 3
vendor_id	: GenuineIntel
cpu family	: 6
model		: 69
model name	: Intel(R) Core(TM) i5-4210U CPU @ 1.70GHz
stepping	: 1
microcode	: 0x17
cpu MHz		: 1600.000
cache size	: 3072 KB
physical id	: 0
siblings	: 4
core id		: 1
cpu cores	: 2
apicid		: 3
initial apicid	: 3
fpu		: yes
fpu_exception	: yes
cpuid level	: 13
wp		: yes
flags		: fpu vme de pse tsc msr pae mce cx8 apic sep mtrr pge mca cmov pat pse36 clflush dts acpi mmx fxsr sse sse2 ss ht tm pbe syscall nx pdpe1gb rdtscp lm constant_tsc arch_perfmon pebs bts rep_good nopl xtopology nonstop_tsc aperfmperf eagerfpu pni pclmulqdq dtes64 monitor ds_cpl vmx est tm2 ssse3 fma cx16 xtpr pdcm pcid sse4_1 sse4_2 movbe popcnt tsc_deadline_timer aes xsave avx f16c rdrand lahf_lm abm ida arat epb xsaveopt pln pts dtherm tpr_shadow vnmi flexpriority ept vpid fsgsbase tsc_adjust bmi1 avx2 smep bmi2 erms invpcid
bogomips	: 4788.98
clflush size	: 64
cache_alignment	: 64
address sizes	: 39 bits physical, 48 bits virtual
power management:



Memory: 4k page, physical 8105184k(1154276k free), swap 0k(0k free)

vm_info: OpenJDK 64-Bit Server VM (24.65-b04) for linux-amd64 JRE (1.7.0_65-b32), built on Aug 23 2014 13:33:31 by "buildd" with gcc 4.8.2

time: Sat Sep 27 09:25:42 2014
elapsed time: 3098 seconds

