#
# There is insufficient memory for the Java Runtime Environment to continue.
# Native memory allocation (malloc) failed to allocate 56623104 bytes for committing reserved memory.
# Possible reasons:
#   The system is out of physical RAM or swap space
#   In 32 bit mode, the process size limit was hit
# Possible solutions:
#   Reduce memory load on the system
#   Increase physical memory or swap space
#   Check if swap backing store is full
#   Use 64 bit Java on a 64 bit OS
#   Decrease Java heap size (-Xmx/-Xms)
#   Decrease number of Java threads
#   Decrease Java thread stack sizes (-Xss)
#   Set larger code cache with -XX:ReservedCodeCacheSize=
# This output file may be truncated or incomplete.
#
#  Out of Memory Error (os_linux.cpp:2798), pid=3551, tid=139976104875776
#
# JRE version: OpenJDK Runtime Environment (7.0_65-b32) (build 1.7.0_65-b32)
# Java VM: OpenJDK 64-Bit Server VM (24.65-b04 mixed mode linux-amd64 compressed oops)
# Failed to write core dump. Core dumps have been disabled. To enable core dumping, try "ulimit -c unlimited" before starting Java again
#

---------------  T H R E A D  ---------------

Current thread (0x00007f4ec0075800):  VMThread [stack: 0x00007f4eb9f21000,0x00007f4eba022000] [id=3562]

Stack: [0x00007f4eb9f21000,0x00007f4eba022000],  sp=0x00007f4eba020490,  free space=1021k
Native frames: (J=compiled Java code, j=interpreted, Vv=VM code, C=native code)
V  [libjvm.so+0x948635]  VMError::report_and_die()+0x175
V  [libjvm.so+0x48b904]  report_vm_out_of_memory(char const*, int, unsigned long, char const*)+0x74
V  [libjvm.so+0x7c766b]  os::pd_commit_memory(char*, unsigned long, unsigned long, bool)+0xeb
V  [libjvm.so+0x7c212f]  os::commit_memory(char*, unsigned long, unsigned long, bool)+0x1f
V  [libjvm.so+0x8338bb]  PSVirtualSpace::expand_by(unsigned long)+0x5b
V  [libjvm.so+0x834710]  PSYoungGen::resize_generation(unsigned long, unsigned long)+0xb0
V  [libjvm.so+0x834dfb]  PSYoungGen::resize(unsigned long, unsigned long)+0x1b
V  [libjvm.so+0x8310e0]  PSScavenge::invoke_no_policy()+0xde0
V  [libjvm.so+0x8318b8]  PSScavenge::invoke()+0x38
V  [libjvm.so+0x7e8293]  ParallelScavengeHeap::failed_mem_allocate(unsigned long)+0x63
V  [libjvm.so+0x94a034]  VM_ParallelGCFailedAllocation::doit()+0x84
V  [libjvm.so+0x94e527]  VM_Operation::evaluate()+0x47
V  [libjvm.so+0x94ce98]  VMThread::evaluate_operation(VM_Operation*)+0x318
V  [libjvm.so+0x94d2f9]  VMThread::loop()+0x219
V  [libjvm.so+0x94d742]  VMThread::run()+0x72
V  [libjvm.so+0x7c4532]  java_start(Thread*)+0xf2

VM_Operation (0x00007f4ec670e600): ParallelGCFailedAllocation, mode: safepoint, requested by thread 0x00007f4ec000a000


---------------  P R O C E S S  ---------------

Java Threads: ( => current thread )
  0x00007f4ec00a4000 JavaThread "Service Thread" daemon [_thread_blocked, id=3568, stack(0x00007f4eb9239000,0x00007f4eb933a000)]
  0x00007f4ec00a2000 JavaThread "C2 CompilerThread1" daemon [_thread_blocked, id=3567, stack(0x00007f4eb933a000,0x00007f4eb943b000)]
  0x00007f4ec009f000 JavaThread "C2 CompilerThread0" daemon [_thread_in_native, id=3566, stack(0x00007f4eb943b000,0x00007f4eb953c000)]
  0x00007f4ec009d000 JavaThread "Signal Dispatcher" daemon [_thread_blocked, id=3565, stack(0x00007f4eb953c000,0x00007f4eb963d000)]
  0x00007f4ec007c000 JavaThread "Finalizer" daemon [_thread_blocked, id=3564, stack(0x00007f4eb9d1f000,0x00007f4eb9e20000)]
  0x00007f4ec007a000 JavaThread "Reference Handler" daemon [_thread_blocked, id=3563, stack(0x00007f4eb9e20000,0x00007f4eb9f21000)]
  0x00007f4ec000a000 JavaThread "main" [_thread_blocked, id=3555, stack(0x00007f4ec660f000,0x00007f4ec6710000)]

Other Threads:
=>0x00007f4ec0075800 VMThread [stack: 0x00007f4eb9f21000,0x00007f4eba022000] [id=3562]
  0x00007f4ec00af000 WatcherThread [stack: 0x00007f4eb9138000,0x00007f4eb9239000] [id=3569]

VM state:at safepoint (normal execution)

VM Mutex/Monitor currently owned by a thread:  ([mutex/lock_event])
[0x00007f4ec00064c0] Threads_lock - owner thread: 0x00007f4ec0075800
[0x00007f4ec00069c0] Heap_lock - owner thread: 0x00007f4ec000a000

Heap
 PSYoungGen      total 69632K, used 432K [0x00000007d6c00000, 0x00000007db500000, 0x0000000800000000)
  eden space 64512K, 0% used [0x00000007d6c00000,0x00000007d6c00000,0x00000007dab00000)
  from space 5120K, 8% used [0x00000007dab00000,0x00000007dab6c010,0x00000007db000000)
  to   space 5120K, 0% used [0x00000007db000000,0x00000007db000000,0x00000007db500000)
 ParOldGen       total 84480K, used 8K [0x0000000784400000, 0x0000000789680000, 0x00000007d6c00000)
  object space 84480K, 0% used [0x0000000784400000,0x0000000784402000,0x0000000789680000)
 PSPermGen       total 21504K, used 3515K [0x0000000779e00000, 0x000000077b300000, 0x0000000784400000)
  object space 21504K, 16% used [0x0000000779e00000,0x000000077a16ed20,0x000000077b300000)

Card table byte_map: [0x00007f4ebbd49000,0x00007f4ebc17b000] byte_map_base: 0x00007f4eb817a000

Polling page: 0x00007f4ec672c000

Code Cache  [0x00007f4ebc17b000, 0x00007f4ebc3eb000, 0x00007f4ebf17b000)
 total_blobs=212 nmethods=20 adapters=146 free_code_cache=48744Kb largest_free_block=49896704

Compilation events (10 events):
Event: 22.283 Thread 0x00007f4ec00a2000 nmethod 16 0x00007f4ebc1de590 code [0x00007f4ebc1de700, 0x00007f4ebc1de8a8]
Event: 22.313 Thread 0x00007f4ec009f000   17             java.nio.Buffer::limit (5 bytes)
Event: 22.313 Thread 0x00007f4ec009f000 nmethod 17 0x00007f4ebc1de390 code [0x00007f4ebc1de4c0, 0x00007f4ebc1de518]
Event: 22.358 Thread 0x00007f4ec00a2000   18             java.lang.StringBuilder::append (8 bytes)
Event: 22.364 Thread 0x00007f4ec00a2000 nmethod 18 0x00007f4ebc1dddd0 code [0x00007f4ebc1ddf40, 0x00007f4ebc1de0e8]
Event: 22.584 Thread 0x00007f4ec009f000   19             java.util.regex.Pattern$CharProperty::match (56 bytes)
Event: 22.595 Thread 0x00007f4ec009f000 nmethod 19 0x00007f4ebc1dfa90 code [0x00007f4ebc1dfc20, 0x00007f4ebc1dff48]
Event: 22.821 Thread 0x00007f4ec00a2000   20             java.lang.Math::min (11 bytes)
Event: 22.822 Thread 0x00007f4ec00a2000 nmethod 20 0x00007f4ebc1e24d0 code [0x00007f4ebc1e2600, 0x00007f4ebc1e2658]
Event: 22.914 Thread 0x00007f4ec009f000   21             java.lang.String::toLowerCase (431 bytes)

GC Heap History (9 events):
Event: 21.948 GC heap before
{Heap before GC invocations=1 (full 0):
 PSYoungGen      total 37376K, used 32256K [0x00000007d6c00000, 0x00000007d9580000, 0x0000000800000000)
  eden space 32256K, 100% used [0x00000007d6c00000,0x00000007d8b80000,0x00000007d8b80000)
  from space 5120K, 0% used [0x00000007d9080000,0x00000007d9080000,0x00000007d9580000)
  to   space 5120K, 0% used [0x00000007d8b80000,0x00000007d8b80000,0x00000007d9080000)
 ParOldGen       total 84480K, used 0K [0x0000000784400000, 0x0000000789680000, 0x00000007d6c00000)
  object space 84480K, 0% used [0x0000000784400000,0x0000000784400000,0x0000000789680000)
 PSPermGen       total 21504K, used 3504K [0x0000000779e00000, 0x000000077b300000, 0x0000000784400000)
  object space 21504K, 16% used [0x0000000779e00000,0x000000077a16c2d0,0x000000077b300000)
Event: 21.965 GC heap after
Heap after GC invocations=1 (full 0):
 PSYoungGen      total 37376K, used 464K [0x00000007d6c00000, 0x00000007d9580000, 0x0000000800000000)
  eden space 32256K, 0% used [0x00000007d6c00000,0x00000007d6c00000,0x00000007d8b80000)
  from space 5120K, 9% used [0x00000007d8b80000,0x00000007d8bf4010,0x00000007d9080000)
  to   space 5120K, 0% used [0x00000007d9080000,0x00000007d9080000,0x00000007d9580000)
 ParOldGen       total 84480K, used 0K [0x0000000784400000, 0x0000000789680000, 0x00000007d6c00000)
  object space 84480K, 0% used [0x0000000784400000,0x0000000784400000,0x0000000789680000)
 PSPermGen       total 21504K, used 3504K [0x0000000779e00000, 0x000000077b300000, 0x0000000784400000)
  object space 21504K, 16% used [0x0000000779e00000,0x000000077a16c2d0,0x000000077b300000)
}
Event: 22.336 GC heap before
{Heap before GC invocations=2 (full 0):
 PSYoungGen      total 37376K, used 32720K [0x00000007d6c00000, 0x00000007d9580000, 0x0000000800000000)
  eden space 32256K, 100% used [0x00000007d6c00000,0x00000007d8b80000,0x00000007d8b80000)
  from space 5120K, 9% used [0x00000007d8b80000,0x00000007d8bf4010,0x00000007d9080000)
  to   space 5120K, 0% used [0x00000007d9080000,0x00000007d9080000,0x00000007d9580000)
 ParOldGen       total 84480K, used 0K [0x0000000784400000, 0x0000000789680000, 0x00000007d6c00000)
  object space 84480K, 0% used [0x0000000784400000,0x0000000784400000,0x0000000789680000)
 PSPermGen       total 21504K, used 3514K [0x0000000779e00000, 0x000000077b300000, 0x0000000784400000)
  object space 21504K, 16% used [0x0000000779e00000,0x000000077a16eb48,0x000000077b300000)
Event: 22.353 GC heap after
Heap after GC invocations=2 (full 0):
 PSYoungGen      total 37376K, used 432K [0x00000007d6c00000, 0x00000007db500000, 0x0000000800000000)
  eden space 32256K, 0% used [0x00000007d6c00000,0x00000007d6c00000,0x00000007d8b80000)
  from space 5120K, 8% used [0x00000007d9080000,0x00000007d90ec010,0x00000007d9580000)
  to   space 5120K, 0% used [0x00000007d8b80000,0x00000007d8b80000,0x00000007d9080000)
 ParOldGen       total 84480K, used 0K [0x0000000784400000, 0x0000000789680000, 0x00000007d6c00000)
  object space 84480K, 0% used [0x0000000784400000,0x0000000784400000,0x0000000789680000)
 PSPermGen       total 21504K, used 3514K [0x0000000779e00000, 0x000000077b300000, 0x0000000784400000)
  object space 21504K, 16% used [0x0000000779e00000,0x000000077a16eb48,0x000000077b300000)
}
Event: 22.523 GC heap before
{Heap before GC invocations=3 (full 0):
 PSYoungGen      total 37376K, used 32688K [0x00000007d6c00000, 0x00000007db500000, 0x0000000800000000)
  eden space 32256K, 100% used [0x00000007d6c00000,0x00000007d8b80000,0x00000007d8b80000)
  from space 5120K, 8% used [0x00000007d9080000,0x00000007d90ec010,0x00000007d9580000)
  to   space 5120K, 0% used [0x00000007d8b80000,0x00000007d8b80000,0x00000007d9080000)
 ParOldGen       total 84480K, used 0K [0x0000000784400000, 0x0000000789680000, 0x00000007d6c00000)
  object space 84480K, 0% used [0x0000000784400000,0x0000000784400000,0x0000000789680000)
 PSPermGen       total 21504K, used 3515K [0x0000000779e00000, 0x000000077b300000, 0x0000000784400000)
  object space 21504K, 16% used [0x0000000779e00000,0x000000077a16ed20,0x000000077b300000)
Event: 22.529 GC heap after
Heap after GC invocations=3 (full 0):
 PSYoungGen      total 37376K, used 432K [0x00000007d6c00000, 0x00000007db500000, 0x0000000800000000)
  eden space 32256K, 0% used [0x00000007d6c00000,0x00000007d6c00000,0x00000007d8b80000)
  from space 5120K, 8% used [0x00000007d8b80000,0x00000007d8bec010,0x00000007d9080000)
  to   space 5120K, 0% used [0x00000007db000000,0x00000007db000000,0x00000007db500000)
 ParOldGen       total 84480K, used 0K [0x0000000784400000, 0x0000000789680000, 0x00000007d6c00000)
  object space 84480K, 0% used [0x0000000784400000,0x0000000784400000,0x0000000789680000)
 PSPermGen       total 21504K, used 3515K [0x0000000779e00000, 0x000000077b300000, 0x0000000784400000)
  object space 21504K, 16% used [0x0000000779e00000,0x000000077a16ed20,0x000000077b300000)
}
Event: 22.674 GC heap before
{Heap before GC invocations=4 (full 0):
 PSYoungGen      total 37376K, used 32678K [0x00000007d6c00000, 0x00000007db500000, 0x0000000800000000)
  eden space 32256K, 99% used [0x00000007d6c00000,0x00000007d8b7d860,0x00000007d8b80000)
  from space 5120K, 8% used [0x00000007d8b80000,0x00000007d8bec010,0x00000007d9080000)
  to   space 5120K, 0% used [0x00000007db000000,0x00000007db000000,0x00000007db500000)
 ParOldGen       total 84480K, used 0K [0x0000000784400000, 0x0000000789680000, 0x00000007d6c00000)
  object space 84480K, 0% used [0x0000000784400000,0x0000000784400000,0x0000000789680000)
 PSPermGen       total 21504K, used 3515K [0x0000000779e00000, 0x000000077b300000, 0x0000000784400000)
  object space 21504K, 16% used [0x0000000779e00000,0x000000077a16ed20,0x000000077b300000)
Event: 22.691 GC heap after
Heap after GC invocations=4 (full 0):
 PSYoungGen      total 69632K, used 464K [0x00000007d6c00000, 0x00000007db500000, 0x0000000800000000)
  eden space 64512K, 0% used [0x00000007d6c00000,0x00000007d6c00000,0x00000007dab00000)
  from space 5120K, 9% used [0x00000007db000000,0x00000007db074010,0x00000007db500000)
  to   space 5120K, 0% used [0x00000007dab00000,0x00000007dab00000,0x00000007db000000)
 ParOldGen       total 84480K, used 8K [0x0000000784400000, 0x0000000789680000, 0x00000007d6c00000)
  object space 84480K, 0% used [0x0000000784400000,0x0000000784402000,0x0000000789680000)
 PSPermGen       total 21504K, used 3515K [0x0000000779e00000, 0x000000077b300000, 0x0000000784400000)
  object space 21504K, 16% used [0x0000000779e00000,0x000000077a16ed20,0x000000077b300000)
}
Event: 23.019 GC heap before
{Heap before GC invocations=5 (full 0):
 PSYoungGen      total 69632K, used 64976K [0x00000007d6c00000, 0x00000007db500000, 0x0000000800000000)
  eden space 64512K, 100% used [0x00000007d6c00000,0x00000007dab00000,0x00000007dab00000)
  from space 5120K, 9% used [0x00000007db000000,0x00000007db074010,0x00000007db500000)
  to   space 5120K, 0% used [0x00000007dab00000,0x00000007dab00000,0x00000007db000000)
 ParOldGen       total 84480K, used 8K [0x0000000784400000, 0x0000000789680000, 0x00000007d6c00000)
  object space 84480K, 0% used [0x0000000784400000,0x0000000784402000,0x0000000789680000)
 PSPermGen       total 21504K, used 3515K [0x0000000779e00000, 0x000000077b300000, 0x0000000784400000)
  object space 21504K, 16% used [0x0000000779e00000,0x000000077a16ed20,0x000000077b300000)

Deoptimization events (0 events):
No events

Internal exceptions (10 events):
Event: 0.901 Thread 0x00007f4ec000a000 Threw 0x00000007d6c575d8 at /build/buildd/openjdk-7-7u65-2.5.1/build/openjdk/hotspot/src/share/vm/prims/jvm.cpp:1247
Event: 0.902 Thread 0x00007f4ec000a000 Threw 0x00000007d6c5c4a0 at /build/buildd/openjdk-7-7u65-2.5.1/build/openjdk/hotspot/src/share/vm/prims/jvm.cpp:1247
Event: 0.922 Thread 0x00007f4ec000a000 Threw 0x00000007d6c600e8 at /build/buildd/openjdk-7-7u65-2.5.1/build/openjdk/hotspot/src/share/vm/prims/jvm.cpp:1247
Event: 0.948 Thread 0x00007f4ec000a000 Threw 0x00000007d6c62aa0 at /build/buildd/openjdk-7-7u65-2.5.1/build/openjdk/hotspot/src/share/vm/prims/jvm.cpp:1247
Event: 18.955 Thread 0x00007f4ec000a000 Threw 0x00000007d6d51de0 at /build/buildd/openjdk-7-7u65-2.5.1/build/openjdk/hotspot/src/share/vm/prims/jvm.cpp:1247
Event: 18.955 Thread 0x00007f4ec000a000 Threw 0x00000007d6d51f08 at /build/buildd/openjdk-7-7u65-2.5.1/build/openjdk/hotspot/src/share/vm/prims/jvm.cpp:1247
Event: 18.957 Thread 0x00007f4ec000a000 Threw 0x00000007d6d544b8 at /build/buildd/openjdk-7-7u65-2.5.1/build/openjdk/hotspot/src/share/vm/prims/jvm.cpp:1247
Event: 18.957 Thread 0x00007f4ec000a000 Threw 0x00000007d6d545e0 at /build/buildd/openjdk-7-7u65-2.5.1/build/openjdk/hotspot/src/share/vm/prims/jvm.cpp:1247
Event: 18.957 Thread 0x00007f4ec000a000 Threw 0x00000007d6d54ee0 at /build/buildd/openjdk-7-7u65-2.5.1/build/openjdk/hotspot/src/share/vm/prims/jvm.cpp:1247
Event: 18.958 Thread 0x00007f4ec000a000 Threw 0x00000007d6d55008 at /build/buildd/openjdk-7-7u65-2.5.1/build/openjdk/hotspot/src/share/vm/prims/jvm.cpp:1247

Events (10 events):
Event: 22.276 Executing VM operation: RevokeBias done
Event: 22.276 Executing VM operation: RevokeBias
Event: 22.276 Executing VM operation: RevokeBias done
Event: 22.335 Executing VM operation: ParallelGCFailedAllocation
Event: 22.353 Executing VM operation: ParallelGCFailedAllocation done
Event: 22.523 Executing VM operation: ParallelGCFailedAllocation
Event: 22.529 Executing VM operation: ParallelGCFailedAllocation done
Event: 22.674 Executing VM operation: ParallelGCFailedAllocation
Event: 22.691 Executing VM operation: ParallelGCFailedAllocation done
Event: 23.019 Executing VM operation: ParallelGCFailedAllocation


Dynamic libraries:
00400000-00401000 r-xp 00000000 08:05 5115745                            /usr/lib/jvm/java-7-openjdk-amd64/jre/bin/java
00600000-00601000 r--p 00000000 08:05 5115745                            /usr/lib/jvm/java-7-openjdk-amd64/jre/bin/java
00601000-00602000 rw-p 00001000 08:05 5115745                            /usr/lib/jvm/java-7-openjdk-amd64/jre/bin/java
00789000-007aa000 rw-p 00000000 00:00 0                                  [heap]
779e00000-77b300000 rw-p 00000000 00:00 0 
77b300000-784400000 rw-p 00000000 00:00 0 
784400000-789680000 rw-p 00000000 00:00 0 
789680000-7d6c00000 rw-p 00000000 00:00 0 
7d6c00000-7db500000 rw-p 00000000 00:00 0 
7deb00000-800000000 rw-p 00000000 00:00 0 
7f4e78000000-7f4e78021000 rw-p 00000000 00:00 0 
7f4e78021000-7f4e7c000000 ---p 00000000 00:00 0 
7f4e80000000-7f4e800a0000 rw-p 00000000 00:00 0 
7f4e800a0000-7f4e84000000 ---p 00000000 00:00 0 
7f4e84000000-7f4e84021000 rw-p 00000000 00:00 0 
7f4e84021000-7f4e88000000 ---p 00000000 00:00 0 
7f4e88000000-7f4e88021000 rw-p 00000000 00:00 0 
7f4e88021000-7f4e8c000000 ---p 00000000 00:00 0 
7f4e8c000000-7f4e8c101000 rw-p 00000000 00:00 0 
7f4e8c101000-7f4e90000000 ---p 00000000 00:00 0 
7f4e90000000-7f4e90021000 rw-p 00000000 00:00 0 
7f4e90021000-7f4e94000000 ---p 00000000 00:00 0 
7f4e94000000-7f4e94021000 rw-p 00000000 00:00 0 
7f4e94021000-7f4e98000000 ---p 00000000 00:00 0 
7f4e98000000-7f4e98021000 rw-p 00000000 00:00 0 
7f4e98021000-7f4e9c000000 ---p 00000000 00:00 0 
7f4e9fcf0000-7f4ea4000000 rw-p 00000000 00:00 0 
7f4ea4000000-7f4ea4021000 rw-p 00000000 00:00 0 
7f4ea4021000-7f4ea8000000 ---p 00000000 00:00 0 
7f4ea8000000-7f4ea8021000 rw-p 00000000 00:00 0 
7f4ea8021000-7f4eac000000 ---p 00000000 00:00 0 
7f4eac000000-7f4eac021000 rw-p 00000000 00:00 0 
7f4eac021000-7f4eb0000000 ---p 00000000 00:00 0 
7f4eb4000000-7f4eb4021000 rw-p 00000000 00:00 0 
7f4eb4021000-7f4eb8000000 ---p 00000000 00:00 0 
7f4eb8efe000-7f4eb9138000 rw-p 00000000 00:00 0 
7f4eb9138000-7f4eb9139000 ---p 00000000 00:00 0 
7f4eb9139000-7f4eb9239000 rw-p 00000000 00:00 0                          [stack:3569]
7f4eb9239000-7f4eb923c000 ---p 00000000 00:00 0 
7f4eb923c000-7f4eb933a000 rw-p 00000000 00:00 0                          [stack:3568]
7f4eb933a000-7f4eb933d000 ---p 00000000 00:00 0 
7f4eb933d000-7f4eb943b000 rw-p 00000000 00:00 0                          [stack:3567]
7f4eb943b000-7f4eb943e000 ---p 00000000 00:00 0 
7f4eb943e000-7f4eb953c000 rw-p 00000000 00:00 0                          [stack:3566]
7f4eb953c000-7f4eb953f000 ---p 00000000 00:00 0 
7f4eb953f000-7f4eb963d000 rw-p 00000000 00:00 0                          [stack:3565]
7f4eb963d000-7f4eb9d1f000 r--p 00000000 08:05 4725374                    /usr/lib/locale/locale-archive
7f4eb9d1f000-7f4eb9d22000 ---p 00000000 00:00 0 
7f4eb9d22000-7f4eb9e20000 rw-p 00000000 00:00 0                          [stack:3564]
7f4eb9e20000-7f4eb9e23000 ---p 00000000 00:00 0 
7f4eb9e23000-7f4eb9f21000 rw-p 00000000 00:00 0                          [stack:3563]
7f4eb9f21000-7f4eb9f22000 ---p 00000000 00:00 0 
7f4eb9f22000-7f4ebaffe000 rw-p 00000000 00:00 0                          [stack:3562]
7f4ebaffe000-7f4ebb1af000 r--s 01d21000 08:05 5114452                    /usr/lib/jvm/java-7-openjdk-amd64/jre/lib/rt.jar
7f4ebb1af000-7f4ebb6b1000 rw-p 00000000 00:00 0 
7f4ebb6b1000-7f4ebb6b2000 ---p 00000000 00:00 0 
7f4ebb6b2000-7f4ebb7b2000 rw-p 00000000 00:00 0                          [stack:3561]
7f4ebb7b2000-7f4ebb7b3000 ---p 00000000 00:00 0 
7f4ebb7b3000-7f4ebb8b3000 rw-p 00000000 00:00 0                          [stack:3560]
7f4ebb8b3000-7f4ebb8b4000 ---p 00000000 00:00 0 
7f4ebb8b4000-7f4ebb9b4000 rw-p 00000000 00:00 0                          [stack:3559]
7f4ebb9b4000-7f4ebb9b5000 ---p 00000000 00:00 0 
7f4ebb9b5000-7f4ebbadf000 rw-p 00000000 00:00 0                          [stack:3558]
7f4ebbadf000-7f4ebbd49000 rw-p 00000000 00:00 0 
7f4ebbd49000-7f4ebbd54000 rw-p 00000000 00:00 0 
7f4ebbd54000-7f4ebbd9c000 rw-p 00000000 00:00 0 
7f4ebbd9c000-7f4ebbdc6000 rw-p 00000000 00:00 0 
7f4ebbdc6000-7f4ebc030000 rw-p 00000000 00:00 0 
7f4ebc030000-7f4ebc055000 rw-p 00000000 00:00 0 
7f4ebc055000-7f4ebc17a000 rw-p 00000000 00:00 0 
7f4ebc17a000-7f4ebc17b000 rw-p 00000000 00:00 0 
7f4ebc17b000-7f4ebc3eb000 rwxp 00000000 00:00 0 
7f4ebc3eb000-7f4ebf17b000 rw-p 00000000 00:00 0 
7f4ebf17b000-7f4ebf183000 r-xp 00000000 08:05 5111914                    /usr/lib/jvm/java-7-openjdk-amd64/jre/lib/amd64/libzip.so
7f4ebf183000-7f4ebf382000 ---p 00008000 08:05 5111914                    /usr/lib/jvm/java-7-openjdk-amd64/jre/lib/amd64/libzip.so
7f4ebf382000-7f4ebf383000 r--p 00007000 08:05 5111914                    /usr/lib/jvm/java-7-openjdk-amd64/jre/lib/amd64/libzip.so
7f4ebf383000-7f4ebf384000 rw-p 00008000 08:05 5111914                    /usr/lib/jvm/java-7-openjdk-amd64/jre/lib/amd64/libzip.so
7f4ebf384000-7f4ebf38f000 r-xp 00000000 08:05 5510180                    /lib/x86_64-linux-gnu/libnss_files-2.19.so
7f4ebf38f000-7f4ebf58e000 ---p 0000b000 08:05 5510180                    /lib/x86_64-linux-gnu/libnss_files-2.19.so
7f4ebf58e000-7f4ebf58f000 r--p 0000a000 08:05 5510180                    /lib/x86_64-linux-gnu/libnss_files-2.19.so
7f4ebf58f000-7f4ebf590000 rw-p 0000b000 08:05 5510180                    /lib/x86_64-linux-gnu/libnss_files-2.19.so
7f4ebf590000-7f4ebf59b000 r-xp 00000000 08:05 5510181                    /lib/x86_64-linux-gnu/libnss_nis-2.19.so
7f4ebf59b000-7f4ebf79a000 ---p 0000b000 08:05 5510181                    /lib/x86_64-linux-gnu/libnss_nis-2.19.so
7f4ebf79a000-7f4ebf79b000 r--p 0000a000 08:05 5510181                    /lib/x86_64-linux-gnu/libnss_nis-2.19.so
7f4ebf79b000-7f4ebf79c000 rw-p 0000b000 08:05 5510181                    /lib/x86_64-linux-gnu/libnss_nis-2.19.so
7f4ebf79c000-7f4ebf7b3000 r-xp 00000000 08:05 5510167                    /lib/x86_64-linux-gnu/libnsl-2.19.so
7f4ebf7b3000-7f4ebf9b2000 ---p 00017000 08:05 5510167                    /lib/x86_64-linux-gnu/libnsl-2.19.so
7f4ebf9b2000-7f4ebf9b3000 r--p 00016000 08:05 5510167                    /lib/x86_64-linux-gnu/libnsl-2.19.so
7f4ebf9b3000-7f4ebf9b4000 rw-p 00017000 08:05 5510167                    /lib/x86_64-linux-gnu/libnsl-2.19.so
7f4ebf9b4000-7f4ebf9b6000 rw-p 00000000 00:00 0 
7f4ebf9b6000-7f4ebf9bf000 r-xp 00000000 08:05 5510134                    /lib/x86_64-linux-gnu/libnss_compat-2.19.so
7f4ebf9bf000-7f4ebfbbe000 ---p 00009000 08:05 5510134                    /lib/x86_64-linux-gnu/libnss_compat-2.19.so
7f4ebfbbe000-7f4ebfbbf000 r--p 00008000 08:05 5510134                    /lib/x86_64-linux-gnu/libnss_compat-2.19.so
7f4ebfbbf000-7f4ebfbc0000 rw-p 00009000 08:05 5510134                    /lib/x86_64-linux-gnu/libnss_compat-2.19.so
7f4ebfbc0000-7f4ebfbeb000 r-xp 00000000 08:05 5111911                    /usr/lib/jvm/java-7-openjdk-amd64/jre/lib/amd64/libjava.so
7f4ebfbeb000-7f4ebfdeb000 ---p 0002b000 08:05 5111911                    /usr/lib/jvm/java-7-openjdk-amd64/jre/lib/amd64/libjava.so
7f4ebfdeb000-7f4ebfdec000 r--p 0002b000 08:05 5111911                    /usr/lib/jvm/java-7-openjdk-amd64/jre/lib/amd64/libjava.so
7f4ebfdec000-7f4ebfdee000 rw-p 0002c000 08:05 5111911                    /usr/lib/jvm/java-7-openjdk-amd64/jre/lib/amd64/libjava.so
7f4ebfdee000-7f4ebfdfe000 r-xp 00000000 08:05 5111928                    /usr/lib/jvm/java-7-openjdk-amd64/jre/lib/amd64/libverify.so
7f4ebfdfe000-7f4ebfffd000 ---p 00010000 08:05 5111928                    /usr/lib/jvm/java-7-openjdk-amd64/jre/lib/amd64/libverify.so
7f4ebfffd000-7f4ebffff000 r--p 0000f000 08:05 5111928                    /usr/lib/jvm/java-7-openjdk-amd64/jre/lib/amd64/libverify.so
7f4ebffff000-7f4ec0000000 rw-p 00011000 08:05 5111928                    /usr/lib/jvm/java-7-openjdk-amd64/jre/lib/amd64/libverify.so
7f4ec0000000-7f4ec0137000 rw-p 00000000 00:00 0 
7f4ec0137000-7f4ec4000000 ---p 00000000 00:00 0 
7f4ec4010000-7f4ec408e000 rw-p 00000000 00:00 0 
7f4ec408e000-7f4ec40d6000 rw-p 00000000 00:00 0 
7f4ec40d6000-7f4ec40dd000 r-xp 00000000 08:05 5510169                    /lib/x86_64-linux-gnu/librt-2.19.so
7f4ec40dd000-7f4ec42dc000 ---p 00007000 08:05 5510169                    /lib/x86_64-linux-gnu/librt-2.19.so
7f4ec42dc000-7f4ec42dd000 r--p 00006000 08:05 5510169                    /lib/x86_64-linux-gnu/librt-2.19.so
7f4ec42dd000-7f4ec42de000 rw-p 00007000 08:05 5510169                    /lib/x86_64-linux-gnu/librt-2.19.so
7f4ec42de000-7f4ec42f4000 r-xp 00000000 08:05 5509026                    /lib/x86_64-linux-gnu/libgcc_s.so.1
7f4ec42f4000-7f4ec44f3000 ---p 00016000 08:05 5509026                    /lib/x86_64-linux-gnu/libgcc_s.so.1
7f4ec44f3000-7f4ec44f4000 rw-p 00015000 08:05 5509026                    /lib/x86_64-linux-gnu/libgcc_s.so.1
7f4ec44f4000-7f4ec45f9000 r-xp 00000000 08:05 5510176                    /lib/x86_64-linux-gnu/libm-2.19.so
7f4ec45f9000-7f4ec47f8000 ---p 00105000 08:05 5510176                    /lib/x86_64-linux-gnu/libm-2.19.so
7f4ec47f8000-7f4ec47f9000 r--p 00104000 08:05 5510176                    /lib/x86_64-linux-gnu/libm-2.19.so
7f4ec47f9000-7f4ec47fa000 rw-p 00105000 08:05 5510176                    /lib/x86_64-linux-gnu/libm-2.19.so
7f4ec47fa000-7f4ec48e0000 r-xp 00000000 08:05 4727270                    /usr/lib/x86_64-linux-gnu/libstdc++.so.6.0.19
7f4ec48e0000-7f4ec4adf000 ---p 000e6000 08:05 4727270                    /usr/lib/x86_64-linux-gnu/libstdc++.so.6.0.19
7f4ec4adf000-7f4ec4ae7000 r--p 000e5000 08:05 4727270                    /usr/lib/x86_64-linux-gnu/libstdc++.so.6.0.19
7f4ec4ae7000-7f4ec4ae9000 rw-p 000ed000 08:05 4727270                    /usr/lib/x86_64-linux-gnu/libstdc++.so.6.0.19
7f4ec4ae9000-7f4ec4afe000 rw-p 00000000 00:00 0 
7f4ec4afe000-7f4ec5614000 r-xp 00000000 08:05 5111942                    /usr/lib/jvm/java-7-openjdk-amd64/jre/lib/amd64/server/libjvm.so
7f4ec5614000-7f4ec5813000 ---p 00b16000 08:05 5111942                    /usr/lib/jvm/java-7-openjdk-amd64/jre/lib/amd64/server/libjvm.so
7f4ec5813000-7f4ec58ad000 r--p 00b15000 08:05 5111942                    /usr/lib/jvm/java-7-openjdk-amd64/jre/lib/amd64/server/libjvm.so
7f4ec58ad000-7f4ec58d0000 rw-p 00baf000 08:05 5111942                    /usr/lib/jvm/java-7-openjdk-amd64/jre/lib/amd64/server/libjvm.so
7f4ec58d0000-7f4ec58fe000 rw-p 00000000 00:00 0 
7f4ec58fe000-7f4ec5916000 r-xp 00000000 08:05 5509162                    /lib/x86_64-linux-gnu/libz.so.1.2.8
7f4ec5916000-7f4ec5b15000 ---p 00018000 08:05 5509162                    /lib/x86_64-linux-gnu/libz.so.1.2.8
7f4ec5b15000-7f4ec5b16000 r--p 00017000 08:05 5509162                    /lib/x86_64-linux-gnu/libz.so.1.2.8
7f4ec5b16000-7f4ec5b17000 rw-p 00018000 08:05 5509162                    /lib/x86_64-linux-gnu/libz.so.1.2.8
7f4ec5b17000-7f4ec5b30000 r-xp 00000000 08:05 5510186                    /lib/x86_64-linux-gnu/libpthread-2.19.so
7f4ec5b30000-7f4ec5d2f000 ---p 00019000 08:05 5510186                    /lib/x86_64-linux-gnu/libpthread-2.19.so
7f4ec5d2f000-7f4ec5d30000 r--p 00018000 08:05 5510186                    /lib/x86_64-linux-gnu/libpthread-2.19.so
7f4ec5d30000-7f4ec5d31000 rw-p 00019000 08:05 5510186                    /lib/x86_64-linux-gnu/libpthread-2.19.so
7f4ec5d31000-7f4ec5d35000 rw-p 00000000 00:00 0 
7f4ec5d35000-7f4ec5d38000 r-xp 00000000 08:05 5510185                    /lib/x86_64-linux-gnu/libdl-2.19.so
7f4ec5d38000-7f4ec5f37000 ---p 00003000 08:05 5510185                    /lib/x86_64-linux-gnu/libdl-2.19.so
7f4ec5f37000-7f4ec5f38000 r--p 00002000 08:05 5510185                    /lib/x86_64-linux-gnu/libdl-2.19.so
7f4ec5f38000-7f4ec5f39000 rw-p 00003000 08:05 5510185                    /lib/x86_64-linux-gnu/libdl-2.19.so
7f4ec5f39000-7f4ec60f4000 r-xp 00000000 08:05 5510173                    /lib/x86_64-linux-gnu/libc-2.19.so
7f4ec60f4000-7f4ec62f4000 ---p 001bb000 08:05 5510173                    /lib/x86_64-linux-gnu/libc-2.19.so
7f4ec62f4000-7f4ec62f8000 r--p 001bb000 08:05 5510173                    /lib/x86_64-linux-gnu/libc-2.19.so
7f4ec62f8000-7f4ec62fa000 rw-p 001bf000 08:05 5510173                    /lib/x86_64-linux-gnu/libc-2.19.so
7f4ec62fa000-7f4ec62ff000 rw-p 00000000 00:00 0 
7f4ec62ff000-7f4ec630c000 r-xp 00000000 08:05 5111948                    /usr/lib/jvm/java-7-openjdk-amd64/jre/lib/amd64/jli/libjli.so
7f4ec630c000-7f4ec650b000 ---p 0000d000 08:05 5111948                    /usr/lib/jvm/java-7-openjdk-amd64/jre/lib/amd64/jli/libjli.so
7f4ec650b000-7f4ec650c000 r--p 0000c000 08:05 5111948                    /usr/lib/jvm/java-7-openjdk-amd64/jre/lib/amd64/jli/libjli.so
7f4ec650c000-7f4ec650d000 rw-p 0000d000 08:05 5111948                    /usr/lib/jvm/java-7-openjdk-amd64/jre/lib/amd64/jli/libjli.so
7f4ec650d000-7f4ec6530000 r-xp 00000000 08:05 5510174                    /lib/x86_64-linux-gnu/ld-2.19.so
7f4ec6549000-7f4ec654c000 r--s 0003c000 08:05 5111965                    /usr/lib/jvm/java-7-openjdk-amd64/jre/lib/ext/sunpkcs11.jar
7f4ec654c000-7f4ec654f000 r--s 0000f000 08:05 5111961                    /usr/lib/jvm/java-7-openjdk-amd64/jre/lib/ext/pulse-java.jar
7f4ec654f000-7f4ec6559000 rw-p 00000000 00:00 0 
7f4ec6559000-7f4ec660f000 rw-p 00000000 00:00 0 
7f4ec660f000-7f4ec6612000 ---p 00000000 00:00 0 
7f4ec6612000-7f4ec6715000 rw-p 00000000 00:00 0                          [stack:3555]
7f4ec6716000-7f4ec6717000 rw-p 00000000 00:00 0 
7f4ec6717000-7f4ec6719000 r--s 00006000 08:05 5117819                    /usr/share/java/java-atk-wrapper.jar
7f4ec6719000-7f4ec671c000 r--s 00032000 08:05 5111963                    /usr/lib/jvm/java-7-openjdk-amd64/jre/lib/ext/sunjce_provider.jar
7f4ec671c000-7f4ec671e000 r--s 00012000 08:05 5111962                    /usr/lib/jvm/java-7-openjdk-amd64/jre/lib/ext/zipfs.jar
7f4ec671e000-7f4ec6722000 r--s 00085000 08:05 5111960                    /usr/lib/jvm/java-7-openjdk-amd64/jre/lib/ext/localedata.jar
7f4ec6722000-7f4ec6723000 r--s 00002000 08:05 5111964                    /usr/lib/jvm/java-7-openjdk-amd64/jre/lib/ext/dnsns.jar
7f4ec6723000-7f4ec672b000 rw-s 00000000 08:05 3407968                    /tmp/hsperfdata_pritika/3551
7f4ec672b000-7f4ec672c000 rw-p 00000000 00:00 0 
7f4ec672c000-7f4ec672d000 ---p 00000000 00:00 0 
7f4ec672d000-7f4ec672f000 rw-p 00000000 00:00 0 
7f4ec672f000-7f4ec6730000 r--p 00022000 08:05 5510174                    /lib/x86_64-linux-gnu/ld-2.19.so
7f4ec6730000-7f4ec6731000 rw-p 00023000 08:05 5510174                    /lib/x86_64-linux-gnu/ld-2.19.so
7f4ec6731000-7f4ec6732000 rw-p 00000000 00:00 0 
7fff1773a000-7fff1775b000 rw-p 00000000 00:00 0                          [stack]
7fff177c8000-7fff177ca000 r-xp 00000000 00:00 0                          [vdso]
ffffffffff600000-ffffffffff601000 r-xp 00000000 00:00 0                  [vsyscall]

VM Arguments:
jvm_args: -Dfile.encoding=UTF-8 
java_command: edu.buffalo.cse.irf14.Runner
Launcher Type: SUN_STANDARD

Environment Variables:
PATH=/usr/local/sbin:/usr/local/bin:/usr/sbin:/usr/bin:/sbin:/bin:/usr/games:/usr/local/games
SHELL=/bin/bash
DISPLAY=:0.0

Signal Handlers:
SIGSEGV: [libjvm.so+0x949110], sa_mask[0]=0x7ffbfeff, sa_flags=0x10000004
SIGBUS: [libjvm.so+0x949110], sa_mask[0]=0x7ffbfeff, sa_flags=0x10000004
SIGFPE: [libjvm.so+0x7c2e80], sa_mask[0]=0x7ffbfeff, sa_flags=0x10000004
SIGPIPE: [libjvm.so+0x7c2e80], sa_mask[0]=0x7ffbfeff, sa_flags=0x10000004
SIGXFSZ: [libjvm.so+0x7c2e80], sa_mask[0]=0x7ffbfeff, sa_flags=0x10000004
SIGILL: [libjvm.so+0x7c2e80], sa_mask[0]=0x7ffbfeff, sa_flags=0x10000004
SIGUSR1: SIG_DFL, sa_mask[0]=0x00000000, sa_flags=0x00000000
SIGUSR2: [libjvm.so+0x7c2d20], sa_mask[0]=0x00000004, sa_flags=0x10000004
SIGHUP: [libjvm.so+0x7c2f00], sa_mask[0]=0x7ffbfeff, sa_flags=0x10000004
SIGINT: [libjvm.so+0x7c2f00], sa_mask[0]=0x7ffbfeff, sa_flags=0x10000004
SIGTERM: [libjvm.so+0x7c2f00], sa_mask[0]=0x7ffbfeff, sa_flags=0x10000004
SIGQUIT: [libjvm.so+0x7c2f00], sa_mask[0]=0x7ffbfeff, sa_flags=0x10000004
SIGTRAP: SIG_DFL, sa_mask[0]=0x00000000, sa_flags=0x00000000


---------------  S Y S T E M  ---------------

OS:Ubuntu 14.04 (trusty)
uname:Linux 3.13.0-35-generic #62-Ubuntu SMP Fri Aug 15 01:58:42 UTC 2014 x86_64
libc:glibc 2.19 NPTL 2.19 
rlimit: STACK 8192k, CORE 0k, NPROC 62612, NOFILE 4096, AS infinity
load average:22.78 12.78 6.87

/proc/meminfo:
MemTotal:        8105184 kB
MemFree:          110944 kB
Buffers:             192 kB
Cached:           280540 kB
SwapCached:            0 kB
Active:          7526276 kB
Inactive:         273744 kB
Active(anon):    7521188 kB
Inactive(anon):   268508 kB
Active(file):       5088 kB
Inactive(file):     5236 kB
Unevictable:          32 kB
Mlocked:              32 kB
SwapTotal:             0 kB
SwapFree:              0 kB
Dirty:               396 kB
Writeback:             0 kB
AnonPages:       7519652 kB
Mapped:            66344 kB
Shmem:            270080 kB
Slab:              50532 kB
SReclaimable:      20172 kB
SUnreclaim:        30360 kB
KernelStack:        5632 kB
PageTables:        46840 kB
NFS_Unstable:          0 kB
Bounce:                0 kB
WritebackTmp:          0 kB
CommitLimit:     4052592 kB
Committed_AS:   12259412 kB
VmallocTotal:   34359738367 kB
VmallocUsed:      555976 kB
VmallocChunk:   34359168600 kB
HardwareCorrupted:     0 kB
AnonHugePages:   6111232 kB
HugePages_Total:       0
HugePages_Free:        0
HugePages_Rsvd:        0
HugePages_Surp:        0
Hugepagesize:       2048 kB
DirectMap4k:       60032 kB
DirectMap2M:     3014656 kB
DirectMap1G:     5242880 kB


CPU:total 4 (2 cores per cpu, 2 threads per core) family 6 model 69 stepping 1, cmov, cx8, fxsr, mmx, sse, sse2, sse3, ssse3, sse4.1, sse4.2, popcnt, avx, avx2, aes, erms, ht, tsc, tscinvbit

/proc/cpuinfo:
processor	: 0
vendor_id	: GenuineIntel
cpu family	: 6
model		: 69
model name	: Intel(R) Core(TM) i5-4210U CPU @ 1.70GHz
stepping	: 1
microcode	: 0x17
cpu MHz		: 1600.000
cache size	: 3072 KB
physical id	: 0
siblings	: 4
core id		: 0
cpu cores	: 2
apicid		: 0
initial apicid	: 0
fpu		: yes
fpu_exception	: yes
cpuid level	: 13
wp		: yes
flags		: fpu vme de pse tsc msr pae mce cx8 apic sep mtrr pge mca cmov pat pse36 clflush dts acpi mmx fxsr sse sse2 ss ht tm pbe syscall nx pdpe1gb rdtscp lm constant_tsc arch_perfmon pebs bts rep_good nopl xtopology nonstop_tsc aperfmperf eagerfpu pni pclmulqdq dtes64 monitor ds_cpl vmx est tm2 ssse3 fma cx16 xtpr pdcm pcid sse4_1 sse4_2 movbe popcnt tsc_deadline_timer aes xsave avx f16c rdrand lahf_lm abm ida arat epb xsaveopt pln pts dtherm tpr_shadow vnmi flexpriority ept vpid fsgsbase tsc_adjust bmi1 avx2 smep bmi2 erms invpcid
bogomips	: 4788.98
clflush size	: 64
cache_alignment	: 64
address sizes	: 39 bits physical, 48 bits virtual
power management:

processor	: 1
vendor_id	: GenuineIntel
cpu family	: 6
model		: 69
model name	: Intel(R) Core(TM) i5-4210U CPU @ 1.70GHz
stepping	: 1
microcode	: 0x17
cpu MHz		: 1600.000
cache size	: 3072 KB
physical id	: 0
siblings	: 4
core id		: 0
cpu cores	: 2
apicid		: 1
initial apicid	: 1
fpu		: yes
fpu_exception	: yes
cpuid level	: 13
wp		: yes
flags		: fpu vme de pse tsc msr pae mce cx8 apic sep mtrr pge mca cmov pat pse36 clflush dts acpi mmx fxsr sse sse2 ss ht tm pbe syscall nx pdpe1gb rdtscp lm constant_tsc arch_perfmon pebs bts rep_good nopl xtopology nonstop_tsc aperfmperf eagerfpu pni pclmulqdq dtes64 monitor ds_cpl vmx est tm2 ssse3 fma cx16 xtpr pdcm pcid sse4_1 sse4_2 movbe popcnt tsc_deadline_timer aes xsave avx f16c rdrand lahf_lm abm ida arat epb xsaveopt pln pts dtherm tpr_shadow vnmi flexpriority ept vpid fsgsbase tsc_adjust bmi1 avx2 smep bmi2 erms invpcid
bogomips	: 4788.98
clflush size	: 64
cache_alignment	: 64
address sizes	: 39 bits physical, 48 bits virtual
power management:

processor	: 2
vendor_id	: GenuineIntel
cpu family	: 6
model		: 69
model name	: Intel(R) Core(TM) i5-4210U CPU @ 1.70GHz
stepping	: 1
microcode	: 0x17
cpu MHz		: 1600.000
cache size	: 3072 KB
physical id	: 0
siblings	: 4
core id		: 1
cpu cores	: 2
apicid		: 2
initial apicid	: 2
fpu		: yes
fpu_exception	: yes
cpuid level	: 13
wp		: yes
flags		: fpu vme de pse tsc msr pae mce cx8 apic sep mtrr pge mca cmov pat pse36 clflush dts acpi mmx fxsr sse sse2 ss ht tm pbe syscall nx pdpe1gb rdtscp lm constant_tsc arch_perfmon pebs bts rep_good nopl xtopology nonstop_tsc aperfmperf eagerfpu pni pclmulqdq dtes64 monitor ds_cpl vmx est tm2 ssse3 fma cx16 xtpr pdcm pcid sse4_1 sse4_2 movbe popcnt tsc_deadline_timer aes xsave avx f16c rdrand lahf_lm abm ida arat epb xsaveopt pln pts dtherm tpr_shadow vnmi flexpriority ept vpid fsgsbase tsc_adjust bmi1 avx2 smep bmi2 erms invpcid
bogomips	: 4788.98
clflush size	: 64
cache_alignment	: 64
address sizes	: 39 bits physical, 48 bits virtual
power management:

processor	: 3
vendor_id	: GenuineIntel
cpu family	: 6
model		: 69
model name	: Intel(R) Core(TM) i5-4210U CPU @ 1.70GHz
stepping	: 1
microcode	: 0x17
cpu MHz		: 1600.000
cache size	: 3072 KB
physical id	: 0
siblings	: 4
core id		: 1
cpu cores	: 2
apicid		: 3
initial apicid	: 3
fpu		: yes
fpu_exception	: yes
cpuid level	: 13
wp		: yes
flags		: fpu vme de pse tsc msr pae mce cx8 apic sep mtrr pge mca cmov pat pse36 clflush dts acpi mmx fxsr sse sse2 ss ht tm pbe syscall nx pdpe1gb rdtscp lm constant_tsc arch_perfmon pebs bts rep_good nopl xtopology nonstop_tsc aperfmperf eagerfpu pni pclmulqdq dtes64 monitor ds_cpl vmx est tm2 ssse3 fma cx16 xtpr pdcm pcid sse4_1 sse4_2 movbe popcnt tsc_deadline_timer aes xsave avx f16c rdrand lahf_lm abm ida arat epb xsaveopt pln pts dtherm tpr_shadow vnmi flexpriority ept vpid fsgsbase tsc_adjust bmi1 avx2 smep bmi2 erms invpcid
bogomips	: 4788.98
clflush size	: 64
cache_alignment	: 64
address sizes	: 39 bits physical, 48 bits virtual
power management:



Memory: 4k page, physical 8105184k(110496k free), swap 0k(0k free)

vm_info: OpenJDK 64-Bit Server VM (24.65-b04) for linux-amd64 JRE (1.7.0_65-b32), built on Aug 23 2014 13:33:31 by "buildd" with gcc 4.8.2

time: Sat Sep 27 08:28:58 2014
elapsed time: 23 seconds

