#
# There is insufficient memory for the Java Runtime Environment to continue.
# Native memory allocation (malloc) failed to allocate 158859264 bytes for committing reserved memory.
# Possible reasons:
#   The system is out of physical RAM or swap space
#   In 32 bit mode, the process size limit was hit
# Possible solutions:
#   Reduce memory load on the system
#   Increase physical memory or swap space
#   Check if swap backing store is full
#   Use 64 bit Java on a 64 bit OS
#   Decrease Java heap size (-Xmx/-Xms)
#   Decrease number of Java threads
#   Decrease Java thread stack sizes (-Xss)
#   Set larger code cache with -XX:ReservedCodeCacheSize=
# This output file may be truncated or incomplete.
#
#  Out of Memory Error (os_linux.cpp:2798), pid=21629, tid=139958167787264
#
# JRE version: OpenJDK Runtime Environment (7.0_65-b32) (build 1.7.0_65-b32)
# Java VM: OpenJDK 64-Bit Server VM (24.65-b04 mixed mode linux-amd64 compressed oops)
# Failed to write core dump. Core dumps have been disabled. To enable core dumping, try "ulimit -c unlimited" before starting Java again
#

---------------  T H R E A D  ---------------

Current thread (0x00007f4a90075800):  VMThread [stack: 0x00007f4a8ccfd000,0x00007f4a8cdfe000] [id=21640]

Stack: [0x00007f4a8ccfd000,0x00007f4a8cdfe000],  sp=0x00007f4a8cdfc490,  free space=1021k
Native frames: (J=compiled Java code, j=interpreted, Vv=VM code, C=native code)
V  [libjvm.so+0x948635]  VMError::report_and_die()+0x175
V  [libjvm.so+0x48b904]  report_vm_out_of_memory(char const*, int, unsigned long, char const*)+0x74
V  [libjvm.so+0x7c766b]  os::pd_commit_memory(char*, unsigned long, unsigned long, bool)+0xeb
V  [libjvm.so+0x7c212f]  os::commit_memory(char*, unsigned long, unsigned long, bool)+0x1f
V  [libjvm.so+0x8338bb]  PSVirtualSpace::expand_by(unsigned long)+0x5b
V  [libjvm.so+0x834710]  PSYoungGen::resize_generation(unsigned long, unsigned long)+0xb0
V  [libjvm.so+0x834dfb]  PSYoungGen::resize(unsigned long, unsigned long)+0x1b
V  [libjvm.so+0x8310e0]  PSScavenge::invoke_no_policy()+0xde0
V  [libjvm.so+0x8318b8]  PSScavenge::invoke()+0x38
V  [libjvm.so+0x7e8293]  ParallelScavengeHeap::failed_mem_allocate(unsigned long)+0x63
V  [libjvm.so+0x94a034]  VM_ParallelGCFailedAllocation::doit()+0x84
V  [libjvm.so+0x94e527]  VM_Operation::evaluate()+0x47
V  [libjvm.so+0x94ce98]  VMThread::evaluate_operation(VM_Operation*)+0x318
V  [libjvm.so+0x94d2f9]  VMThread::loop()+0x219
V  [libjvm.so+0x94d742]  VMThread::run()+0x72
V  [libjvm.so+0x7c4532]  java_start(Thread*)+0xf2

VM_Operation (0x00007f4a99544650): ParallelGCFailedAllocation, mode: safepoint, requested by thread 0x00007f4a9000a000


---------------  P R O C E S S  ---------------

Java Threads: ( => current thread )
  0x00007f4a900a6800 JavaThread "Service Thread" daemon [_thread_blocked, id=21646, stack(0x00007f4a8c015000,0x00007f4a8c116000)]
  0x00007f4a900a4000 JavaThread "C2 CompilerThread1" daemon [_thread_blocked, id=21645, stack(0x00007f4a8c116000,0x00007f4a8c217000)]
  0x00007f4a900a1000 JavaThread "C2 CompilerThread0" daemon [_thread_blocked, id=21644, stack(0x00007f4a8c217000,0x00007f4a8c318000)]
  0x00007f4a9009f000 JavaThread "Signal Dispatcher" daemon [_thread_blocked, id=21643, stack(0x00007f4a8c318000,0x00007f4a8c419000)]
  0x00007f4a9007c000 JavaThread "Finalizer" daemon [_thread_blocked, id=21642, stack(0x00007f4a8cafb000,0x00007f4a8cbfc000)]
  0x00007f4a9007a000 JavaThread "Reference Handler" daemon [_thread_blocked, id=21641, stack(0x00007f4a8cbfc000,0x00007f4a8ccfd000)]
  0x00007f4a9000a000 JavaThread "main" [_thread_blocked, id=21635, stack(0x00007f4a99445000,0x00007f4a99546000)]

Other Threads:
=>0x00007f4a90075800 VMThread [stack: 0x00007f4a8ccfd000,0x00007f4a8cdfe000] [id=21640]
  0x00007f4a900b1000 WatcherThread [stack: 0x00007f4a87eff000,0x00007f4a88000000] [id=21647]

VM state:at safepoint (normal execution)

VM Mutex/Monitor currently owned by a thread:  ([mutex/lock_event])
[0x00007f4a900064c0] Threads_lock - owner thread: 0x00007f4a90075800
[0x00007f4a900069c0] Heap_lock - owner thread: 0x00007f4a9000a000

Heap
 PSYoungGen      total 259072K, used 67K [0x00000007d6c00000, 0x00000007e6a00000, 0x0000000800000000)
  eden space 258048K, 0% used [0x00000007d6c00000,0x00000007d6c00000,0x00000007e6800000)
  from space 1024K, 6% used [0x00000007e6800000,0x00000007e6810ef0,0x00000007e6900000)
  to   space 1024K, 0% used [0x00000007e6900000,0x00000007e6900000,0x00000007e6a00000)
 ParOldGen       total 84480K, used 580K [0x0000000784400000, 0x0000000789680000, 0x00000007d6c00000)
  object space 84480K, 0% used [0x0000000784400000,0x0000000784491080,0x0000000789680000)
 PSPermGen       total 21504K, used 4435K [0x0000000779e00000, 0x000000077b300000, 0x0000000784400000)
  object space 21504K, 20% used [0x0000000779e00000,0x000000077a254cd8,0x000000077b300000)

Card table byte_map: [0x00007f4a95c55000,0x00007f4a96087000] byte_map_base: 0x00007f4a92086000

Polling page: 0x00007f4a99562000

Code Cache  [0x00007f4a8d000000, 0x00007f4a8d270000, 0x00007f4a90000000)
 total_blobs=402 nmethods=176 adapters=179 free_code_cache=48359Kb largest_free_block=49478976

Compilation events (10 events):
Event: 7.657 Thread 0x00007f4a900a1000  177             java.util.ArrayList::contains (14 bytes)
Event: 7.676 Thread 0x00007f4a900a1000 nmethod 177 0x00007f4a8d073990 code [0x00007f4a8d073ae0, 0x00007f4a8d073cf8]
Event: 7.676 Thread 0x00007f4a900a1000  178             java.lang.StringBuilder::toString (17 bytes)
Event: 7.682 Thread 0x00007f4a900a1000 nmethod 178 0x00007f4a8d0c2bd0 code [0x00007f4a8d0c2d20, 0x00007f4a8d0c3018]
Event: 7.694 Thread 0x00007f4a900a1000  179             java.lang.String::valueOf (14 bytes)
Event: 7.696 Thread 0x00007f4a900a1000 nmethod 179 0x00007f4a8d0c2950 code [0x00007f4a8d0c2aa0, 0x00007f4a8d0c2b18]
Event: 7.696 Thread 0x00007f4a900a1000  180             java.lang.StringBuilder::<init> (18 bytes)
Event: 7.735 Thread 0x00007f4a900a1000 nmethod 180 0x00007f4a8d0bf890 code [0x00007f4a8d0bfa00, 0x00007f4a8d0bfed8]
Event: 7.856 Thread 0x00007f4a900a4000 nmethod 173 0x00007f4a8d0bb150 code [0x00007f4a8d0bb3a0, 0x00007f4a8d0bc348]
Event: 7.879 Thread 0x00007f4a900a1000  181 %           edu.buffalo.cse.irf14.document.Parser::contentParse @ 324 (560 bytes)

GC Heap History (10 events):
Event: 7.268 GC heap after
Heap after GC invocations=4 (full 0):
 PSYoungGen      total 69632K, used 640K [0x00000007d6c00000, 0x00000007db500000, 0x0000000800000000)
  eden space 64512K, 0% used [0x00000007d6c00000,0x00000007d6c00000,0x00000007dab00000)
  from space 5120K, 12% used [0x00000007db000000,0x00000007db0a0000,0x00000007db500000)
  to   space 5120K, 0% used [0x00000007dab00000,0x00000007dab00000,0x00000007db000000)
 ParOldGen       total 84480K, used 16K [0x0000000784400000, 0x0000000789680000, 0x00000007d6c00000)
  object space 84480K, 0% used [0x0000000784400000,0x0000000784404000,0x0000000789680000)
 PSPermGen       total 21504K, used 4434K [0x0000000779e00000, 0x000000077b300000, 0x0000000784400000)
  object space 21504K, 20% used [0x0000000779e00000,0x000000077a2549f0,0x000000077b300000)
}
Event: 7.471 GC heap before
{Heap before GC invocations=5 (full 0):
 PSYoungGen      total 69632K, used 65152K [0x00000007d6c00000, 0x00000007db500000, 0x0000000800000000)
  eden space 64512K, 100% used [0x00000007d6c00000,0x00000007dab00000,0x00000007dab00000)
  from space 5120K, 12% used [0x00000007db000000,0x00000007db0a0000,0x00000007db500000)
  to   space 5120K, 0% used [0x00000007dab00000,0x00000007dab00000,0x00000007db000000)
 ParOldGen       total 84480K, used 16K [0x0000000784400000, 0x0000000789680000, 0x00000007d6c00000)
  object space 84480K, 0% used [0x0000000784400000,0x0000000784404000,0x0000000789680000)
 PSPermGen       total 21504K, used 4435K [0x0000000779e00000, 0x000000077b300000, 0x0000000784400000)
  object space 21504K, 20% used [0x0000000779e00000,0x000000077a254cd8,0x000000077b300000)
Event: 7.480 GC heap after
Heap after GC invocations=5 (full 0):
 PSYoungGen      total 69632K, used 608K [0x00000007d6c00000, 0x00000007dec00000, 0x0000000800000000)
  eden space 64512K, 0% used [0x00000007d6c00000,0x00000007d6c00000,0x00000007dab00000)
  from space 5120K, 11% used [0x00000007dab00000,0x00000007dab98000,0x00000007db000000)
  to   space 1024K, 0% used [0x00000007deb00000,0x00000007deb00000,0x00000007dec00000)
 ParOldGen       total 84480K, used 16K [0x0000000784400000, 0x0000000789680000, 0x00000007d6c00000)
  object space 84480K, 0% used [0x0000000784400000,0x0000000784404000,0x0000000789680000)
 PSPermGen       total 21504K, used 4435K [0x0000000779e00000, 0x000000077b300000, 0x0000000784400000)
  object space 21504K, 20% used [0x0000000779e00000,0x000000077a254cd8,0x000000077b300000)
}
Event: 7.593 GC heap before
{Heap before GC invocations=6 (full 0):
 PSYoungGen      total 69632K, used 65120K [0x00000007d6c00000, 0x00000007dec00000, 0x0000000800000000)
  eden space 64512K, 100% used [0x00000007d6c00000,0x00000007dab00000,0x00000007dab00000)
  from space 5120K, 11% used [0x00000007dab00000,0x00000007dab98000,0x00000007db000000)
  to   space 1024K, 0% used [0x00000007deb00000,0x00000007deb00000,0x00000007dec00000)
 ParOldGen       total 84480K, used 16K [0x0000000784400000, 0x0000000789680000, 0x00000007d6c00000)
  object space 84480K, 0% used [0x0000000784400000,0x0000000784404000,0x0000000789680000)
 PSPermGen       total 21504K, used 4435K [0x0000000779e00000, 0x000000077b300000, 0x0000000784400000)
  object space 21504K, 20% used [0x0000000779e00000,0x000000077a254cd8,0x000000077b300000)
Event: 7.611 GC heap after
Heap after GC invocations=6 (full 0):
 PSYoungGen      total 130048K, used 608K [0x00000007d6c00000, 0x00000007dec00000, 0x0000000800000000)
  eden space 129024K, 0% used [0x00000007d6c00000,0x00000007d6c00000,0x00000007dea00000)
  from space 1024K, 59% used [0x00000007deb00000,0x00000007deb98000,0x00000007dec00000)
  to   space 1024K, 0% used [0x00000007dea00000,0x00000007dea00000,0x00000007deb00000)
 ParOldGen       total 84480K, used 16K [0x0000000784400000, 0x0000000789680000, 0x00000007d6c00000)
  object space 84480K, 0% used [0x0000000784400000,0x0000000784404000,0x0000000789680000)
 PSPermGen       total 21504K, used 4435K [0x0000000779e00000, 0x000000077b300000, 0x0000000784400000)
  object space 21504K, 20% used [0x0000000779e00000,0x000000077a254cd8,0x000000077b300000)
}
Event: 7.818 GC heap before
{Heap before GC invocations=7 (full 0):
 PSYoungGen      total 130048K, used 129632K [0x00000007d6c00000, 0x00000007dec00000, 0x0000000800000000)
  eden space 129024K, 100% used [0x00000007d6c00000,0x00000007dea00000,0x00000007dea00000)
  from space 1024K, 59% used [0x00000007deb00000,0x00000007deb98000,0x00000007dec00000)
  to   space 1024K, 0% used [0x00000007dea00000,0x00000007dea00000,0x00000007deb00000)
 ParOldGen       total 84480K, used 16K [0x0000000784400000, 0x0000000789680000, 0x00000007d6c00000)
  object space 84480K, 0% used [0x0000000784400000,0x0000000784404000,0x0000000789680000)
 PSPermGen       total 21504K, used 4435K [0x0000000779e00000, 0x000000077b300000, 0x0000000784400000)
  object space 21504K, 20% used [0x0000000779e00000,0x000000077a254cd8,0x000000077b300000)
Event: 7.826 GC heap after
Heap after GC invocations=7 (full 0):
 PSYoungGen      total 130048K, used 150K [0x00000007d6c00000, 0x00000007e6a00000, 0x0000000800000000)
  eden space 129024K, 0% used [0x00000007d6c00000,0x00000007d6c00000,0x00000007dea00000)
  from space 1024K, 14% used [0x00000007dea00000,0x00000007dea25bc0,0x00000007deb00000)
  to   space 1024K, 0% used [0x00000007e6900000,0x00000007e6900000,0x00000007e6a00000)
 ParOldGen       total 84480K, used 476K [0x0000000784400000, 0x0000000789680000, 0x00000007d6c00000)
  object space 84480K, 0% used [0x0000000784400000,0x0000000784477060,0x0000000789680000)
 PSPermGen       total 21504K, used 4435K [0x0000000779e00000, 0x000000077b300000, 0x0000000784400000)
  object space 21504K, 20% used [0x0000000779e00000,0x000000077a254cd8,0x000000077b300000)
}
Event: 8.024 GC heap before
{Heap before GC invocations=8 (full 0):
 PSYoungGen      total 130048K, used 129174K [0x00000007d6c00000, 0x00000007e6a00000, 0x0000000800000000)
  eden space 129024K, 100% used [0x00000007d6c00000,0x00000007dea00000,0x00000007dea00000)
  from space 1024K, 14% used [0x00000007dea00000,0x00000007dea25bc0,0x00000007deb00000)
  to   space 1024K, 0% used [0x00000007e6900000,0x00000007e6900000,0x00000007e6a00000)
 ParOldGen       total 84480K, used 476K [0x0000000784400000, 0x0000000789680000, 0x00000007d6c00000)
  object space 84480K, 0% used [0x0000000784400000,0x0000000784477060,0x0000000789680000)
 PSPermGen       total 21504K, used 4435K [0x0000000779e00000, 0x000000077b300000, 0x0000000784400000)
  object space 21504K, 20% used [0x0000000779e00000,0x000000077a254cd8,0x000000077b300000)
Event: 8.027 GC heap after
Heap after GC invocations=8 (full 0):
 PSYoungGen      total 259072K, used 32K [0x00000007d6c00000, 0x00000007e6a00000, 0x0000000800000000)
  eden space 258048K, 0% used [0x00000007d6c00000,0x00000007d6c00000,0x00000007e6800000)
  from space 1024K, 3% used [0x00000007e6900000,0x00000007e6908000,0x00000007e6a00000)
  to   space 1024K, 0% used [0x00000007e6800000,0x00000007e6800000,0x00000007e6900000)
 ParOldGen       total 84480K, used 580K [0x0000000784400000, 0x0000000789680000, 0x00000007d6c00000)
  object space 84480K, 0% used [0x0000000784400000,0x0000000784491080,0x0000000789680000)
 PSPermGen       total 21504K, used 4435K [0x0000000779e00000, 0x000000077b300000, 0x0000000784400000)
  object space 21504K, 20% used [0x0000000779e00000,0x000000077a254cd8,0x000000077b300000)
}
Event: 8.738 GC heap before
{Heap before GC invocations=9 (full 0):
 PSYoungGen      total 259072K, used 258080K [0x00000007d6c00000, 0x00000007e6a00000, 0x0000000800000000)
  eden space 258048K, 100% used [0x00000007d6c00000,0x00000007e6800000,0x00000007e6800000)
  from space 1024K, 3% used [0x00000007e6900000,0x00000007e6908000,0x00000007e6a00000)
  to   space 1024K, 0% used [0x00000007e6800000,0x00000007e6800000,0x00000007e6900000)
 ParOldGen       total 84480K, used 580K [0x0000000784400000, 0x0000000789680000, 0x00000007d6c00000)
  object space 84480K, 0% used [0x0000000784400000,0x0000000784491080,0x0000000789680000)
 PSPermGen       total 21504K, used 4435K [0x0000000779e00000, 0x000000077b300000, 0x0000000784400000)
  object space 21504K, 20% used [0x0000000779e00000,0x000000077a254cd8,0x000000077b300000)

Deoptimization events (10 events):
Event: 3.135 Thread 0x00007f4a9000a000 Uncommon trap: reason=bimorphic action=maybe_recompile pc=0x00007f4a8d07460c method=java.util.regex.Pattern$BmpCharProperty.match(Ljava/util/regex/Matcher;ILjava/lang/CharSequence;)Z @ 16
Event: 3.135 Thread 0x00007f4a9000a000 Uncommon trap: reason=bimorphic action=maybe_recompile pc=0x00007f4a8d07460c method=java.util.regex.Pattern$BmpCharProperty.match(Ljava/util/regex/Matcher;ILjava/lang/CharSequence;)Z @ 16
Event: 3.136 Thread 0x00007f4a9000a000 Uncommon trap: reason=unreached action=reinterpret pc=0x00007f4a8d074f7c method=java.util.regex.Pattern$Branch.match(Ljava/util/regex/Matcher;ILjava/lang/CharSequence;)Z @ 19
Event: 3.377 Thread 0x00007f4a9000a000 Uncommon trap: reason=bimorphic action=maybe_recompile pc=0x00007f4a8d073de8 method=java.util.regex.Matcher.match(II)Z @ 86
Event: 3.783 Thread 0x00007f4a9000a000 Uncommon trap: reason=bimorphic action=maybe_recompile pc=0x00007f4a8d073de8 method=java.util.regex.Matcher.match(II)Z @ 86
Event: 4.211 Thread 0x00007f4a9000a000 Uncommon trap: reason=bimorphic action=maybe_recompile pc=0x00007f4a8d073de8 method=java.util.regex.Matcher.match(II)Z @ 86
Event: 4.477 Thread 0x00007f4a9000a000 Uncommon trap: reason=bimorphic action=maybe_recompile pc=0x00007f4a8d073de8 method=java.util.regex.Matcher.match(II)Z @ 86
Event: 6.516 Thread 0x00007f4a9000a000 Uncommon trap: reason=class_check action=maybe_recompile pc=0x00007f4a8d0792d8 method=java.util.regex.Pattern$Curly.match0(Ljava/util/regex/Matcher;IILjava/lang/CharSequence;)Z @ 16
Event: 6.540 Thread 0x00007f4a9000a000 Uncommon trap: reason=unreached action=reinterpret pc=0x00007f4a8d0acae4 method=java.util.TreeMap.put(Ljava/lang/Object;Ljava/lang/Object;)Ljava/lang/Object; @ 6
Event: 6.942 Thread 0x00007f4a9000a000 Uncommon trap: reason=class_check action=maybe_recompile pc=0x00007f4a8d0792d8 method=java.util.regex.Pattern$Curly.match0(Ljava/util/regex/Matcher;IILjava/lang/CharSequence;)Z @ 16

Internal exceptions (10 events):
Event: 1.502 Thread 0x00007f4a9000a000 Threw 0x00000007d6da5118 at /build/buildd/openjdk-7-7u65-2.5.1/build/openjdk/hotspot/src/share/vm/prims/jvm.cpp:1247
Event: 1.512 Thread 0x00007f4a9000a000 Threw 0x00000007d6da7308 at /build/buildd/openjdk-7-7u65-2.5.1/build/openjdk/hotspot/src/share/vm/prims/jvm.cpp:1247
Event: 1.528 Thread 0x00007f4a9000a000 Threw 0x00000007d6dab438 at /build/buildd/openjdk-7-7u65-2.5.1/build/openjdk/hotspot/src/share/vm/prims/jvm.cpp:1247
Event: 1.542 Thread 0x00007f4a9000a000 Threw 0x00000007d6daff40 at /build/buildd/openjdk-7-7u65-2.5.1/build/openjdk/hotspot/src/share/vm/prims/jvm.cpp:1247
Event: 1.552 Thread 0x00007f4a9000a000 Threw 0x00000007d6db2a10 at /build/buildd/openjdk-7-7u65-2.5.1/build/openjdk/hotspot/src/share/vm/prims/jvm.cpp:1247
Event: 1.562 Thread 0x00007f4a9000a000 Threw 0x00000007d6db55c8 at /build/buildd/openjdk-7-7u65-2.5.1/build/openjdk/hotspot/src/share/vm/prims/jvm.cpp:1247
Event: 1.572 Thread 0x00007f4a9000a000 Threw 0x00000007d6dbbfb8 at /build/buildd/openjdk-7-7u65-2.5.1/build/openjdk/hotspot/src/share/vm/prims/jvm.cpp:1247
Event: 1.586 Thread 0x00007f4a9000a000 Threw 0x00000007d6dc0640 at /build/buildd/openjdk-7-7u65-2.5.1/build/openjdk/hotspot/src/share/vm/prims/jvm.cpp:1247
Event: 1.601 Thread 0x00007f4a9000a000 Threw 0x00000007d6dc3490 at /build/buildd/openjdk-7-7u65-2.5.1/build/openjdk/hotspot/src/share/vm/prims/jvm.cpp:1247
Event: 1.688 Thread 0x00007f4a9000a000 Threw 0x00000007d6dea980 at /build/buildd/openjdk-7-7u65-2.5.1/build/openjdk/hotspot/src/share/vm/prims/jvm.cpp:1247

Events (10 events):
Event: 7.274 Executing VM operation: BulkRevokeBias done
Event: 7.471 Executing VM operation: ParallelGCFailedAllocation
Event: 7.480 Executing VM operation: ParallelGCFailedAllocation done
Event: 7.592 Executing VM operation: ParallelGCFailedAllocation
Event: 7.611 Executing VM operation: ParallelGCFailedAllocation done
Event: 7.818 Executing VM operation: ParallelGCFailedAllocation
Event: 7.827 Executing VM operation: ParallelGCFailedAllocation done
Event: 8.024 Executing VM operation: ParallelGCFailedAllocation
Event: 8.027 Executing VM operation: ParallelGCFailedAllocation done
Event: 8.736 Executing VM operation: ParallelGCFailedAllocation


Dynamic libraries:
00400000-00401000 r-xp 00000000 08:05 5115745                            /usr/lib/jvm/java-7-openjdk-amd64/jre/bin/java
00600000-00601000 r--p 00000000 08:05 5115745                            /usr/lib/jvm/java-7-openjdk-amd64/jre/bin/java
00601000-00602000 rw-p 00001000 08:05 5115745                            /usr/lib/jvm/java-7-openjdk-amd64/jre/bin/java
01151000-01172000 rw-p 00000000 00:00 0                                  [heap]
779e00000-77b300000 rw-p 00000000 00:00 0 
77b300000-784400000 rw-p 00000000 00:00 0 
784400000-789680000 rw-p 00000000 00:00 0 
789680000-7d6c00000 rw-p 00000000 00:00 0 
7d6c00000-7e6a00000 rw-p 00000000 00:00 0 
7f0180000-800000000 rw-p 00000000 00:00 0 
7f4a44000000-7f4a44021000 rw-p 00000000 00:00 0 
7f4a44021000-7f4a48000000 ---p 00000000 00:00 0 
7f4a4c000000-7f4a4c91f000 rw-p 00000000 00:00 0 
7f4a4c91f000-7f4a50000000 ---p 00000000 00:00 0 
7f4a50000000-7f4a50021000 rw-p 00000000 00:00 0 
7f4a50021000-7f4a54000000 ---p 00000000 00:00 0 
7f4a54000000-7f4a54021000 rw-p 00000000 00:00 0 
7f4a54021000-7f4a58000000 ---p 00000000 00:00 0 
7f4a58000000-7f4a58710000 rw-p 00000000 00:00 0 
7f4a58710000-7f4a5c000000 ---p 00000000 00:00 0 
7f4a5c000000-7f4a5c021000 rw-p 00000000 00:00 0 
7f4a5c021000-7f4a60000000 ---p 00000000 00:00 0 
7f4a60000000-7f4a60021000 rw-p 00000000 00:00 0 
7f4a60021000-7f4a64000000 ---p 00000000 00:00 0 
7f4a64000000-7f4a640e0000 rw-p 00000000 00:00 0 
7f4a640e0000-7f4a68000000 ---p 00000000 00:00 0 
7f4a6bcf0000-7f4a70000000 rw-p 00000000 00:00 0 
7f4a70000000-7f4a70021000 rw-p 00000000 00:00 0 
7f4a70021000-7f4a74000000 ---p 00000000 00:00 0 
7f4a78000000-7f4a78021000 rw-p 00000000 00:00 0 
7f4a78021000-7f4a7c000000 ---p 00000000 00:00 0 
7f4a80000000-7f4a80021000 rw-p 00000000 00:00 0 
7f4a80021000-7f4a84000000 ---p 00000000 00:00 0 
7f4a86620000-7f4a86781000 rw-p 00000000 00:00 0 
7f4a86781000-7f4a867be000 r-xp 00000000 08:05 5509102                    /lib/x86_64-linux-gnu/libpcre.so.3.13.1
7f4a867be000-7f4a869bd000 ---p 0003d000 08:05 5509102                    /lib/x86_64-linux-gnu/libpcre.so.3.13.1
7f4a869bd000-7f4a869be000 r--p 0003c000 08:05 5509102                    /lib/x86_64-linux-gnu/libpcre.so.3.13.1
7f4a869be000-7f4a869bf000 rw-p 0003d000 08:05 5509102                    /lib/x86_64-linux-gnu/libpcre.so.3.13.1
7f4a869bf000-7f4a869c6000 r-xp 00000000 08:05 4726642                    /usr/lib/x86_64-linux-gnu/libffi.so.6.0.1
7f4a869c6000-7f4a86bc5000 ---p 00007000 08:05 4726642                    /usr/lib/x86_64-linux-gnu/libffi.so.6.0.1
7f4a86bc5000-7f4a86bc6000 r--p 00006000 08:05 4726642                    /usr/lib/x86_64-linux-gnu/libffi.so.6.0.1
7f4a86bc6000-7f4a86bc7000 rw-p 00007000 08:05 4726642                    /usr/lib/x86_64-linux-gnu/libffi.so.6.0.1
7f4a86bc7000-7f4a86bde000 r-xp 00000000 08:05 5510166                    /lib/x86_64-linux-gnu/libresolv-2.19.so
7f4a86bde000-7f4a86dde000 ---p 00017000 08:05 5510166                    /lib/x86_64-linux-gnu/libresolv-2.19.so
7f4a86dde000-7f4a86ddf000 r--p 00017000 08:05 5510166                    /lib/x86_64-linux-gnu/libresolv-2.19.so
7f4a86ddf000-7f4a86de0000 rw-p 00018000 08:05 5510166                    /lib/x86_64-linux-gnu/libresolv-2.19.so
7f4a86de0000-7f4a86de2000 rw-p 00000000 00:00 0 
7f4a86de2000-7f4a86e02000 r-xp 00000000 08:05 5509129                    /lib/x86_64-linux-gnu/libselinux.so.1
7f4a86e02000-7f4a87001000 ---p 00020000 08:05 5509129                    /lib/x86_64-linux-gnu/libselinux.so.1
7f4a87001000-7f4a87002000 r--p 0001f000 08:05 5509129                    /lib/x86_64-linux-gnu/libselinux.so.1
7f4a87002000-7f4a87003000 rw-p 00020000 08:05 5509129                    /lib/x86_64-linux-gnu/libselinux.so.1
7f4a87003000-7f4a87005000 rw-p 00000000 00:00 0 
7f4a87005000-7f4a87008000 r-xp 00000000 08:05 4726759                    /usr/lib/x86_64-linux-gnu/libgmodule-2.0.so.0.4000.0
7f4a87008000-7f4a87207000 ---p 00003000 08:05 4726759                    /usr/lib/x86_64-linux-gnu/libgmodule-2.0.so.0.4000.0
7f4a87207000-7f4a87208000 r--p 00002000 08:05 4726759                    /usr/lib/x86_64-linux-gnu/libgmodule-2.0.so.0.4000.0
7f4a87208000-7f4a87209000 rw-p 00003000 08:05 4726759                    /usr/lib/x86_64-linux-gnu/libgmodule-2.0.so.0.4000.0
7f4a87209000-7f4a8730f000 r-xp 00000000 08:05 5509030                    /lib/x86_64-linux-gnu/libglib-2.0.so.0.4000.0
7f4a8730f000-7f4a8750e000 ---p 00106000 08:05 5509030                    /lib/x86_64-linux-gnu/libglib-2.0.so.0.4000.0
7f4a8750e000-7f4a8750f000 r--p 00105000 08:05 5509030                    /lib/x86_64-linux-gnu/libglib-2.0.so.0.4000.0
7f4a8750f000-7f4a87510000 rw-p 00106000 08:05 5509030                    /lib/x86_64-linux-gnu/libglib-2.0.so.0.4000.0
7f4a87510000-7f4a87511000 rw-p 00000000 00:00 0 
7f4a87511000-7f4a87560000 r-xp 00000000 08:05 4726775                    /usr/lib/x86_64-linux-gnu/libgobject-2.0.so.0.4000.0
7f4a87560000-7f4a87760000 ---p 0004f000 08:05 4726775                    /usr/lib/x86_64-linux-gnu/libgobject-2.0.so.0.4000.0
7f4a87760000-7f4a87761000 r--p 0004f000 08:05 4726775                    /usr/lib/x86_64-linux-gnu/libgobject-2.0.so.0.4000.0
7f4a87761000-7f4a87762000 rw-p 00050000 08:05 4726775                    /usr/lib/x86_64-linux-gnu/libgobject-2.0.so.0.4000.0
7f4a87762000-7f4a878cd000 r-xp 00000000 08:05 4726745                    /usr/lib/x86_64-linux-gnu/libgio-2.0.so.0.4000.0
7f4a878cd000-7f4a87acd000 ---p 0016b000 08:05 4726745                    /usr/lib/x86_64-linux-gnu/libgio-2.0.so.0.4000.0
7f4a87acd000-7f4a87ad1000 r--p 0016b000 08:05 4726745                    /usr/lib/x86_64-linux-gnu/libgio-2.0.so.0.4000.0
7f4a87ad1000-7f4a87ad3000 rw-p 0016f000 08:05 4726745                    /usr/lib/x86_64-linux-gnu/libgio-2.0.so.0.4000.0
7f4a87ad3000-7f4a87ad5000 rw-p 00000000 00:00 0 
7f4a87ad5000-7f4a87aec000 r-xp 00000000 08:05 5111922                    /usr/lib/jvm/java-7-openjdk-amd64/jre/lib/amd64/libnet.so
7f4a87aec000-7f4a87ceb000 ---p 00017000 08:05 5111922                    /usr/lib/jvm/java-7-openjdk-amd64/jre/lib/amd64/libnet.so
7f4a87ceb000-7f4a87cec000 r--p 00016000 08:05 5111922                    /usr/lib/jvm/java-7-openjdk-amd64/jre/lib/amd64/libnet.so
7f4a87cec000-7f4a87ced000 rw-p 00017000 08:05 5111922                    /usr/lib/jvm/java-7-openjdk-amd64/jre/lib/amd64/libnet.so
7f4a87ced000-7f4a87cfd000 r-xp 00000000 08:05 5111944                    /usr/lib/jvm/java-7-openjdk-amd64/jre/lib/amd64/libnio.so
7f4a87cfd000-7f4a87efd000 ---p 00010000 08:05 5111944                    /usr/lib/jvm/java-7-openjdk-amd64/jre/lib/amd64/libnio.so
7f4a87efd000-7f4a87efe000 r--p 00010000 08:05 5111944                    /usr/lib/jvm/java-7-openjdk-amd64/jre/lib/amd64/libnio.so
7f4a87efe000-7f4a87eff000 rw-p 00011000 08:05 5111944                    /usr/lib/jvm/java-7-openjdk-amd64/jre/lib/amd64/libnio.so
7f4a87eff000-7f4a87f00000 ---p 00000000 00:00 0 
7f4a87f00000-7f4a88000000 rw-p 00000000 00:00 0                          [stack:21647]
7f4a88000000-7f4a88021000 rw-p 00000000 00:00 0 
7f4a88021000-7f4a8c000000 ---p 00000000 00:00 0 
7f4a8c015000-7f4a8c018000 ---p 00000000 00:00 0 
7f4a8c018000-7f4a8c116000 rw-p 00000000 00:00 0                          [stack:21646]
7f4a8c116000-7f4a8c119000 ---p 00000000 00:00 0 
7f4a8c119000-7f4a8c217000 rw-p 00000000 00:00 0                          [stack:21645]
7f4a8c217000-7f4a8c21a000 ---p 00000000 00:00 0 
7f4a8c21a000-7f4a8c318000 rw-p 00000000 00:00 0                          [stack:21644]
7f4a8c318000-7f4a8c31b000 ---p 00000000 00:00 0 
7f4a8c31b000-7f4a8c419000 rw-p 00000000 00:00 0                          [stack:21643]
7f4a8c419000-7f4a8cafb000 r--p 00000000 08:05 4725374                    /usr/lib/locale/locale-archive
7f4a8cafb000-7f4a8cafe000 ---p 00000000 00:00 0 
7f4a8cafe000-7f4a8cbfc000 rw-p 00000000 00:00 0                          [stack:21642]
7f4a8cbfc000-7f4a8cbff000 ---p 00000000 00:00 0 
7f4a8cbff000-7f4a8ccfd000 rw-p 00000000 00:00 0                          [stack:21641]
7f4a8ccfd000-7f4a8ccfe000 ---p 00000000 00:00 0 
7f4a8ccfe000-7f4a8d000000 rw-p 00000000 00:00 0                          [stack:21640]
7f4a8d000000-7f4a8d270000 rwxp 00000000 00:00 0 
7f4a8d270000-7f4a9017d000 rw-p 00000000 00:00 0 
7f4a9017d000-7f4a94000000 ---p 00000000 00:00 0 
7f4a94039000-7f4a94e65000 rw-p 00000000 00:00 0 
7f4a94e65000-7f4a95016000 r--s 01d21000 08:05 5114452                    /usr/lib/jvm/java-7-openjdk-amd64/jre/lib/rt.jar
7f4a95016000-7f4a9556a000 rw-p 00000000 00:00 0 
7f4a9556a000-7f4a9556b000 ---p 00000000 00:00 0 
7f4a9556b000-7f4a9566b000 rw-p 00000000 00:00 0                          [stack:21639]
7f4a9566b000-7f4a9566c000 ---p 00000000 00:00 0 
7f4a9566c000-7f4a9576c000 rw-p 00000000 00:00 0                          [stack:21638]
7f4a9576c000-7f4a9576d000 ---p 00000000 00:00 0 
7f4a9576d000-7f4a9586d000 rw-p 00000000 00:00 0                          [stack:21637]
7f4a9586d000-7f4a9586e000 ---p 00000000 00:00 0 
7f4a9586e000-7f4a95979000 rw-p 00000000 00:00 0                          [stack:21636]
7f4a95979000-7f4a959c1000 rw-p 00000000 00:00 0 
7f4a959c1000-7f4a959eb000 rw-p 00000000 00:00 0 
7f4a959eb000-7f4a95c55000 rw-p 00000000 00:00 0 
7f4a95c55000-7f4a95c60000 rw-p 00000000 00:00 0 
7f4a95c60000-7f4a95ca8000 rw-p 00000000 00:00 0 
7f4a95ca8000-7f4a95cd2000 rw-p 00000000 00:00 0 
7f4a95cd2000-7f4a95f3c000 rw-p 00000000 00:00 0 
7f4a95f3c000-7f4a95fbb000 rw-p 00000000 00:00 0 
7f4a95fbb000-7f4a96086000 rw-p 00000000 00:00 0 
7f4a96086000-7f4a96087000 rw-p 00000000 00:00 0 
7f4a96087000-7f4a9608f000 r-xp 00000000 08:05 5111914                    /usr/lib/jvm/java-7-openjdk-amd64/jre/lib/amd64/libzip.so
7f4a9608f000-7f4a9628e000 ---p 00008000 08:05 5111914                    /usr/lib/jvm/java-7-openjdk-amd64/jre/lib/amd64/libzip.so
7f4a9628e000-7f4a9628f000 r--p 00007000 08:05 5111914                    /usr/lib/jvm/java-7-openjdk-amd64/jre/lib/amd64/libzip.so
7f4a9628f000-7f4a96290000 rw-p 00008000 08:05 5111914                    /usr/lib/jvm/java-7-openjdk-amd64/jre/lib/amd64/libzip.so
7f4a96290000-7f4a9629b000 r-xp 00000000 08:05 5510180                    /lib/x86_64-linux-gnu/libnss_files-2.19.so
7f4a9629b000-7f4a9649a000 ---p 0000b000 08:05 5510180                    /lib/x86_64-linux-gnu/libnss_files-2.19.so
7f4a9649a000-7f4a9649b000 r--p 0000a000 08:05 5510180                    /lib/x86_64-linux-gnu/libnss_files-2.19.so
7f4a9649b000-7f4a9649c000 rw-p 0000b000 08:05 5510180                    /lib/x86_64-linux-gnu/libnss_files-2.19.so
7f4a9649c000-7f4a964a7000 r-xp 00000000 08:05 5510181                    /lib/x86_64-linux-gnu/libnss_nis-2.19.so
7f4a964a7000-7f4a966a6000 ---p 0000b000 08:05 5510181                    /lib/x86_64-linux-gnu/libnss_nis-2.19.so
7f4a966a6000-7f4a966a7000 r--p 0000a000 08:05 5510181                    /lib/x86_64-linux-gnu/libnss_nis-2.19.so
7f4a966a7000-7f4a966a8000 rw-p 0000b000 08:05 5510181                    /lib/x86_64-linux-gnu/libnss_nis-2.19.so
7f4a966a8000-7f4a966bf000 r-xp 00000000 08:05 5510167                    /lib/x86_64-linux-gnu/libnsl-2.19.so
7f4a966bf000-7f4a968be000 ---p 00017000 08:05 5510167                    /lib/x86_64-linux-gnu/libnsl-2.19.so
7f4a968be000-7f4a968bf000 r--p 00016000 08:05 5510167                    /lib/x86_64-linux-gnu/libnsl-2.19.so
7f4a968bf000-7f4a968c0000 rw-p 00017000 08:05 5510167                    /lib/x86_64-linux-gnu/libnsl-2.19.so
7f4a968c0000-7f4a968c2000 rw-p 00000000 00:00 0 
7f4a968c2000-7f4a968cb000 r-xp 00000000 08:05 5510134                    /lib/x86_64-linux-gnu/libnss_compat-2.19.so
7f4a968cb000-7f4a96aca000 ---p 00009000 08:05 5510134                    /lib/x86_64-linux-gnu/libnss_compat-2.19.so
7f4a96aca000-7f4a96acb000 r--p 00008000 08:05 5510134                    /lib/x86_64-linux-gnu/libnss_compat-2.19.so
7f4a96acb000-7f4a96acc000 rw-p 00009000 08:05 5510134                    /lib/x86_64-linux-gnu/libnss_compat-2.19.so
7f4a96acc000-7f4a96af7000 r-xp 00000000 08:05 5111911                    /usr/lib/jvm/java-7-openjdk-amd64/jre/lib/amd64/libjava.so
7f4a96af7000-7f4a96cf7000 ---p 0002b000 08:05 5111911                    /usr/lib/jvm/java-7-openjdk-amd64/jre/lib/amd64/libjava.so
7f4a96cf7000-7f4a96cf8000 r--p 0002b000 08:05 5111911                    /usr/lib/jvm/java-7-openjdk-amd64/jre/lib/amd64/libjava.so
7f4a96cf8000-7f4a96cfa000 rw-p 0002c000 08:05 5111911                    /usr/lib/jvm/java-7-openjdk-amd64/jre/lib/amd64/libjava.so
7f4a96cfa000-7f4a96d0a000 r-xp 00000000 08:05 5111928                    /usr/lib/jvm/java-7-openjdk-amd64/jre/lib/amd64/libverify.so
7f4a96d0a000-7f4a96f09000 ---p 00010000 08:05 5111928                    /usr/lib/jvm/java-7-openjdk-amd64/jre/lib/amd64/libverify.so
7f4a96f09000-7f4a96f0b000 r--p 0000f000 08:05 5111928                    /usr/lib/jvm/java-7-openjdk-amd64/jre/lib/amd64/libverify.so
7f4a96f0b000-7f4a96f0c000 rw-p 00011000 08:05 5111928                    /usr/lib/jvm/java-7-openjdk-amd64/jre/lib/amd64/libverify.so
7f4a96f0c000-7f4a96f13000 r-xp 00000000 08:05 5510169                    /lib/x86_64-linux-gnu/librt-2.19.so
7f4a96f13000-7f4a97112000 ---p 00007000 08:05 5510169                    /lib/x86_64-linux-gnu/librt-2.19.so
7f4a97112000-7f4a97113000 r--p 00006000 08:05 5510169                    /lib/x86_64-linux-gnu/librt-2.19.so
7f4a97113000-7f4a97114000 rw-p 00007000 08:05 5510169                    /lib/x86_64-linux-gnu/librt-2.19.so
7f4a97114000-7f4a9712a000 r-xp 00000000 08:05 5509026                    /lib/x86_64-linux-gnu/libgcc_s.so.1
7f4a9712a000-7f4a97329000 ---p 00016000 08:05 5509026                    /lib/x86_64-linux-gnu/libgcc_s.so.1
7f4a97329000-7f4a9732a000 rw-p 00015000 08:05 5509026                    /lib/x86_64-linux-gnu/libgcc_s.so.1
7f4a9732a000-7f4a9742f000 r-xp 00000000 08:05 5510176                    /lib/x86_64-linux-gnu/libm-2.19.so
7f4a9742f000-7f4a9762e000 ---p 00105000 08:05 5510176                    /lib/x86_64-linux-gnu/libm-2.19.so
7f4a9762e000-7f4a9762f000 r--p 00104000 08:05 5510176                    /lib/x86_64-linux-gnu/libm-2.19.so
7f4a9762f000-7f4a97630000 rw-p 00105000 08:05 5510176                    /lib/x86_64-linux-gnu/libm-2.19.so
7f4a97630000-7f4a97716000 r-xp 00000000 08:05 4727270                    /usr/lib/x86_64-linux-gnu/libstdc++.so.6.0.19
7f4a97716000-7f4a97915000 ---p 000e6000 08:05 4727270                    /usr/lib/x86_64-linux-gnu/libstdc++.so.6.0.19
7f4a97915000-7f4a9791d000 r--p 000e5000 08:05 4727270                    /usr/lib/x86_64-linux-gnu/libstdc++.so.6.0.19
7f4a9791d000-7f4a9791f000 rw-p 000ed000 08:05 4727270                    /usr/lib/x86_64-linux-gnu/libstdc++.so.6.0.19
7f4a9791f000-7f4a97934000 rw-p 00000000 00:00 0 
7f4a97934000-7f4a9844a000 r-xp 00000000 08:05 5111942                    /usr/lib/jvm/java-7-openjdk-amd64/jre/lib/amd64/server/libjvm.so
7f4a9844a000-7f4a98649000 ---p 00b16000 08:05 5111942                    /usr/lib/jvm/java-7-openjdk-amd64/jre/lib/amd64/server/libjvm.so
7f4a98649000-7f4a986e3000 r--p 00b15000 08:05 5111942                    /usr/lib/jvm/java-7-openjdk-amd64/jre/lib/amd64/server/libjvm.so
7f4a986e3000-7f4a98706000 rw-p 00baf000 08:05 5111942                    /usr/lib/jvm/java-7-openjdk-amd64/jre/lib/amd64/server/libjvm.so
7f4a98706000-7f4a98734000 rw-p 00000000 00:00 0 
7f4a98734000-7f4a9874c000 r-xp 00000000 08:05 5509162                    /lib/x86_64-linux-gnu/libz.so.1.2.8
7f4a9874c000-7f4a9894b000 ---p 00018000 08:05 5509162                    /lib/x86_64-linux-gnu/libz.so.1.2.8
7f4a9894b000-7f4a9894c000 r--p 00017000 08:05 5509162                    /lib/x86_64-linux-gnu/libz.so.1.2.8
7f4a9894c000-7f4a9894d000 rw-p 00018000 08:05 5509162                    /lib/x86_64-linux-gnu/libz.so.1.2.8
7f4a9894d000-7f4a98966000 r-xp 00000000 08:05 5510186                    /lib/x86_64-linux-gnu/libpthread-2.19.so
7f4a98966000-7f4a98b65000 ---p 00019000 08:05 5510186                    /lib/x86_64-linux-gnu/libpthread-2.19.so
7f4a98b65000-7f4a98b66000 r--p 00018000 08:05 5510186                    /lib/x86_64-linux-gnu/libpthread-2.19.so
7f4a98b66000-7f4a98b67000 rw-p 00019000 08:05 5510186                    /lib/x86_64-linux-gnu/libpthread-2.19.so
7f4a98b67000-7f4a98b6b000 rw-p 00000000 00:00 0 
7f4a98b6b000-7f4a98b6e000 r-xp 00000000 08:05 5510185                    /lib/x86_64-linux-gnu/libdl-2.19.so
7f4a98b6e000-7f4a98d6d000 ---p 00003000 08:05 5510185                    /lib/x86_64-linux-gnu/libdl-2.19.so
7f4a98d6d000-7f4a98d6e000 r--p 00002000 08:05 5510185                    /lib/x86_64-linux-gnu/libdl-2.19.so
7f4a98d6e000-7f4a98d6f000 rw-p 00003000 08:05 5510185                    /lib/x86_64-linux-gnu/libdl-2.19.so
7f4a98d6f000-7f4a98f2a000 r-xp 00000000 08:05 5510173                    /lib/x86_64-linux-gnu/libc-2.19.so
7f4a98f2a000-7f4a9912a000 ---p 001bb000 08:05 5510173                    /lib/x86_64-linux-gnu/libc-2.19.so
7f4a9912a000-7f4a9912e000 r--p 001bb000 08:05 5510173                    /lib/x86_64-linux-gnu/libc-2.19.so
7f4a9912e000-7f4a99130000 rw-p 001bf000 08:05 5510173                    /lib/x86_64-linux-gnu/libc-2.19.so
7f4a99130000-7f4a99135000 rw-p 00000000 00:00 0 
7f4a99135000-7f4a99142000 r-xp 00000000 08:05 5111948                    /usr/lib/jvm/java-7-openjdk-amd64/jre/lib/amd64/jli/libjli.so
7f4a99142000-7f4a99341000 ---p 0000d000 08:05 5111948                    /usr/lib/jvm/java-7-openjdk-amd64/jre/lib/amd64/jli/libjli.so
7f4a99341000-7f4a99342000 r--p 0000c000 08:05 5111948                    /usr/lib/jvm/java-7-openjdk-amd64/jre/lib/amd64/jli/libjli.so
7f4a99342000-7f4a99343000 rw-p 0000d000 08:05 5111948                    /usr/lib/jvm/java-7-openjdk-amd64/jre/lib/amd64/jli/libjli.so
7f4a99343000-7f4a99366000 r-xp 00000000 08:05 5510174                    /lib/x86_64-linux-gnu/ld-2.19.so
7f4a9937f000-7f4a99382000 r--s 0003c000 08:05 5111965                    /usr/lib/jvm/java-7-openjdk-amd64/jre/lib/ext/sunpkcs11.jar
7f4a99382000-7f4a99385000 r--s 0000f000 08:05 5111961                    /usr/lib/jvm/java-7-openjdk-amd64/jre/lib/ext/pulse-java.jar
7f4a99385000-7f4a9938f000 rw-p 00000000 00:00 0 
7f4a9938f000-7f4a99445000 rw-p 00000000 00:00 0 
7f4a99445000-7f4a99448000 ---p 00000000 00:00 0 
7f4a99448000-7f4a9954b000 rw-p 00000000 00:00 0                          [stack:21635]
7f4a9954c000-7f4a9954d000 rw-p 00000000 00:00 0 
7f4a9954d000-7f4a9954f000 r--s 00006000 08:05 5117819                    /usr/share/java/java-atk-wrapper.jar
7f4a9954f000-7f4a99552000 r--s 00032000 08:05 5111963                    /usr/lib/jvm/java-7-openjdk-amd64/jre/lib/ext/sunjce_provider.jar
7f4a99552000-7f4a99554000 r--s 00012000 08:05 5111962                    /usr/lib/jvm/java-7-openjdk-amd64/jre/lib/ext/zipfs.jar
7f4a99554000-7f4a99558000 r--s 00085000 08:05 5111960                    /usr/lib/jvm/java-7-openjdk-amd64/jre/lib/ext/localedata.jar
7f4a99558000-7f4a99559000 r--s 00002000 08:05 5111964                    /usr/lib/jvm/java-7-openjdk-amd64/jre/lib/ext/dnsns.jar
7f4a99559000-7f4a99561000 rw-s 00000000 08:05 3407970                    /tmp/hsperfdata_pritika/21629
7f4a99561000-7f4a99562000 rw-p 00000000 00:00 0 
7f4a99562000-7f4a99563000 ---p 00000000 00:00 0 
7f4a99563000-7f4a99565000 rw-p 00000000 00:00 0 
7f4a99565000-7f4a99566000 r--p 00022000 08:05 5510174                    /lib/x86_64-linux-gnu/ld-2.19.so
7f4a99566000-7f4a99567000 rw-p 00023000 08:05 5510174                    /lib/x86_64-linux-gnu/ld-2.19.so
7f4a99567000-7f4a99568000 rw-p 00000000 00:00 0 
7fff6984a000-7fff6986b000 rw-p 00000000 00:00 0                          [stack]
7fff698a1000-7fff698a3000 r-xp 00000000 00:00 0                          [vdso]
ffffffffff600000-ffffffffff601000 r-xp 00000000 00:00 0                  [vsyscall]

VM Arguments:
jvm_args: -Dfile.encoding=UTF-8 
java_command: edu.buffalo.cse.irf14.Runner
Launcher Type: SUN_STANDARD

Environment Variables:
PATH=/usr/local/sbin:/usr/local/bin:/usr/sbin:/usr/bin:/sbin:/bin:/usr/games:/usr/local/games
SHELL=/bin/bash
DISPLAY=:0.0

Signal Handlers:
SIGSEGV: [libjvm.so+0x949110], sa_mask[0]=0x7ffbfeff, sa_flags=0x10000004
SIGBUS: [libjvm.so+0x949110], sa_mask[0]=0x7ffbfeff, sa_flags=0x10000004
SIGFPE: [libjvm.so+0x7c2e80], sa_mask[0]=0x7ffbfeff, sa_flags=0x10000004
SIGPIPE: [libjvm.so+0x7c2e80], sa_mask[0]=0x7ffbfeff, sa_flags=0x10000004
SIGXFSZ: [libjvm.so+0x7c2e80], sa_mask[0]=0x7ffbfeff, sa_flags=0x10000004
SIGILL: [libjvm.so+0x7c2e80], sa_mask[0]=0x7ffbfeff, sa_flags=0x10000004
SIGUSR1: SIG_DFL, sa_mask[0]=0x00000000, sa_flags=0x00000000
SIGUSR2: [libjvm.so+0x7c2d20], sa_mask[0]=0x00000004, sa_flags=0x10000004
SIGHUP: [libjvm.so+0x7c2f00], sa_mask[0]=0x7ffbfeff, sa_flags=0x10000004
SIGINT: [libjvm.so+0x7c2f00], sa_mask[0]=0x7ffbfeff, sa_flags=0x10000004
SIGTERM: [libjvm.so+0x7c2f00], sa_mask[0]=0x7ffbfeff, sa_flags=0x10000004
SIGQUIT: [libjvm.so+0x7c2f00], sa_mask[0]=0x7ffbfeff, sa_flags=0x10000004
SIGTRAP: SIG_DFL, sa_mask[0]=0x00000000, sa_flags=0x00000000


---------------  S Y S T E M  ---------------

OS:Ubuntu 14.04 (trusty)
uname:Linux 3.13.0-35-generic #62-Ubuntu SMP Fri Aug 15 01:58:42 UTC 2014 x86_64
libc:glibc 2.19 NPTL 2.19 
rlimit: STACK 8192k, CORE 0k, NPROC 62612, NOFILE 4096, AS infinity
load average:45.33 20.11 9.49

/proc/meminfo:
MemTotal:        8105184 kB
MemFree:          192500 kB
Buffers:             388 kB
Cached:           664324 kB
SwapCached:            0 kB
Active:          7034048 kB
Inactive:         658916 kB
Active(anon):    7032244 kB
Inactive(anon):   637580 kB
Active(file):       1804 kB
Inactive(file):    21336 kB
Unevictable:          32 kB
Mlocked:              32 kB
SwapTotal:             0 kB
SwapFree:              0 kB
Dirty:               192 kB
Writeback:             0 kB
AnonPages:       7028472 kB
Mapped:           245776 kB
Shmem:            641384 kB
Slab:              71152 kB
SReclaimable:      30484 kB
SUnreclaim:        40668 kB
KernelStack:        6744 kB
PageTables:        55768 kB
NFS_Unstable:          0 kB
Bounce:                0 kB
WritebackTmp:          0 kB
CommitLimit:     4052592 kB
Committed_AS:   13333084 kB
VmallocTotal:   34359738367 kB
VmallocUsed:      555944 kB
VmallocChunk:   34359170648 kB
HardwareCorrupted:     0 kB
AnonHugePages:   3534848 kB
HugePages_Total:       0
HugePages_Free:        0
HugePages_Rsvd:        0
HugePages_Surp:        0
Hugepagesize:       2048 kB
DirectMap4k:       74368 kB
DirectMap2M:     3000320 kB
DirectMap1G:     5242880 kB


CPU:total 4 (2 cores per cpu, 2 threads per core) family 6 model 69 stepping 1, cmov, cx8, fxsr, mmx, sse, sse2, sse3, ssse3, sse4.1, sse4.2, popcnt, avx, avx2, aes, erms, ht, tsc, tscinvbit

/proc/cpuinfo:
processor	: 0
vendor_id	: GenuineIntel
cpu family	: 6
model		: 69
model name	: Intel(R) Core(TM) i5-4210U CPU @ 1.70GHz
stepping	: 1
microcode	: 0x17
cpu MHz		: 1600.000
cache size	: 3072 KB
physical id	: 0
siblings	: 4
core id		: 0
cpu cores	: 2
apicid		: 0
initial apicid	: 0
fpu		: yes
fpu_exception	: yes
cpuid level	: 13
wp		: yes
flags		: fpu vme de pse tsc msr pae mce cx8 apic sep mtrr pge mca cmov pat pse36 clflush dts acpi mmx fxsr sse sse2 ss ht tm pbe syscall nx pdpe1gb rdtscp lm constant_tsc arch_perfmon pebs bts rep_good nopl xtopology nonstop_tsc aperfmperf eagerfpu pni pclmulqdq dtes64 monitor ds_cpl vmx est tm2 ssse3 fma cx16 xtpr pdcm pcid sse4_1 sse4_2 movbe popcnt tsc_deadline_timer aes xsave avx f16c rdrand lahf_lm abm ida arat epb xsaveopt pln pts dtherm tpr_shadow vnmi flexpriority ept vpid fsgsbase tsc_adjust bmi1 avx2 smep bmi2 erms invpcid
bogomips	: 4789.27
clflush size	: 64
cache_alignment	: 64
address sizes	: 39 bits physical, 48 bits virtual
power management:

processor	: 1
vendor_id	: GenuineIntel
cpu family	: 6
model		: 69
model name	: Intel(R) Core(TM) i5-4210U CPU @ 1.70GHz
stepping	: 1
microcode	: 0x17
cpu MHz		: 1600.000
cache size	: 3072 KB
physical id	: 0
siblings	: 4
core id		: 0
cpu cores	: 2
apicid		: 1
initial apicid	: 1
fpu		: yes
fpu_exception	: yes
cpuid level	: 13
wp		: yes
flags		: fpu vme de pse tsc msr pae mce cx8 apic sep mtrr pge mca cmov pat pse36 clflush dts acpi mmx fxsr sse sse2 ss ht tm pbe syscall nx pdpe1gb rdtscp lm constant_tsc arch_perfmon pebs bts rep_good nopl xtopology nonstop_tsc aperfmperf eagerfpu pni pclmulqdq dtes64 monitor ds_cpl vmx est tm2 ssse3 fma cx16 xtpr pdcm pcid sse4_1 sse4_2 movbe popcnt tsc_deadline_timer aes xsave avx f16c rdrand lahf_lm abm ida arat epb xsaveopt pln pts dtherm tpr_shadow vnmi flexpriority ept vpid fsgsbase tsc_adjust bmi1 avx2 smep bmi2 erms invpcid
bogomips	: 4789.27
clflush size	: 64
cache_alignment	: 64
address sizes	: 39 bits physical, 48 bits virtual
power management:

processor	: 2
vendor_id	: GenuineIntel
cpu family	: 6
model		: 69
model name	: Intel(R) Core(TM) i5-4210U CPU @ 1.70GHz
stepping	: 1
microcode	: 0x17
cpu MHz		: 1600.000
cache size	: 3072 KB
physical id	: 0
siblings	: 4
core id		: 1
cpu cores	: 2
apicid		: 2
initial apicid	: 2
fpu		: yes
fpu_exception	: yes
cpuid level	: 13
wp		: yes
flags		: fpu vme de pse tsc msr pae mce cx8 apic sep mtrr pge mca cmov pat pse36 clflush dts acpi mmx fxsr sse sse2 ss ht tm pbe syscall nx pdpe1gb rdtscp lm constant_tsc arch_perfmon pebs bts rep_good nopl xtopology nonstop_tsc aperfmperf eagerfpu pni pclmulqdq dtes64 monitor ds_cpl vmx est tm2 ssse3 fma cx16 xtpr pdcm pcid sse4_1 sse4_2 movbe popcnt tsc_deadline_timer aes xsave avx f16c rdrand lahf_lm abm ida arat epb xsaveopt pln pts dtherm tpr_shadow vnmi flexpriority ept vpid fsgsbase tsc_adjust bmi1 avx2 smep bmi2 erms invpcid
bogomips	: 4789.27
clflush size	: 64
cache_alignment	: 64
address sizes	: 39 bits physical, 48 bits virtual
power management:

processor	: 3
vendor_id	: GenuineIntel
cpu family	: 6
model		: 69
model name	: Intel(R) Core(TM) i5-4210U CPU @ 1.70GHz
stepping	: 1
microcode	: 0x17
cpu MHz		: 1600.000
cache size	: 3072 KB
physical id	: 0
siblings	: 4
core id		: 1
cpu cores	: 2
apicid		: 3
initial apicid	: 3
fpu		: yes
fpu_exception	: yes
cpuid level	: 13
wp		: yes
flags		: fpu vme de pse tsc msr pae mce cx8 apic sep mtrr pge mca cmov pat pse36 clflush dts acpi mmx fxsr sse sse2 ss ht tm pbe syscall nx pdpe1gb rdtscp lm constant_tsc arch_perfmon pebs bts rep_good nopl xtopology nonstop_tsc aperfmperf eagerfpu pni pclmulqdq dtes64 monitor ds_cpl vmx est tm2 ssse3 fma cx16 xtpr pdcm pcid sse4_1 sse4_2 movbe popcnt tsc_deadline_timer aes xsave avx f16c rdrand lahf_lm abm ida arat epb xsaveopt pln pts dtherm tpr_shadow vnmi flexpriority ept vpid fsgsbase tsc_adjust bmi1 avx2 smep bmi2 erms invpcid
bogomips	: 4789.27
clflush size	: 64
cache_alignment	: 64
address sizes	: 39 bits physical, 48 bits virtual
power management:



Memory: 4k page, physical 8105184k(192500k free), swap 0k(0k free)

vm_info: OpenJDK 64-Bit Server VM (24.65-b04) for linux-amd64 JRE (1.7.0_65-b32), built on Aug 23 2014 13:33:31 by "buildd" with gcc 4.8.2

time: Sat Sep 27 00:32:28 2014
elapsed time: 108 seconds

