#
# There is insufficient memory for the Java Runtime Environment to continue.
# Native memory allocation (malloc) failed to allocate 158859264 bytes for committing reserved memory.
# Possible reasons:
#   The system is out of physical RAM or swap space
#   In 32 bit mode, the process size limit was hit
# Possible solutions:
#   Reduce memory load on the system
#   Increase physical memory or swap space
#   Check if swap backing store is full
#   Use 64 bit Java on a 64 bit OS
#   Decrease Java heap size (-Xmx/-Xms)
#   Decrease number of Java threads
#   Decrease Java thread stack sizes (-Xss)
#   Set larger code cache with -XX:ReservedCodeCacheSize=
# This output file may be truncated or incomplete.
#
#  Out of Memory Error (os_linux.cpp:2798), pid=21565, tid=140377629312768
#
# JRE version: OpenJDK Runtime Environment (7.0_65-b32) (build 1.7.0_65-b32)
# Java VM: OpenJDK 64-Bit Server VM (24.65-b04 mixed mode linux-amd64 compressed oops)
# Failed to write core dump. Core dumps have been disabled. To enable core dumping, try "ulimit -c unlimited" before starting Java again
#

---------------  T H R E A D  ---------------

Current thread (0x00007fac40075800):  VMThread [stack: 0x00007fac36aac000,0x00007fac36bad000] [id=21577]

Stack: [0x00007fac36aac000,0x00007fac36bad000],  sp=0x00007fac36bab490,  free space=1021k
Native frames: (J=compiled Java code, j=interpreted, Vv=VM code, C=native code)
V  [libjvm.so+0x948635]  VMError::report_and_die()+0x175
V  [libjvm.so+0x48b904]  report_vm_out_of_memory(char const*, int, unsigned long, char const*)+0x74
V  [libjvm.so+0x7c766b]  os::pd_commit_memory(char*, unsigned long, unsigned long, bool)+0xeb
V  [libjvm.so+0x7c212f]  os::commit_memory(char*, unsigned long, unsigned long, bool)+0x1f
V  [libjvm.so+0x8338bb]  PSVirtualSpace::expand_by(unsigned long)+0x5b
V  [libjvm.so+0x834710]  PSYoungGen::resize_generation(unsigned long, unsigned long)+0xb0
V  [libjvm.so+0x834dfb]  PSYoungGen::resize(unsigned long, unsigned long)+0x1b
V  [libjvm.so+0x8310e0]  PSScavenge::invoke_no_policy()+0xde0
V  [libjvm.so+0x8318b8]  PSScavenge::invoke()+0x38
V  [libjvm.so+0x7e8293]  ParallelScavengeHeap::failed_mem_allocate(unsigned long)+0x63
V  [libjvm.so+0x94a034]  VM_ParallelGCFailedAllocation::doit()+0x84
V  [libjvm.so+0x94e527]  VM_Operation::evaluate()+0x47
V  [libjvm.so+0x94ce98]  VMThread::evaluate_operation(VM_Operation*)+0x318
V  [libjvm.so+0x94d2f9]  VMThread::loop()+0x219
V  [libjvm.so+0x94d742]  VMThread::run()+0x72
V  [libjvm.so+0x7c4532]  java_start(Thread*)+0xf2

VM_Operation (0x00007fac4729a660): ParallelGCFailedAllocation, mode: safepoint, requested by thread 0x00007fac4000a000


---------------  P R O C E S S  ---------------

Java Threads: ( => current thread )
  0x00007fac400a6800 JavaThread "Service Thread" daemon [_thread_blocked, id=21583, stack(0x00007fac35dc4000,0x00007fac35ec5000)]
  0x00007fac400a4000 JavaThread "C2 CompilerThread1" daemon [_thread_blocked, id=21582, stack(0x00007fac35ec5000,0x00007fac35fc6000)]
  0x00007fac400a1000 JavaThread "C2 CompilerThread0" daemon [_thread_blocked, id=21581, stack(0x00007fac35fc6000,0x00007fac360c7000)]
  0x00007fac4009f000 JavaThread "Signal Dispatcher" daemon [_thread_blocked, id=21580, stack(0x00007fac360c7000,0x00007fac361c8000)]
  0x00007fac4007c000 JavaThread "Finalizer" daemon [_thread_blocked, id=21579, stack(0x00007fac368aa000,0x00007fac369ab000)]
  0x00007fac4007a000 JavaThread "Reference Handler" daemon [_thread_blocked, id=21578, stack(0x00007fac369ab000,0x00007fac36aac000)]
  0x00007fac4000a000 JavaThread "main" [_thread_blocked, id=21571, stack(0x00007fac4719b000,0x00007fac4729c000)]

Other Threads:
=>0x00007fac40075800 VMThread [stack: 0x00007fac36aac000,0x00007fac36bad000] [id=21577]
  0x00007fac400b1000 WatcherThread [stack: 0x00007fac35cc3000,0x00007fac35dc4000] [id=21584]

VM state:at safepoint (normal execution)

VM Mutex/Monitor currently owned by a thread:  ([mutex/lock_event])
[0x00007fac400064c0] Threads_lock - owner thread: 0x00007fac40075800
[0x00007fac400069c0] Heap_lock - owner thread: 0x00007fac4000a000

Heap
 PSYoungGen      total 259072K, used 103K [0x00000007d6c00000, 0x00000007e6a00000, 0x0000000800000000)
  eden space 258048K, 0% used [0x00000007d6c00000,0x00000007d6c00000,0x00000007e6800000)
  from space 1024K, 10% used [0x00000007e6800000,0x00000007e6819e00,0x00000007e6900000)
  to   space 1024K, 0% used [0x00000007e6900000,0x00000007e6900000,0x00000007e6a00000)
 ParOldGen       total 84480K, used 600K [0x0000000784400000, 0x0000000789680000, 0x00000007d6c00000)
  object space 84480K, 0% used [0x0000000784400000,0x0000000784496090,0x0000000789680000)
 PSPermGen       total 21504K, used 4448K [0x0000000779e00000, 0x000000077b300000, 0x0000000784400000)
  object space 21504K, 20% used [0x0000000779e00000,0x000000077a2581b0,0x000000077b300000)

Card table byte_map: [0x00007fac3c7b9000,0x00007fac3cbeb000] byte_map_base: 0x00007fac38bea000

Polling page: 0x00007fac472b8000

Code Cache  [0x00007fac3cbeb000, 0x00007fac3ce5b000, 0x00007fac3fbeb000)
 total_blobs=406 nmethods=180 adapters=179 free_code_cache=48322Kb largest_free_block=49421632

Compilation events (10 events):
Event: 9.916 Thread 0x00007fac400a4000  181             java.util.ArrayList::contains (14 bytes)
Event: 9.940 Thread 0x00007fac400a4000 nmethod 181 0x00007fac3cc5f6d0 code [0x00007fac3cc5f820, 0x00007fac3cc5fa38]
Event: 9.940 Thread 0x00007fac400a4000  182             java.lang.StringBuilder::toString (17 bytes)
Event: 9.961 Thread 0x00007fac400a4000 nmethod 182 0x00007fac3cca6bd0 code [0x00007fac3cca6d20, 0x00007fac3cca7018]
Event: 9.961 Thread 0x00007fac400a4000  183             java.lang.StringBuilder::<init> (18 bytes)
Event: 10.028 Thread 0x00007fac400a4000 nmethod 183 0x00007fac3cca61d0 code [0x00007fac3cca6340, 0x00007fac3cca6818]
Event: 10.028 Thread 0x00007fac400a4000  184             java.lang.String::valueOf (14 bytes)
Event: 10.030 Thread 0x00007fac400a4000 nmethod 184 0x00007fac3ccab010 code [0x00007fac3ccab160, 0x00007fac3ccab1d8]
Event: 10.030 Thread 0x00007fac400a4000  185 %           edu.buffalo.cse.irf14.document.Parser::contentParse @ 324 (560 bytes)
Event: 10.336 Thread 0x00007fac400a1000 nmethod 133 0x00007fac3ccb9910 code [0x00007fac3ccba440, 0x00007fac3ccc1d20]

GC Heap History (10 events):
Event: 8.961 GC heap after
Heap after GC invocations=4 (full 0):
 PSYoungGen      total 69632K, used 688K [0x00000007d6c00000, 0x00000007db500000, 0x0000000800000000)
  eden space 64512K, 0% used [0x00000007d6c00000,0x00000007d6c00000,0x00000007dab00000)
  from space 5120K, 13% used [0x00000007db000000,0x00000007db0ac010,0x00000007db500000)
  to   space 5120K, 0% used [0x00000007dab00000,0x00000007dab00000,0x00000007db000000)
 ParOldGen       total 84480K, used 8K [0x0000000784400000, 0x0000000789680000, 0x00000007d6c00000)
  object space 84480K, 0% used [0x0000000784400000,0x0000000784402000,0x0000000789680000)
 PSPermGen       total 21504K, used 4447K [0x0000000779e00000, 0x000000077b300000, 0x0000000784400000)
  object space 21504K, 20% used [0x0000000779e00000,0x000000077a257ec8,0x000000077b300000)
}
Event: 9.261 GC heap before
{Heap before GC invocations=5 (full 0):
 PSYoungGen      total 69632K, used 65200K [0x00000007d6c00000, 0x00000007db500000, 0x0000000800000000)
  eden space 64512K, 100% used [0x00000007d6c00000,0x00000007dab00000,0x00000007dab00000)
  from space 5120K, 13% used [0x00000007db000000,0x00000007db0ac010,0x00000007db500000)
  to   space 5120K, 0% used [0x00000007dab00000,0x00000007dab00000,0x00000007db000000)
 ParOldGen       total 84480K, used 8K [0x0000000784400000, 0x0000000789680000, 0x00000007d6c00000)
  object space 84480K, 0% used [0x0000000784400000,0x0000000784402000,0x0000000789680000)
 PSPermGen       total 21504K, used 4448K [0x0000000779e00000, 0x000000077b300000, 0x0000000784400000)
  object space 21504K, 20% used [0x0000000779e00000,0x000000077a2581b0,0x000000077b300000)
Event: 9.275 GC heap after
Heap after GC invocations=5 (full 0):
 PSYoungGen      total 69632K, used 656K [0x00000007d6c00000, 0x00000007dec00000, 0x0000000800000000)
  eden space 64512K, 0% used [0x00000007d6c00000,0x00000007d6c00000,0x00000007dab00000)
  from space 5120K, 12% used [0x00000007dab00000,0x00000007daba4010,0x00000007db000000)
  to   space 1024K, 0% used [0x00000007deb00000,0x00000007deb00000,0x00000007dec00000)
 ParOldGen       total 84480K, used 16K [0x0000000784400000, 0x0000000789680000, 0x00000007d6c00000)
  object space 84480K, 0% used [0x0000000784400000,0x0000000784404000,0x0000000789680000)
 PSPermGen       total 21504K, used 4448K [0x0000000779e00000, 0x000000077b300000, 0x0000000784400000)
  object space 21504K, 20% used [0x0000000779e00000,0x000000077a2581b0,0x000000077b300000)
}
Event: 9.352 GC heap before
{Heap before GC invocations=6 (full 0):
 PSYoungGen      total 69632K, used 65168K [0x00000007d6c00000, 0x00000007dec00000, 0x0000000800000000)
  eden space 64512K, 100% used [0x00000007d6c00000,0x00000007dab00000,0x00000007dab00000)
  from space 5120K, 12% used [0x00000007dab00000,0x00000007daba4010,0x00000007db000000)
  to   space 1024K, 0% used [0x00000007deb00000,0x00000007deb00000,0x00000007dec00000)
 ParOldGen       total 84480K, used 16K [0x0000000784400000, 0x0000000789680000, 0x00000007d6c00000)
  object space 84480K, 0% used [0x0000000784400000,0x0000000784404000,0x0000000789680000)
 PSPermGen       total 21504K, used 4448K [0x0000000779e00000, 0x000000077b300000, 0x0000000784400000)
  object space 21504K, 20% used [0x0000000779e00000,0x000000077a2581b0,0x000000077b300000)
Event: 9.361 GC heap after
Heap after GC invocations=6 (full 0):
 PSYoungGen      total 130048K, used 608K [0x00000007d6c00000, 0x00000007dec00000, 0x0000000800000000)
  eden space 129024K, 0% used [0x00000007d6c00000,0x00000007d6c00000,0x00000007dea00000)
  from space 1024K, 59% used [0x00000007deb00000,0x00000007deb98020,0x00000007dec00000)
  to   space 1024K, 0% used [0x00000007dea00000,0x00000007dea00000,0x00000007deb00000)
 ParOldGen       total 84480K, used 16K [0x0000000784400000, 0x0000000789680000, 0x00000007d6c00000)
  object space 84480K, 0% used [0x0000000784400000,0x0000000784404000,0x0000000789680000)
 PSPermGen       total 21504K, used 4448K [0x0000000779e00000, 0x000000077b300000, 0x0000000784400000)
  object space 21504K, 20% used [0x0000000779e00000,0x000000077a2581b0,0x000000077b300000)
}
Event: 9.680 GC heap before
{Heap before GC invocations=7 (full 0):
 PSYoungGen      total 130048K, used 129632K [0x00000007d6c00000, 0x00000007dec00000, 0x0000000800000000)
  eden space 129024K, 100% used [0x00000007d6c00000,0x00000007dea00000,0x00000007dea00000)
  from space 1024K, 59% used [0x00000007deb00000,0x00000007deb98020,0x00000007dec00000)
  to   space 1024K, 0% used [0x00000007dea00000,0x00000007dea00000,0x00000007deb00000)
 ParOldGen       total 84480K, used 16K [0x0000000784400000, 0x0000000789680000, 0x00000007d6c00000)
  object space 84480K, 0% used [0x0000000784400000,0x0000000784404000,0x0000000789680000)
 PSPermGen       total 21504K, used 4448K [0x0000000779e00000, 0x000000077b300000, 0x0000000784400000)
  object space 21504K, 20% used [0x0000000779e00000,0x000000077a2581b0,0x000000077b300000)
Event: 9.704 GC heap after
Heap after GC invocations=7 (full 0):
 PSYoungGen      total 130048K, used 198K [0x00000007d6c00000, 0x00000007e6a00000, 0x0000000800000000)
  eden space 129024K, 0% used [0x00000007d6c00000,0x00000007d6c00000,0x00000007dea00000)
  from space 1024K, 19% used [0x00000007dea00000,0x00000007dea31bd0,0x00000007deb00000)
  to   space 1024K, 0% used [0x00000007e6900000,0x00000007e6900000,0x00000007e6a00000)
 ParOldGen       total 84480K, used 496K [0x0000000784400000, 0x0000000789680000, 0x00000007d6c00000)
  object space 84480K, 0% used [0x0000000784400000,0x000000078447c070,0x0000000789680000)
 PSPermGen       total 21504K, used 4448K [0x0000000779e00000, 0x000000077b300000, 0x0000000784400000)
  object space 21504K, 20% used [0x0000000779e00000,0x000000077a2581b0,0x000000077b300000)
}
Event: 9.909 GC heap before
{Heap before GC invocations=8 (full 0):
 PSYoungGen      total 130048K, used 129222K [0x00000007d6c00000, 0x00000007e6a00000, 0x0000000800000000)
  eden space 129024K, 100% used [0x00000007d6c00000,0x00000007dea00000,0x00000007dea00000)
  from space 1024K, 19% used [0x00000007dea00000,0x00000007dea31bd0,0x00000007deb00000)
  to   space 1024K, 0% used [0x00000007e6900000,0x00000007e6900000,0x00000007e6a00000)
 ParOldGen       total 84480K, used 496K [0x0000000784400000, 0x0000000789680000, 0x00000007d6c00000)
  object space 84480K, 0% used [0x0000000784400000,0x000000078447c070,0x0000000789680000)
 PSPermGen       total 21504K, used 4448K [0x0000000779e00000, 0x000000077b300000, 0x0000000784400000)
  object space 21504K, 20% used [0x0000000779e00000,0x000000077a2581b0,0x000000077b300000)
Event: 9.913 GC heap after
Heap after GC invocations=8 (full 0):
 PSYoungGen      total 259072K, used 59K [0x00000007d6c00000, 0x00000007e6a00000, 0x0000000800000000)
  eden space 258048K, 0% used [0x00000007d6c00000,0x00000007d6c00000,0x00000007e6800000)
  from space 1024K, 5% used [0x00000007e6900000,0x00000007e690ef68,0x00000007e6a00000)
  to   space 1024K, 0% used [0x00000007e6800000,0x00000007e6800000,0x00000007e6900000)
 ParOldGen       total 84480K, used 600K [0x0000000784400000, 0x0000000789680000, 0x00000007d6c00000)
  object space 84480K, 0% used [0x0000000784400000,0x0000000784496090,0x0000000789680000)
 PSPermGen       total 21504K, used 4448K [0x0000000779e00000, 0x000000077b300000, 0x0000000784400000)
  object space 21504K, 20% used [0x0000000779e00000,0x000000077a2581b0,0x000000077b300000)
}
Event: 10.898 GC heap before
{Heap before GC invocations=9 (full 0):
 PSYoungGen      total 259072K, used 258107K [0x00000007d6c00000, 0x00000007e6a00000, 0x0000000800000000)
  eden space 258048K, 100% used [0x00000007d6c00000,0x00000007e6800000,0x00000007e6800000)
  from space 1024K, 5% used [0x00000007e6900000,0x00000007e690ef68,0x00000007e6a00000)
  to   space 1024K, 0% used [0x00000007e6800000,0x00000007e6800000,0x00000007e6900000)
 ParOldGen       total 84480K, used 600K [0x0000000784400000, 0x0000000789680000, 0x00000007d6c00000)
  object space 84480K, 0% used [0x0000000784400000,0x0000000784496090,0x0000000789680000)
 PSPermGen       total 21504K, used 4448K [0x0000000779e00000, 0x000000077b300000, 0x0000000784400000)
  object space 21504K, 20% used [0x0000000779e00000,0x000000077a2581b0,0x000000077b300000)

Deoptimization events (10 events):
Event: 3.889 Thread 0x00007fac4000a000 Uncommon trap: reason=bimorphic action=maybe_recompile pc=0x00007fac3cc6008c method=java.util.regex.Pattern$BmpCharProperty.match(Ljava/util/regex/Matcher;ILjava/lang/CharSequence;)Z @ 16
Event: 3.889 Thread 0x00007fac4000a000 Uncommon trap: reason=bimorphic action=maybe_recompile pc=0x00007fac3cc6008c method=java.util.regex.Pattern$BmpCharProperty.match(Ljava/util/regex/Matcher;ILjava/lang/CharSequence;)Z @ 16
Event: 3.889 Thread 0x00007fac4000a000 Uncommon trap: reason=bimorphic action=maybe_recompile pc=0x00007fac3cc6008c method=java.util.regex.Pattern$BmpCharProperty.match(Ljava/util/regex/Matcher;ILjava/lang/CharSequence;)Z @ 16
Event: 3.891 Thread 0x00007fac4000a000 Uncommon trap: reason=unreached action=reinterpret pc=0x00007fac3cc5aabc method=java.util.regex.Pattern$Branch.match(Ljava/util/regex/Matcher;ILjava/lang/CharSequence;)Z @ 19
Event: 4.136 Thread 0x00007fac4000a000 Uncommon trap: reason=bimorphic action=maybe_recompile pc=0x00007fac3cc5f8e8 method=java.util.regex.Matcher.match(II)Z @ 86
Event: 4.756 Thread 0x00007fac4000a000 Uncommon trap: reason=bimorphic action=maybe_recompile pc=0x00007fac3cc5f8e8 method=java.util.regex.Matcher.match(II)Z @ 86
Event: 5.142 Thread 0x00007fac4000a000 Uncommon trap: reason=bimorphic action=maybe_recompile pc=0x00007fac3cc5f8e8 method=java.util.regex.Matcher.match(II)Z @ 86
Event: 5.417 Thread 0x00007fac4000a000 Uncommon trap: reason=bimorphic action=maybe_recompile pc=0x00007fac3cc5f8e8 method=java.util.regex.Matcher.match(II)Z @ 86
Event: 8.030 Thread 0x00007fac4000a000 Uncommon trap: reason=class_check action=maybe_recompile pc=0x00007fac3cc64698 method=java.util.regex.Pattern$Curly.match0(Ljava/util/regex/Matcher;IILjava/lang/CharSequence;)Z @ 16
Event: 8.622 Thread 0x00007fac4000a000 Uncommon trap: reason=class_check action=maybe_recompile pc=0x00007fac3cc64698 method=java.util.regex.Pattern$Curly.match0(Ljava/util/regex/Matcher;IILjava/lang/CharSequence;)Z @ 16

Internal exceptions (10 events):
Event: 1.948 Thread 0x00007fac4000a000 Threw 0x00000007d6d04a28 at /build/buildd/openjdk-7-7u65-2.5.1/build/openjdk/hotspot/src/share/vm/prims/jvm.cpp:1247
Event: 1.953 Thread 0x00007fac4000a000 Threw 0x00000007d6d06c18 at /build/buildd/openjdk-7-7u65-2.5.1/build/openjdk/hotspot/src/share/vm/prims/jvm.cpp:1247
Event: 1.963 Thread 0x00007fac4000a000 Threw 0x00000007d6d0ad48 at /build/buildd/openjdk-7-7u65-2.5.1/build/openjdk/hotspot/src/share/vm/prims/jvm.cpp:1247
Event: 1.970 Thread 0x00007fac4000a000 Threw 0x00000007d6d0f850 at /build/buildd/openjdk-7-7u65-2.5.1/build/openjdk/hotspot/src/share/vm/prims/jvm.cpp:1247
Event: 1.979 Thread 0x00007fac4000a000 Threw 0x00000007d6d12320 at /build/buildd/openjdk-7-7u65-2.5.1/build/openjdk/hotspot/src/share/vm/prims/jvm.cpp:1247
Event: 1.989 Thread 0x00007fac4000a000 Threw 0x00000007d6d14ed8 at /build/buildd/openjdk-7-7u65-2.5.1/build/openjdk/hotspot/src/share/vm/prims/jvm.cpp:1247
Event: 2.000 Thread 0x00007fac4000a000 Threw 0x00000007d6d1b8c8 at /build/buildd/openjdk-7-7u65-2.5.1/build/openjdk/hotspot/src/share/vm/prims/jvm.cpp:1247
Event: 2.014 Thread 0x00007fac4000a000 Threw 0x00000007d6d1ff50 at /build/buildd/openjdk-7-7u65-2.5.1/build/openjdk/hotspot/src/share/vm/prims/jvm.cpp:1247
Event: 2.030 Thread 0x00007fac4000a000 Threw 0x00000007d6d22da0 at /build/buildd/openjdk-7-7u65-2.5.1/build/openjdk/hotspot/src/share/vm/prims/jvm.cpp:1247
Event: 2.159 Thread 0x00007fac4000a000 Threw 0x00000007d6d4abd8 at /build/buildd/openjdk-7-7u65-2.5.1/build/openjdk/hotspot/src/share/vm/prims/jvm.cpp:1247

Events (10 events):
Event: 9.110 Thread 0x00007fac400a4000 flushing nmethod 0x00007fac3cc5f490
Event: 9.261 Executing VM operation: ParallelGCFailedAllocation
Event: 9.275 Executing VM operation: ParallelGCFailedAllocation done
Event: 9.352 Executing VM operation: ParallelGCFailedAllocation
Event: 9.361 Executing VM operation: ParallelGCFailedAllocation done
Event: 9.680 Executing VM operation: ParallelGCFailedAllocation
Event: 9.704 Executing VM operation: ParallelGCFailedAllocation done
Event: 9.909 Executing VM operation: ParallelGCFailedAllocation
Event: 9.913 Executing VM operation: ParallelGCFailedAllocation done
Event: 10.898 Executing VM operation: ParallelGCFailedAllocation


Dynamic libraries:
00400000-00401000 r-xp 00000000 08:05 5115745                            /usr/lib/jvm/java-7-openjdk-amd64/jre/bin/java
00600000-00601000 r--p 00000000 08:05 5115745                            /usr/lib/jvm/java-7-openjdk-amd64/jre/bin/java
00601000-00602000 rw-p 00001000 08:05 5115745                            /usr/lib/jvm/java-7-openjdk-amd64/jre/bin/java
0144d000-0146e000 rw-p 00000000 00:00 0                                  [heap]
779e00000-77b300000 rw-p 00000000 00:00 0 
77b300000-784400000 rw-p 00000000 00:00 0 
784400000-789680000 rw-p 00000000 00:00 0 
789680000-7d6c00000 rw-p 00000000 00:00 0 
7d6c00000-7e6a00000 rw-p 00000000 00:00 0 
7f0180000-800000000 rw-p 00000000 00:00 0 
7fabfc000000-7fabfc021000 rw-p 00000000 00:00 0 
7fabfc021000-7fac00000000 ---p 00000000 00:00 0 
7fac00000000-7fac00021000 rw-p 00000000 00:00 0 
7fac00021000-7fac04000000 ---p 00000000 00:00 0 
7fac04000000-7fac04cb8000 rw-p 00000000 00:00 0 
7fac04cb8000-7fac08000000 ---p 00000000 00:00 0 
7fac08000000-7fac087ed000 rw-p 00000000 00:00 0 
7fac087ed000-7fac0c000000 ---p 00000000 00:00 0 
7fac0c000000-7fac0c021000 rw-p 00000000 00:00 0 
7fac0c021000-7fac10000000 ---p 00000000 00:00 0 
7fac10000000-7fac10021000 rw-p 00000000 00:00 0 
7fac10021000-7fac14000000 ---p 00000000 00:00 0 
7fac14000000-7fac14021000 rw-p 00000000 00:00 0 
7fac14021000-7fac18000000 ---p 00000000 00:00 0 
7fac1bcf0000-7fac20000000 rw-p 00000000 00:00 0 
7fac20000000-7fac20021000 rw-p 00000000 00:00 0 
7fac20021000-7fac24000000 ---p 00000000 00:00 0 
7fac24000000-7fac240eb000 rw-p 00000000 00:00 0 
7fac240eb000-7fac28000000 ---p 00000000 00:00 0 
7fac28000000-7fac28021000 rw-p 00000000 00:00 0 
7fac28021000-7fac2c000000 ---p 00000000 00:00 0 
7fac30000000-7fac30021000 rw-p 00000000 00:00 0 
7fac30021000-7fac34000000 ---p 00000000 00:00 0 
7fac343b3000-7fac34545000 rw-p 00000000 00:00 0 
7fac34545000-7fac34582000 r-xp 00000000 08:05 5509102                    /lib/x86_64-linux-gnu/libpcre.so.3.13.1
7fac34582000-7fac34781000 ---p 0003d000 08:05 5509102                    /lib/x86_64-linux-gnu/libpcre.so.3.13.1
7fac34781000-7fac34782000 r--p 0003c000 08:05 5509102                    /lib/x86_64-linux-gnu/libpcre.so.3.13.1
7fac34782000-7fac34783000 rw-p 0003d000 08:05 5509102                    /lib/x86_64-linux-gnu/libpcre.so.3.13.1
7fac34783000-7fac3478a000 r-xp 00000000 08:05 4726642                    /usr/lib/x86_64-linux-gnu/libffi.so.6.0.1
7fac3478a000-7fac34989000 ---p 00007000 08:05 4726642                    /usr/lib/x86_64-linux-gnu/libffi.so.6.0.1
7fac34989000-7fac3498a000 r--p 00006000 08:05 4726642                    /usr/lib/x86_64-linux-gnu/libffi.so.6.0.1
7fac3498a000-7fac3498b000 rw-p 00007000 08:05 4726642                    /usr/lib/x86_64-linux-gnu/libffi.so.6.0.1
7fac3498b000-7fac349a2000 r-xp 00000000 08:05 5510166                    /lib/x86_64-linux-gnu/libresolv-2.19.so
7fac349a2000-7fac34ba2000 ---p 00017000 08:05 5510166                    /lib/x86_64-linux-gnu/libresolv-2.19.so
7fac34ba2000-7fac34ba3000 r--p 00017000 08:05 5510166                    /lib/x86_64-linux-gnu/libresolv-2.19.so
7fac34ba3000-7fac34ba4000 rw-p 00018000 08:05 5510166                    /lib/x86_64-linux-gnu/libresolv-2.19.so
7fac34ba4000-7fac34ba6000 rw-p 00000000 00:00 0 
7fac34ba6000-7fac34bc6000 r-xp 00000000 08:05 5509129                    /lib/x86_64-linux-gnu/libselinux.so.1
7fac34bc6000-7fac34dc5000 ---p 00020000 08:05 5509129                    /lib/x86_64-linux-gnu/libselinux.so.1
7fac34dc5000-7fac34dc6000 r--p 0001f000 08:05 5509129                    /lib/x86_64-linux-gnu/libselinux.so.1
7fac34dc6000-7fac34dc7000 rw-p 00020000 08:05 5509129                    /lib/x86_64-linux-gnu/libselinux.so.1
7fac34dc7000-7fac34dc9000 rw-p 00000000 00:00 0 
7fac34dc9000-7fac34dcc000 r-xp 00000000 08:05 4726759                    /usr/lib/x86_64-linux-gnu/libgmodule-2.0.so.0.4000.0
7fac34dcc000-7fac34fcb000 ---p 00003000 08:05 4726759                    /usr/lib/x86_64-linux-gnu/libgmodule-2.0.so.0.4000.0
7fac34fcb000-7fac34fcc000 r--p 00002000 08:05 4726759                    /usr/lib/x86_64-linux-gnu/libgmodule-2.0.so.0.4000.0
7fac34fcc000-7fac34fcd000 rw-p 00003000 08:05 4726759                    /usr/lib/x86_64-linux-gnu/libgmodule-2.0.so.0.4000.0
7fac34fcd000-7fac350d3000 r-xp 00000000 08:05 5509030                    /lib/x86_64-linux-gnu/libglib-2.0.so.0.4000.0
7fac350d3000-7fac352d2000 ---p 00106000 08:05 5509030                    /lib/x86_64-linux-gnu/libglib-2.0.so.0.4000.0
7fac352d2000-7fac352d3000 r--p 00105000 08:05 5509030                    /lib/x86_64-linux-gnu/libglib-2.0.so.0.4000.0
7fac352d3000-7fac352d4000 rw-p 00106000 08:05 5509030                    /lib/x86_64-linux-gnu/libglib-2.0.so.0.4000.0
7fac352d4000-7fac352d5000 rw-p 00000000 00:00 0 
7fac352d5000-7fac35324000 r-xp 00000000 08:05 4726775                    /usr/lib/x86_64-linux-gnu/libgobject-2.0.so.0.4000.0
7fac35324000-7fac35524000 ---p 0004f000 08:05 4726775                    /usr/lib/x86_64-linux-gnu/libgobject-2.0.so.0.4000.0
7fac35524000-7fac35525000 r--p 0004f000 08:05 4726775                    /usr/lib/x86_64-linux-gnu/libgobject-2.0.so.0.4000.0
7fac35525000-7fac35526000 rw-p 00050000 08:05 4726775                    /usr/lib/x86_64-linux-gnu/libgobject-2.0.so.0.4000.0
7fac35526000-7fac35691000 r-xp 00000000 08:05 4726745                    /usr/lib/x86_64-linux-gnu/libgio-2.0.so.0.4000.0
7fac35691000-7fac35891000 ---p 0016b000 08:05 4726745                    /usr/lib/x86_64-linux-gnu/libgio-2.0.so.0.4000.0
7fac35891000-7fac35895000 r--p 0016b000 08:05 4726745                    /usr/lib/x86_64-linux-gnu/libgio-2.0.so.0.4000.0
7fac35895000-7fac35897000 rw-p 0016f000 08:05 4726745                    /usr/lib/x86_64-linux-gnu/libgio-2.0.so.0.4000.0
7fac35897000-7fac35899000 rw-p 00000000 00:00 0 
7fac35899000-7fac358b0000 r-xp 00000000 08:05 5111922                    /usr/lib/jvm/java-7-openjdk-amd64/jre/lib/amd64/libnet.so
7fac358b0000-7fac35aaf000 ---p 00017000 08:05 5111922                    /usr/lib/jvm/java-7-openjdk-amd64/jre/lib/amd64/libnet.so
7fac35aaf000-7fac35ab0000 r--p 00016000 08:05 5111922                    /usr/lib/jvm/java-7-openjdk-amd64/jre/lib/amd64/libnet.so
7fac35ab0000-7fac35ab1000 rw-p 00017000 08:05 5111922                    /usr/lib/jvm/java-7-openjdk-amd64/jre/lib/amd64/libnet.so
7fac35ab1000-7fac35ac1000 r-xp 00000000 08:05 5111944                    /usr/lib/jvm/java-7-openjdk-amd64/jre/lib/amd64/libnio.so
7fac35ac1000-7fac35cc1000 ---p 00010000 08:05 5111944                    /usr/lib/jvm/java-7-openjdk-amd64/jre/lib/amd64/libnio.so
7fac35cc1000-7fac35cc2000 r--p 00010000 08:05 5111944                    /usr/lib/jvm/java-7-openjdk-amd64/jre/lib/amd64/libnio.so
7fac35cc2000-7fac35cc3000 rw-p 00011000 08:05 5111944                    /usr/lib/jvm/java-7-openjdk-amd64/jre/lib/amd64/libnio.so
7fac35cc3000-7fac35cc4000 ---p 00000000 00:00 0 
7fac35cc4000-7fac35dc4000 rw-p 00000000 00:00 0                          [stack:21584]
7fac35dc4000-7fac35dc7000 ---p 00000000 00:00 0 
7fac35dc7000-7fac35ec5000 rw-p 00000000 00:00 0                          [stack:21583]
7fac35ec5000-7fac35ec8000 ---p 00000000 00:00 0 
7fac35ec8000-7fac35fc6000 rw-p 00000000 00:00 0                          [stack:21582]
7fac35fc6000-7fac35fc9000 ---p 00000000 00:00 0 
7fac35fc9000-7fac360c7000 rw-p 00000000 00:00 0                          [stack:21581]
7fac360c7000-7fac360ca000 ---p 00000000 00:00 0 
7fac360ca000-7fac361c8000 rw-p 00000000 00:00 0                          [stack:21580]
7fac361c8000-7fac368aa000 r--p 00000000 08:05 4725374                    /usr/lib/locale/locale-archive
7fac368aa000-7fac368ad000 ---p 00000000 00:00 0 
7fac368ad000-7fac369ab000 rw-p 00000000 00:00 0                          [stack:21579]
7fac369ab000-7fac369ae000 ---p 00000000 00:00 0 
7fac369ae000-7fac36aac000 rw-p 00000000 00:00 0                          [stack:21578]
7fac36aac000-7fac36aad000 ---p 00000000 00:00 0 
7fac36aad000-7fac37a1e000 rw-p 00000000 00:00 0                          [stack:21577]
7fac37a1e000-7fac37bcf000 r--s 01d21000 08:05 5114452                    /usr/lib/jvm/java-7-openjdk-amd64/jre/lib/rt.jar
7fac37bcf000-7fac38000000 rw-p 00000000 00:00 0 
7fac38000000-7fac38021000 rw-p 00000000 00:00 0 
7fac38021000-7fac3c000000 ---p 00000000 00:00 0 
7fac3c00e000-7fac3c222000 rw-p 00000000 00:00 0 
7fac3c222000-7fac3c223000 ---p 00000000 00:00 0 
7fac3c223000-7fac3c323000 rw-p 00000000 00:00 0                          [stack:21576]
7fac3c323000-7fac3c324000 ---p 00000000 00:00 0 
7fac3c324000-7fac3c424000 rw-p 00000000 00:00 0                          [stack:21575]
7fac3c424000-7fac3c425000 ---p 00000000 00:00 0 
7fac3c425000-7fac3c54f000 rw-p 00000000 00:00 0                          [stack:21574]
7fac3c54f000-7fac3c7b9000 rw-p 00000000 00:00 0 
7fac3c7b9000-7fac3c7c4000 rw-p 00000000 00:00 0 
7fac3c7c4000-7fac3c80c000 rw-p 00000000 00:00 0 
7fac3c80c000-7fac3c836000 rw-p 00000000 00:00 0 
7fac3c836000-7fac3caa0000 rw-p 00000000 00:00 0 
7fac3caa0000-7fac3cb1f000 rw-p 00000000 00:00 0 
7fac3cb1f000-7fac3cbea000 rw-p 00000000 00:00 0 
7fac3cbea000-7fac3cbeb000 rw-p 00000000 00:00 0 
7fac3cbeb000-7fac3ce5b000 rwxp 00000000 00:00 0 
7fac3ce5b000-7fac3fbeb000 rw-p 00000000 00:00 0 
7fac3fbeb000-7fac3fbf3000 r-xp 00000000 08:05 5111914                    /usr/lib/jvm/java-7-openjdk-amd64/jre/lib/amd64/libzip.so
7fac3fbf3000-7fac3fdf2000 ---p 00008000 08:05 5111914                    /usr/lib/jvm/java-7-openjdk-amd64/jre/lib/amd64/libzip.so
7fac3fdf2000-7fac3fdf3000 r--p 00007000 08:05 5111914                    /usr/lib/jvm/java-7-openjdk-amd64/jre/lib/amd64/libzip.so
7fac3fdf3000-7fac3fdf4000 rw-p 00008000 08:05 5111914                    /usr/lib/jvm/java-7-openjdk-amd64/jre/lib/amd64/libzip.so
7fac3fdf4000-7fac3fdff000 r-xp 00000000 08:05 5510180                    /lib/x86_64-linux-gnu/libnss_files-2.19.so
7fac3fdff000-7fac3fffe000 ---p 0000b000 08:05 5510180                    /lib/x86_64-linux-gnu/libnss_files-2.19.so
7fac3fffe000-7fac3ffff000 r--p 0000a000 08:05 5510180                    /lib/x86_64-linux-gnu/libnss_files-2.19.so
7fac3ffff000-7fac40000000 rw-p 0000b000 08:05 5510180                    /lib/x86_64-linux-gnu/libnss_files-2.19.so
7fac40000000-7fac4015c000 rw-p 00000000 00:00 0 
7fac4015c000-7fac44000000 ---p 00000000 00:00 0 
7fac44003000-7fac4409e000 rw-p 00000000 00:00 0 
7fac4409e000-7fac4409f000 ---p 00000000 00:00 0 
7fac4409f000-7fac441aa000 rw-p 00000000 00:00 0                          [stack:21573]
7fac441aa000-7fac441f2000 rw-p 00000000 00:00 0 
7fac441f2000-7fac441fd000 r-xp 00000000 08:05 5510181                    /lib/x86_64-linux-gnu/libnss_nis-2.19.so
7fac441fd000-7fac443fc000 ---p 0000b000 08:05 5510181                    /lib/x86_64-linux-gnu/libnss_nis-2.19.so
7fac443fc000-7fac443fd000 r--p 0000a000 08:05 5510181                    /lib/x86_64-linux-gnu/libnss_nis-2.19.so
7fac443fd000-7fac443fe000 rw-p 0000b000 08:05 5510181                    /lib/x86_64-linux-gnu/libnss_nis-2.19.so
7fac443fe000-7fac44415000 r-xp 00000000 08:05 5510167                    /lib/x86_64-linux-gnu/libnsl-2.19.so
7fac44415000-7fac44614000 ---p 00017000 08:05 5510167                    /lib/x86_64-linux-gnu/libnsl-2.19.so
7fac44614000-7fac44615000 r--p 00016000 08:05 5510167                    /lib/x86_64-linux-gnu/libnsl-2.19.so
7fac44615000-7fac44616000 rw-p 00017000 08:05 5510167                    /lib/x86_64-linux-gnu/libnsl-2.19.so
7fac44616000-7fac44618000 rw-p 00000000 00:00 0 
7fac44618000-7fac44621000 r-xp 00000000 08:05 5510134                    /lib/x86_64-linux-gnu/libnss_compat-2.19.so
7fac44621000-7fac44820000 ---p 00009000 08:05 5510134                    /lib/x86_64-linux-gnu/libnss_compat-2.19.so
7fac44820000-7fac44821000 r--p 00008000 08:05 5510134                    /lib/x86_64-linux-gnu/libnss_compat-2.19.so
7fac44821000-7fac44822000 rw-p 00009000 08:05 5510134                    /lib/x86_64-linux-gnu/libnss_compat-2.19.so
7fac44822000-7fac4484d000 r-xp 00000000 08:05 5111911                    /usr/lib/jvm/java-7-openjdk-amd64/jre/lib/amd64/libjava.so
7fac4484d000-7fac44a4d000 ---p 0002b000 08:05 5111911                    /usr/lib/jvm/java-7-openjdk-amd64/jre/lib/amd64/libjava.so
7fac44a4d000-7fac44a4e000 r--p 0002b000 08:05 5111911                    /usr/lib/jvm/java-7-openjdk-amd64/jre/lib/amd64/libjava.so
7fac44a4e000-7fac44a50000 rw-p 0002c000 08:05 5111911                    /usr/lib/jvm/java-7-openjdk-amd64/jre/lib/amd64/libjava.so
7fac44a50000-7fac44a60000 r-xp 00000000 08:05 5111928                    /usr/lib/jvm/java-7-openjdk-amd64/jre/lib/amd64/libverify.so
7fac44a60000-7fac44c5f000 ---p 00010000 08:05 5111928                    /usr/lib/jvm/java-7-openjdk-amd64/jre/lib/amd64/libverify.so
7fac44c5f000-7fac44c61000 r--p 0000f000 08:05 5111928                    /usr/lib/jvm/java-7-openjdk-amd64/jre/lib/amd64/libverify.so
7fac44c61000-7fac44c62000 rw-p 00011000 08:05 5111928                    /usr/lib/jvm/java-7-openjdk-amd64/jre/lib/amd64/libverify.so
7fac44c62000-7fac44c69000 r-xp 00000000 08:05 5510169                    /lib/x86_64-linux-gnu/librt-2.19.so
7fac44c69000-7fac44e68000 ---p 00007000 08:05 5510169                    /lib/x86_64-linux-gnu/librt-2.19.so
7fac44e68000-7fac44e69000 r--p 00006000 08:05 5510169                    /lib/x86_64-linux-gnu/librt-2.19.so
7fac44e69000-7fac44e6a000 rw-p 00007000 08:05 5510169                    /lib/x86_64-linux-gnu/librt-2.19.so
7fac44e6a000-7fac44e80000 r-xp 00000000 08:05 5509026                    /lib/x86_64-linux-gnu/libgcc_s.so.1
7fac44e80000-7fac4507f000 ---p 00016000 08:05 5509026                    /lib/x86_64-linux-gnu/libgcc_s.so.1
7fac4507f000-7fac45080000 rw-p 00015000 08:05 5509026                    /lib/x86_64-linux-gnu/libgcc_s.so.1
7fac45080000-7fac45185000 r-xp 00000000 08:05 5510176                    /lib/x86_64-linux-gnu/libm-2.19.so
7fac45185000-7fac45384000 ---p 00105000 08:05 5510176                    /lib/x86_64-linux-gnu/libm-2.19.so
7fac45384000-7fac45385000 r--p 00104000 08:05 5510176                    /lib/x86_64-linux-gnu/libm-2.19.so
7fac45385000-7fac45386000 rw-p 00105000 08:05 5510176                    /lib/x86_64-linux-gnu/libm-2.19.so
7fac45386000-7fac4546c000 r-xp 00000000 08:05 4727270                    /usr/lib/x86_64-linux-gnu/libstdc++.so.6.0.19
7fac4546c000-7fac4566b000 ---p 000e6000 08:05 4727270                    /usr/lib/x86_64-linux-gnu/libstdc++.so.6.0.19
7fac4566b000-7fac45673000 r--p 000e5000 08:05 4727270                    /usr/lib/x86_64-linux-gnu/libstdc++.so.6.0.19
7fac45673000-7fac45675000 rw-p 000ed000 08:05 4727270                    /usr/lib/x86_64-linux-gnu/libstdc++.so.6.0.19
7fac45675000-7fac4568a000 rw-p 00000000 00:00 0 
7fac4568a000-7fac461a0000 r-xp 00000000 08:05 5111942                    /usr/lib/jvm/java-7-openjdk-amd64/jre/lib/amd64/server/libjvm.so
7fac461a0000-7fac4639f000 ---p 00b16000 08:05 5111942                    /usr/lib/jvm/java-7-openjdk-amd64/jre/lib/amd64/server/libjvm.so
7fac4639f000-7fac46439000 r--p 00b15000 08:05 5111942                    /usr/lib/jvm/java-7-openjdk-amd64/jre/lib/amd64/server/libjvm.so
7fac46439000-7fac4645c000 rw-p 00baf000 08:05 5111942                    /usr/lib/jvm/java-7-openjdk-amd64/jre/lib/amd64/server/libjvm.so
7fac4645c000-7fac4648a000 rw-p 00000000 00:00 0 
7fac4648a000-7fac464a2000 r-xp 00000000 08:05 5509162                    /lib/x86_64-linux-gnu/libz.so.1.2.8
7fac464a2000-7fac466a1000 ---p 00018000 08:05 5509162                    /lib/x86_64-linux-gnu/libz.so.1.2.8
7fac466a1000-7fac466a2000 r--p 00017000 08:05 5509162                    /lib/x86_64-linux-gnu/libz.so.1.2.8
7fac466a2000-7fac466a3000 rw-p 00018000 08:05 5509162                    /lib/x86_64-linux-gnu/libz.so.1.2.8
7fac466a3000-7fac466bc000 r-xp 00000000 08:05 5510186                    /lib/x86_64-linux-gnu/libpthread-2.19.so
7fac466bc000-7fac468bb000 ---p 00019000 08:05 5510186                    /lib/x86_64-linux-gnu/libpthread-2.19.so
7fac468bb000-7fac468bc000 r--p 00018000 08:05 5510186                    /lib/x86_64-linux-gnu/libpthread-2.19.so
7fac468bc000-7fac468bd000 rw-p 00019000 08:05 5510186                    /lib/x86_64-linux-gnu/libpthread-2.19.so
7fac468bd000-7fac468c1000 rw-p 00000000 00:00 0 
7fac468c1000-7fac468c4000 r-xp 00000000 08:05 5510185                    /lib/x86_64-linux-gnu/libdl-2.19.so
7fac468c4000-7fac46ac3000 ---p 00003000 08:05 5510185                    /lib/x86_64-linux-gnu/libdl-2.19.so
7fac46ac3000-7fac46ac4000 r--p 00002000 08:05 5510185                    /lib/x86_64-linux-gnu/libdl-2.19.so
7fac46ac4000-7fac46ac5000 rw-p 00003000 08:05 5510185                    /lib/x86_64-linux-gnu/libdl-2.19.so
7fac46ac5000-7fac46c80000 r-xp 00000000 08:05 5510173                    /lib/x86_64-linux-gnu/libc-2.19.so
7fac46c80000-7fac46e80000 ---p 001bb000 08:05 5510173                    /lib/x86_64-linux-gnu/libc-2.19.so
7fac46e80000-7fac46e84000 r--p 001bb000 08:05 5510173                    /lib/x86_64-linux-gnu/libc-2.19.so
7fac46e84000-7fac46e86000 rw-p 001bf000 08:05 5510173                    /lib/x86_64-linux-gnu/libc-2.19.so
7fac46e86000-7fac46e8b000 rw-p 00000000 00:00 0 
7fac46e8b000-7fac46e98000 r-xp 00000000 08:05 5111948                    /usr/lib/jvm/java-7-openjdk-amd64/jre/lib/amd64/jli/libjli.so
7fac46e98000-7fac47097000 ---p 0000d000 08:05 5111948                    /usr/lib/jvm/java-7-openjdk-amd64/jre/lib/amd64/jli/libjli.so
7fac47097000-7fac47098000 r--p 0000c000 08:05 5111948                    /usr/lib/jvm/java-7-openjdk-amd64/jre/lib/amd64/jli/libjli.so
7fac47098000-7fac47099000 rw-p 0000d000 08:05 5111948                    /usr/lib/jvm/java-7-openjdk-amd64/jre/lib/amd64/jli/libjli.so
7fac47099000-7fac470bc000 r-xp 00000000 08:05 5510174                    /lib/x86_64-linux-gnu/ld-2.19.so
7fac470d5000-7fac470d8000 r--s 0003c000 08:05 5111965                    /usr/lib/jvm/java-7-openjdk-amd64/jre/lib/ext/sunpkcs11.jar
7fac470d8000-7fac470db000 r--s 0000f000 08:05 5111961                    /usr/lib/jvm/java-7-openjdk-amd64/jre/lib/ext/pulse-java.jar
7fac470db000-7fac470e5000 rw-p 00000000 00:00 0 
7fac470e5000-7fac4719b000 rw-p 00000000 00:00 0 
7fac4719b000-7fac4719e000 ---p 00000000 00:00 0 
7fac4719e000-7fac472a1000 rw-p 00000000 00:00 0                          [stack:21571]
7fac472a2000-7fac472a3000 rw-p 00000000 00:00 0 
7fac472a3000-7fac472a5000 r--s 00006000 08:05 5117819                    /usr/share/java/java-atk-wrapper.jar
7fac472a5000-7fac472a8000 r--s 00032000 08:05 5111963                    /usr/lib/jvm/java-7-openjdk-amd64/jre/lib/ext/sunjce_provider.jar
7fac472a8000-7fac472aa000 r--s 00012000 08:05 5111962                    /usr/lib/jvm/java-7-openjdk-amd64/jre/lib/ext/zipfs.jar
7fac472aa000-7fac472ae000 r--s 00085000 08:05 5111960                    /usr/lib/jvm/java-7-openjdk-amd64/jre/lib/ext/localedata.jar
7fac472ae000-7fac472af000 r--s 00002000 08:05 5111964                    /usr/lib/jvm/java-7-openjdk-amd64/jre/lib/ext/dnsns.jar
7fac472af000-7fac472b7000 rw-s 00000000 08:05 3407970                    /tmp/hsperfdata_pritika/21565
7fac472b7000-7fac472b8000 rw-p 00000000 00:00 0 
7fac472b8000-7fac472b9000 ---p 00000000 00:00 0 
7fac472b9000-7fac472bb000 rw-p 00000000 00:00 0 
7fac472bb000-7fac472bc000 r--p 00022000 08:05 5510174                    /lib/x86_64-linux-gnu/ld-2.19.so
7fac472bc000-7fac472bd000 rw-p 00023000 08:05 5510174                    /lib/x86_64-linux-gnu/ld-2.19.so
7fac472bd000-7fac472be000 rw-p 00000000 00:00 0 
7fffca585000-7fffca5a6000 rw-p 00000000 00:00 0                          [stack]
7fffca5fe000-7fffca600000 r-xp 00000000 00:00 0                          [vdso]
ffffffffff600000-ffffffffff601000 r-xp 00000000 00:00 0                  [vsyscall]

VM Arguments:
jvm_args: -Dfile.encoding=UTF-8 
java_command: edu.buffalo.cse.irf14.Runner
Launcher Type: SUN_STANDARD

Environment Variables:
PATH=/usr/local/sbin:/usr/local/bin:/usr/sbin:/usr/bin:/sbin:/bin:/usr/games:/usr/local/games
SHELL=/bin/bash
DISPLAY=:0.0

Signal Handlers:
SIGSEGV: [libjvm.so+0x949110], sa_mask[0]=0x7ffbfeff, sa_flags=0x10000004
SIGBUS: [libjvm.so+0x949110], sa_mask[0]=0x7ffbfeff, sa_flags=0x10000004
SIGFPE: [libjvm.so+0x7c2e80], sa_mask[0]=0x7ffbfeff, sa_flags=0x10000004
SIGPIPE: [libjvm.so+0x7c2e80], sa_mask[0]=0x7ffbfeff, sa_flags=0x10000004
SIGXFSZ: [libjvm.so+0x7c2e80], sa_mask[0]=0x7ffbfeff, sa_flags=0x10000004
SIGILL: [libjvm.so+0x7c2e80], sa_mask[0]=0x7ffbfeff, sa_flags=0x10000004
SIGUSR1: SIG_DFL, sa_mask[0]=0x00000000, sa_flags=0x00000000
SIGUSR2: [libjvm.so+0x7c2d20], sa_mask[0]=0x00000004, sa_flags=0x10000004
SIGHUP: [libjvm.so+0x7c2f00], sa_mask[0]=0x7ffbfeff, sa_flags=0x10000004
SIGINT: [libjvm.so+0x7c2f00], sa_mask[0]=0x7ffbfeff, sa_flags=0x10000004
SIGTERM: [libjvm.so+0x7c2f00], sa_mask[0]=0x7ffbfeff, sa_flags=0x10000004
SIGQUIT: [libjvm.so+0x7c2f00], sa_mask[0]=0x7ffbfeff, sa_flags=0x10000004
SIGTRAP: SIG_DFL, sa_mask[0]=0x00000000, sa_flags=0x00000000


---------------  S Y S T E M  ---------------

OS:Ubuntu 14.04 (trusty)
uname:Linux 3.13.0-35-generic #62-Ubuntu SMP Fri Aug 15 01:58:42 UTC 2014 x86_64
libc:glibc 2.19 NPTL 2.19 
rlimit: STACK 8192k, CORE 0k, NPROC 62612, NOFILE 4096, AS infinity
load average:8.72 6.94 4.32

/proc/meminfo:
MemTotal:        8105184 kB
MemFree:          119148 kB
Buffers:            4300 kB
Cached:           734116 kB
SwapCached:            0 kB
Active:          7047116 kB
Inactive:         713596 kB
Active(anon):    7026388 kB
Inactive(anon):   635852 kB
Active(file):      20728 kB
Inactive(file):    77744 kB
Unevictable:          32 kB
Mlocked:              32 kB
SwapTotal:             0 kB
SwapFree:              0 kB
Dirty:               320 kB
Writeback:             0 kB
AnonPages:       7022484 kB
Mapped:           283372 kB
Shmem:            639664 kB
Slab:              74804 kB
SReclaimable:      34144 kB
SUnreclaim:        40660 kB
KernelStack:        6856 kB
PageTables:        56732 kB
NFS_Unstable:          0 kB
Bounce:                0 kB
WritebackTmp:          0 kB
CommitLimit:     4052592 kB
Committed_AS:   13744880 kB
VmallocTotal:   34359738367 kB
VmallocUsed:      555944 kB
VmallocChunk:   34359170648 kB
HardwareCorrupted:     0 kB
AnonHugePages:   3465216 kB
HugePages_Total:       0
HugePages_Free:        0
HugePages_Rsvd:        0
HugePages_Surp:        0
Hugepagesize:       2048 kB
DirectMap4k:       74368 kB
DirectMap2M:     3000320 kB
DirectMap1G:     5242880 kB


CPU:total 4 (2 cores per cpu, 2 threads per core) family 6 model 69 stepping 1, cmov, cx8, fxsr, mmx, sse, sse2, sse3, ssse3, sse4.1, sse4.2, popcnt, avx, avx2, aes, erms, ht, tsc, tscinvbit

/proc/cpuinfo:
processor	: 0
vendor_id	: GenuineIntel
cpu family	: 6
model		: 69
model name	: Intel(R) Core(TM) i5-4210U CPU @ 1.70GHz
stepping	: 1
microcode	: 0x17
cpu MHz		: 1600.000
cache size	: 3072 KB
physical id	: 0
siblings	: 4
core id		: 0
cpu cores	: 2
apicid		: 0
initial apicid	: 0
fpu		: yes
fpu_exception	: yes
cpuid level	: 13
wp		: yes
flags		: fpu vme de pse tsc msr pae mce cx8 apic sep mtrr pge mca cmov pat pse36 clflush dts acpi mmx fxsr sse sse2 ss ht tm pbe syscall nx pdpe1gb rdtscp lm constant_tsc arch_perfmon pebs bts rep_good nopl xtopology nonstop_tsc aperfmperf eagerfpu pni pclmulqdq dtes64 monitor ds_cpl vmx est tm2 ssse3 fma cx16 xtpr pdcm pcid sse4_1 sse4_2 movbe popcnt tsc_deadline_timer aes xsave avx f16c rdrand lahf_lm abm ida arat epb xsaveopt pln pts dtherm tpr_shadow vnmi flexpriority ept vpid fsgsbase tsc_adjust bmi1 avx2 smep bmi2 erms invpcid
bogomips	: 4789.27
clflush size	: 64
cache_alignment	: 64
address sizes	: 39 bits physical, 48 bits virtual
power management:

processor	: 1
vendor_id	: GenuineIntel
cpu family	: 6
model		: 69
model name	: Intel(R) Core(TM) i5-4210U CPU @ 1.70GHz
stepping	: 1
microcode	: 0x17
cpu MHz		: 1600.000
cache size	: 3072 KB
physical id	: 0
siblings	: 4
core id		: 0
cpu cores	: 2
apicid		: 1
initial apicid	: 1
fpu		: yes
fpu_exception	: yes
cpuid level	: 13
wp		: yes
flags		: fpu vme de pse tsc msr pae mce cx8 apic sep mtrr pge mca cmov pat pse36 clflush dts acpi mmx fxsr sse sse2 ss ht tm pbe syscall nx pdpe1gb rdtscp lm constant_tsc arch_perfmon pebs bts rep_good nopl xtopology nonstop_tsc aperfmperf eagerfpu pni pclmulqdq dtes64 monitor ds_cpl vmx est tm2 ssse3 fma cx16 xtpr pdcm pcid sse4_1 sse4_2 movbe popcnt tsc_deadline_timer aes xsave avx f16c rdrand lahf_lm abm ida arat epb xsaveopt pln pts dtherm tpr_shadow vnmi flexpriority ept vpid fsgsbase tsc_adjust bmi1 avx2 smep bmi2 erms invpcid
bogomips	: 4789.27
clflush size	: 64
cache_alignment	: 64
address sizes	: 39 bits physical, 48 bits virtual
power management:

processor	: 2
vendor_id	: GenuineIntel
cpu family	: 6
model		: 69
model name	: Intel(R) Core(TM) i5-4210U CPU @ 1.70GHz
stepping	: 1
microcode	: 0x17
cpu MHz		: 1600.000
cache size	: 3072 KB
physical id	: 0
siblings	: 4
core id		: 1
cpu cores	: 2
apicid		: 2
initial apicid	: 2
fpu		: yes
fpu_exception	: yes
cpuid level	: 13
wp		: yes
flags		: fpu vme de pse tsc msr pae mce cx8 apic sep mtrr pge mca cmov pat pse36 clflush dts acpi mmx fxsr sse sse2 ss ht tm pbe syscall nx pdpe1gb rdtscp lm constant_tsc arch_perfmon pebs bts rep_good nopl xtopology nonstop_tsc aperfmperf eagerfpu pni pclmulqdq dtes64 monitor ds_cpl vmx est tm2 ssse3 fma cx16 xtpr pdcm pcid sse4_1 sse4_2 movbe popcnt tsc_deadline_timer aes xsave avx f16c rdrand lahf_lm abm ida arat epb xsaveopt pln pts dtherm tpr_shadow vnmi flexpriority ept vpid fsgsbase tsc_adjust bmi1 avx2 smep bmi2 erms invpcid
bogomips	: 4789.27
clflush size	: 64
cache_alignment	: 64
address sizes	: 39 bits physical, 48 bits virtual
power management:

processor	: 3
vendor_id	: GenuineIntel
cpu family	: 6
model		: 69
model name	: Intel(R) Core(TM) i5-4210U CPU @ 1.70GHz
stepping	: 1
microcode	: 0x17
cpu MHz		: 1600.000
cache size	: 3072 KB
physical id	: 0
siblings	: 4
core id		: 1
cpu cores	: 2
apicid		: 3
initial apicid	: 3
fpu		: yes
fpu_exception	: yes
cpuid level	: 13
wp		: yes
flags		: fpu vme de pse tsc msr pae mce cx8 apic sep mtrr pge mca cmov pat pse36 clflush dts acpi mmx fxsr sse sse2 ss ht tm pbe syscall nx pdpe1gb rdtscp lm constant_tsc arch_perfmon pebs bts rep_good nopl xtopology nonstop_tsc aperfmperf eagerfpu pni pclmulqdq dtes64 monitor ds_cpl vmx est tm2 ssse3 fma cx16 xtpr pdcm pcid sse4_1 sse4_2 movbe popcnt tsc_deadline_timer aes xsave avx f16c rdrand lahf_lm abm ida arat epb xsaveopt pln pts dtherm tpr_shadow vnmi flexpriority ept vpid fsgsbase tsc_adjust bmi1 avx2 smep bmi2 erms invpcid
bogomips	: 4789.27
clflush size	: 64
cache_alignment	: 64
address sizes	: 39 bits physical, 48 bits virtual
power management:



Memory: 4k page, physical 8105184k(119148k free), swap 0k(0k free)

vm_info: OpenJDK 64-Bit Server VM (24.65-b04) for linux-amd64 JRE (1.7.0_65-b32), built on Aug 23 2014 13:33:31 by "buildd" with gcc 4.8.2

time: Sat Sep 27 00:29:24 2014
elapsed time: 11 seconds

