#
# There is insufficient memory for the Java Runtime Environment to continue.
# Native memory allocation (malloc) failed to allocate 90701824 bytes for committing reserved memory.
# Possible reasons:
#   The system is out of physical RAM or swap space
#   In 32 bit mode, the process size limit was hit
# Possible solutions:
#   Reduce memory load on the system
#   Increase physical memory or swap space
#   Check if swap backing store is full
#   Use 64 bit Java on a 64 bit OS
#   Decrease Java heap size (-Xmx/-Xms)
#   Decrease number of Java threads
#   Decrease Java thread stack sizes (-Xss)
#   Set larger code cache with -XX:ReservedCodeCacheSize=
# This output file may be truncated or incomplete.
#
#  Out of Memory Error (os_linux.cpp:2798), pid=2740, tid=139815310825216
#
# JRE version: OpenJDK Runtime Environment (7.0_65-b32) (build 1.7.0_65-b32)
# Java VM: OpenJDK 64-Bit Server VM (24.65-b04 mixed mode linux-amd64 compressed oops)
# Failed to write core dump. Core dumps have been disabled. To enable core dumping, try "ulimit -c unlimited" before starting Java again
#

---------------  T H R E A D  ---------------

Current thread (0x00007f2950075800):  VMThread [stack: 0x00007f2949df9000,0x00007f2949efa000] [id=2750]

Stack: [0x00007f2949df9000,0x00007f2949efa000],  sp=0x00007f2949ef8490,  free space=1021k
Native frames: (J=compiled Java code, j=interpreted, Vv=VM code, C=native code)
V  [libjvm.so+0x948635]  VMError::report_and_die()+0x175
V  [libjvm.so+0x48b904]  report_vm_out_of_memory(char const*, int, unsigned long, char const*)+0x74
V  [libjvm.so+0x7c766b]  os::pd_commit_memory(char*, unsigned long, unsigned long, bool)+0xeb
V  [libjvm.so+0x7c212f]  os::commit_memory(char*, unsigned long, unsigned long, bool)+0x1f
V  [libjvm.so+0x8338bb]  PSVirtualSpace::expand_by(unsigned long)+0x5b
V  [libjvm.so+0x834710]  PSYoungGen::resize_generation(unsigned long, unsigned long)+0xb0
V  [libjvm.so+0x834dfb]  PSYoungGen::resize(unsigned long, unsigned long)+0x1b
V  [libjvm.so+0x8310e0]  PSScavenge::invoke_no_policy()+0xde0
V  [libjvm.so+0x8318b8]  PSScavenge::invoke()+0x38
V  [libjvm.so+0x7e8293]  ParallelScavengeHeap::failed_mem_allocate(unsigned long)+0x63
V  [libjvm.so+0x94a034]  VM_ParallelGCFailedAllocation::doit()+0x84
V  [libjvm.so+0x94e527]  VM_Operation::evaluate()+0x47
V  [libjvm.so+0x94ce98]  VMThread::evaluate_operation(VM_Operation*)+0x318
V  [libjvm.so+0x94d2f9]  VMThread::loop()+0x219
V  [libjvm.so+0x94d742]  VMThread::run()+0x72
V  [libjvm.so+0x7c4532]  java_start(Thread*)+0xf2

VM_Operation (0x00007f29565de6b0): ParallelGCFailedAllocation, mode: safepoint, requested by thread 0x00007f295000a000


---------------  P R O C E S S  ---------------

Java Threads: ( => current thread )
  0x00007f29500aa000 JavaThread "Service Thread" daemon [_thread_blocked, id=2756, stack(0x00007f2949111000,0x00007f2949212000)]
  0x00007f29500a7800 JavaThread "C2 CompilerThread1" daemon [_thread_blocked, id=2755, stack(0x00007f2949212000,0x00007f2949313000)]
  0x00007f29500a4800 JavaThread "C2 CompilerThread0" daemon [_thread_blocked, id=2754, stack(0x00007f2949313000,0x00007f2949414000)]
  0x00007f29500a2800 JavaThread "Signal Dispatcher" daemon [_thread_blocked, id=2753, stack(0x00007f2949414000,0x00007f2949515000)]
  0x00007f295007c000 JavaThread "Finalizer" daemon [_thread_blocked, id=2752, stack(0x00007f2949bf7000,0x00007f2949cf8000)]
  0x00007f295007a000 JavaThread "Reference Handler" daemon [_thread_blocked, id=2751, stack(0x00007f2949cf8000,0x00007f2949df9000)]
  0x00007f295000a000 JavaThread "main" [_thread_blocked, id=2745, stack(0x00007f29564df000,0x00007f29565e0000)]

Other Threads:
=>0x00007f2950075800 VMThread [stack: 0x00007f2949df9000,0x00007f2949efa000] [id=2750]
  0x00007f29500b4800 WatcherThread [stack: 0x00007f2949010000,0x00007f2949111000] [id=2757]

VM state:at safepoint (normal execution)

VM Mutex/Monitor currently owned by a thread:  ([mutex/lock_event])
[0x00007f29500064c0] Threads_lock - owner thread: 0x00007f2950075800
[0x00007f29500069c0] Heap_lock - owner thread: 0x00007f295000a000

Heap
 PSYoungGen      total 448512K, used 1665K [0x00000007d6c00000, 0x00000007f2480000, 0x0000000800000000)
  eden space 445952K, 0% used [0x00000007d6c00000,0x00000007d6c00000,0x00000007f1f80000)
  from space 2560K, 65% used [0x00000007f1f80000,0x00000007f21205a0,0x00000007f2200000)
  to   space 2560K, 0% used [0x00000007f2200000,0x00000007f2200000,0x00000007f2480000)
 ParOldGen       total 51200K, used 41122K [0x0000000784400000, 0x0000000787600000, 0x00000007d6c00000)
  object space 51200K, 80% used [0x0000000784400000,0x0000000786c28930,0x0000000787600000)
 PSPermGen       total 21504K, used 3626K [0x0000000779e00000, 0x000000077b300000, 0x0000000784400000)
  object space 21504K, 16% used [0x0000000779e00000,0x000000077a18ab90,0x000000077b300000)

Card table byte_map: [0x00007f294bb41000,0x00007f294bf73000] byte_map_base: 0x00007f2947f72000

Polling page: 0x00007f29565fc000

Code Cache  [0x00007f294bf73000, 0x00007f294c1e3000, 0x00007f294ef73000)
 total_blobs=262 nmethods=68 adapters=147 free_code_cache=48641Kb largest_free_block=49765824

Compilation events (10 events):
Event: 0.528 Thread 0x00007f29500a7800   64             java.lang.String::valueOf (14 bytes)
Event: 0.529 Thread 0x00007f29500a7800 nmethod 64 0x00007f294bfe9950 code [0x00007f294bfe9aa0, 0x00007f294bfe9b18]
Event: 0.537 Thread 0x00007f29500a4800   65             java.lang.String::toLowerCase (8 bytes)
Event: 0.540 Thread 0x00007f29500a7800   66             java.util.Locale::getDefault (13 bytes)
Event: 0.541 Thread 0x00007f29500a7800 nmethod 66 0x00007f294bfef350 code [0x00007f294bfef480, 0x00007f294bfef4f8]
Event: 0.541 Thread 0x00007f29500a7800   67             java.util.ArrayList::contains (14 bytes)
Event: 0.544 Thread 0x00007f29500a7800 nmethod 67 0x00007f294bfe7e10 code [0x00007f294bfe7f60, 0x00007f294bfe8158]
Event: 0.545 Thread 0x00007f29500a4800 nmethod 65 0x00007f294bfee450 code [0x00007f294bfee5a0, 0x00007f294bfee668]
Event: 0.555 Thread 0x00007f29500a7800   68 %           edu.buffalo.cse.irf14.document.Parser::contentParse @ 324 (560 bytes)
Event: 0.853 Thread 0x00007f29500a7800 nmethod 68% 0x00007f294bff7d90 code [0x00007f294bff8340, 0x00007f294bffaac8]

GC Heap History (10 events):
Event: 1106.835 GC heap after
Heap after GC invocations=3977 (full 25):
 PSYoungGen      total 311808K, used 1696K [0x00000007d6c00000, 0x00000007ebb80000, 0x0000000800000000)
  eden space 309760K, 0% used [0x00000007d6c00000,0x00000007d6c00000,0x00000007e9a80000)
  from space 2048K, 82% used [0x00000007eb980000,0x00000007ebb28118,0x00000007ebb80000)
  to   space 2560K, 0% used [0x00000007eb680000,0x00000007eb680000,0x00000007eb900000)
 ParOldGen       total 51200K, used 39489K [0x0000000784400000, 0x0000000787600000, 0x00000007d6c00000)
  object space 51200K, 77% used [0x0000000784400000,0x0000000786a90688,0x0000000787600000)
 PSPermGen       total 21504K, used 3626K [0x0000000779e00000, 0x000000077b300000, 0x0000000784400000)
  object space 21504K, 16% used [0x0000000779e00000,0x000000077a18ab90,0x000000077b300000)
}
Event: 1112.130 GC heap before
{Heap before GC invocations=3978 (full 25):
 PSYoungGen      total 311808K, used 310236K [0x00000007d6c00000, 0x00000007ebb80000, 0x0000000800000000)
  eden space 309760K, 99% used [0x00000007d6c00000,0x00000007e994f2b0,0x00000007e9a80000)
  from space 2048K, 82% used [0x00000007eb980000,0x00000007ebb28118,0x00000007ebb80000)
  to   space 2560K, 0% used [0x00000007eb680000,0x00000007eb680000,0x00000007eb900000)
 ParOldGen       total 51200K, used 39489K [0x0000000784400000, 0x0000000787600000, 0x00000007d6c00000)
  object space 51200K, 77% used [0x0000000784400000,0x0000000786a90688,0x0000000787600000)
 PSPermGen       total 21504K, used 3626K [0x0000000779e00000, 0x000000077b300000, 0x0000000784400000)
  object space 21504K, 16% used [0x0000000779e00000,0x000000077a18ab90,0x000000077b300000)
Event: 1112.240 GC heap after
Heap after GC invocations=3978 (full 25):
 PSYoungGen      total 340992K, used 1696K [0x00000007d6c00000, 0x00000007edc00000, 0x0000000800000000)
  eden space 338432K, 0% used [0x00000007d6c00000,0x00000007d6c00000,0x00000007eb680000)
  from space 2560K, 66% used [0x00000007eb680000,0x00000007eb8281f8,0x00000007eb900000)
  to   space 2560K, 0% used [0x00000007ed980000,0x00000007ed980000,0x00000007edc00000)
 ParOldGen       total 51200K, used 39489K [0x0000000784400000, 0x0000000787600000, 0x00000007d6c00000)
  object space 51200K, 77% used [0x0000000784400000,0x0000000786a90688,0x0000000787600000)
 PSPermGen       total 21504K, used 3626K [0x0000000779e00000, 0x000000077b300000, 0x0000000784400000)
  object space 21504K, 16% used [0x0000000779e00000,0x000000077a18ab90,0x000000077b300000)
}
Event: 1113.284 GC heap before
{Heap before GC invocations=3979 (full 25):
 PSYoungGen      total 340992K, used 339662K [0x00000007d6c00000, 0x00000007edc00000, 0x0000000800000000)
  eden space 338432K, 99% used [0x00000007d6c00000,0x00000007eb60b698,0x00000007eb680000)
  from space 2560K, 66% used [0x00000007eb680000,0x00000007eb8281f8,0x00000007eb900000)
  to   space 2560K, 0% used [0x00000007ed980000,0x00000007ed980000,0x00000007edc00000)
 ParOldGen       total 51200K, used 39489K [0x0000000784400000, 0x0000000787600000, 0x00000007d6c00000)
  object space 51200K, 77% used [0x0000000784400000,0x0000000786a90688,0x0000000787600000)
 PSPermGen       total 21504K, used 3626K [0x0000000779e00000, 0x000000077b300000, 0x0000000784400000)
  object space 21504K, 16% used [0x0000000779e00000,0x000000077a18ab90,0x000000077b300000)
Event: 1113.287 GC heap after
Heap after GC invocations=3979 (full 25):
 PSYoungGen      total 374272K, used 1696K [0x00000007d6c00000, 0x00000007efe00000, 0x0000000800000000)
  eden space 371712K, 0% used [0x00000007d6c00000,0x00000007d6c00000,0x00000007ed700000)
  from space 2560K, 66% used [0x00000007ed980000,0x00000007edb282a8,0x00000007edc00000)
  to   space 2560K, 0% used [0x00000007ed700000,0x00000007ed700000,0x00000007ed980000)
 ParOldGen       total 51200K, used 41122K [0x0000000784400000, 0x0000000787600000, 0x00000007d6c00000)
  object space 51200K, 80% used [0x0000000784400000,0x0000000786c28930,0x0000000787600000)
 PSPermGen       total 21504K, used 3626K [0x0000000779e00000, 0x000000077b300000, 0x0000000784400000)
  object space 21504K, 16% used [0x0000000779e00000,0x000000077a18ab90,0x000000077b300000)
}
Event: 1114.833 GC heap before
{Heap before GC invocations=3980 (full 25):
 PSYoungGen      total 374272K, used 372363K [0x00000007d6c00000, 0x00000007efe00000, 0x0000000800000000)
  eden space 371712K, 99% used [0x00000007d6c00000,0x00000007ed5fad10,0x00000007ed700000)
  from space 2560K, 66% used [0x00000007ed980000,0x00000007edb282a8,0x00000007edc00000)
  to   space 2560K, 0% used [0x00000007ed700000,0x00000007ed700000,0x00000007ed980000)
 ParOldGen       total 51200K, used 41122K [0x0000000784400000, 0x0000000787600000, 0x00000007d6c00000)
  object space 51200K, 80% used [0x0000000784400000,0x0000000786c28930,0x0000000787600000)
 PSPermGen       total 21504K, used 3626K [0x0000000779e00000, 0x000000077b300000, 0x0000000784400000)
  object space 21504K, 16% used [0x0000000779e00000,0x000000077a18ab90,0x000000077b300000)
Event: 1114.856 GC heap after
Heap after GC invocations=3980 (full 25):
 PSYoungGen      total 374272K, used 1696K [0x00000007d6c00000, 0x00000007f2480000, 0x0000000800000000)
  eden space 371712K, 0% used [0x00000007d6c00000,0x00000007d6c00000,0x00000007ed700000)
  from space 2560K, 66% used [0x00000007ed700000,0x00000007ed8a83a8,0x00000007ed980000)
  to   space 2560K, 0% used [0x00000007f2200000,0x00000007f2200000,0x00000007f2480000)
 ParOldGen       total 51200K, used 41122K [0x0000000784400000, 0x0000000787600000, 0x00000007d6c00000)
  object space 51200K, 80% used [0x0000000784400000,0x0000000786c28930,0x0000000787600000)
 PSPermGen       total 21504K, used 3626K [0x0000000779e00000, 0x000000077b300000, 0x0000000784400000)
  object space 21504K, 16% used [0x0000000779e00000,0x000000077a18ab90,0x000000077b300000)
}
Event: 1116.766 GC heap before
{Heap before GC invocations=3981 (full 25):
 PSYoungGen      total 374272K, used 372414K [0x00000007d6c00000, 0x00000007f2480000, 0x0000000800000000)
  eden space 371712K, 99% used [0x00000007d6c00000,0x00000007ed607680,0x00000007ed700000)
  from space 2560K, 66% used [0x00000007ed700000,0x00000007ed8a83a8,0x00000007ed980000)
  to   space 2560K, 0% used [0x00000007f2200000,0x00000007f2200000,0x00000007f2480000)
 ParOldGen       total 51200K, used 41122K [0x0000000784400000, 0x0000000787600000, 0x00000007d6c00000)
  object space 51200K, 80% used [0x0000000784400000,0x0000000786c28930,0x0000000787600000)
 PSPermGen       total 21504K, used 3626K [0x0000000779e00000, 0x000000077b300000, 0x0000000784400000)
  object space 21504K, 16% used [0x0000000779e00000,0x000000077a18ab90,0x000000077b300000)
Event: 1116.931 GC heap after
Heap after GC invocations=3981 (full 25):
 PSYoungGen      total 448512K, used 1665K [0x00000007d6c00000, 0x00000007f2480000, 0x0000000800000000)
  eden space 445952K, 0% used [0x00000007d6c00000,0x00000007d6c00000,0x00000007f1f80000)
  from space 2560K, 65% used [0x00000007f2200000,0x00000007f23a0470,0x00000007f2480000)
  to   space 2560K, 0% used [0x00000007f1f80000,0x00000007f1f80000,0x00000007f2200000)
 ParOldGen       total 51200K, used 41122K [0x0000000784400000, 0x0000000787600000, 0x00000007d6c00000)
  object space 51200K, 80% used [0x0000000784400000,0x0000000786c28930,0x0000000787600000)
 PSPermGen       total 21504K, used 3626K [0x0000000779e00000, 0x000000077b300000, 0x0000000784400000)
  object space 21504K, 16% used [0x0000000779e00000,0x000000077a18ab90,0x000000077b300000)
}
Event: 1118.288 GC heap before
{Heap before GC invocations=3982 (full 25):
 PSYoungGen      total 448512K, used 447573K [0x00000007d6c00000, 0x00000007f2480000, 0x0000000800000000)
  eden space 445952K, 99% used [0x00000007d6c00000,0x00000007f1f75308,0x00000007f1f80000)
  from space 2560K, 65% used [0x00000007f2200000,0x00000007f23a0470,0x00000007f2480000)
  to   space 2560K, 0% used [0x00000007f1f80000,0x00000007f1f80000,0x00000007f2200000)
 ParOldGen       total 51200K, used 41122K [0x0000000784400000, 0x0000000787600000, 0x00000007d6c00000)
  object space 51200K, 80% used [0x0000000784400000,0x0000000786c28930,0x0000000787600000)
 PSPermGen       total 21504K, used 3626K [0x0000000779e00000, 0x000000077b300000, 0x0000000784400000)
  object space 21504K, 16% used [0x0000000779e00000,0x000000077a18ab90,0x000000077b300000)

Deoptimization events (4 events):
Event: 0.212 Thread 0x00007f295000a000 Uncommon trap: reason=class_check action=maybe_recompile pc=0x00007f294bfd7048 method=java.util.regex.Matcher.match(II)Z @ 86
Event: 0.222 Thread 0x00007f295000a000 Uncommon trap: reason=class_check action=maybe_recompile pc=0x00007f294bfd7048 method=java.util.regex.Matcher.match(II)Z @ 86
Event: 0.235 Thread 0x00007f295000a000 Uncommon trap: reason=class_check action=maybe_recompile pc=0x00007f294bfd7048 method=java.util.regex.Matcher.match(II)Z @ 86
Event: 0.240 Thread 0x00007f295000a000 Uncommon trap: reason=class_check action=maybe_recompile pc=0x00007f294bfd7048 method=java.util.regex.Matcher.match(II)Z @ 86

Internal exceptions (10 events):
Event: 0.200 Thread 0x00007f295000a000 Threw 0x00000007d6d9ff28 at /build/buildd/openjdk-7-7u65-2.5.1/build/openjdk/hotspot/src/share/vm/prims/jvm.cpp:1247
Event: 0.201 Thread 0x00007f295000a000 Threw 0x00000007d6da2a60 at /build/buildd/openjdk-7-7u65-2.5.1/build/openjdk/hotspot/src/share/vm/prims/jvm.cpp:1247
Event: 0.201 Thread 0x00007f295000a000 Threw 0x00000007d6da4ae8 at /build/buildd/openjdk-7-7u65-2.5.1/build/openjdk/hotspot/src/share/vm/prims/jvm.cpp:1247
Event: 0.202 Thread 0x00007f295000a000 Threw 0x00000007d6da6cd8 at /build/buildd/openjdk-7-7u65-2.5.1/build/openjdk/hotspot/src/share/vm/prims/jvm.cpp:1247
Event: 0.202 Thread 0x00007f295000a000 Threw 0x00000007d6daae08 at /build/buildd/openjdk-7-7u65-2.5.1/build/openjdk/hotspot/src/share/vm/prims/jvm.cpp:1247
Event: 0.203 Thread 0x00007f295000a000 Threw 0x00000007d6daf910 at /build/buildd/openjdk-7-7u65-2.5.1/build/openjdk/hotspot/src/share/vm/prims/jvm.cpp:1247
Event: 0.203 Thread 0x00007f295000a000 Threw 0x00000007d6db23e0 at /build/buildd/openjdk-7-7u65-2.5.1/build/openjdk/hotspot/src/share/vm/prims/jvm.cpp:1247
Event: 0.204 Thread 0x00007f295000a000 Threw 0x00000007d6db4f98 at /build/buildd/openjdk-7-7u65-2.5.1/build/openjdk/hotspot/src/share/vm/prims/jvm.cpp:1247
Event: 0.205 Thread 0x00007f295000a000 Threw 0x00000007d6dbb988 at /build/buildd/openjdk-7-7u65-2.5.1/build/openjdk/hotspot/src/share/vm/prims/jvm.cpp:1247
Event: 0.205 Thread 0x00007f295000a000 Threw 0x00000007d6dc0010 at /build/buildd/openjdk-7-7u65-2.5.1/build/openjdk/hotspot/src/share/vm/prims/jvm.cpp:1247

Events (10 events):
Event: 1109.995 Executing VM operation: ParallelGCFailedAllocation done
Event: 1111.933 Executing VM operation: ParallelGCFailedAllocation
Event: 1112.240 Executing VM operation: ParallelGCFailedAllocation done
Event: 1113.284 Executing VM operation: ParallelGCFailedAllocation
Event: 1113.287 Executing VM operation: ParallelGCFailedAllocation done
Event: 1114.832 Executing VM operation: ParallelGCFailedAllocation
Event: 1114.856 Executing VM operation: ParallelGCFailedAllocation done
Event: 1116.491 Executing VM operation: ParallelGCFailedAllocation
Event: 1116.931 Executing VM operation: ParallelGCFailedAllocation done
Event: 1118.288 Executing VM operation: ParallelGCFailedAllocation


Dynamic libraries:
00400000-00401000 r-xp 00000000 08:05 5115745                            /usr/lib/jvm/java-7-openjdk-amd64/jre/bin/java
00600000-00601000 r--p 00000000 08:05 5115745                            /usr/lib/jvm/java-7-openjdk-amd64/jre/bin/java
00601000-00602000 rw-p 00001000 08:05 5115745                            /usr/lib/jvm/java-7-openjdk-amd64/jre/bin/java
013c4000-013e5000 rw-p 00000000 00:00 0                                  [heap]
779e00000-77b300000 rw-p 00000000 00:00 0 
77b300000-784400000 rw-p 00000000 00:00 0 
784400000-787600000 rw-p 00000000 00:00 0 
787600000-789680000 ---p 00000000 00:00 0 
789680000-7d6c00000 rw-p 00000000 00:00 0 
7d6c00000-7f2480000 rw-p 00000000 00:00 0 
7f7b00000-800000000 ---p 00000000 00:00 0 
7f2908000000-7f2908021000 rw-p 00000000 00:00 0 
7f2908021000-7f290c000000 ---p 00000000 00:00 0 
7f290c000000-7f290c021000 rw-p 00000000 00:00 0 
7f290c021000-7f2910000000 ---p 00000000 00:00 0 
7f2910000000-7f2910249000 rw-p 00000000 00:00 0 
7f2910249000-7f2914000000 ---p 00000000 00:00 0 
7f2914000000-7f29143e1000 rw-p 00000000 00:00 0 
7f29143e1000-7f2918000000 ---p 00000000 00:00 0 
7f2918000000-7f2918021000 rw-p 00000000 00:00 0 
7f2918021000-7f291c000000 ---p 00000000 00:00 0 
7f2920000000-7f2920021000 rw-p 00000000 00:00 0 
7f2920021000-7f2924000000 ---p 00000000 00:00 0 
7f2924000000-7f2924021000 rw-p 00000000 00:00 0 
7f2924021000-7f2928000000 ---p 00000000 00:00 0 
7f2928000000-7f2928021000 rw-p 00000000 00:00 0 
7f2928021000-7f292c000000 ---p 00000000 00:00 0 
7f292fcf0000-7f2934000000 rw-p 00000000 00:00 0 
7f2934000000-7f2934021000 rw-p 00000000 00:00 0 
7f2934021000-7f2938000000 ---p 00000000 00:00 0 
7f2938000000-7f293802c000 rw-p 00000000 00:00 0 
7f293802c000-7f293c000000 ---p 00000000 00:00 0 
7f293c000000-7f293c02b000 rw-p 00000000 00:00 0 
7f293c02b000-7f2940000000 ---p 00000000 00:00 0 
7f2944000000-7f2944021000 rw-p 00000000 00:00 0 
7f2944021000-7f2948000000 ---p 00000000 00:00 0 
7f2948dd6000-7f2949010000 rw-p 00000000 00:00 0 
7f2949010000-7f2949011000 ---p 00000000 00:00 0 
7f2949011000-7f2949111000 rw-p 00000000 00:00 0                          [stack:2757]
7f2949111000-7f2949114000 ---p 00000000 00:00 0 
7f2949114000-7f2949212000 rw-p 00000000 00:00 0                          [stack:2756]
7f2949212000-7f2949215000 ---p 00000000 00:00 0 
7f2949215000-7f2949313000 rw-p 00000000 00:00 0                          [stack:2755]
7f2949313000-7f2949316000 ---p 00000000 00:00 0 
7f2949316000-7f2949414000 rw-p 00000000 00:00 0                          [stack:2754]
7f2949414000-7f2949417000 ---p 00000000 00:00 0 
7f2949417000-7f2949515000 rw-p 00000000 00:00 0                          [stack:2753]
7f2949515000-7f2949bf7000 r--p 00000000 08:05 4725374                    /usr/lib/locale/locale-archive
7f2949bf7000-7f2949bfa000 ---p 00000000 00:00 0 
7f2949bfa000-7f2949cf8000 rw-p 00000000 00:00 0                          [stack:2752]
7f2949cf8000-7f2949cfb000 ---p 00000000 00:00 0 
7f2949cfb000-7f2949df9000 rw-p 00000000 00:00 0                          [stack:2751]
7f2949df9000-7f2949dfa000 ---p 00000000 00:00 0 
7f2949dfa000-7f294aef7000 rw-p 00000000 00:00 0                          [stack:2750]
7f294aef7000-7f294b0a8000 r--s 01d21000 08:05 5114452                    /usr/lib/jvm/java-7-openjdk-amd64/jre/lib/rt.jar
7f294b0a8000-7f294b5aa000 rw-p 00000000 00:00 0 
7f294b5aa000-7f294b5ab000 ---p 00000000 00:00 0 
7f294b5ab000-7f294b6ab000 rw-p 00000000 00:00 0                          [stack:2749]
7f294b6ab000-7f294b6ac000 ---p 00000000 00:00 0 
7f294b6ac000-7f294b7ac000 rw-p 00000000 00:00 0                          [stack:2748]
7f294b7ac000-7f294b7ad000 ---p 00000000 00:00 0 
7f294b7ad000-7f294b8c6000 rw-p 00000000 00:00 0                          [stack:2747]
7f294b8c6000-7f294b8d7000 ---p 00000000 00:00 0 
7f294b8d7000-7f294bb41000 rw-p 00000000 00:00 0 
7f294bb41000-7f294bb4c000 rw-p 00000000 00:00 0 
7f294bb4c000-7f294bb94000 rw-p 00000000 00:00 0 
7f294bb94000-7f294bbad000 rw-p 00000000 00:00 0 
7f294bbad000-7f294bbbe000 ---p 00000000 00:00 0 
7f294bbbe000-7f294be28000 rw-p 00000000 00:00 0 
7f294be28000-7f294bf05000 rw-p 00000000 00:00 0 
7f294bf05000-7f294bf72000 ---p 00000000 00:00 0 
7f294bf72000-7f294bf73000 rw-p 00000000 00:00 0 
7f294bf73000-7f294c1e3000 rwxp 00000000 00:00 0 
7f294c1e3000-7f294ef73000 rw-p 00000000 00:00 0 
7f294ef73000-7f294ef7b000 r-xp 00000000 08:05 5111914                    /usr/lib/jvm/java-7-openjdk-amd64/jre/lib/amd64/libzip.so
7f294ef7b000-7f294f17a000 ---p 00008000 08:05 5111914                    /usr/lib/jvm/java-7-openjdk-amd64/jre/lib/amd64/libzip.so
7f294f17a000-7f294f17b000 r--p 00007000 08:05 5111914                    /usr/lib/jvm/java-7-openjdk-amd64/jre/lib/amd64/libzip.so
7f294f17b000-7f294f17c000 rw-p 00008000 08:05 5111914                    /usr/lib/jvm/java-7-openjdk-amd64/jre/lib/amd64/libzip.so
7f294f17c000-7f294f187000 r-xp 00000000 08:05 5510180                    /lib/x86_64-linux-gnu/libnss_files-2.19.so
7f294f187000-7f294f386000 ---p 0000b000 08:05 5510180                    /lib/x86_64-linux-gnu/libnss_files-2.19.so
7f294f386000-7f294f387000 r--p 0000a000 08:05 5510180                    /lib/x86_64-linux-gnu/libnss_files-2.19.so
7f294f387000-7f294f388000 rw-p 0000b000 08:05 5510180                    /lib/x86_64-linux-gnu/libnss_files-2.19.so
7f294f388000-7f294f393000 r-xp 00000000 08:05 5510181                    /lib/x86_64-linux-gnu/libnss_nis-2.19.so
7f294f393000-7f294f592000 ---p 0000b000 08:05 5510181                    /lib/x86_64-linux-gnu/libnss_nis-2.19.so
7f294f592000-7f294f593000 r--p 0000a000 08:05 5510181                    /lib/x86_64-linux-gnu/libnss_nis-2.19.so
7f294f593000-7f294f594000 rw-p 0000b000 08:05 5510181                    /lib/x86_64-linux-gnu/libnss_nis-2.19.so
7f294f594000-7f294f5ab000 r-xp 00000000 08:05 5510167                    /lib/x86_64-linux-gnu/libnsl-2.19.so
7f294f5ab000-7f294f7aa000 ---p 00017000 08:05 5510167                    /lib/x86_64-linux-gnu/libnsl-2.19.so
7f294f7aa000-7f294f7ab000 r--p 00016000 08:05 5510167                    /lib/x86_64-linux-gnu/libnsl-2.19.so
7f294f7ab000-7f294f7ac000 rw-p 00017000 08:05 5510167                    /lib/x86_64-linux-gnu/libnsl-2.19.so
7f294f7ac000-7f294f7ae000 rw-p 00000000 00:00 0 
7f294f7ae000-7f294f7b7000 r-xp 00000000 08:05 5510134                    /lib/x86_64-linux-gnu/libnss_compat-2.19.so
7f294f7b7000-7f294f9b6000 ---p 00009000 08:05 5510134                    /lib/x86_64-linux-gnu/libnss_compat-2.19.so
7f294f9b6000-7f294f9b7000 r--p 00008000 08:05 5510134                    /lib/x86_64-linux-gnu/libnss_compat-2.19.so
7f294f9b7000-7f294f9b8000 rw-p 00009000 08:05 5510134                    /lib/x86_64-linux-gnu/libnss_compat-2.19.so
7f294f9b8000-7f294f9e3000 r-xp 00000000 08:05 5111911                    /usr/lib/jvm/java-7-openjdk-amd64/jre/lib/amd64/libjava.so
7f294f9e3000-7f294fbe3000 ---p 0002b000 08:05 5111911                    /usr/lib/jvm/java-7-openjdk-amd64/jre/lib/amd64/libjava.so
7f294fbe3000-7f294fbe4000 r--p 0002b000 08:05 5111911                    /usr/lib/jvm/java-7-openjdk-amd64/jre/lib/amd64/libjava.so
7f294fbe4000-7f294fbe6000 rw-p 0002c000 08:05 5111911                    /usr/lib/jvm/java-7-openjdk-amd64/jre/lib/amd64/libjava.so
7f294fbe6000-7f294fbf6000 r-xp 00000000 08:05 5111928                    /usr/lib/jvm/java-7-openjdk-amd64/jre/lib/amd64/libverify.so
7f294fbf6000-7f294fdf5000 ---p 00010000 08:05 5111928                    /usr/lib/jvm/java-7-openjdk-amd64/jre/lib/amd64/libverify.so
7f294fdf5000-7f294fdf7000 r--p 0000f000 08:05 5111928                    /usr/lib/jvm/java-7-openjdk-amd64/jre/lib/amd64/libverify.so
7f294fdf7000-7f294fdf8000 rw-p 00011000 08:05 5111928                    /usr/lib/jvm/java-7-openjdk-amd64/jre/lib/amd64/libverify.so
7f294fdf8000-7f294fdff000 r-xp 00000000 08:05 5510169                    /lib/x86_64-linux-gnu/librt-2.19.so
7f294fdff000-7f294fffe000 ---p 00007000 08:05 5510169                    /lib/x86_64-linux-gnu/librt-2.19.so
7f294fffe000-7f294ffff000 r--p 00006000 08:05 5510169                    /lib/x86_64-linux-gnu/librt-2.19.so
7f294ffff000-7f2950000000 rw-p 00007000 08:05 5510169                    /lib/x86_64-linux-gnu/librt-2.19.so
7f2950000000-7f295014e000 rw-p 00000000 00:00 0 
7f295014e000-7f2954000000 ---p 00000000 00:00 0 
7f2954008000-7f295405a000 rw-p 00000000 00:00 0 
7f295405a000-7f295405b000 ---p 00000000 00:00 0 
7f295405b000-7f2954166000 rw-p 00000000 00:00 0                          [stack:2746]
7f2954166000-7f29541ae000 rw-p 00000000 00:00 0 
7f29541ae000-7f29541c4000 r-xp 00000000 08:05 5509026                    /lib/x86_64-linux-gnu/libgcc_s.so.1
7f29541c4000-7f29543c3000 ---p 00016000 08:05 5509026                    /lib/x86_64-linux-gnu/libgcc_s.so.1
7f29543c3000-7f29543c4000 rw-p 00015000 08:05 5509026                    /lib/x86_64-linux-gnu/libgcc_s.so.1
7f29543c4000-7f29544c9000 r-xp 00000000 08:05 5510176                    /lib/x86_64-linux-gnu/libm-2.19.so
7f29544c9000-7f29546c8000 ---p 00105000 08:05 5510176                    /lib/x86_64-linux-gnu/libm-2.19.so
7f29546c8000-7f29546c9000 r--p 00104000 08:05 5510176                    /lib/x86_64-linux-gnu/libm-2.19.so
7f29546c9000-7f29546ca000 rw-p 00105000 08:05 5510176                    /lib/x86_64-linux-gnu/libm-2.19.so
7f29546ca000-7f29547b0000 r-xp 00000000 08:05 4727270                    /usr/lib/x86_64-linux-gnu/libstdc++.so.6.0.19
7f29547b0000-7f29549af000 ---p 000e6000 08:05 4727270                    /usr/lib/x86_64-linux-gnu/libstdc++.so.6.0.19
7f29549af000-7f29549b7000 r--p 000e5000 08:05 4727270                    /usr/lib/x86_64-linux-gnu/libstdc++.so.6.0.19
7f29549b7000-7f29549b9000 rw-p 000ed000 08:05 4727270                    /usr/lib/x86_64-linux-gnu/libstdc++.so.6.0.19
7f29549b9000-7f29549ce000 rw-p 00000000 00:00 0 
7f29549ce000-7f29554e4000 r-xp 00000000 08:05 5111942                    /usr/lib/jvm/java-7-openjdk-amd64/jre/lib/amd64/server/libjvm.so
7f29554e4000-7f29556e3000 ---p 00b16000 08:05 5111942                    /usr/lib/jvm/java-7-openjdk-amd64/jre/lib/amd64/server/libjvm.so
7f29556e3000-7f295577d000 r--p 00b15000 08:05 5111942                    /usr/lib/jvm/java-7-openjdk-amd64/jre/lib/amd64/server/libjvm.so
7f295577d000-7f29557a0000 rw-p 00baf000 08:05 5111942                    /usr/lib/jvm/java-7-openjdk-amd64/jre/lib/amd64/server/libjvm.so
7f29557a0000-7f29557ce000 rw-p 00000000 00:00 0 
7f29557ce000-7f29557e6000 r-xp 00000000 08:05 5509162                    /lib/x86_64-linux-gnu/libz.so.1.2.8
7f29557e6000-7f29559e5000 ---p 00018000 08:05 5509162                    /lib/x86_64-linux-gnu/libz.so.1.2.8
7f29559e5000-7f29559e6000 r--p 00017000 08:05 5509162                    /lib/x86_64-linux-gnu/libz.so.1.2.8
7f29559e6000-7f29559e7000 rw-p 00018000 08:05 5509162                    /lib/x86_64-linux-gnu/libz.so.1.2.8
7f29559e7000-7f2955a00000 r-xp 00000000 08:05 5510186                    /lib/x86_64-linux-gnu/libpthread-2.19.so
7f2955a00000-7f2955bff000 ---p 00019000 08:05 5510186                    /lib/x86_64-linux-gnu/libpthread-2.19.so
7f2955bff000-7f2955c00000 r--p 00018000 08:05 5510186                    /lib/x86_64-linux-gnu/libpthread-2.19.so
7f2955c00000-7f2955c01000 rw-p 00019000 08:05 5510186                    /lib/x86_64-linux-gnu/libpthread-2.19.so
7f2955c01000-7f2955c05000 rw-p 00000000 00:00 0 
7f2955c05000-7f2955c08000 r-xp 00000000 08:05 5510185                    /lib/x86_64-linux-gnu/libdl-2.19.so
7f2955c08000-7f2955e07000 ---p 00003000 08:05 5510185                    /lib/x86_64-linux-gnu/libdl-2.19.so
7f2955e07000-7f2955e08000 r--p 00002000 08:05 5510185                    /lib/x86_64-linux-gnu/libdl-2.19.so
7f2955e08000-7f2955e09000 rw-p 00003000 08:05 5510185                    /lib/x86_64-linux-gnu/libdl-2.19.so
7f2955e09000-7f2955fc4000 r-xp 00000000 08:05 5510173                    /lib/x86_64-linux-gnu/libc-2.19.so
7f2955fc4000-7f29561c4000 ---p 001bb000 08:05 5510173                    /lib/x86_64-linux-gnu/libc-2.19.so
7f29561c4000-7f29561c8000 r--p 001bb000 08:05 5510173                    /lib/x86_64-linux-gnu/libc-2.19.so
7f29561c8000-7f29561ca000 rw-p 001bf000 08:05 5510173                    /lib/x86_64-linux-gnu/libc-2.19.so
7f29561ca000-7f29561cf000 rw-p 00000000 00:00 0 
7f29561cf000-7f29561dc000 r-xp 00000000 08:05 5111948                    /usr/lib/jvm/java-7-openjdk-amd64/jre/lib/amd64/jli/libjli.so
7f29561dc000-7f29563db000 ---p 0000d000 08:05 5111948                    /usr/lib/jvm/java-7-openjdk-amd64/jre/lib/amd64/jli/libjli.so
7f29563db000-7f29563dc000 r--p 0000c000 08:05 5111948                    /usr/lib/jvm/java-7-openjdk-amd64/jre/lib/amd64/jli/libjli.so
7f29563dc000-7f29563dd000 rw-p 0000d000 08:05 5111948                    /usr/lib/jvm/java-7-openjdk-amd64/jre/lib/amd64/jli/libjli.so
7f29563dd000-7f2956400000 r-xp 00000000 08:05 5510174                    /lib/x86_64-linux-gnu/ld-2.19.so
7f2956419000-7f295641c000 r--s 0003c000 08:05 5111965                    /usr/lib/jvm/java-7-openjdk-amd64/jre/lib/ext/sunpkcs11.jar
7f295641c000-7f295641f000 r--s 0000f000 08:05 5111961                    /usr/lib/jvm/java-7-openjdk-amd64/jre/lib/ext/pulse-java.jar
7f295641f000-7f2956429000 rw-p 00000000 00:00 0 
7f2956429000-7f29564df000 rw-p 00000000 00:00 0 
7f29564df000-7f29564e2000 ---p 00000000 00:00 0 
7f29564e2000-7f29565e5000 rw-p 00000000 00:00 0                          [stack:2745]
7f29565e6000-7f29565e7000 rw-p 00000000 00:00 0 
7f29565e7000-7f29565e9000 r--s 00006000 08:05 5117819                    /usr/share/java/java-atk-wrapper.jar
7f29565e9000-7f29565ec000 r--s 00032000 08:05 5111963                    /usr/lib/jvm/java-7-openjdk-amd64/jre/lib/ext/sunjce_provider.jar
7f29565ec000-7f29565ee000 r--s 00012000 08:05 5111962                    /usr/lib/jvm/java-7-openjdk-amd64/jre/lib/ext/zipfs.jar
7f29565ee000-7f29565f2000 r--s 00085000 08:05 5111960                    /usr/lib/jvm/java-7-openjdk-amd64/jre/lib/ext/localedata.jar
7f29565f2000-7f29565f3000 r--s 00002000 08:05 5111964                    /usr/lib/jvm/java-7-openjdk-amd64/jre/lib/ext/dnsns.jar
7f29565f3000-7f29565fb000 rw-s 00000000 08:05 3407903                    /tmp/hsperfdata_pritika/2740
7f29565fb000-7f29565fc000 rw-p 00000000 00:00 0 
7f29565fc000-7f29565fd000 ---p 00000000 00:00 0 
7f29565fd000-7f29565ff000 rw-p 00000000 00:00 0 
7f29565ff000-7f2956600000 r--p 00022000 08:05 5510174                    /lib/x86_64-linux-gnu/ld-2.19.so
7f2956600000-7f2956601000 rw-p 00023000 08:05 5510174                    /lib/x86_64-linux-gnu/ld-2.19.so
7f2956601000-7f2956602000 rw-p 00000000 00:00 0 
7fff90932000-7fff90953000 rw-p 00000000 00:00 0                          [stack]
7fff909c4000-7fff909c6000 r-xp 00000000 00:00 0                          [vdso]
ffffffffff600000-ffffffffff601000 r-xp 00000000 00:00 0                  [vsyscall]

VM Arguments:
jvm_args: -Dfile.encoding=UTF-8 
java_command: edu.buffalo.cse.irf14.Runner
Launcher Type: SUN_STANDARD

Environment Variables:
PATH=/usr/local/sbin:/usr/local/bin:/usr/sbin:/usr/bin:/sbin:/bin:/usr/games:/usr/local/games
SHELL=/bin/bash
DISPLAY=:0.0

Signal Handlers:
SIGSEGV: [libjvm.so+0x949110], sa_mask[0]=0x7ffbfeff, sa_flags=0x10000004
SIGBUS: [libjvm.so+0x949110], sa_mask[0]=0x7ffbfeff, sa_flags=0x10000004
SIGFPE: [libjvm.so+0x7c2e80], sa_mask[0]=0x7ffbfeff, sa_flags=0x10000004
SIGPIPE: [libjvm.so+0x7c2e80], sa_mask[0]=0x7ffbfeff, sa_flags=0x10000004
SIGXFSZ: [libjvm.so+0x7c2e80], sa_mask[0]=0x7ffbfeff, sa_flags=0x10000004
SIGILL: [libjvm.so+0x7c2e80], sa_mask[0]=0x7ffbfeff, sa_flags=0x10000004
SIGUSR1: SIG_DFL, sa_mask[0]=0x00000000, sa_flags=0x00000000
SIGUSR2: [libjvm.so+0x7c2d20], sa_mask[0]=0x00000004, sa_flags=0x10000004
SIGHUP: [libjvm.so+0x7c2f00], sa_mask[0]=0x7ffbfeff, sa_flags=0x10000004
SIGINT: [libjvm.so+0x7c2f00], sa_mask[0]=0x7ffbfeff, sa_flags=0x10000004
SIGTERM: [libjvm.so+0x7c2f00], sa_mask[0]=0x7ffbfeff, sa_flags=0x10000004
SIGQUIT: [libjvm.so+0x7c2f00], sa_mask[0]=0x7ffbfeff, sa_flags=0x10000004
SIGTRAP: SIG_DFL, sa_mask[0]=0x00000000, sa_flags=0x00000000


---------------  S Y S T E M  ---------------

OS:Ubuntu 14.04 (trusty)
uname:Linux 3.13.0-35-generic #62-Ubuntu SMP Fri Aug 15 01:58:42 UTC 2014 x86_64
libc:glibc 2.19 NPTL 2.19 
rlimit: STACK 8192k, CORE 0k, NPROC 62612, NOFILE 4096, AS infinity
load average:22.78 12.78 6.87

/proc/meminfo:
MemTotal:        8105184 kB
MemFree:          134752 kB
Buffers:             620 kB
Cached:           299252 kB
SwapCached:            0 kB
Active:          7481756 kB
Inactive:         295572 kB
Active(anon):    7479060 kB
Inactive(anon):   268508 kB
Active(file):       2696 kB
Inactive(file):    27064 kB
Unevictable:          32 kB
Mlocked:              32 kB
SwapTotal:             0 kB
SwapFree:              0 kB
Dirty:               396 kB
Writeback:             0 kB
AnonPages:       7477524 kB
Mapped:            66088 kB
Shmem:            270080 kB
Slab:              50532 kB
SReclaimable:      20172 kB
SUnreclaim:        30360 kB
KernelStack:        5632 kB
PageTables:        46840 kB
NFS_Unstable:          0 kB
Bounce:                0 kB
WritebackTmp:          0 kB
CommitLimit:     4052592 kB
Committed_AS:   12257092 kB
VmallocTotal:   34359738367 kB
VmallocUsed:      555976 kB
VmallocChunk:   34359168600 kB
HardwareCorrupted:     0 kB
AnonHugePages:   6111232 kB
HugePages_Total:       0
HugePages_Free:        0
HugePages_Rsvd:        0
HugePages_Surp:        0
Hugepagesize:       2048 kB
DirectMap4k:       60032 kB
DirectMap2M:     3014656 kB
DirectMap1G:     5242880 kB


CPU:total 4 (2 cores per cpu, 2 threads per core) family 6 model 69 stepping 1, cmov, cx8, fxsr, mmx, sse, sse2, sse3, ssse3, sse4.1, sse4.2, popcnt, avx, avx2, aes, erms, ht, tsc, tscinvbit

/proc/cpuinfo:
processor	: 0
vendor_id	: GenuineIntel
cpu family	: 6
model		: 69
model name	: Intel(R) Core(TM) i5-4210U CPU @ 1.70GHz
stepping	: 1
microcode	: 0x17
cpu MHz		: 1600.000
cache size	: 3072 KB
physical id	: 0
siblings	: 4
core id		: 0
cpu cores	: 2
apicid		: 0
initial apicid	: 0
fpu		: yes
fpu_exception	: yes
cpuid level	: 13
wp		: yes
flags		: fpu vme de pse tsc msr pae mce cx8 apic sep mtrr pge mca cmov pat pse36 clflush dts acpi mmx fxsr sse sse2 ss ht tm pbe syscall nx pdpe1gb rdtscp lm constant_tsc arch_perfmon pebs bts rep_good nopl xtopology nonstop_tsc aperfmperf eagerfpu pni pclmulqdq dtes64 monitor ds_cpl vmx est tm2 ssse3 fma cx16 xtpr pdcm pcid sse4_1 sse4_2 movbe popcnt tsc_deadline_timer aes xsave avx f16c rdrand lahf_lm abm ida arat epb xsaveopt pln pts dtherm tpr_shadow vnmi flexpriority ept vpid fsgsbase tsc_adjust bmi1 avx2 smep bmi2 erms invpcid
bogomips	: 4788.98
clflush size	: 64
cache_alignment	: 64
address sizes	: 39 bits physical, 48 bits virtual
power management:

processor	: 1
vendor_id	: GenuineIntel
cpu family	: 6
model		: 69
model name	: Intel(R) Core(TM) i5-4210U CPU @ 1.70GHz
stepping	: 1
microcode	: 0x17
cpu MHz		: 1600.000
cache size	: 3072 KB
physical id	: 0
siblings	: 4
core id		: 0
cpu cores	: 2
apicid		: 1
initial apicid	: 1
fpu		: yes
fpu_exception	: yes
cpuid level	: 13
wp		: yes
flags		: fpu vme de pse tsc msr pae mce cx8 apic sep mtrr pge mca cmov pat pse36 clflush dts acpi mmx fxsr sse sse2 ss ht tm pbe syscall nx pdpe1gb rdtscp lm constant_tsc arch_perfmon pebs bts rep_good nopl xtopology nonstop_tsc aperfmperf eagerfpu pni pclmulqdq dtes64 monitor ds_cpl vmx est tm2 ssse3 fma cx16 xtpr pdcm pcid sse4_1 sse4_2 movbe popcnt tsc_deadline_timer aes xsave avx f16c rdrand lahf_lm abm ida arat epb xsaveopt pln pts dtherm tpr_shadow vnmi flexpriority ept vpid fsgsbase tsc_adjust bmi1 avx2 smep bmi2 erms invpcid
bogomips	: 4788.98
clflush size	: 64
cache_alignment	: 64
address sizes	: 39 bits physical, 48 bits virtual
power management:

processor	: 2
vendor_id	: GenuineIntel
cpu family	: 6
model		: 69
model name	: Intel(R) Core(TM) i5-4210U CPU @ 1.70GHz
stepping	: 1
microcode	: 0x17
cpu MHz		: 1600.000
cache size	: 3072 KB
physical id	: 0
siblings	: 4
core id		: 1
cpu cores	: 2
apicid		: 2
initial apicid	: 2
fpu		: yes
fpu_exception	: yes
cpuid level	: 13
wp		: yes
flags		: fpu vme de pse tsc msr pae mce cx8 apic sep mtrr pge mca cmov pat pse36 clflush dts acpi mmx fxsr sse sse2 ss ht tm pbe syscall nx pdpe1gb rdtscp lm constant_tsc arch_perfmon pebs bts rep_good nopl xtopology nonstop_tsc aperfmperf eagerfpu pni pclmulqdq dtes64 monitor ds_cpl vmx est tm2 ssse3 fma cx16 xtpr pdcm pcid sse4_1 sse4_2 movbe popcnt tsc_deadline_timer aes xsave avx f16c rdrand lahf_lm abm ida arat epb xsaveopt pln pts dtherm tpr_shadow vnmi flexpriority ept vpid fsgsbase tsc_adjust bmi1 avx2 smep bmi2 erms invpcid
bogomips	: 4788.98
clflush size	: 64
cache_alignment	: 64
address sizes	: 39 bits physical, 48 bits virtual
power management:

processor	: 3
vendor_id	: GenuineIntel
cpu family	: 6
model		: 69
model name	: Intel(R) Core(TM) i5-4210U CPU @ 1.70GHz
stepping	: 1
microcode	: 0x17
cpu MHz		: 1600.000
cache size	: 3072 KB
physical id	: 0
siblings	: 4
core id		: 1
cpu cores	: 2
apicid		: 3
initial apicid	: 3
fpu		: yes
fpu_exception	: yes
cpuid level	: 13
wp		: yes
flags		: fpu vme de pse tsc msr pae mce cx8 apic sep mtrr pge mca cmov pat pse36 clflush dts acpi mmx fxsr sse sse2 ss ht tm pbe syscall nx pdpe1gb rdtscp lm constant_tsc arch_perfmon pebs bts rep_good nopl xtopology nonstop_tsc aperfmperf eagerfpu pni pclmulqdq dtes64 monitor ds_cpl vmx est tm2 ssse3 fma cx16 xtpr pdcm pcid sse4_1 sse4_2 movbe popcnt tsc_deadline_timer aes xsave avx f16c rdrand lahf_lm abm ida arat epb xsaveopt pln pts dtherm tpr_shadow vnmi flexpriority ept vpid fsgsbase tsc_adjust bmi1 avx2 smep bmi2 erms invpcid
bogomips	: 4788.98
clflush size	: 64
cache_alignment	: 64
address sizes	: 39 bits physical, 48 bits virtual
power management:



Memory: 4k page, physical 8105184k(133512k free), swap 0k(0k free)

vm_info: OpenJDK 64-Bit Server VM (24.65-b04) for linux-amd64 JRE (1.7.0_65-b32), built on Aug 23 2014 13:33:31 by "buildd" with gcc 4.8.2

time: Sat Sep 27 08:28:58 2014
elapsed time: 1118 seconds

