#
# There is insufficient memory for the Java Runtime Environment to continue.
# Native memory allocation (malloc) failed to allocate 3670016 bytes for committing reserved memory.
# Possible reasons:
#   The system is out of physical RAM or swap space
#   In 32 bit mode, the process size limit was hit
# Possible solutions:
#   Reduce memory load on the system
#   Increase physical memory or swap space
#   Check if swap backing store is full
#   Use 64 bit Java on a 64 bit OS
#   Decrease Java heap size (-Xmx/-Xms)
#   Decrease number of Java threads
#   Decrease Java thread stack sizes (-Xss)
#   Set larger code cache with -XX:ReservedCodeCacheSize=
# This output file may be truncated or incomplete.
#
#  Out of Memory Error (os_linux.cpp:2798), pid=3159, tid=140153590904576
#
# JRE version: OpenJDK Runtime Environment (7.0_65-b32) (build 1.7.0_65-b32)
# Java VM: OpenJDK 64-Bit Server VM (24.65-b04 mixed mode linux-amd64 compressed oops)
# Failed to write core dump. Core dumps have been disabled. To enable core dumping, try "ulimit -c unlimited" before starting Java again
#

---------------  T H R E A D  ---------------

Current thread (0x00007f7810075800):  VMThread [stack: 0x00007f780ceff000,0x00007f780d000000] [id=3170]

Stack: [0x00007f780ceff000,0x00007f780d000000],  sp=0x00007f780cffe490,  free space=1021k
Native frames: (J=compiled Java code, j=interpreted, Vv=VM code, C=native code)
V  [libjvm.so+0x948635]  VMError::report_and_die()+0x175
V  [libjvm.so+0x48b904]  report_vm_out_of_memory(char const*, int, unsigned long, char const*)+0x74
V  [libjvm.so+0x7c766b]  os::pd_commit_memory(char*, unsigned long, unsigned long, bool)+0xeb
V  [libjvm.so+0x7c212f]  os::commit_memory(char*, unsigned long, unsigned long, bool)+0x1f
V  [libjvm.so+0x8338bb]  PSVirtualSpace::expand_by(unsigned long)+0x5b
V  [libjvm.so+0x834710]  PSYoungGen::resize_generation(unsigned long, unsigned long)+0xb0
V  [libjvm.so+0x834dfb]  PSYoungGen::resize(unsigned long, unsigned long)+0x1b
V  [libjvm.so+0x8310e0]  PSScavenge::invoke_no_policy()+0xde0
V  [libjvm.so+0x8318b8]  PSScavenge::invoke()+0x38
V  [libjvm.so+0x7e8293]  ParallelScavengeHeap::failed_mem_allocate(unsigned long)+0x63
V  [libjvm.so+0x94a034]  VM_ParallelGCFailedAllocation::doit()+0x84
V  [libjvm.so+0x94e527]  VM_Operation::evaluate()+0x47
V  [libjvm.so+0x94ce98]  VMThread::evaluate_operation(VM_Operation*)+0x318
V  [libjvm.so+0x94d2f9]  VMThread::loop()+0x219
V  [libjvm.so+0x94d742]  VMThread::run()+0x72
V  [libjvm.so+0x7c4532]  java_start(Thread*)+0xf2

VM_Operation (0x00007f78197d76d0): ParallelGCFailedAllocation, mode: safepoint, requested by thread 0x00007f781000a000


---------------  P R O C E S S  ---------------

Java Threads: ( => current thread )
  0x00007f78100a6800 JavaThread "Service Thread" daemon [_thread_blocked, id=3176, stack(0x00007f780c217000,0x00007f780c318000)]
  0x00007f78100a4000 JavaThread "C2 CompilerThread1" daemon [_thread_blocked, id=3175, stack(0x00007f780c318000,0x00007f780c419000)]
  0x00007f78100a1000 JavaThread "C2 CompilerThread0" daemon [_thread_blocked, id=3174, stack(0x00007f780c419000,0x00007f780c51a000)]
  0x00007f781009f000 JavaThread "Signal Dispatcher" daemon [_thread_blocked, id=3173, stack(0x00007f780c51a000,0x00007f780c61b000)]
  0x00007f781007c000 JavaThread "Finalizer" daemon [_thread_blocked, id=3172, stack(0x00007f780ccfd000,0x00007f780cdfe000)]
  0x00007f781007a000 JavaThread "Reference Handler" daemon [_thread_blocked, id=3171, stack(0x00007f780cdfe000,0x00007f780ceff000)]
  0x00007f781000a000 JavaThread "main" [_thread_blocked, id=3162, stack(0x00007f78196d8000,0x00007f78197d9000)]

Other Threads:
=>0x00007f7810075800 VMThread [stack: 0x00007f780ceff000,0x00007f780d000000] [id=3170]
  0x00007f78100b1000 WatcherThread [stack: 0x00007f780c116000,0x00007f780c217000] [id=3177]

VM state:at safepoint (normal execution)

VM Mutex/Monitor currently owned by a thread:  ([mutex/lock_event])
[0x00007f78100064c0] Threads_lock - owner thread: 0x00007f7810075800
[0x00007f78100069c0] Heap_lock - owner thread: 0x00007f781000a000

Heap
 PSYoungGen      total 663040K, used 678K [0x00000007d6c00000, 0x00000007ffc80000, 0x0000000800000000)
  eden space 661504K, 0% used [0x00000007d6c00000,0x00000007d6c00000,0x00000007ff200000)
  from space 1536K, 44% used [0x00000007ff980000,0x00000007ffa29b48,0x00000007ffb00000)
  to   space 512K, 0% used [0x00000007ffc00000,0x00000007ffc00000,0x00000007ffc80000)
 ParOldGen       total 84480K, used 72719K [0x0000000784400000, 0x0000000789680000, 0x00000007d6c00000)
  object space 84480K, 86% used [0x0000000784400000,0x0000000788b03f90,0x0000000789680000)
 PSPermGen       total 21504K, used 3512K [0x0000000779e00000, 0x000000077b300000, 0x0000000784400000)
  object space 21504K, 16% used [0x0000000779e00000,0x000000077a16e370,0x000000077b300000)

Card table byte_map: [0x00007f7815ee8000,0x00007f781631a000] byte_map_base: 0x00007f7812319000

Polling page: 0x00007f78197f5000

Code Cache  [0x00007f780d000000, 0x00007f780d270000, 0x00007f7810000000)
 total_blobs=230 nmethods=38 adapters=146 free_code_cache=48704Kb largest_free_block=49843328

Compilation events (10 events):
Event: 2.279 Thread 0x00007f78100a1000 nmethod 33 0x00007f780d06fb10 code [0x00007f780d06fd00, 0x00007f780d070700]
Event: 2.279 Thread 0x00007f78100a1000   35             java.util.Scanner::saveState (9 bytes)
Event: 2.279 Thread 0x00007f78100a1000 nmethod 35 0x00007f780d067e10 code [0x00007f780d067f40, 0x00007f780d067f98]
Event: 2.279 Thread 0x00007f78100a1000   36             java.util.Scanner::revertState (20 bytes)
Event: 2.280 Thread 0x00007f78100a1000 nmethod 36 0x00007f780d067c10 code [0x00007f780d067d40, 0x00007f780d067db8]
Event: 2.280 Thread 0x00007f78100a1000   37             java.util.ArrayList::contains (14 bytes)
Event: 2.284 Thread 0x00007f78100a4000 nmethod 34 0x00007f780d070fd0 code [0x00007f780d0711a0, 0x00007f780d071a50]
Event: 2.296 Thread 0x00007f78100a1000 nmethod 37 0x00007f780d06c8d0 code [0x00007f780d06ca20, 0x00007f780d06cc18]
Event: 2.503 Thread 0x00007f78100a4000   38 %           edu.buffalo.cse.irf14.document.Parser::contentParse @ 324 (560 bytes)
Event: 2.835 Thread 0x00007f78100a4000 nmethod 38% 0x00007f780d074a90 code [0x00007f780d074da0, 0x00007f780d075fe8]

GC Heap History (10 events):
Event: 463.642 GC heap after
Heap after GC invocations=1338 (full 0):
 PSYoungGen      total 505344K, used 674K [0x00000007d6c00000, 0x00000007ffd80000, 0x0000000800000000)
  eden space 504320K, 0% used [0x00000007d6c00000,0x00000007d6c00000,0x00000007f5880000)
  from space 1024K, 65% used [0x00000007ffc80000,0x00000007ffd28b38,0x00000007ffd80000)
  to   space 1536K, 0% used [0x00000007ffa80000,0x00000007ffa80000,0x00000007ffc00000)
 ParOldGen       total 84480K, used 72074K [0x0000000784400000, 0x0000000789680000, 0x00000007d6c00000)
  object space 84480K, 85% used [0x0000000784400000,0x0000000788a62868,0x0000000789680000)
 PSPermGen       total 21504K, used 3512K [0x0000000779e00000, 0x000000077b300000, 0x0000000784400000)
  object space 21504K, 16% used [0x0000000779e00000,0x000000077a16e370,0x000000077b300000)
}
Event: 464.631 GC heap before
{Heap before GC invocations=1339 (full 0):
 PSYoungGen      total 505344K, used 504360K [0x00000007d6c00000, 0x00000007ffd80000, 0x0000000800000000)
  eden space 504320K, 99% used [0x00000007d6c00000,0x00000007f57e16f8,0x00000007f5880000)
  from space 1024K, 65% used [0x00000007ffc80000,0x00000007ffd28b38,0x00000007ffd80000)
  to   space 1536K, 0% used [0x00000007ffa80000,0x00000007ffa80000,0x00000007ffc00000)
 ParOldGen       total 84480K, used 72074K [0x0000000784400000, 0x0000000789680000, 0x00000007d6c00000)
  object space 84480K, 85% used [0x0000000784400000,0x0000000788a62868,0x0000000789680000)
 PSPermGen       total 21504K, used 3512K [0x0000000779e00000, 0x000000077b300000, 0x0000000784400000)
  object space 21504K, 16% used [0x0000000779e00000,0x000000077a16e370,0x000000077b300000)
Event: 464.635 GC heap after
Heap after GC invocations=1339 (full 0):
 PSYoungGen      total 482304K, used 675K [0x00000007d6c00000, 0x00000007ffd00000, 0x0000000800000000)
  eden space 480768K, 0% used [0x00000007d6c00000,0x00000007d6c00000,0x00000007f4180000)
  from space 1536K, 43% used [0x00000007ffa80000,0x00000007ffb28e28,0x00000007ffc00000)
  to   space 1024K, 0% used [0x00000007ffc00000,0x00000007ffc00000,0x00000007ffd00000)
 ParOldGen       total 84480K, used 72074K [0x0000000784400000, 0x0000000789680000, 0x00000007d6c00000)
  object space 84480K, 85% used [0x0000000784400000,0x0000000788a62868,0x0000000789680000)
 PSPermGen       total 21504K, used 3512K [0x0000000779e00000, 0x000000077b300000, 0x0000000784400000)
  object space 21504K, 16% used [0x0000000779e00000,0x000000077a16e370,0x000000077b300000)
}
Event: 465.639 GC heap before
{Heap before GC invocations=1340 (full 0):
 PSYoungGen      total 482304K, used 481116K [0x00000007d6c00000, 0x00000007ffd00000, 0x0000000800000000)
  eden space 480768K, 99% used [0x00000007d6c00000,0x00000007f412e580,0x00000007f4180000)
  from space 1536K, 43% used [0x00000007ffa80000,0x00000007ffb28e28,0x00000007ffc00000)
  to   space 1024K, 0% used [0x00000007ffc00000,0x00000007ffc00000,0x00000007ffd00000)
 ParOldGen       total 84480K, used 72074K [0x0000000784400000, 0x0000000789680000, 0x00000007d6c00000)
  object space 84480K, 85% used [0x0000000784400000,0x0000000788a62868,0x0000000789680000)
 PSPermGen       total 21504K, used 3512K [0x0000000779e00000, 0x000000077b300000, 0x0000000784400000)
  object space 21504K, 16% used [0x0000000779e00000,0x000000077a16e370,0x000000077b300000)
Event: 465.643 GC heap after
Heap after GC invocations=1340 (full 0):
 PSYoungGen      total 459776K, used 676K [0x00000007d6c00000, 0x00000007ffd00000, 0x0000000800000000)
  eden space 458752K, 0% used [0x00000007d6c00000,0x00000007d6c00000,0x00000007f2c00000)
  from space 1024K, 66% used [0x00000007ffc00000,0x00000007ffca9110,0x00000007ffd00000)
  to   space 1024K, 0% used [0x00000007ffb00000,0x00000007ffb00000,0x00000007ffc00000)
 ParOldGen       total 84480K, used 72074K [0x0000000784400000, 0x0000000789680000, 0x00000007d6c00000)
  object space 84480K, 85% used [0x0000000784400000,0x0000000788a62868,0x0000000789680000)
 PSPermGen       total 21504K, used 3512K [0x0000000779e00000, 0x000000077b300000, 0x0000000784400000)
  object space 21504K, 16% used [0x0000000779e00000,0x000000077a16e370,0x000000077b300000)
}
Event: 468.151 GC heap before
{Heap before GC invocations=1341 (full 0):
 PSYoungGen      total 459776K, used 459082K [0x00000007d6c00000, 0x00000007ffd00000, 0x0000000800000000)
  eden space 458752K, 99% used [0x00000007d6c00000,0x00000007f2ba9898,0x00000007f2c00000)
  from space 1024K, 66% used [0x00000007ffc00000,0x00000007ffca9110,0x00000007ffd00000)
  to   space 1024K, 0% used [0x00000007ffb00000,0x00000007ffb00000,0x00000007ffc00000)
 ParOldGen       total 84480K, used 72074K [0x0000000784400000, 0x0000000789680000, 0x00000007d6c00000)
  object space 84480K, 85% used [0x0000000784400000,0x0000000788a62868,0x0000000789680000)
 PSPermGen       total 21504K, used 3512K [0x0000000779e00000, 0x000000077b300000, 0x0000000784400000)
  object space 21504K, 16% used [0x0000000779e00000,0x000000077a16e370,0x000000077b300000)
Event: 473.984 GC heap after
Heap after GC invocations=1341 (full 0):
 PSYoungGen      total 551936K, used 740K [0x00000007d6c00000, 0x00000007ffc80000, 0x0000000800000000)
  eden space 550912K, 0% used [0x00000007d6c00000,0x00000007d6c00000,0x00000007f8600000)
  from space 1024K, 72% used [0x00000007ffb00000,0x00000007ffbb93f8,0x00000007ffc00000)
  to   space 512K, 0% used [0x00000007ffc00000,0x00000007ffc00000,0x00000007ffc80000)
 ParOldGen       total 84480K, used 72074K [0x0000000784400000, 0x0000000789680000, 0x00000007d6c00000)
  object space 84480K, 85% used [0x0000000784400000,0x0000000788a62868,0x0000000789680000)
 PSPermGen       total 21504K, used 3512K [0x0000000779e00000, 0x000000077b300000, 0x0000000784400000)
  object space 21504K, 16% used [0x0000000779e00000,0x000000077a16e370,0x000000077b300000)
}
Event: 480.856 GC heap before
{Heap before GC invocations=1342 (full 0):
 PSYoungGen      total 551936K, used 551349K [0x00000007d6c00000, 0x00000007ffc80000, 0x0000000800000000)
  eden space 550912K, 99% used [0x00000007d6c00000,0x00000007f85b42c8,0x00000007f8600000)
  from space 1024K, 72% used [0x00000007ffb00000,0x00000007ffbb93f8,0x00000007ffc00000)
  to   space 512K, 0% used [0x00000007ffc00000,0x00000007ffc00000,0x00000007ffc80000)
 ParOldGen       total 84480K, used 72074K [0x0000000784400000, 0x0000000789680000, 0x00000007d6c00000)
  object space 84480K, 85% used [0x0000000784400000,0x0000000788a62868,0x0000000789680000)
 PSPermGen       total 21504K, used 3512K [0x0000000779e00000, 0x000000077b300000, 0x0000000784400000)
  object space 21504K, 16% used [0x0000000779e00000,0x000000077a16e370,0x000000077b300000)
Event: 489.360 GC heap after
Heap after GC invocations=1342 (full 0):
 PSYoungGen      total 662016K, used 96K [0x00000007d6c00000, 0x00000007ffc80000, 0x0000000800000000)
  eden space 661504K, 0% used [0x00000007d6c00000,0x00000007d6c00000,0x00000007ff200000)
  from space 512K, 18% used [0x00000007ffc00000,0x00000007ffc18000,0x00000007ffc80000)
  to   space 1536K, 0% used [0x00000007ff980000,0x00000007ff980000,0x00000007ffb00000)
 ParOldGen       total 84480K, used 72719K [0x0000000784400000, 0x0000000789680000, 0x00000007d6c00000)
  object space 84480K, 86% used [0x0000000784400000,0x0000000788b03f90,0x0000000789680000)
 PSPermGen       total 21504K, used 3512K [0x0000000779e00000, 0x000000077b300000, 0x0000000784400000)
  object space 21504K, 16% used [0x0000000779e00000,0x000000077a16e370,0x000000077b300000)
}
Event: 494.908 GC heap before
{Heap before GC invocations=1343 (full 0):
 PSYoungGen      total 662016K, used 661381K [0x00000007d6c00000, 0x00000007ffc80000, 0x0000000800000000)
  eden space 661504K, 99% used [0x00000007d6c00000,0x00000007ff1c9650,0x00000007ff200000)
  from space 512K, 18% used [0x00000007ffc00000,0x00000007ffc18000,0x00000007ffc80000)
  to   space 1536K, 0% used [0x00000007ff980000,0x00000007ff980000,0x00000007ffb00000)
 ParOldGen       total 84480K, used 72719K [0x0000000784400000, 0x0000000789680000, 0x00000007d6c00000)
  object space 84480K, 86% used [0x0000000784400000,0x0000000788b03f90,0x0000000789680000)
 PSPermGen       total 21504K, used 3512K [0x0000000779e00000, 0x000000077b300000, 0x0000000784400000)
  object space 21504K, 16% used [0x0000000779e00000,0x000000077a16e370,0x000000077b300000)

Deoptimization events (0 events):
No events

Internal exceptions (10 events):
Event: 0.787 Thread 0x00007f781000a000 Threw 0x00000007d6c57718 at /build/buildd/openjdk-7-7u65-2.5.1/build/openjdk/hotspot/src/share/vm/prims/jvm.cpp:1247
Event: 0.789 Thread 0x00007f781000a000 Threw 0x00000007d6c5c800 at /build/buildd/openjdk-7-7u65-2.5.1/build/openjdk/hotspot/src/share/vm/prims/jvm.cpp:1247
Event: 0.842 Thread 0x00007f781000a000 Threw 0x00000007d6c601b8 at /build/buildd/openjdk-7-7u65-2.5.1/build/openjdk/hotspot/src/share/vm/prims/jvm.cpp:1247
Event: 0.844 Thread 0x00007f781000a000 Threw 0x00000007d6c62b70 at /build/buildd/openjdk-7-7u65-2.5.1/build/openjdk/hotspot/src/share/vm/prims/jvm.cpp:1247
Event: 0.964 Thread 0x00007f781000a000 Threw 0x00000007d6cb08b0 at /build/buildd/openjdk-7-7u65-2.5.1/build/openjdk/hotspot/src/share/vm/prims/jvm.cpp:1247
Event: 0.964 Thread 0x00007f781000a000 Threw 0x00000007d6cb09d8 at /build/buildd/openjdk-7-7u65-2.5.1/build/openjdk/hotspot/src/share/vm/prims/jvm.cpp:1247
Event: 0.965 Thread 0x00007f781000a000 Threw 0x00000007d6cb2f88 at /build/buildd/openjdk-7-7u65-2.5.1/build/openjdk/hotspot/src/share/vm/prims/jvm.cpp:1247
Event: 0.965 Thread 0x00007f781000a000 Threw 0x00000007d6cb30b0 at /build/buildd/openjdk-7-7u65-2.5.1/build/openjdk/hotspot/src/share/vm/prims/jvm.cpp:1247
Event: 0.966 Thread 0x00007f781000a000 Threw 0x00000007d6cb39b0 at /build/buildd/openjdk-7-7u65-2.5.1/build/openjdk/hotspot/src/share/vm/prims/jvm.cpp:1247
Event: 0.966 Thread 0x00007f781000a000 Threw 0x00000007d6cb3ad8 at /build/buildd/openjdk-7-7u65-2.5.1/build/openjdk/hotspot/src/share/vm/prims/jvm.cpp:1247

Events (10 events):
Event: 463.642 Executing VM operation: ParallelGCFailedAllocation done
Event: 464.631 Executing VM operation: ParallelGCFailedAllocation
Event: 464.635 Executing VM operation: ParallelGCFailedAllocation done
Event: 465.639 Executing VM operation: ParallelGCFailedAllocation
Event: 465.644 Executing VM operation: ParallelGCFailedAllocation done
Event: 466.847 Executing VM operation: ParallelGCFailedAllocation
Event: 476.270 Executing VM operation: ParallelGCFailedAllocation done
Event: 479.116 Executing VM operation: ParallelGCFailedAllocation
Event: 490.417 Executing VM operation: ParallelGCFailedAllocation done
Event: 492.720 Executing VM operation: ParallelGCFailedAllocation


Dynamic libraries:
00400000-00401000 r-xp 00000000 08:05 5115745                            /usr/lib/jvm/java-7-openjdk-amd64/jre/bin/java
00600000-00601000 r--p 00000000 08:05 5115745                            /usr/lib/jvm/java-7-openjdk-amd64/jre/bin/java
00601000-00602000 rw-p 00001000 08:05 5115745                            /usr/lib/jvm/java-7-openjdk-amd64/jre/bin/java
01a97000-01ab8000 rw-p 00000000 00:00 0                                  [heap]
779e00000-77b300000 rw-p 00000000 00:00 0 
77b300000-784400000 rw-p 00000000 00:00 0 
784400000-789680000 rw-p 00000000 00:00 0 
789680000-7d6c00000 rw-p 00000000 00:00 0 
7d6c00000-7ffc80000 rw-p 00000000 00:00 0 
7f77cc000000-7f77cc021000 rw-p 00000000 00:00 0 
7f77cc021000-7f77d0000000 ---p 00000000 00:00 0 
7f77d0000000-7f77d0021000 rw-p 00000000 00:00 0 
7f77d0021000-7f77d4000000 ---p 00000000 00:00 0 
7f77d4000000-7f77d41f6000 rw-p 00000000 00:00 0 
7f77d41f6000-7f77d8000000 ---p 00000000 00:00 0 
7f77d8000000-7f77d8281000 rw-p 00000000 00:00 0 
7f77d8281000-7f77dc000000 ---p 00000000 00:00 0 
7f77dc000000-7f77dc021000 rw-p 00000000 00:00 0 
7f77dc021000-7f77e0000000 ---p 00000000 00:00 0 
7f77e0000000-7f77e0021000 rw-p 00000000 00:00 0 
7f77e0021000-7f77e4000000 ---p 00000000 00:00 0 
7f77e4000000-7f77e4021000 rw-p 00000000 00:00 0 
7f77e4021000-7f77e8000000 ---p 00000000 00:00 0 
7f77ebcf0000-7f77f0000000 rw-p 00000000 00:00 0 
7f77f0000000-7f77f0021000 rw-p 00000000 00:00 0 
7f77f0021000-7f77f4000000 ---p 00000000 00:00 0 
7f77f4000000-7f77f4168000 rw-p 00000000 00:00 0 
7f77f4168000-7f77f8000000 ---p 00000000 00:00 0 
7f77f8000000-7f77f8021000 rw-p 00000000 00:00 0 
7f77f8021000-7f77fc000000 ---p 00000000 00:00 0 
7f7800000000-7f7800021000 rw-p 00000000 00:00 0 
7f7800021000-7f7804000000 ---p 00000000 00:00 0 
7f7808000000-7f7808021000 rw-p 00000000 00:00 0 
7f7808021000-7f780c000000 ---p 00000000 00:00 0 
7f780c116000-7f780c117000 ---p 00000000 00:00 0 
7f780c117000-7f780c217000 rw-p 00000000 00:00 0                          [stack:3177]
7f780c217000-7f780c21a000 ---p 00000000 00:00 0 
7f780c21a000-7f780c318000 rw-p 00000000 00:00 0                          [stack:3176]
7f780c318000-7f780c31b000 ---p 00000000 00:00 0 
7f780c31b000-7f780c419000 rw-p 00000000 00:00 0                          [stack:3175]
7f780c419000-7f780c41c000 ---p 00000000 00:00 0 
7f780c41c000-7f780c51a000 rw-p 00000000 00:00 0                          [stack:3174]
7f780c51a000-7f780c51d000 ---p 00000000 00:00 0 
7f780c51d000-7f780c61b000 rw-p 00000000 00:00 0                          [stack:3173]
7f780c61b000-7f780ccfd000 r--p 00000000 08:05 4725374                    /usr/lib/locale/locale-archive
7f780ccfd000-7f780cd00000 ---p 00000000 00:00 0 
7f780cd00000-7f780cdfe000 rw-p 00000000 00:00 0                          [stack:3172]
7f780cdfe000-7f780ce01000 ---p 00000000 00:00 0 
7f780ce01000-7f780ceff000 rw-p 00000000 00:00 0                          [stack:3171]
7f780ceff000-7f780cf00000 ---p 00000000 00:00 0 
7f780cf00000-7f780d000000 rw-p 00000000 00:00 0                          [stack:3170]
7f780d000000-7f780d270000 rwxp 00000000 00:00 0 
7f780d270000-7f781013b000 rw-p 00000000 00:00 0 
7f781013b000-7f7814000000 ---p 00000000 00:00 0 
7f7814022000-7f78150f8000 rw-p 00000000 00:00 0 
7f78150f8000-7f78152a9000 r--s 01d21000 08:05 5114452                    /usr/lib/jvm/java-7-openjdk-amd64/jre/lib/rt.jar
7f78152a9000-7f78157fd000 rw-p 00000000 00:00 0 
7f78157fd000-7f78157fe000 ---p 00000000 00:00 0 
7f78157fe000-7f78158fe000 rw-p 00000000 00:00 0                          [stack:3169]
7f78158fe000-7f78158ff000 ---p 00000000 00:00 0 
7f78158ff000-7f78159ff000 rw-p 00000000 00:00 0                          [stack:3168]
7f78159ff000-7f7815a00000 ---p 00000000 00:00 0 
7f7815a00000-7f7815b00000 rw-p 00000000 00:00 0                          [stack:3167]
7f7815b00000-7f7815b01000 ---p 00000000 00:00 0 
7f7815b01000-7f7815c0c000 rw-p 00000000 00:00 0                          [stack:3166]
7f7815c0c000-7f7815c54000 rw-p 00000000 00:00 0 
7f7815c54000-7f7815c7e000 rw-p 00000000 00:00 0 
7f7815c7e000-7f7815ee8000 rw-p 00000000 00:00 0 
7f7815ee8000-7f7815ef3000 rw-p 00000000 00:00 0 
7f7815ef3000-7f7815f3b000 rw-p 00000000 00:00 0 
7f7815f3b000-7f7815f65000 rw-p 00000000 00:00 0 
7f7815f65000-7f78161cf000 rw-p 00000000 00:00 0 
7f78161cf000-7f7816318000 rw-p 00000000 00:00 0 
7f7816318000-7f7816319000 ---p 00000000 00:00 0 
7f7816319000-7f781631a000 rw-p 00000000 00:00 0 
7f781631a000-7f7816322000 r-xp 00000000 08:05 5111914                    /usr/lib/jvm/java-7-openjdk-amd64/jre/lib/amd64/libzip.so
7f7816322000-7f7816521000 ---p 00008000 08:05 5111914                    /usr/lib/jvm/java-7-openjdk-amd64/jre/lib/amd64/libzip.so
7f7816521000-7f7816522000 r--p 00007000 08:05 5111914                    /usr/lib/jvm/java-7-openjdk-amd64/jre/lib/amd64/libzip.so
7f7816522000-7f7816523000 rw-p 00008000 08:05 5111914                    /usr/lib/jvm/java-7-openjdk-amd64/jre/lib/amd64/libzip.so
7f7816523000-7f781652e000 r-xp 00000000 08:05 5510180                    /lib/x86_64-linux-gnu/libnss_files-2.19.so
7f781652e000-7f781672d000 ---p 0000b000 08:05 5510180                    /lib/x86_64-linux-gnu/libnss_files-2.19.so
7f781672d000-7f781672e000 r--p 0000a000 08:05 5510180                    /lib/x86_64-linux-gnu/libnss_files-2.19.so
7f781672e000-7f781672f000 rw-p 0000b000 08:05 5510180                    /lib/x86_64-linux-gnu/libnss_files-2.19.so
7f781672f000-7f781673a000 r-xp 00000000 08:05 5510181                    /lib/x86_64-linux-gnu/libnss_nis-2.19.so
7f781673a000-7f7816939000 ---p 0000b000 08:05 5510181                    /lib/x86_64-linux-gnu/libnss_nis-2.19.so
7f7816939000-7f781693a000 r--p 0000a000 08:05 5510181                    /lib/x86_64-linux-gnu/libnss_nis-2.19.so
7f781693a000-7f781693b000 rw-p 0000b000 08:05 5510181                    /lib/x86_64-linux-gnu/libnss_nis-2.19.so
7f781693b000-7f7816952000 r-xp 00000000 08:05 5510167                    /lib/x86_64-linux-gnu/libnsl-2.19.so
7f7816952000-7f7816b51000 ---p 00017000 08:05 5510167                    /lib/x86_64-linux-gnu/libnsl-2.19.so
7f7816b51000-7f7816b52000 r--p 00016000 08:05 5510167                    /lib/x86_64-linux-gnu/libnsl-2.19.so
7f7816b52000-7f7816b53000 rw-p 00017000 08:05 5510167                    /lib/x86_64-linux-gnu/libnsl-2.19.so
7f7816b53000-7f7816b55000 rw-p 00000000 00:00 0 
7f7816b55000-7f7816b5e000 r-xp 00000000 08:05 5510134                    /lib/x86_64-linux-gnu/libnss_compat-2.19.so
7f7816b5e000-7f7816d5d000 ---p 00009000 08:05 5510134                    /lib/x86_64-linux-gnu/libnss_compat-2.19.so
7f7816d5d000-7f7816d5e000 r--p 00008000 08:05 5510134                    /lib/x86_64-linux-gnu/libnss_compat-2.19.so
7f7816d5e000-7f7816d5f000 rw-p 00009000 08:05 5510134                    /lib/x86_64-linux-gnu/libnss_compat-2.19.so
7f7816d5f000-7f7816d8a000 r-xp 00000000 08:05 5111911                    /usr/lib/jvm/java-7-openjdk-amd64/jre/lib/amd64/libjava.so
7f7816d8a000-7f7816f8a000 ---p 0002b000 08:05 5111911                    /usr/lib/jvm/java-7-openjdk-amd64/jre/lib/amd64/libjava.so
7f7816f8a000-7f7816f8b000 r--p 0002b000 08:05 5111911                    /usr/lib/jvm/java-7-openjdk-amd64/jre/lib/amd64/libjava.so
7f7816f8b000-7f7816f8d000 rw-p 0002c000 08:05 5111911                    /usr/lib/jvm/java-7-openjdk-amd64/jre/lib/amd64/libjava.so
7f7816f8d000-7f7816f9d000 r-xp 00000000 08:05 5111928                    /usr/lib/jvm/java-7-openjdk-amd64/jre/lib/amd64/libverify.so
7f7816f9d000-7f781719c000 ---p 00010000 08:05 5111928                    /usr/lib/jvm/java-7-openjdk-amd64/jre/lib/amd64/libverify.so
7f781719c000-7f781719e000 r--p 0000f000 08:05 5111928                    /usr/lib/jvm/java-7-openjdk-amd64/jre/lib/amd64/libverify.so
7f781719e000-7f781719f000 rw-p 00011000 08:05 5111928                    /usr/lib/jvm/java-7-openjdk-amd64/jre/lib/amd64/libverify.so
7f781719f000-7f78171a6000 r-xp 00000000 08:05 5510169                    /lib/x86_64-linux-gnu/librt-2.19.so
7f78171a6000-7f78173a5000 ---p 00007000 08:05 5510169                    /lib/x86_64-linux-gnu/librt-2.19.so
7f78173a5000-7f78173a6000 r--p 00006000 08:05 5510169                    /lib/x86_64-linux-gnu/librt-2.19.so
7f78173a6000-7f78173a7000 rw-p 00007000 08:05 5510169                    /lib/x86_64-linux-gnu/librt-2.19.so
7f78173a7000-7f78173bd000 r-xp 00000000 08:05 5509026                    /lib/x86_64-linux-gnu/libgcc_s.so.1
7f78173bd000-7f78175bc000 ---p 00016000 08:05 5509026                    /lib/x86_64-linux-gnu/libgcc_s.so.1
7f78175bc000-7f78175bd000 rw-p 00015000 08:05 5509026                    /lib/x86_64-linux-gnu/libgcc_s.so.1
7f78175bd000-7f78176c2000 r-xp 00000000 08:05 5510176                    /lib/x86_64-linux-gnu/libm-2.19.so
7f78176c2000-7f78178c1000 ---p 00105000 08:05 5510176                    /lib/x86_64-linux-gnu/libm-2.19.so
7f78178c1000-7f78178c2000 r--p 00104000 08:05 5510176                    /lib/x86_64-linux-gnu/libm-2.19.so
7f78178c2000-7f78178c3000 rw-p 00105000 08:05 5510176                    /lib/x86_64-linux-gnu/libm-2.19.so
7f78178c3000-7f78179a9000 r-xp 00000000 08:05 4727270                    /usr/lib/x86_64-linux-gnu/libstdc++.so.6.0.19
7f78179a9000-7f7817ba8000 ---p 000e6000 08:05 4727270                    /usr/lib/x86_64-linux-gnu/libstdc++.so.6.0.19
7f7817ba8000-7f7817bb0000 r--p 000e5000 08:05 4727270                    /usr/lib/x86_64-linux-gnu/libstdc++.so.6.0.19
7f7817bb0000-7f7817bb2000 rw-p 000ed000 08:05 4727270                    /usr/lib/x86_64-linux-gnu/libstdc++.so.6.0.19
7f7817bb2000-7f7817bc7000 rw-p 00000000 00:00 0 
7f7817bc7000-7f78186dd000 r-xp 00000000 08:05 5111942                    /usr/lib/jvm/java-7-openjdk-amd64/jre/lib/amd64/server/libjvm.so
7f78186dd000-7f78188dc000 ---p 00b16000 08:05 5111942                    /usr/lib/jvm/java-7-openjdk-amd64/jre/lib/amd64/server/libjvm.so
7f78188dc000-7f7818976000 r--p 00b15000 08:05 5111942                    /usr/lib/jvm/java-7-openjdk-amd64/jre/lib/amd64/server/libjvm.so
7f7818976000-7f7818999000 rw-p 00baf000 08:05 5111942                    /usr/lib/jvm/java-7-openjdk-amd64/jre/lib/amd64/server/libjvm.so
7f7818999000-7f78189c7000 rw-p 00000000 00:00 0 
7f78189c7000-7f78189df000 r-xp 00000000 08:05 5509162                    /lib/x86_64-linux-gnu/libz.so.1.2.8
7f78189df000-7f7818bde000 ---p 00018000 08:05 5509162                    /lib/x86_64-linux-gnu/libz.so.1.2.8
7f7818bde000-7f7818bdf000 r--p 00017000 08:05 5509162                    /lib/x86_64-linux-gnu/libz.so.1.2.8
7f7818bdf000-7f7818be0000 rw-p 00018000 08:05 5509162                    /lib/x86_64-linux-gnu/libz.so.1.2.8
7f7818be0000-7f7818bf9000 r-xp 00000000 08:05 5510186                    /lib/x86_64-linux-gnu/libpthread-2.19.so
7f7818bf9000-7f7818df8000 ---p 00019000 08:05 5510186                    /lib/x86_64-linux-gnu/libpthread-2.19.so
7f7818df8000-7f7818df9000 r--p 00018000 08:05 5510186                    /lib/x86_64-linux-gnu/libpthread-2.19.so
7f7818df9000-7f7818dfa000 rw-p 00019000 08:05 5510186                    /lib/x86_64-linux-gnu/libpthread-2.19.so
7f7818dfa000-7f7818dfe000 rw-p 00000000 00:00 0 
7f7818dfe000-7f7818e01000 r-xp 00000000 08:05 5510185                    /lib/x86_64-linux-gnu/libdl-2.19.so
7f7818e01000-7f7819000000 ---p 00003000 08:05 5510185                    /lib/x86_64-linux-gnu/libdl-2.19.so
7f7819000000-7f7819001000 r--p 00002000 08:05 5510185                    /lib/x86_64-linux-gnu/libdl-2.19.so
7f7819001000-7f7819002000 rw-p 00003000 08:05 5510185                    /lib/x86_64-linux-gnu/libdl-2.19.so
7f7819002000-7f78191bd000 r-xp 00000000 08:05 5510173                    /lib/x86_64-linux-gnu/libc-2.19.so
7f78191bd000-7f78193bd000 ---p 001bb000 08:05 5510173                    /lib/x86_64-linux-gnu/libc-2.19.so
7f78193bd000-7f78193c1000 r--p 001bb000 08:05 5510173                    /lib/x86_64-linux-gnu/libc-2.19.so
7f78193c1000-7f78193c3000 rw-p 001bf000 08:05 5510173                    /lib/x86_64-linux-gnu/libc-2.19.so
7f78193c3000-7f78193c8000 rw-p 00000000 00:00 0 
7f78193c8000-7f78193d5000 r-xp 00000000 08:05 5111948                    /usr/lib/jvm/java-7-openjdk-amd64/jre/lib/amd64/jli/libjli.so
7f78193d5000-7f78195d4000 ---p 0000d000 08:05 5111948                    /usr/lib/jvm/java-7-openjdk-amd64/jre/lib/amd64/jli/libjli.so
7f78195d4000-7f78195d5000 r--p 0000c000 08:05 5111948                    /usr/lib/jvm/java-7-openjdk-amd64/jre/lib/amd64/jli/libjli.so
7f78195d5000-7f78195d6000 rw-p 0000d000 08:05 5111948                    /usr/lib/jvm/java-7-openjdk-amd64/jre/lib/amd64/jli/libjli.so
7f78195d6000-7f78195f9000 r-xp 00000000 08:05 5510174                    /lib/x86_64-linux-gnu/ld-2.19.so
7f7819612000-7f7819615000 r--s 0003c000 08:05 5111965                    /usr/lib/jvm/java-7-openjdk-amd64/jre/lib/ext/sunpkcs11.jar
7f7819615000-7f7819618000 r--s 0000f000 08:05 5111961                    /usr/lib/jvm/java-7-openjdk-amd64/jre/lib/ext/pulse-java.jar
7f7819618000-7f7819622000 rw-p 00000000 00:00 0 
7f7819622000-7f78196d8000 rw-p 00000000 00:00 0 
7f78196d8000-7f78196db000 ---p 00000000 00:00 0 
7f78196db000-7f78197de000 rw-p 00000000 00:00 0                          [stack:3162]
7f78197df000-7f78197e0000 rw-p 00000000 00:00 0 
7f78197e0000-7f78197e2000 r--s 00006000 08:05 5117819                    /usr/share/java/java-atk-wrapper.jar
7f78197e2000-7f78197e5000 r--s 00032000 08:05 5111963                    /usr/lib/jvm/java-7-openjdk-amd64/jre/lib/ext/sunjce_provider.jar
7f78197e5000-7f78197e7000 r--s 00012000 08:05 5111962                    /usr/lib/jvm/java-7-openjdk-amd64/jre/lib/ext/zipfs.jar
7f78197e7000-7f78197eb000 r--s 00085000 08:05 5111960                    /usr/lib/jvm/java-7-openjdk-amd64/jre/lib/ext/localedata.jar
7f78197eb000-7f78197ec000 r--s 00002000 08:05 5111964                    /usr/lib/jvm/java-7-openjdk-amd64/jre/lib/ext/dnsns.jar
7f78197ec000-7f78197f4000 rw-s 00000000 08:05 3407958                    /tmp/hsperfdata_pritika/3159
7f78197f4000-7f78197f5000 rw-p 00000000 00:00 0 
7f78197f5000-7f78197f6000 ---p 00000000 00:00 0 
7f78197f6000-7f78197f8000 rw-p 00000000 00:00 0 
7f78197f8000-7f78197f9000 r--p 00022000 08:05 5510174                    /lib/x86_64-linux-gnu/ld-2.19.so
7f78197f9000-7f78197fa000 rw-p 00023000 08:05 5510174                    /lib/x86_64-linux-gnu/ld-2.19.so
7f78197fa000-7f78197fb000 rw-p 00000000 00:00 0 
7fff2a2d9000-7fff2a2fa000 rw-p 00000000 00:00 0                          [stack]
7fff2a3fe000-7fff2a400000 r-xp 00000000 00:00 0                          [vdso]
ffffffffff600000-ffffffffff601000 r-xp 00000000 00:00 0                  [vsyscall]

VM Arguments:
jvm_args: -Dfile.encoding=UTF-8 
java_command: edu.buffalo.cse.irf14.Runner
Launcher Type: SUN_STANDARD

Environment Variables:
PATH=/usr/local/sbin:/usr/local/bin:/usr/sbin:/usr/bin:/sbin:/bin:/usr/games:/usr/local/games
SHELL=/bin/bash
DISPLAY=:0.0

Signal Handlers:
SIGSEGV: [libjvm.so+0x949110], sa_mask[0]=0x7ffbfeff, sa_flags=0x10000004
SIGBUS: [libjvm.so+0x949110], sa_mask[0]=0x7ffbfeff, sa_flags=0x10000004
SIGFPE: [libjvm.so+0x7c2e80], sa_mask[0]=0x7ffbfeff, sa_flags=0x10000004
SIGPIPE: [libjvm.so+0x7c2e80], sa_mask[0]=0x7ffbfeff, sa_flags=0x10000004
SIGXFSZ: [libjvm.so+0x7c2e80], sa_mask[0]=0x7ffbfeff, sa_flags=0x10000004
SIGILL: [libjvm.so+0x7c2e80], sa_mask[0]=0x7ffbfeff, sa_flags=0x10000004
SIGUSR1: SIG_DFL, sa_mask[0]=0x00000000, sa_flags=0x00000000
SIGUSR2: [libjvm.so+0x7c2d20], sa_mask[0]=0x00000004, sa_flags=0x10000004
SIGHUP: [libjvm.so+0x7c2f00], sa_mask[0]=0x7ffbfeff, sa_flags=0x10000004
SIGINT: [libjvm.so+0x7c2f00], sa_mask[0]=0x7ffbfeff, sa_flags=0x10000004
SIGTERM: [libjvm.so+0x7c2f00], sa_mask[0]=0x7ffbfeff, sa_flags=0x10000004
SIGQUIT: [libjvm.so+0x7c2f00], sa_mask[0]=0x7ffbfeff, sa_flags=0x10000004
SIGTRAP: SIG_DFL, sa_mask[0]=0x00000000, sa_flags=0x00000000


---------------  S Y S T E M  ---------------

OS:Ubuntu 14.04 (trusty)
uname:Linux 3.13.0-35-generic #62-Ubuntu SMP Fri Aug 15 01:58:42 UTC 2014 x86_64
libc:glibc 2.19 NPTL 2.19 
rlimit: STACK 8192k, CORE 0k, NPROC 62612, NOFILE 4096, AS infinity
load average:23.10 14.64 7.90

/proc/meminfo:
MemTotal:        8105184 kB
MemFree:          824016 kB
Buffers:             236 kB
Cached:           290744 kB
SwapCached:            0 kB
Active:          6806368 kB
Inactive:         288412 kB
Active(anon):    6805448 kB
Inactive(anon):   268476 kB
Active(file):        920 kB
Inactive(file):    19936 kB
Unevictable:          32 kB
Mlocked:              32 kB
SwapTotal:             0 kB
SwapFree:              0 kB
Dirty:               248 kB
Writeback:             0 kB
AnonPages:       6803928 kB
Mapped:            62448 kB
Shmem:            270044 kB
Slab:              50164 kB
SReclaimable:      20144 kB
SUnreclaim:        30020 kB
KernelStack:        4888 kB
PageTables:        41256 kB
NFS_Unstable:          0 kB
Bounce:                0 kB
WritebackTmp:          0 kB
CommitLimit:     4052592 kB
Committed_AS:   10556404 kB
VmallocTotal:   34359738367 kB
VmallocUsed:      555976 kB
VmallocChunk:   34359168600 kB
HardwareCorrupted:     0 kB
AnonHugePages:   5562368 kB
HugePages_Total:       0
HugePages_Free:        0
HugePages_Rsvd:        0
HugePages_Surp:        0
Hugepagesize:       2048 kB
DirectMap4k:       60032 kB
DirectMap2M:     3014656 kB
DirectMap1G:     5242880 kB


CPU:total 4 (2 cores per cpu, 2 threads per core) family 6 model 69 stepping 1, cmov, cx8, fxsr, mmx, sse, sse2, sse3, ssse3, sse4.1, sse4.2, popcnt, avx, avx2, aes, erms, ht, tsc, tscinvbit

/proc/cpuinfo:
processor	: 0
vendor_id	: GenuineIntel
cpu family	: 6
model		: 69
model name	: Intel(R) Core(TM) i5-4210U CPU @ 1.70GHz
stepping	: 1
microcode	: 0x17
cpu MHz		: 1600.000
cache size	: 3072 KB
physical id	: 0
siblings	: 4
core id		: 0
cpu cores	: 2
apicid		: 0
initial apicid	: 0
fpu		: yes
fpu_exception	: yes
cpuid level	: 13
wp		: yes
flags		: fpu vme de pse tsc msr pae mce cx8 apic sep mtrr pge mca cmov pat pse36 clflush dts acpi mmx fxsr sse sse2 ss ht tm pbe syscall nx pdpe1gb rdtscp lm constant_tsc arch_perfmon pebs bts rep_good nopl xtopology nonstop_tsc aperfmperf eagerfpu pni pclmulqdq dtes64 monitor ds_cpl vmx est tm2 ssse3 fma cx16 xtpr pdcm pcid sse4_1 sse4_2 movbe popcnt tsc_deadline_timer aes xsave avx f16c rdrand lahf_lm abm ida arat epb xsaveopt pln pts dtherm tpr_shadow vnmi flexpriority ept vpid fsgsbase tsc_adjust bmi1 avx2 smep bmi2 erms invpcid
bogomips	: 4788.98
clflush size	: 64
cache_alignment	: 64
address sizes	: 39 bits physical, 48 bits virtual
power management:

processor	: 1
vendor_id	: GenuineIntel
cpu family	: 6
model		: 69
model name	: Intel(R) Core(TM) i5-4210U CPU @ 1.70GHz
stepping	: 1
microcode	: 0x17
cpu MHz		: 1600.000
cache size	: 3072 KB
physical id	: 0
siblings	: 4
core id		: 0
cpu cores	: 2
apicid		: 1
initial apicid	: 1
fpu		: yes
fpu_exception	: yes
cpuid level	: 13
wp		: yes
flags		: fpu vme de pse tsc msr pae mce cx8 apic sep mtrr pge mca cmov pat pse36 clflush dts acpi mmx fxsr sse sse2 ss ht tm pbe syscall nx pdpe1gb rdtscp lm constant_tsc arch_perfmon pebs bts rep_good nopl xtopology nonstop_tsc aperfmperf eagerfpu pni pclmulqdq dtes64 monitor ds_cpl vmx est tm2 ssse3 fma cx16 xtpr pdcm pcid sse4_1 sse4_2 movbe popcnt tsc_deadline_timer aes xsave avx f16c rdrand lahf_lm abm ida arat epb xsaveopt pln pts dtherm tpr_shadow vnmi flexpriority ept vpid fsgsbase tsc_adjust bmi1 avx2 smep bmi2 erms invpcid
bogomips	: 4788.98
clflush size	: 64
cache_alignment	: 64
address sizes	: 39 bits physical, 48 bits virtual
power management:

processor	: 2
vendor_id	: GenuineIntel
cpu family	: 6
model		: 69
model name	: Intel(R) Core(TM) i5-4210U CPU @ 1.70GHz
stepping	: 1
microcode	: 0x17
cpu MHz		: 1600.000
cache size	: 3072 KB
physical id	: 0
siblings	: 4
core id		: 1
cpu cores	: 2
apicid		: 2
initial apicid	: 2
fpu		: yes
fpu_exception	: yes
cpuid level	: 13
wp		: yes
flags		: fpu vme de pse tsc msr pae mce cx8 apic sep mtrr pge mca cmov pat pse36 clflush dts acpi mmx fxsr sse sse2 ss ht tm pbe syscall nx pdpe1gb rdtscp lm constant_tsc arch_perfmon pebs bts rep_good nopl xtopology nonstop_tsc aperfmperf eagerfpu pni pclmulqdq dtes64 monitor ds_cpl vmx est tm2 ssse3 fma cx16 xtpr pdcm pcid sse4_1 sse4_2 movbe popcnt tsc_deadline_timer aes xsave avx f16c rdrand lahf_lm abm ida arat epb xsaveopt pln pts dtherm tpr_shadow vnmi flexpriority ept vpid fsgsbase tsc_adjust bmi1 avx2 smep bmi2 erms invpcid
bogomips	: 4788.98
clflush size	: 64
cache_alignment	: 64
address sizes	: 39 bits physical, 48 bits virtual
power management:

processor	: 3
vendor_id	: GenuineIntel
cpu family	: 6
model		: 69
model name	: Intel(R) Core(TM) i5-4210U CPU @ 1.70GHz
stepping	: 1
microcode	: 0x17
cpu MHz		: 1600.000
cache size	: 3072 KB
physical id	: 0
siblings	: 4
core id		: 1
cpu cores	: 2
apicid		: 3
initial apicid	: 3
fpu		: yes
fpu_exception	: yes
cpuid level	: 13
wp		: yes
flags		: fpu vme de pse tsc msr pae mce cx8 apic sep mtrr pge mca cmov pat pse36 clflush dts acpi mmx fxsr sse sse2 ss ht tm pbe syscall nx pdpe1gb rdtscp lm constant_tsc arch_perfmon pebs bts rep_good nopl xtopology nonstop_tsc aperfmperf eagerfpu pni pclmulqdq dtes64 monitor ds_cpl vmx est tm2 ssse3 fma cx16 xtpr pdcm pcid sse4_1 sse4_2 movbe popcnt tsc_deadline_timer aes xsave avx f16c rdrand lahf_lm abm ida arat epb xsaveopt pln pts dtherm tpr_shadow vnmi flexpriority ept vpid fsgsbase tsc_adjust bmi1 avx2 smep bmi2 erms invpcid
bogomips	: 4788.98
clflush size	: 64
cache_alignment	: 64
address sizes	: 39 bits physical, 48 bits virtual
power management:



Memory: 4k page, physical 8105184k(824016k free), swap 0k(0k free)

vm_info: OpenJDK 64-Bit Server VM (24.65-b04) for linux-amd64 JRE (1.7.0_65-b32), built on Aug 23 2014 13:33:31 by "buildd" with gcc 4.8.2

time: Sat Sep 27 08:30:04 2014
elapsed time: 514 seconds

