#
# There is insufficient memory for the Java Runtime Environment to continue.
# Native memory allocation (malloc) failed to allocate 49283072 bytes for committing reserved memory.
# Possible reasons:
#   The system is out of physical RAM or swap space
#   In 32 bit mode, the process size limit was hit
# Possible solutions:
#   Reduce memory load on the system
#   Increase physical memory or swap space
#   Check if swap backing store is full
#   Use 64 bit Java on a 64 bit OS
#   Decrease Java heap size (-Xmx/-Xms)
#   Decrease number of Java threads
#   Decrease Java thread stack sizes (-Xss)
#   Set larger code cache with -XX:ReservedCodeCacheSize=
# This output file may be truncated or incomplete.
#
#  Out of Memory Error (os_linux.cpp:2798), pid=3680, tid=140539951658752
#
# JRE version: OpenJDK Runtime Environment (7.0_65-b32) (build 1.7.0_65-b32)
# Java VM: OpenJDK 64-Bit Server VM (24.65-b04 mixed mode linux-amd64 compressed oops)
# Failed to write core dump. Core dumps have been disabled. To enable core dumping, try "ulimit -c unlimited" before starting Java again
#

---------------  T H R E A D  ---------------

Current thread (0x00007fd208075800):  VMThread [stack: 0x00007fd201d53000,0x00007fd201e54000] [id=3701]

Stack: [0x00007fd201d53000,0x00007fd201e54000],  sp=0x00007fd201e52490,  free space=1021k
Native frames: (J=compiled Java code, j=interpreted, Vv=VM code, C=native code)
V  [libjvm.so+0x948635]  VMError::report_and_die()+0x175
V  [libjvm.so+0x48b904]  report_vm_out_of_memory(char const*, int, unsigned long, char const*)+0x74
V  [libjvm.so+0x7c766b]  os::pd_commit_memory(char*, unsigned long, unsigned long, bool)+0xeb
V  [libjvm.so+0x7c212f]  os::commit_memory(char*, unsigned long, unsigned long, bool)+0x1f
V  [libjvm.so+0x8338bb]  PSVirtualSpace::expand_by(unsigned long)+0x5b
V  [libjvm.so+0x834710]  PSYoungGen::resize_generation(unsigned long, unsigned long)+0xb0
V  [libjvm.so+0x834dfb]  PSYoungGen::resize(unsigned long, unsigned long)+0x1b
V  [libjvm.so+0x8310e0]  PSScavenge::invoke_no_policy()+0xde0
V  [libjvm.so+0x8318b8]  PSScavenge::invoke()+0x38
V  [libjvm.so+0x7e8293]  ParallelScavengeHeap::failed_mem_allocate(unsigned long)+0x63
V  [libjvm.so+0x94a034]  VM_ParallelGCFailedAllocation::doit()+0x84
V  [libjvm.so+0x94e527]  VM_Operation::evaluate()+0x47
V  [libjvm.so+0x94ce98]  VMThread::evaluate_operation(VM_Operation*)+0x318
V  [libjvm.so+0x94d2f9]  VMThread::loop()+0x219
V  [libjvm.so+0x94d742]  VMThread::run()+0x72
V  [libjvm.so+0x7c4532]  java_start(Thread*)+0xf2

VM_Operation (0x00007fd20e54c650): ParallelGCFailedAllocation, mode: safepoint, requested by thread 0x00007fd20800a000


---------------  P R O C E S S  ---------------

Java Threads: ( => current thread )
  0x00007fd2080a6800 JavaThread "Service Thread" daemon [_thread_blocked, id=3709, stack(0x00007fd20106b000,0x00007fd20116c000)]
  0x00007fd2080a4000 JavaThread "C2 CompilerThread1" daemon [_thread_blocked, id=3708, stack(0x00007fd20116c000,0x00007fd20126d000)]
  0x00007fd2080a1000 JavaThread "C2 CompilerThread0" daemon [_thread_blocked, id=3707, stack(0x00007fd20126d000,0x00007fd20136e000)]
  0x00007fd20809f000 JavaThread "Signal Dispatcher" daemon [_thread_blocked, id=3706, stack(0x00007fd20136e000,0x00007fd20146f000)]
  0x00007fd20807c000 JavaThread "Finalizer" daemon [_thread_blocked, id=3705, stack(0x00007fd201b51000,0x00007fd201c52000)]
  0x00007fd20807a000 JavaThread "Reference Handler" daemon [_thread_blocked, id=3704, stack(0x00007fd201c52000,0x00007fd201d53000)]
  0x00007fd20800a000 JavaThread "main" [_thread_blocked, id=3683, stack(0x00007fd20e44d000,0x00007fd20e54e000)]

Other Threads:
=>0x00007fd208075800 VMThread [stack: 0x00007fd201d53000,0x00007fd201e54000] [id=3701]
  0x00007fd2080b1000 WatcherThread [stack: 0x00007fd200f6a000,0x00007fd20106b000] [id=3710]

VM state:at safepoint (normal execution)

VM Mutex/Monitor currently owned by a thread:  ([mutex/lock_event])
[0x00007fd2080064c0] Threads_lock - owner thread: 0x00007fd208075800
[0x00007fd2080069c0] Heap_lock - owner thread: 0x00007fd20800a000

Heap
 PSYoungGen      total 363008K, used 1558K [0x00000007d6c00000, 0x00000007ee880000, 0x0000000800000000)
  eden space 360448K, 0% used [0x00000007d6c00000,0x00000007d6c00000,0x00000007ecc00000)
  from space 2560K, 60% used [0x00000007ee380000,0x00000007ee505b38,0x00000007ee600000)
  to   space 2048K, 0% used [0x00000007ee680000,0x00000007ee680000,0x00000007ee880000)
 ParOldGen       total 38912K, used 21356K [0x0000000784400000, 0x0000000786a00000, 0x00000007d6c00000)
  object space 38912K, 54% used [0x0000000784400000,0x00000007858db380,0x0000000786a00000)
 PSPermGen       total 21504K, used 3641K [0x0000000779e00000, 0x000000077b300000, 0x0000000784400000)
  object space 21504K, 16% used [0x0000000779e00000,0x000000077a18e550,0x000000077b300000)

Card table byte_map: [0x00007fd203b41000,0x00007fd203f73000] byte_map_base: 0x00007fd1fff72000

Polling page: 0x00007fd20e56a000

Code Cache  [0x00007fd203f73000, 0x00007fd2041e3000, 0x00007fd206f73000)
 total_blobs=269 nmethods=75 adapters=147 free_code_cache=48621Kb largest_free_block=49748800

Compilation events (10 events):
Event: 2.801 Thread 0x00007fd2080a1000 nmethod 71 0x00007fd203ff19d0 code [0x00007fd203ff1b20, 0x00007fd203ff1b98]
Event: 2.861 Thread 0x00007fd2080a1000   72             java.lang.String::toLowerCase (8 bytes)
Event: 2.863 Thread 0x00007fd2080a1000 nmethod 72 0x00007fd203fec190 code [0x00007fd203fec2e0, 0x00007fd203fec3a8]
Event: 2.863 Thread 0x00007fd2080a1000   73             java.util.Locale::getDefault (13 bytes)
Event: 2.864 Thread 0x00007fd2080a1000 nmethod 73 0x00007fd203febf50 code [0x00007fd203fec080, 0x00007fd203fec0f8]
Event: 2.864 Thread 0x00007fd2080a1000   74             java.util.ArrayList::contains (14 bytes)
Event: 2.868 Thread 0x00007fd2080a1000 nmethod 74 0x00007fd203ff0b90 code [0x00007fd203ff0ce0, 0x00007fd203ff0ed8]
Event: 2.976 Thread 0x00007fd2080a1000   75 %           edu.buffalo.cse.irf14.document.Parser::contentParse @ 324 (560 bytes)
Event: 2.997 Thread 0x00007fd2080a4000 nmethod 70 0x00007fd203ff2290 code [0x00007fd203ff24c0, 0x00007fd203ff2fe8]
Event: 3.730 Thread 0x00007fd2080a1000 nmethod 75% 0x00007fd203ffbfd0 code [0x00007fd203ffc5a0, 0x00007fd203ffee40]

GC Heap History (10 events):
Event: 3073.511 GC heap after
Heap after GC invocations=7548 (full 20):
 PSYoungGen      total 274432K, used 1525K [0x00000007d6c00000, 0x00000007eeb80000, 0x0000000800000000)
  eden space 272896K, 0% used [0x00000007d6c00000,0x00000007d6c00000,0x00000007e7680000)
  from space 1536K, 99% used [0x00000007eea00000,0x00000007eeb7d778,0x00000007eeb80000)
  to   space 2560K, 0% used [0x00000007ee680000,0x00000007ee680000,0x00000007ee900000)
 ParOldGen       total 38912K, used 21356K [0x0000000784400000, 0x0000000786a00000, 0x00000007d6c00000)
  object space 38912K, 54% used [0x0000000784400000,0x00000007858db380,0x0000000786a00000)
 PSPermGen       total 21504K, used 3641K [0x0000000779e00000, 0x000000077b300000, 0x0000000784400000)
  object space 21504K, 16% used [0x0000000779e00000,0x000000077a18e550,0x000000077b300000)
}
Event: 3074.229 GC heap before
{Heap before GC invocations=7549 (full 20):
 PSYoungGen      total 274432K, used 273448K [0x00000007d6c00000, 0x00000007eeb80000, 0x0000000800000000)
  eden space 272896K, 99% used [0x00000007d6c00000,0x00000007e758cac0,0x00000007e7680000)
  from space 1536K, 99% used [0x00000007eea00000,0x00000007eeb7d778,0x00000007eeb80000)
  to   space 2560K, 0% used [0x00000007ee680000,0x00000007ee680000,0x00000007ee900000)
 ParOldGen       total 38912K, used 21356K [0x0000000784400000, 0x0000000786a00000, 0x00000007d6c00000)
  object space 38912K, 54% used [0x0000000784400000,0x00000007858db380,0x0000000786a00000)
 PSPermGen       total 21504K, used 3641K [0x0000000779e00000, 0x000000077b300000, 0x0000000784400000)
  object space 21504K, 16% used [0x0000000779e00000,0x000000077a18e550,0x000000077b300000)
Event: 3074.232 GC heap after
Heap after GC invocations=7549 (full 20):
 PSYoungGen      total 262656K, used 1526K [0x00000007d6c00000, 0x00000007eea80000, 0x0000000800000000)
  eden space 261120K, 0% used [0x00000007d6c00000,0x00000007d6c00000,0x00000007e6b00000)
  from space 1536K, 99% used [0x00000007ee680000,0x00000007ee7fd830,0x00000007ee800000)
  to   space 2560K, 0% used [0x00000007ee800000,0x00000007ee800000,0x00000007eea80000)
 ParOldGen       total 38912K, used 21356K [0x0000000784400000, 0x0000000786a00000, 0x00000007d6c00000)
  object space 38912K, 54% used [0x0000000784400000,0x00000007858db380,0x0000000786a00000)
 PSPermGen       total 21504K, used 3641K [0x0000000779e00000, 0x000000077b300000, 0x0000000784400000)
  object space 21504K, 16% used [0x0000000779e00000,0x000000077a18e550,0x000000077b300000)
}
Event: 3074.934 GC heap before
{Heap before GC invocations=7550 (full 20):
 PSYoungGen      total 262656K, used 261527K [0x00000007d6c00000, 0x00000007eea80000, 0x0000000800000000)
  eden space 261120K, 99% used [0x00000007d6c00000,0x00000007e69e84b0,0x00000007e6b00000)
  from space 1536K, 99% used [0x00000007ee680000,0x00000007ee7fd830,0x00000007ee800000)
  to   space 2560K, 0% used [0x00000007ee800000,0x00000007ee800000,0x00000007eea80000)
 ParOldGen       total 38912K, used 21356K [0x0000000784400000, 0x0000000786a00000, 0x00000007d6c00000)
  object space 38912K, 54% used [0x0000000784400000,0x00000007858db380,0x0000000786a00000)
 PSPermGen       total 21504K, used 3641K [0x0000000779e00000, 0x000000077b300000, 0x0000000784400000)
  object space 21504K, 16% used [0x0000000779e00000,0x000000077a18e550,0x000000077b300000)
Event: 3074.944 GC heap after
Heap after GC invocations=7550 (full 20):
 PSYoungGen      total 251392K, used 1526K [0x00000007d6c00000, 0x00000007ee980000, 0x0000000800000000)
  eden space 249856K, 0% used [0x00000007d6c00000,0x00000007d6c00000,0x00000007e6000000)
  from space 1536K, 99% used [0x00000007ee800000,0x00000007ee97d8d8,0x00000007ee980000)
  to   space 2560K, 0% used [0x00000007ee480000,0x00000007ee480000,0x00000007ee700000)
 ParOldGen       total 38912K, used 21356K [0x0000000784400000, 0x0000000786a00000, 0x00000007d6c00000)
  object space 38912K, 54% used [0x0000000784400000,0x00000007858db380,0x0000000786a00000)
 PSPermGen       total 21504K, used 3641K [0x0000000779e00000, 0x000000077b300000, 0x0000000784400000)
  object space 21504K, 16% used [0x0000000779e00000,0x000000077a18e550,0x000000077b300000)
}
Event: 3076.139 GC heap before
{Heap before GC invocations=7551 (full 20):
 PSYoungGen      total 251392K, used 251094K [0x00000007d6c00000, 0x00000007ee980000, 0x0000000800000000)
  eden space 249856K, 99% used [0x00000007d6c00000,0x00000007e5fb7ff0,0x00000007e6000000)
  from space 1536K, 99% used [0x00000007ee800000,0x00000007ee97d8d8,0x00000007ee980000)
  to   space 2560K, 0% used [0x00000007ee480000,0x00000007ee480000,0x00000007ee700000)
 ParOldGen       total 38912K, used 21356K [0x0000000784400000, 0x0000000786a00000, 0x00000007d6c00000)
  object space 38912K, 54% used [0x0000000784400000,0x00000007858db380,0x0000000786a00000)
 PSPermGen       total 21504K, used 3641K [0x0000000779e00000, 0x000000077b300000, 0x0000000784400000)
  object space 21504K, 16% used [0x0000000779e00000,0x000000077a18e550,0x000000077b300000)
Event: 3078.180 GC heap after
Heap after GC invocations=7551 (full 20):
 PSYoungGen      total 302080K, used 1558K [0x00000007d6c00000, 0x00000007ee880000, 0x0000000800000000)
  eden space 300032K, 0% used [0x00000007d6c00000,0x00000007d6c00000,0x00000007e9100000)
  from space 2048K, 76% used [0x00000007ee480000,0x00000007ee6059a0,0x00000007ee680000)
  to   space 2048K, 0% used [0x00000007ee680000,0x00000007ee680000,0x00000007ee880000)
 ParOldGen       total 38912K, used 21356K [0x0000000784400000, 0x0000000786a00000, 0x00000007d6c00000)
  object space 38912K, 54% used [0x0000000784400000,0x00000007858db380,0x0000000786a00000)
 PSPermGen       total 21504K, used 3641K [0x0000000779e00000, 0x000000077b300000, 0x0000000784400000)
  object space 21504K, 16% used [0x0000000779e00000,0x000000077a18e550,0x000000077b300000)
}
Event: 3081.486 GC heap before
{Heap before GC invocations=7552 (full 20):
 PSYoungGen      total 302080K, used 300478K [0x00000007d6c00000, 0x00000007ee880000, 0x0000000800000000)
  eden space 300032K, 99% used [0x00000007d6c00000,0x00000007e8fea090,0x00000007e9100000)
  from space 2048K, 76% used [0x00000007ee480000,0x00000007ee6059a0,0x00000007ee680000)
  to   space 2048K, 0% used [0x00000007ee680000,0x00000007ee680000,0x00000007ee880000)
 ParOldGen       total 38912K, used 21356K [0x0000000784400000, 0x0000000786a00000, 0x00000007d6c00000)
  object space 38912K, 54% used [0x0000000784400000,0x00000007858db380,0x0000000786a00000)
 PSPermGen       total 21504K, used 3641K [0x0000000779e00000, 0x000000077b300000, 0x0000000784400000)
  object space 21504K, 16% used [0x0000000779e00000,0x000000077a18e550,0x000000077b300000)
Event: 3086.543 GC heap after
Heap after GC invocations=7552 (full 20):
 PSYoungGen      total 362496K, used 1558K [0x00000007d6c00000, 0x00000007ee880000, 0x0000000800000000)
  eden space 360448K, 0% used [0x00000007d6c00000,0x00000007d6c00000,0x00000007ecc00000)
  from space 2048K, 76% used [0x00000007ee680000,0x00000007ee805a68,0x00000007ee880000)
  to   space 2560K, 0% used [0x00000007ee380000,0x00000007ee380000,0x00000007ee600000)
 ParOldGen       total 38912K, used 21356K [0x0000000784400000, 0x0000000786a00000, 0x00000007d6c00000)
  object space 38912K, 54% used [0x0000000784400000,0x00000007858db380,0x0000000786a00000)
 PSPermGen       total 21504K, used 3641K [0x0000000779e00000, 0x000000077b300000, 0x0000000784400000)
  object space 21504K, 16% used [0x0000000779e00000,0x000000077a18e550,0x000000077b300000)
}
Event: 3089.269 GC heap before
{Heap before GC invocations=7553 (full 20):
 PSYoungGen      total 362496K, used 361808K [0x00000007d6c00000, 0x00000007ee880000, 0x0000000800000000)
  eden space 360448K, 99% used [0x00000007d6c00000,0x00000007ecbce878,0x00000007ecc00000)
  from space 2048K, 76% used [0x00000007ee680000,0x00000007ee805a68,0x00000007ee880000)
  to   space 2560K, 0% used [0x00000007ee380000,0x00000007ee380000,0x00000007ee600000)
 ParOldGen       total 38912K, used 21356K [0x0000000784400000, 0x0000000786a00000, 0x00000007d6c00000)
  object space 38912K, 54% used [0x0000000784400000,0x00000007858db380,0x0000000786a00000)
 PSPermGen       total 21504K, used 3641K [0x0000000779e00000, 0x000000077b300000, 0x0000000784400000)
  object space 21504K, 16% used [0x0000000779e00000,0x000000077a18e550,0x000000077b300000)

Deoptimization events (4 events):
Event: 1.160 Thread 0x00007fd20800a000 Uncommon trap: reason=class_check action=maybe_recompile pc=0x00007fd203fd4a08 method=java.util.regex.Matcher.match(II)Z @ 86
Event: 1.193 Thread 0x00007fd20800a000 Uncommon trap: reason=class_check action=maybe_recompile pc=0x00007fd203fd4a08 method=java.util.regex.Matcher.match(II)Z @ 86
Event: 1.274 Thread 0x00007fd20800a000 Uncommon trap: reason=class_check action=maybe_recompile pc=0x00007fd203fd4a08 method=java.util.regex.Matcher.match(II)Z @ 86
Event: 1.346 Thread 0x00007fd20800a000 Uncommon trap: reason=class_check action=maybe_recompile pc=0x00007fd203fd4a08 method=java.util.regex.Matcher.match(II)Z @ 86

Internal exceptions (10 events):
Event: 1.111 Thread 0x00007fd20800a000 Threw 0x00000007d6d05b60 at /build/buildd/openjdk-7-7u65-2.5.1/build/openjdk/hotspot/src/share/vm/prims/jvm.cpp:1247
Event: 1.115 Thread 0x00007fd20800a000 Threw 0x00000007d6d08698 at /build/buildd/openjdk-7-7u65-2.5.1/build/openjdk/hotspot/src/share/vm/prims/jvm.cpp:1247
Event: 1.116 Thread 0x00007fd20800a000 Threw 0x00000007d6d0a720 at /build/buildd/openjdk-7-7u65-2.5.1/build/openjdk/hotspot/src/share/vm/prims/jvm.cpp:1247
Event: 1.117 Thread 0x00007fd20800a000 Threw 0x00000007d6d0c910 at /build/buildd/openjdk-7-7u65-2.5.1/build/openjdk/hotspot/src/share/vm/prims/jvm.cpp:1247
Event: 1.118 Thread 0x00007fd20800a000 Threw 0x00000007d6d10a40 at /build/buildd/openjdk-7-7u65-2.5.1/build/openjdk/hotspot/src/share/vm/prims/jvm.cpp:1247
Event: 1.118 Thread 0x00007fd20800a000 Threw 0x00000007d6d15548 at /build/buildd/openjdk-7-7u65-2.5.1/build/openjdk/hotspot/src/share/vm/prims/jvm.cpp:1247
Event: 1.119 Thread 0x00007fd20800a000 Threw 0x00000007d6d18018 at /build/buildd/openjdk-7-7u65-2.5.1/build/openjdk/hotspot/src/share/vm/prims/jvm.cpp:1247
Event: 1.124 Thread 0x00007fd20800a000 Threw 0x00000007d6d1abd0 at /build/buildd/openjdk-7-7u65-2.5.1/build/openjdk/hotspot/src/share/vm/prims/jvm.cpp:1247
Event: 1.125 Thread 0x00007fd20800a000 Threw 0x00000007d6d215c0 at /build/buildd/openjdk-7-7u65-2.5.1/build/openjdk/hotspot/src/share/vm/prims/jvm.cpp:1247
Event: 1.125 Thread 0x00007fd20800a000 Threw 0x00000007d6d25c48 at /build/buildd/openjdk-7-7u65-2.5.1/build/openjdk/hotspot/src/share/vm/prims/jvm.cpp:1247

Events (10 events):
Event: 3073.511 Executing VM operation: ParallelGCFailedAllocation done
Event: 3074.229 Executing VM operation: ParallelGCFailedAllocation
Event: 3074.232 Executing VM operation: ParallelGCFailedAllocation done
Event: 3074.934 Executing VM operation: ParallelGCFailedAllocation
Event: 3074.944 Executing VM operation: ParallelGCFailedAllocation done
Event: 3075.469 Executing VM operation: ParallelGCFailedAllocation
Event: 3079.143 Executing VM operation: ParallelGCFailedAllocation done
Event: 3080.430 Executing VM operation: ParallelGCFailedAllocation
Event: 3088.121 Executing VM operation: ParallelGCFailedAllocation done
Event: 3088.999 Executing VM operation: ParallelGCFailedAllocation


Dynamic libraries:
00400000-00401000 r-xp 00000000 08:05 5115745                            /usr/lib/jvm/java-7-openjdk-amd64/jre/bin/java
00600000-00601000 r--p 00000000 08:05 5115745                            /usr/lib/jvm/java-7-openjdk-amd64/jre/bin/java
00601000-00602000 rw-p 00001000 08:05 5115745                            /usr/lib/jvm/java-7-openjdk-amd64/jre/bin/java
00b33000-00b54000 rw-p 00000000 00:00 0                                  [heap]
779e00000-77b300000 rw-p 00000000 00:00 0 
77b300000-784400000 rw-p 00000000 00:00 0 
784400000-786a00000 rw-p 00000000 00:00 0 
786a00000-789680000 ---p 00000000 00:00 0 
789680000-7d6c00000 rw-p 00000000 00:00 0 
7d6c00000-7ee880000 rw-p 00000000 00:00 0 
7f1780000-800000000 ---p 00000000 00:00 0 
7fd1c0000000-7fd1c0021000 rw-p 00000000 00:00 0 
7fd1c0021000-7fd1c4000000 ---p 00000000 00:00 0 
7fd1c4000000-7fd1c4021000 rw-p 00000000 00:00 0 
7fd1c4021000-7fd1c8000000 ---p 00000000 00:00 0 
7fd1c8000000-7fd1c8413000 rw-p 00000000 00:00 0 
7fd1c8413000-7fd1cc000000 ---p 00000000 00:00 0 
7fd1cc000000-7fd1cc243000 rw-p 00000000 00:00 0 
7fd1cc243000-7fd1d0000000 ---p 00000000 00:00 0 
7fd1d0000000-7fd1d0021000 rw-p 00000000 00:00 0 
7fd1d0021000-7fd1d4000000 ---p 00000000 00:00 0 
7fd1d4000000-7fd1d4021000 rw-p 00000000 00:00 0 
7fd1d4021000-7fd1d8000000 ---p 00000000 00:00 0 
7fd1d8000000-7fd1d8021000 rw-p 00000000 00:00 0 
7fd1d8021000-7fd1dc000000 ---p 00000000 00:00 0 
7fd1dfcf0000-7fd1e4000000 rw-p 00000000 00:00 0 
7fd1e4000000-7fd1e402b000 rw-p 00000000 00:00 0 
7fd1e402b000-7fd1e8000000 ---p 00000000 00:00 0 
7fd1e8000000-7fd1e8021000 rw-p 00000000 00:00 0 
7fd1e8021000-7fd1ec000000 ---p 00000000 00:00 0 
7fd1ec000000-7fd1ec035000 rw-p 00000000 00:00 0 
7fd1ec035000-7fd1f0000000 ---p 00000000 00:00 0 
7fd1f4000000-7fd1f4023000 rw-p 00000000 00:00 0 
7fd1f4023000-7fd1f8000000 ---p 00000000 00:00 0 
7fd1fc000000-7fd1fc02b000 rw-p 00000000 00:00 0 
7fd1fc02b000-7fd200000000 ---p 00000000 00:00 0 
7fd200d30000-7fd200f6a000 rw-p 00000000 00:00 0 
7fd200f6a000-7fd200f6b000 ---p 00000000 00:00 0 
7fd200f6b000-7fd20106b000 rw-p 00000000 00:00 0                          [stack:3710]
7fd20106b000-7fd20106e000 ---p 00000000 00:00 0 
7fd20106e000-7fd20116c000 rw-p 00000000 00:00 0                          [stack:3709]
7fd20116c000-7fd20116f000 ---p 00000000 00:00 0 
7fd20116f000-7fd20126d000 rw-p 00000000 00:00 0                          [stack:3708]
7fd20126d000-7fd201270000 ---p 00000000 00:00 0 
7fd201270000-7fd20136e000 rw-p 00000000 00:00 0                          [stack:3707]
7fd20136e000-7fd201371000 ---p 00000000 00:00 0 
7fd201371000-7fd20146f000 rw-p 00000000 00:00 0                          [stack:3706]
7fd20146f000-7fd201b51000 r--p 00000000 08:05 4725374                    /usr/lib/locale/locale-archive
7fd201b51000-7fd201b54000 ---p 00000000 00:00 0 
7fd201b54000-7fd201c52000 rw-p 00000000 00:00 0                          [stack:3705]
7fd201c52000-7fd201c55000 ---p 00000000 00:00 0 
7fd201c55000-7fd201d53000 rw-p 00000000 00:00 0                          [stack:3704]
7fd201d53000-7fd201d54000 ---p 00000000 00:00 0 
7fd201d54000-7fd202e51000 rw-p 00000000 00:00 0                          [stack:3701]
7fd202e51000-7fd203002000 r--s 01d21000 08:05 5114452                    /usr/lib/jvm/java-7-openjdk-amd64/jre/lib/rt.jar
7fd203002000-7fd2034a9000 rw-p 00000000 00:00 0 
7fd2034a9000-7fd2034aa000 ---p 00000000 00:00 0 
7fd2034aa000-7fd2035aa000 rw-p 00000000 00:00 0                          [stack:3693]
7fd2035aa000-7fd2035ab000 ---p 00000000 00:00 0 
7fd2035ab000-7fd2036ab000 rw-p 00000000 00:00 0                          [stack:3692]
7fd2036ab000-7fd2036ac000 ---p 00000000 00:00 0 
7fd2036ac000-7fd2037ac000 rw-p 00000000 00:00 0                          [stack:3688]
7fd2037ac000-7fd2037ad000 ---p 00000000 00:00 0 
7fd2037ad000-7fd2038c0000 rw-p 00000000 00:00 0                          [stack:3686]
7fd2038c0000-7fd2038d7000 ---p 00000000 00:00 0 
7fd2038d7000-7fd203b41000 rw-p 00000000 00:00 0 
7fd203b41000-7fd203b4c000 rw-p 00000000 00:00 0 
7fd203b4c000-7fd203b94000 rw-p 00000000 00:00 0 
7fd203b94000-7fd203ba7000 rw-p 00000000 00:00 0 
7fd203ba7000-7fd203bbe000 ---p 00000000 00:00 0 
7fd203bbe000-7fd203e28000 rw-p 00000000 00:00 0 
7fd203e28000-7fd203ee7000 rw-p 00000000 00:00 0 
7fd203ee7000-7fd203f72000 ---p 00000000 00:00 0 
7fd203f72000-7fd203f73000 rw-p 00000000 00:00 0 
7fd203f73000-7fd2041e3000 rwxp 00000000 00:00 0 
7fd2041e3000-7fd206f73000 rw-p 00000000 00:00 0 
7fd206f73000-7fd206f7b000 r-xp 00000000 08:05 5111914                    /usr/lib/jvm/java-7-openjdk-amd64/jre/lib/amd64/libzip.so
7fd206f7b000-7fd20717a000 ---p 00008000 08:05 5111914                    /usr/lib/jvm/java-7-openjdk-amd64/jre/lib/amd64/libzip.so
7fd20717a000-7fd20717b000 r--p 00007000 08:05 5111914                    /usr/lib/jvm/java-7-openjdk-amd64/jre/lib/amd64/libzip.so
7fd20717b000-7fd20717c000 rw-p 00008000 08:05 5111914                    /usr/lib/jvm/java-7-openjdk-amd64/jre/lib/amd64/libzip.so
7fd20717c000-7fd207187000 r-xp 00000000 08:05 5510180                    /lib/x86_64-linux-gnu/libnss_files-2.19.so
7fd207187000-7fd207386000 ---p 0000b000 08:05 5510180                    /lib/x86_64-linux-gnu/libnss_files-2.19.so
7fd207386000-7fd207387000 r--p 0000a000 08:05 5510180                    /lib/x86_64-linux-gnu/libnss_files-2.19.so
7fd207387000-7fd207388000 rw-p 0000b000 08:05 5510180                    /lib/x86_64-linux-gnu/libnss_files-2.19.so
7fd207388000-7fd207393000 r-xp 00000000 08:05 5510181                    /lib/x86_64-linux-gnu/libnss_nis-2.19.so
7fd207393000-7fd207592000 ---p 0000b000 08:05 5510181                    /lib/x86_64-linux-gnu/libnss_nis-2.19.so
7fd207592000-7fd207593000 r--p 0000a000 08:05 5510181                    /lib/x86_64-linux-gnu/libnss_nis-2.19.so
7fd207593000-7fd207594000 rw-p 0000b000 08:05 5510181                    /lib/x86_64-linux-gnu/libnss_nis-2.19.so
7fd207594000-7fd2075ab000 r-xp 00000000 08:05 5510167                    /lib/x86_64-linux-gnu/libnsl-2.19.so
7fd2075ab000-7fd2077aa000 ---p 00017000 08:05 5510167                    /lib/x86_64-linux-gnu/libnsl-2.19.so
7fd2077aa000-7fd2077ab000 r--p 00016000 08:05 5510167                    /lib/x86_64-linux-gnu/libnsl-2.19.so
7fd2077ab000-7fd2077ac000 rw-p 00017000 08:05 5510167                    /lib/x86_64-linux-gnu/libnsl-2.19.so
7fd2077ac000-7fd2077ae000 rw-p 00000000 00:00 0 
7fd2077ae000-7fd2077b7000 r-xp 00000000 08:05 5510134                    /lib/x86_64-linux-gnu/libnss_compat-2.19.so
7fd2077b7000-7fd2079b6000 ---p 00009000 08:05 5510134                    /lib/x86_64-linux-gnu/libnss_compat-2.19.so
7fd2079b6000-7fd2079b7000 r--p 00008000 08:05 5510134                    /lib/x86_64-linux-gnu/libnss_compat-2.19.so
7fd2079b7000-7fd2079b8000 rw-p 00009000 08:05 5510134                    /lib/x86_64-linux-gnu/libnss_compat-2.19.so
7fd2079b8000-7fd2079e3000 r-xp 00000000 08:05 5111911                    /usr/lib/jvm/java-7-openjdk-amd64/jre/lib/amd64/libjava.so
7fd2079e3000-7fd207be3000 ---p 0002b000 08:05 5111911                    /usr/lib/jvm/java-7-openjdk-amd64/jre/lib/amd64/libjava.so
7fd207be3000-7fd207be4000 r--p 0002b000 08:05 5111911                    /usr/lib/jvm/java-7-openjdk-amd64/jre/lib/amd64/libjava.so
7fd207be4000-7fd207be6000 rw-p 0002c000 08:05 5111911                    /usr/lib/jvm/java-7-openjdk-amd64/jre/lib/amd64/libjava.so
7fd207be6000-7fd207bf6000 r-xp 00000000 08:05 5111928                    /usr/lib/jvm/java-7-openjdk-amd64/jre/lib/amd64/libverify.so
7fd207bf6000-7fd207df5000 ---p 00010000 08:05 5111928                    /usr/lib/jvm/java-7-openjdk-amd64/jre/lib/amd64/libverify.so
7fd207df5000-7fd207df7000 r--p 0000f000 08:05 5111928                    /usr/lib/jvm/java-7-openjdk-amd64/jre/lib/amd64/libverify.so
7fd207df7000-7fd207df8000 rw-p 00011000 08:05 5111928                    /usr/lib/jvm/java-7-openjdk-amd64/jre/lib/amd64/libverify.so
7fd207df8000-7fd207dff000 r-xp 00000000 08:05 5510169                    /lib/x86_64-linux-gnu/librt-2.19.so
7fd207dff000-7fd207ffe000 ---p 00007000 08:05 5510169                    /lib/x86_64-linux-gnu/librt-2.19.so
7fd207ffe000-7fd207fff000 r--p 00006000 08:05 5510169                    /lib/x86_64-linux-gnu/librt-2.19.so
7fd207fff000-7fd208000000 rw-p 00007000 08:05 5510169                    /lib/x86_64-linux-gnu/librt-2.19.so
7fd208000000-7fd20812d000 rw-p 00000000 00:00 0 
7fd20812d000-7fd20c000000 ---p 00000000 00:00 0 
7fd20c01c000-7fd20c0d4000 rw-p 00000000 00:00 0 
7fd20c0d4000-7fd20c11c000 rw-p 00000000 00:00 0 
7fd20c11c000-7fd20c132000 r-xp 00000000 08:05 5509026                    /lib/x86_64-linux-gnu/libgcc_s.so.1
7fd20c132000-7fd20c331000 ---p 00016000 08:05 5509026                    /lib/x86_64-linux-gnu/libgcc_s.so.1
7fd20c331000-7fd20c332000 rw-p 00015000 08:05 5509026                    /lib/x86_64-linux-gnu/libgcc_s.so.1
7fd20c332000-7fd20c437000 r-xp 00000000 08:05 5510176                    /lib/x86_64-linux-gnu/libm-2.19.so
7fd20c437000-7fd20c636000 ---p 00105000 08:05 5510176                    /lib/x86_64-linux-gnu/libm-2.19.so
7fd20c636000-7fd20c637000 r--p 00104000 08:05 5510176                    /lib/x86_64-linux-gnu/libm-2.19.so
7fd20c637000-7fd20c638000 rw-p 00105000 08:05 5510176                    /lib/x86_64-linux-gnu/libm-2.19.so
7fd20c638000-7fd20c71e000 r-xp 00000000 08:05 4727270                    /usr/lib/x86_64-linux-gnu/libstdc++.so.6.0.19
7fd20c71e000-7fd20c91d000 ---p 000e6000 08:05 4727270                    /usr/lib/x86_64-linux-gnu/libstdc++.so.6.0.19
7fd20c91d000-7fd20c925000 r--p 000e5000 08:05 4727270                    /usr/lib/x86_64-linux-gnu/libstdc++.so.6.0.19
7fd20c925000-7fd20c927000 rw-p 000ed000 08:05 4727270                    /usr/lib/x86_64-linux-gnu/libstdc++.so.6.0.19
7fd20c927000-7fd20c93c000 rw-p 00000000 00:00 0 
7fd20c93c000-7fd20d452000 r-xp 00000000 08:05 5111942                    /usr/lib/jvm/java-7-openjdk-amd64/jre/lib/amd64/server/libjvm.so
7fd20d452000-7fd20d651000 ---p 00b16000 08:05 5111942                    /usr/lib/jvm/java-7-openjdk-amd64/jre/lib/amd64/server/libjvm.so
7fd20d651000-7fd20d6eb000 r--p 00b15000 08:05 5111942                    /usr/lib/jvm/java-7-openjdk-amd64/jre/lib/amd64/server/libjvm.so
7fd20d6eb000-7fd20d70e000 rw-p 00baf000 08:05 5111942                    /usr/lib/jvm/java-7-openjdk-amd64/jre/lib/amd64/server/libjvm.so
7fd20d70e000-7fd20d73c000 rw-p 00000000 00:00 0 
7fd20d73c000-7fd20d754000 r-xp 00000000 08:05 5509162                    /lib/x86_64-linux-gnu/libz.so.1.2.8
7fd20d754000-7fd20d953000 ---p 00018000 08:05 5509162                    /lib/x86_64-linux-gnu/libz.so.1.2.8
7fd20d953000-7fd20d954000 r--p 00017000 08:05 5509162                    /lib/x86_64-linux-gnu/libz.so.1.2.8
7fd20d954000-7fd20d955000 rw-p 00018000 08:05 5509162                    /lib/x86_64-linux-gnu/libz.so.1.2.8
7fd20d955000-7fd20d96e000 r-xp 00000000 08:05 5510186                    /lib/x86_64-linux-gnu/libpthread-2.19.so
7fd20d96e000-7fd20db6d000 ---p 00019000 08:05 5510186                    /lib/x86_64-linux-gnu/libpthread-2.19.so
7fd20db6d000-7fd20db6e000 r--p 00018000 08:05 5510186                    /lib/x86_64-linux-gnu/libpthread-2.19.so
7fd20db6e000-7fd20db6f000 rw-p 00019000 08:05 5510186                    /lib/x86_64-linux-gnu/libpthread-2.19.so
7fd20db6f000-7fd20db73000 rw-p 00000000 00:00 0 
7fd20db73000-7fd20db76000 r-xp 00000000 08:05 5510185                    /lib/x86_64-linux-gnu/libdl-2.19.so
7fd20db76000-7fd20dd75000 ---p 00003000 08:05 5510185                    /lib/x86_64-linux-gnu/libdl-2.19.so
7fd20dd75000-7fd20dd76000 r--p 00002000 08:05 5510185                    /lib/x86_64-linux-gnu/libdl-2.19.so
7fd20dd76000-7fd20dd77000 rw-p 00003000 08:05 5510185                    /lib/x86_64-linux-gnu/libdl-2.19.so
7fd20dd77000-7fd20df32000 r-xp 00000000 08:05 5510173                    /lib/x86_64-linux-gnu/libc-2.19.so
7fd20df32000-7fd20e132000 ---p 001bb000 08:05 5510173                    /lib/x86_64-linux-gnu/libc-2.19.so
7fd20e132000-7fd20e136000 r--p 001bb000 08:05 5510173                    /lib/x86_64-linux-gnu/libc-2.19.so
7fd20e136000-7fd20e138000 rw-p 001bf000 08:05 5510173                    /lib/x86_64-linux-gnu/libc-2.19.so
7fd20e138000-7fd20e13d000 rw-p 00000000 00:00 0 
7fd20e13d000-7fd20e14a000 r-xp 00000000 08:05 5111948                    /usr/lib/jvm/java-7-openjdk-amd64/jre/lib/amd64/jli/libjli.so
7fd20e14a000-7fd20e349000 ---p 0000d000 08:05 5111948                    /usr/lib/jvm/java-7-openjdk-amd64/jre/lib/amd64/jli/libjli.so
7fd20e349000-7fd20e34a000 r--p 0000c000 08:05 5111948                    /usr/lib/jvm/java-7-openjdk-amd64/jre/lib/amd64/jli/libjli.so
7fd20e34a000-7fd20e34b000 rw-p 0000d000 08:05 5111948                    /usr/lib/jvm/java-7-openjdk-amd64/jre/lib/amd64/jli/libjli.so
7fd20e34b000-7fd20e36e000 r-xp 00000000 08:05 5510174                    /lib/x86_64-linux-gnu/ld-2.19.so
7fd20e387000-7fd20e38a000 r--s 0003c000 08:05 5111965                    /usr/lib/jvm/java-7-openjdk-amd64/jre/lib/ext/sunpkcs11.jar
7fd20e38a000-7fd20e38d000 r--s 0000f000 08:05 5111961                    /usr/lib/jvm/java-7-openjdk-amd64/jre/lib/ext/pulse-java.jar
7fd20e38d000-7fd20e397000 rw-p 00000000 00:00 0 
7fd20e397000-7fd20e44d000 rw-p 00000000 00:00 0 
7fd20e44d000-7fd20e450000 ---p 00000000 00:00 0 
7fd20e450000-7fd20e553000 rw-p 00000000 00:00 0                          [stack:3683]
7fd20e554000-7fd20e555000 rw-p 00000000 00:00 0 
7fd20e555000-7fd20e557000 r--s 00006000 08:05 5117819                    /usr/share/java/java-atk-wrapper.jar
7fd20e557000-7fd20e55a000 r--s 00032000 08:05 5111963                    /usr/lib/jvm/java-7-openjdk-amd64/jre/lib/ext/sunjce_provider.jar
7fd20e55a000-7fd20e55c000 r--s 00012000 08:05 5111962                    /usr/lib/jvm/java-7-openjdk-amd64/jre/lib/ext/zipfs.jar
7fd20e55c000-7fd20e560000 r--s 00085000 08:05 5111960                    /usr/lib/jvm/java-7-openjdk-amd64/jre/lib/ext/localedata.jar
7fd20e560000-7fd20e561000 r--s 00002000 08:05 5111964                    /usr/lib/jvm/java-7-openjdk-amd64/jre/lib/ext/dnsns.jar
7fd20e561000-7fd20e569000 rw-s 00000000 08:05 3407900                    /tmp/hsperfdata_pritika/3680
7fd20e569000-7fd20e56a000 rw-p 00000000 00:00 0 
7fd20e56a000-7fd20e56b000 ---p 00000000 00:00 0 
7fd20e56b000-7fd20e56d000 rw-p 00000000 00:00 0 
7fd20e56d000-7fd20e56e000 r--p 00022000 08:05 5510174                    /lib/x86_64-linux-gnu/ld-2.19.so
7fd20e56e000-7fd20e56f000 rw-p 00023000 08:05 5510174                    /lib/x86_64-linux-gnu/ld-2.19.so
7fd20e56f000-7fd20e570000 rw-p 00000000 00:00 0 
7fffc58ec000-7fffc590d000 rw-p 00000000 00:00 0                          [stack]
7fffc59fe000-7fffc5a00000 r-xp 00000000 00:00 0                          [vdso]
ffffffffff600000-ffffffffff601000 r-xp 00000000 00:00 0                  [vsyscall]

VM Arguments:
jvm_args: -Dfile.encoding=UTF-8 
java_command: edu.buffalo.cse.irf14.Runner
Launcher Type: SUN_STANDARD

Environment Variables:
PATH=/usr/local/sbin:/usr/local/bin:/usr/sbin:/usr/bin:/sbin:/bin:/usr/games:/usr/local/games
SHELL=/bin/bash
DISPLAY=:0.0

Signal Handlers:
SIGSEGV: [libjvm.so+0x949110], sa_mask[0]=0x7ffbfeff, sa_flags=0x10000004
SIGBUS: [libjvm.so+0x949110], sa_mask[0]=0x7ffbfeff, sa_flags=0x10000004
SIGFPE: [libjvm.so+0x7c2e80], sa_mask[0]=0x7ffbfeff, sa_flags=0x10000004
SIGPIPE: [libjvm.so+0x7c2e80], sa_mask[0]=0x7ffbfeff, sa_flags=0x10000004
SIGXFSZ: [libjvm.so+0x7c2e80], sa_mask[0]=0x7ffbfeff, sa_flags=0x10000004
SIGILL: [libjvm.so+0x7c2e80], sa_mask[0]=0x7ffbfeff, sa_flags=0x10000004
SIGUSR1: SIG_DFL, sa_mask[0]=0x00000000, sa_flags=0x00000000
SIGUSR2: [libjvm.so+0x7c2d20], sa_mask[0]=0x00000004, sa_flags=0x10000004
SIGHUP: [libjvm.so+0x7c2f00], sa_mask[0]=0x7ffbfeff, sa_flags=0x10000004
SIGINT: [libjvm.so+0x7c2f00], sa_mask[0]=0x7ffbfeff, sa_flags=0x10000004
SIGTERM: [libjvm.so+0x7c2f00], sa_mask[0]=0x7ffbfeff, sa_flags=0x10000004
SIGQUIT: [libjvm.so+0x7c2f00], sa_mask[0]=0x7ffbfeff, sa_flags=0x10000004
SIGTRAP: SIG_DFL, sa_mask[0]=0x00000000, sa_flags=0x00000000


---------------  S Y S T E M  ---------------

OS:Ubuntu 14.04 (trusty)
uname:Linux 3.13.0-35-generic #62-Ubuntu SMP Fri Aug 15 01:58:42 UTC 2014 x86_64
libc:glibc 2.19 NPTL 2.19 
rlimit: STACK 8192k, CORE 0k, NPROC 62612, NOFILE 4096, AS infinity
load average:20.58 15.34 13.08

/proc/meminfo:
MemTotal:        8105184 kB
MemFree:         1154276 kB
Buffers:            1516 kB
Cached:           391712 kB
SwapCached:            0 kB
Active:          6367720 kB
Inactive:         387456 kB
Active(anon):    6363944 kB
Inactive(anon):   350684 kB
Active(file):       3776 kB
Inactive(file):    36772 kB
Unevictable:          32 kB
Mlocked:              32 kB
SwapTotal:             0 kB
SwapFree:              0 kB
Dirty:               332 kB
Writeback:             0 kB
AnonPages:       6362108 kB
Mapped:            69956 kB
Shmem:            352564 kB
Slab:              52244 kB
SReclaimable:      21440 kB
SUnreclaim:        30804 kB
KernelStack:        5408 kB
PageTables:        44220 kB
NFS_Unstable:          0 kB
Bounce:                0 kB
WritebackTmp:          0 kB
CommitLimit:     4052592 kB
Committed_AS:   10854900 kB
VmallocTotal:   34359738367 kB
VmallocUsed:      555976 kB
VmallocChunk:   34359168600 kB
HardwareCorrupted:     0 kB
AnonHugePages:   4280320 kB
HugePages_Total:       0
HugePages_Free:        0
HugePages_Rsvd:        0
HugePages_Surp:        0
Hugepagesize:       2048 kB
DirectMap4k:       60032 kB
DirectMap2M:     3014656 kB
DirectMap1G:     5242880 kB


CPU:total 4 (2 cores per cpu, 2 threads per core) family 6 model 69 stepping 1, cmov, cx8, fxsr, mmx, sse, sse2, sse3, ssse3, sse4.1, sse4.2, popcnt, avx, avx2, aes, erms, ht, tsc, tscinvbit

/proc/cpuinfo:
processor	: 0
vendor_id	: GenuineIntel
cpu family	: 6
model		: 69
model name	: Intel(R) Core(TM) i5-4210U CPU @ 1.70GHz
stepping	: 1
microcode	: 0x17
cpu MHz		: 1600.000
cache size	: 3072 KB
physical id	: 0
siblings	: 4
core id		: 0
cpu cores	: 2
apicid		: 0
initial apicid	: 0
fpu		: yes
fpu_exception	: yes
cpuid level	: 13
wp		: yes
flags		: fpu vme de pse tsc msr pae mce cx8 apic sep mtrr pge mca cmov pat pse36 clflush dts acpi mmx fxsr sse sse2 ss ht tm pbe syscall nx pdpe1gb rdtscp lm constant_tsc arch_perfmon pebs bts rep_good nopl xtopology nonstop_tsc aperfmperf eagerfpu pni pclmulqdq dtes64 monitor ds_cpl vmx est tm2 ssse3 fma cx16 xtpr pdcm pcid sse4_1 sse4_2 movbe popcnt tsc_deadline_timer aes xsave avx f16c rdrand lahf_lm abm ida arat epb xsaveopt pln pts dtherm tpr_shadow vnmi flexpriority ept vpid fsgsbase tsc_adjust bmi1 avx2 smep bmi2 erms invpcid
bogomips	: 4788.98
clflush size	: 64
cache_alignment	: 64
address sizes	: 39 bits physical, 48 bits virtual
power management:

processor	: 1
vendor_id	: GenuineIntel
cpu family	: 6
model		: 69
model name	: Intel(R) Core(TM) i5-4210U CPU @ 1.70GHz
stepping	: 1
microcode	: 0x17
cpu MHz		: 1600.000
cache size	: 3072 KB
physical id	: 0
siblings	: 4
core id		: 0
cpu cores	: 2
apicid		: 1
initial apicid	: 1
fpu		: yes
fpu_exception	: yes
cpuid level	: 13
wp		: yes
flags		: fpu vme de pse tsc msr pae mce cx8 apic sep mtrr pge mca cmov pat pse36 clflush dts acpi mmx fxsr sse sse2 ss ht tm pbe syscall nx pdpe1gb rdtscp lm constant_tsc arch_perfmon pebs bts rep_good nopl xtopology nonstop_tsc aperfmperf eagerfpu pni pclmulqdq dtes64 monitor ds_cpl vmx est tm2 ssse3 fma cx16 xtpr pdcm pcid sse4_1 sse4_2 movbe popcnt tsc_deadline_timer aes xsave avx f16c rdrand lahf_lm abm ida arat epb xsaveopt pln pts dtherm tpr_shadow vnmi flexpriority ept vpid fsgsbase tsc_adjust bmi1 avx2 smep bmi2 erms invpcid
bogomips	: 4788.98
clflush size	: 64
cache_alignment	: 64
address sizes	: 39 bits physical, 48 bits virtual
power management:

processor	: 2
vendor_id	: GenuineIntel
cpu family	: 6
model		: 69
model name	: Intel(R) Core(TM) i5-4210U CPU @ 1.70GHz
stepping	: 1
microcode	: 0x17
cpu MHz		: 1600.000
cache size	: 3072 KB
physical id	: 0
siblings	: 4
core id		: 1
cpu cores	: 2
apicid		: 2
initial apicid	: 2
fpu		: yes
fpu_exception	: yes
cpuid level	: 13
wp		: yes
flags		: fpu vme de pse tsc msr pae mce cx8 apic sep mtrr pge mca cmov pat pse36 clflush dts acpi mmx fxsr sse sse2 ss ht tm pbe syscall nx pdpe1gb rdtscp lm constant_tsc arch_perfmon pebs bts rep_good nopl xtopology nonstop_tsc aperfmperf eagerfpu pni pclmulqdq dtes64 monitor ds_cpl vmx est tm2 ssse3 fma cx16 xtpr pdcm pcid sse4_1 sse4_2 movbe popcnt tsc_deadline_timer aes xsave avx f16c rdrand lahf_lm abm ida arat epb xsaveopt pln pts dtherm tpr_shadow vnmi flexpriority ept vpid fsgsbase tsc_adjust bmi1 avx2 smep bmi2 erms invpcid
bogomips	: 4788.98
clflush size	: 64
cache_alignment	: 64
address sizes	: 39 bits physical, 48 bits virtual
power management:

processor	: 3
vendor_id	: GenuineIntel
cpu family	: 6
model		: 69
model name	: Intel(R) Core(TM) i5-4210U CPU @ 1.70GHz
stepping	: 1
microcode	: 0x17
cpu MHz		: 1600.000
cache size	: 3072 KB
physical id	: 0
siblings	: 4
core id		: 1
cpu cores	: 2
apicid		: 3
initial apicid	: 3
fpu		: yes
fpu_exception	: yes
cpuid level	: 13
wp		: yes
flags		: fpu vme de pse tsc msr pae mce cx8 apic sep mtrr pge mca cmov pat pse36 clflush dts acpi mmx fxsr sse sse2 ss ht tm pbe syscall nx pdpe1gb rdtscp lm constant_tsc arch_perfmon pebs bts rep_good nopl xtopology nonstop_tsc aperfmperf eagerfpu pni pclmulqdq dtes64 monitor ds_cpl vmx est tm2 ssse3 fma cx16 xtpr pdcm pcid sse4_1 sse4_2 movbe popcnt tsc_deadline_timer aes xsave avx f16c rdrand lahf_lm abm ida arat epb xsaveopt pln pts dtherm tpr_shadow vnmi flexpriority ept vpid fsgsbase tsc_adjust bmi1 avx2 smep bmi2 erms invpcid
bogomips	: 4788.98
clflush size	: 64
cache_alignment	: 64
address sizes	: 39 bits physical, 48 bits virtual
power management:



Memory: 4k page, physical 8105184k(1154276k free), swap 0k(0k free)

vm_info: OpenJDK 64-Bit Server VM (24.65-b04) for linux-amd64 JRE (1.7.0_65-b32), built on Aug 23 2014 13:33:31 by "buildd" with gcc 4.8.2

time: Sat Sep 27 09:25:42 2014
elapsed time: 3098 seconds

