#
# There is insufficient memory for the Java Runtime Environment to continue.
# Native memory allocation (malloc) failed to allocate 75497472 bytes for committing reserved memory.
# Possible reasons:
#   The system is out of physical RAM or swap space
#   In 32 bit mode, the process size limit was hit
# Possible solutions:
#   Reduce memory load on the system
#   Increase physical memory or swap space
#   Check if swap backing store is full
#   Use 64 bit Java on a 64 bit OS
#   Decrease Java heap size (-Xmx/-Xms)
#   Decrease number of Java threads
#   Decrease Java thread stack sizes (-Xss)
#   Set larger code cache with -XX:ReservedCodeCacheSize=
# This output file may be truncated or incomplete.
#
#  Out of Memory Error (os_linux.cpp:2798), pid=3038, tid=140073850631936
#
# JRE version: OpenJDK Runtime Environment (7.0_65-b32) (build 1.7.0_65-b32)
# Java VM: OpenJDK 64-Bit Server VM (24.65-b04 mixed mode linux-amd64 compressed oops)
# Failed to write core dump. Core dumps have been disabled. To enable core dumping, try "ulimit -c unlimited" before starting Java again
#

---------------  T H R E A D  ---------------

Current thread (0x00007f6578075800):  VMThread [stack: 0x00007f657c0bf000,0x00007f657c1c0000] [id=3049]

Stack: [0x00007f657c0bf000,0x00007f657c1c0000],  sp=0x00007f657c1be490,  free space=1021k
Native frames: (J=compiled Java code, j=interpreted, Vv=VM code, C=native code)
V  [libjvm.so+0x948635]  VMError::report_and_die()+0x175
V  [libjvm.so+0x48b904]  report_vm_out_of_memory(char const*, int, unsigned long, char const*)+0x74
V  [libjvm.so+0x7c766b]  os::pd_commit_memory(char*, unsigned long, unsigned long, bool)+0xeb
V  [libjvm.so+0x7c212f]  os::commit_memory(char*, unsigned long, unsigned long, bool)+0x1f
V  [libjvm.so+0x8338bb]  PSVirtualSpace::expand_by(unsigned long)+0x5b
V  [libjvm.so+0x834710]  PSYoungGen::resize_generation(unsigned long, unsigned long)+0xb0
V  [libjvm.so+0x834dfb]  PSYoungGen::resize(unsigned long, unsigned long)+0x1b
V  [libjvm.so+0x8310e0]  PSScavenge::invoke_no_policy()+0xde0
V  [libjvm.so+0x8318b8]  PSScavenge::invoke()+0x38
V  [libjvm.so+0x7e8293]  ParallelScavengeHeap::failed_mem_allocate(unsigned long)+0x63
V  [libjvm.so+0x94a034]  VM_ParallelGCFailedAllocation::doit()+0x84
V  [libjvm.so+0x94e527]  VM_Operation::evaluate()+0x47
V  [libjvm.so+0x94ce98]  VMThread::evaluate_operation(VM_Operation*)+0x318
V  [libjvm.so+0x94d2f9]  VMThread::loop()+0x219
V  [libjvm.so+0x94d742]  VMThread::run()+0x72
V  [libjvm.so+0x7c4532]  java_start(Thread*)+0xf2

VM_Operation (0x00007f658189c6d0): ParallelGCFailedAllocation, mode: safepoint, requested by thread 0x00007f657800a000


---------------  P R O C E S S  ---------------

Java Threads: ( => current thread )
  0x00007f65780a6800 JavaThread "Service Thread" daemon [_thread_blocked, id=3055, stack(0x00007f6574318000,0x00007f6574419000)]
  0x00007f65780a4000 JavaThread "C2 CompilerThread1" daemon [_thread_blocked, id=3054, stack(0x00007f6574419000,0x00007f657451a000)]
  0x00007f65780a1000 JavaThread "C2 CompilerThread0" daemon [_thread_blocked, id=3053, stack(0x00007f657451a000,0x00007f657461b000)]
  0x00007f657809f000 JavaThread "Signal Dispatcher" daemon [_thread_blocked, id=3052, stack(0x00007f657461b000,0x00007f657471c000)]
  0x00007f657807c000 JavaThread "Finalizer" daemon [_thread_blocked, id=3051, stack(0x00007f6574dfe000,0x00007f6574eff000)]
  0x00007f657807a000 JavaThread "Reference Handler" daemon [_thread_blocked, id=3050, stack(0x00007f6574eff000,0x00007f6575000000)]
  0x00007f657800a000 JavaThread "main" [_thread_blocked, id=3042, stack(0x00007f658179d000,0x00007f658189e000)]

Other Threads:
=>0x00007f6578075800 VMThread [stack: 0x00007f657c0bf000,0x00007f657c1c0000] [id=3049]
  0x00007f65780b1000 WatcherThread [stack: 0x00007f6574217000,0x00007f6574318000] [id=3056]

VM state:at safepoint (normal execution)

VM Mutex/Monitor currently owned by a thread:  ([mutex/lock_event])
[0x00007f65780064c0] Threads_lock - owner thread: 0x00007f6578075800
[0x00007f65780069c0] Heap_lock - owner thread: 0x00007f657800a000

Heap
 PSYoungGen      total 570880K, used 831K [0x00000007d6c00000, 0x00000007fb800000, 0x0000000800000000)
  eden space 569344K, 0% used [0x00000007d6c00000,0x00000007d6c00000,0x00000007f9800000)
  from space 1536K, 54% used [0x00000007fb500000,0x00000007fb5cfc40,0x00000007fb680000)
  to   space 1024K, 0% used [0x00000007fb700000,0x00000007fb700000,0x00000007fb800000)
 ParOldGen       total 35840K, used 16855K [0x0000000784400000, 0x0000000786700000, 0x00000007d6c00000)
  object space 35840K, 47% used [0x0000000784400000,0x0000000785475f90,0x0000000786700000)
 PSPermGen       total 21504K, used 3511K [0x0000000779e00000, 0x000000077b300000, 0x0000000784400000)
  object space 21504K, 16% used [0x0000000779e00000,0x000000077a16df60,0x000000077b300000)

Card table byte_map: [0x00007f657dfad000,0x00007f657e3df000] byte_map_base: 0x00007f657a3de000

Polling page: 0x00007f65818ba000

Code Cache  [0x00007f6575000000, 0x00007f6575270000, 0x00007f6578000000)
 total_blobs=231 nmethods=39 adapters=146 free_code_cache=48703Kb largest_free_block=49850496

Compilation events (10 events):
Event: 1.943 Thread 0x00007f65780a4000 nmethod 34 0x00007f6575069f50 code [0x00007f657506a140, 0x00007f657506ab40]
Event: 1.943 Thread 0x00007f65780a4000   36             java.util.Scanner::saveState (9 bytes)
Event: 1.951 Thread 0x00007f65780a4000 nmethod 36 0x00007f6575066550 code [0x00007f6575066680, 0x00007f65750666d8]
Event: 1.952 Thread 0x00007f65780a4000   37             java.util.Scanner::revertState (20 bytes)
Event: 1.952 Thread 0x00007f65780a1000 nmethod 35 0x00007f6575071d50 code [0x00007f6575071f20, 0x00007f65750727d0]
Event: 1.952 Thread 0x00007f65780a1000   38             java.util.ArrayList::contains (14 bytes)
Event: 1.952 Thread 0x00007f65780a4000 nmethod 37 0x00007f6575069d50 code [0x00007f6575069e80, 0x00007f6575069ef8]
Event: 1.974 Thread 0x00007f65780a1000 nmethod 38 0x00007f6575070410 code [0x00007f6575070560, 0x00007f6575070758]
Event: 2.036 Thread 0x00007f65780a4000   39 %           edu.buffalo.cse.irf14.document.Parser::contentParse @ 324 (560 bytes)
Event: 2.302 Thread 0x00007f65780a4000 nmethod 39% 0x00007f6575072e90 code [0x00007f65750731a0, 0x00007f65750743e8]

GC Heap History (10 events):
Event: 560.008 GC heap after
Heap after GC invocations=1513 (full 1):
 PSYoungGen      total 345088K, used 764K [0x00000007d6c00000, 0x00000007fba00000, 0x0000000800000000)
  eden space 344064K, 0% used [0x00000007d6c00000,0x00000007d6c00000,0x00000007ebc00000)
  from space 1024K, 74% used [0x00000007fb900000,0x00000007fb9bf100,0x00000007fba00000)
  to   space 1536K, 0% used [0x00000007fb700000,0x00000007fb700000,0x00000007fb880000)
 ParOldGen       total 35840K, used 16120K [0x0000000784400000, 0x0000000786700000, 0x00000007d6c00000)
  object space 35840K, 44% used [0x0000000784400000,0x00000007853be350,0x0000000786700000)
 PSPermGen       total 21504K, used 3511K [0x0000000779e00000, 0x000000077b300000, 0x0000000784400000)
  object space 21504K, 16% used [0x0000000779e00000,0x000000077a16df60,0x000000077b300000)
}
Event: 560.860 GC heap before
{Heap before GC invocations=1514 (full 1):
 PSYoungGen      total 345088K, used 344355K [0x00000007d6c00000, 0x00000007fba00000, 0x0000000800000000)
  eden space 344064K, 99% used [0x00000007d6c00000,0x00000007ebb89d98,0x00000007ebc00000)
  from space 1024K, 74% used [0x00000007fb900000,0x00000007fb9bf100,0x00000007fba00000)
  to   space 1536K, 0% used [0x00000007fb700000,0x00000007fb700000,0x00000007fb880000)
 ParOldGen       total 35840K, used 16120K [0x0000000784400000, 0x0000000786700000, 0x00000007d6c00000)
  object space 35840K, 44% used [0x0000000784400000,0x00000007853be350,0x0000000786700000)
 PSPermGen       total 21504K, used 3511K [0x0000000779e00000, 0x000000077b300000, 0x0000000784400000)
  object space 21504K, 16% used [0x0000000779e00000,0x000000077a16df60,0x000000077b300000)
Event: 560.863 GC heap after
Heap after GC invocations=1514 (full 1):
 PSYoungGen      total 329728K, used 764K [0x00000007d6c00000, 0x00000007fb980000, 0x0000000800000000)
  eden space 328704K, 0% used [0x00000007d6c00000,0x00000007d6c00000,0x00000007ead00000)
  from space 1024K, 74% used [0x00000007fb700000,0x00000007fb7bf2f8,0x00000007fb800000)
  to   space 1536K, 0% used [0x00000007fb800000,0x00000007fb800000,0x00000007fb980000)
 ParOldGen       total 35840K, used 16120K [0x0000000784400000, 0x0000000786700000, 0x00000007d6c00000)
  object space 35840K, 44% used [0x0000000784400000,0x00000007853be350,0x0000000786700000)
 PSPermGen       total 21504K, used 3511K [0x0000000779e00000, 0x000000077b300000, 0x0000000784400000)
  object space 21504K, 16% used [0x0000000779e00000,0x000000077a16df60,0x000000077b300000)
}
Event: 563.180 GC heap before
{Heap before GC invocations=1515 (full 1):
 PSYoungGen      total 329728K, used 329172K [0x00000007d6c00000, 0x00000007fb980000, 0x0000000800000000)
  eden space 328704K, 99% used [0x00000007d6c00000,0x00000007eacb5e60,0x00000007ead00000)
  from space 1024K, 74% used [0x00000007fb700000,0x00000007fb7bf2f8,0x00000007fb800000)
  to   space 1536K, 0% used [0x00000007fb800000,0x00000007fb800000,0x00000007fb980000)
 ParOldGen       total 35840K, used 16120K [0x0000000784400000, 0x0000000786700000, 0x00000007d6c00000)
  object space 35840K, 44% used [0x0000000784400000,0x00000007853be350,0x0000000786700000)
 PSPermGen       total 21504K, used 3511K [0x0000000779e00000, 0x000000077b300000, 0x0000000784400000)
  object space 21504K, 16% used [0x0000000779e00000,0x000000077a16df60,0x000000077b300000)
Event: 569.014 GC heap after
Heap after GC invocations=1515 (full 1):
 PSYoungGen      total 395776K, used 829K [0x00000007d6c00000, 0x00000007fb900000, 0x0000000800000000)
  eden space 394752K, 0% used [0x00000007d6c00000,0x00000007d6c00000,0x00000007eed80000)
  from space 1024K, 80% used [0x00000007fb800000,0x00000007fb8cf4b8,0x00000007fb900000)
  to   space 1536K, 0% used [0x00000007fb600000,0x00000007fb600000,0x00000007fb780000)
 ParOldGen       total 35840K, used 16120K [0x0000000784400000, 0x0000000786700000, 0x00000007d6c00000)
  object space 35840K, 44% used [0x0000000784400000,0x00000007853be350,0x0000000786700000)
 PSPermGen       total 21504K, used 3511K [0x0000000779e00000, 0x000000077b300000, 0x0000000784400000)
  object space 21504K, 16% used [0x0000000779e00000,0x000000077a16df60,0x000000077b300000)
}
Event: 575.886 GC heap before
{Heap before GC invocations=1516 (full 1):
 PSYoungGen      total 395776K, used 395470K [0x00000007d6c00000, 0x00000007fb900000, 0x0000000800000000)
  eden space 394752K, 99% used [0x00000007d6c00000,0x00000007eed646c0,0x00000007eed80000)
  from space 1024K, 80% used [0x00000007fb800000,0x00000007fb8cf4b8,0x00000007fb900000)
  to   space 1536K, 0% used [0x00000007fb600000,0x00000007fb600000,0x00000007fb780000)
 ParOldGen       total 35840K, used 16120K [0x0000000784400000, 0x0000000786700000, 0x00000007d6c00000)
  object space 35840K, 44% used [0x0000000784400000,0x00000007853be350,0x0000000786700000)
 PSPermGen       total 21504K, used 3511K [0x0000000779e00000, 0x000000077b300000, 0x0000000784400000)
  object space 21504K, 16% used [0x0000000779e00000,0x000000077a16df60,0x000000077b300000)
Event: 584.390 GC heap after
Heap after GC invocations=1516 (full 1):
 PSYoungGen      total 475136K, used 829K [0x00000007d6c00000, 0x00000007fb880000, 0x0000000800000000)
  eden space 474112K, 0% used [0x00000007d6c00000,0x00000007d6c00000,0x00000007f3b00000)
  from space 1024K, 81% used [0x00000007fb600000,0x00000007fb6cf6d0,0x00000007fb700000)
  to   space 1536K, 0% used [0x00000007fb700000,0x00000007fb700000,0x00000007fb880000)
 ParOldGen       total 35840K, used 16120K [0x0000000784400000, 0x0000000786700000, 0x00000007d6c00000)
  object space 35840K, 44% used [0x0000000784400000,0x00000007853be350,0x0000000786700000)
 PSPermGen       total 21504K, used 3511K [0x0000000779e00000, 0x000000077b300000, 0x0000000784400000)
  object space 21504K, 16% used [0x0000000779e00000,0x000000077a16df60,0x000000077b300000)
}
Event: 589.938 GC heap before
{Heap before GC invocations=1517 (full 1):
 PSYoungGen      total 475136K, used 474330K [0x00000007d6c00000, 0x00000007fb880000, 0x0000000800000000)
  eden space 474112K, 99% used [0x00000007d6c00000,0x00000007f3a673a8,0x00000007f3b00000)
  from space 1024K, 81% used [0x00000007fb600000,0x00000007fb6cf6d0,0x00000007fb700000)
  to   space 1536K, 0% used [0x00000007fb700000,0x00000007fb700000,0x00000007fb880000)
 ParOldGen       total 35840K, used 16120K [0x0000000784400000, 0x0000000786700000, 0x00000007d6c00000)
  object space 35840K, 44% used [0x0000000784400000,0x00000007853be350,0x0000000786700000)
 PSPermGen       total 21504K, used 3511K [0x0000000779e00000, 0x000000077b300000, 0x0000000784400000)
  object space 21504K, 16% used [0x0000000779e00000,0x000000077a16df60,0x000000077b300000)
Event: 595.839 GC heap after
Heap after GC invocations=1517 (full 1):
 PSYoungGen      total 570368K, used 766K [0x00000007d6c00000, 0x00000007fb800000, 0x0000000800000000)
  eden space 569344K, 0% used [0x00000007d6c00000,0x00000007d6c00000,0x00000007f9800000)
  from space 1024K, 74% used [0x00000007fb700000,0x00000007fb7bf938,0x00000007fb800000)
  to   space 1536K, 0% used [0x00000007fb500000,0x00000007fb500000,0x00000007fb680000)
 ParOldGen       total 35840K, used 16120K [0x0000000784400000, 0x0000000786700000, 0x00000007d6c00000)
  object space 35840K, 44% used [0x0000000784400000,0x00000007853be350,0x0000000786700000)
 PSPermGen       total 21504K, used 3511K [0x0000000779e00000, 0x000000077b300000, 0x0000000784400000)
  object space 21504K, 16% used [0x0000000779e00000,0x000000077a16df60,0x000000077b300000)
}
Event: 600.031 GC heap before
{Heap before GC invocations=1518 (full 1):
 PSYoungGen      total 570368K, used 569504K [0x00000007d6c00000, 0x00000007fb800000, 0x0000000800000000)
  eden space 569344K, 99% used [0x00000007d6c00000,0x00000007f97686d0,0x00000007f9800000)
  from space 1024K, 74% used [0x00000007fb700000,0x00000007fb7bf938,0x00000007fb800000)
  to   space 1536K, 0% used [0x00000007fb500000,0x00000007fb500000,0x00000007fb680000)
 ParOldGen       total 35840K, used 16120K [0x0000000784400000, 0x0000000786700000, 0x00000007d6c00000)
  object space 35840K, 44% used [0x0000000784400000,0x00000007853be350,0x0000000786700000)
 PSPermGen       total 21504K, used 3511K [0x0000000779e00000, 0x000000077b300000, 0x0000000784400000)
  object space 21504K, 16% used [0x0000000779e00000,0x000000077a16df60,0x000000077b300000)

Deoptimization events (0 events):
No events

Internal exceptions (10 events):
Event: 0.579 Thread 0x00007f657800a000 Threw 0x00000007d6c57790 at /build/buildd/openjdk-7-7u65-2.5.1/build/openjdk/hotspot/src/share/vm/prims/jvm.cpp:1247
Event: 0.594 Thread 0x00007f657800a000 Threw 0x00000007d6c5c860 at /build/buildd/openjdk-7-7u65-2.5.1/build/openjdk/hotspot/src/share/vm/prims/jvm.cpp:1247
Event: 0.622 Thread 0x00007f657800a000 Threw 0x00000007d6c60218 at /build/buildd/openjdk-7-7u65-2.5.1/build/openjdk/hotspot/src/share/vm/prims/jvm.cpp:1247
Event: 0.624 Thread 0x00007f657800a000 Threw 0x00000007d6c62bd0 at /build/buildd/openjdk-7-7u65-2.5.1/build/openjdk/hotspot/src/share/vm/prims/jvm.cpp:1247
Event: 0.727 Thread 0x00007f657800a000 Threw 0x00000007d6cab040 at /build/buildd/openjdk-7-7u65-2.5.1/build/openjdk/hotspot/src/share/vm/prims/jvm.cpp:1247
Event: 0.727 Thread 0x00007f657800a000 Threw 0x00000007d6cab168 at /build/buildd/openjdk-7-7u65-2.5.1/build/openjdk/hotspot/src/share/vm/prims/jvm.cpp:1247
Event: 0.729 Thread 0x00007f657800a000 Threw 0x00000007d6cad718 at /build/buildd/openjdk-7-7u65-2.5.1/build/openjdk/hotspot/src/share/vm/prims/jvm.cpp:1247
Event: 0.729 Thread 0x00007f657800a000 Threw 0x00000007d6cad840 at /build/buildd/openjdk-7-7u65-2.5.1/build/openjdk/hotspot/src/share/vm/prims/jvm.cpp:1247
Event: 0.729 Thread 0x00007f657800a000 Threw 0x00000007d6cae140 at /build/buildd/openjdk-7-7u65-2.5.1/build/openjdk/hotspot/src/share/vm/prims/jvm.cpp:1247
Event: 0.729 Thread 0x00007f657800a000 Threw 0x00000007d6cae268 at /build/buildd/openjdk-7-7u65-2.5.1/build/openjdk/hotspot/src/share/vm/prims/jvm.cpp:1247

Events (10 events):
Event: 560.008 Executing VM operation: ParallelGCFailedAllocation done
Event: 560.859 Executing VM operation: ParallelGCFailedAllocation
Event: 560.863 Executing VM operation: ParallelGCFailedAllocation done
Event: 561.877 Executing VM operation: ParallelGCFailedAllocation
Event: 571.300 Executing VM operation: ParallelGCFailedAllocation done
Event: 573.997 Executing VM operation: ParallelGCFailedAllocation
Event: 585.447 Executing VM operation: ParallelGCFailedAllocation done
Event: 587.750 Executing VM operation: ParallelGCFailedAllocation
Event: 597.895 Executing VM operation: ParallelGCFailedAllocation done
Event: 599.266 Executing VM operation: ParallelGCFailedAllocation


Dynamic libraries:
00400000-00401000 r-xp 00000000 08:05 5115745                            /usr/lib/jvm/java-7-openjdk-amd64/jre/bin/java
00600000-00601000 r--p 00000000 08:05 5115745                            /usr/lib/jvm/java-7-openjdk-amd64/jre/bin/java
00601000-00602000 rw-p 00001000 08:05 5115745                            /usr/lib/jvm/java-7-openjdk-amd64/jre/bin/java
00c5f000-00c80000 rw-p 00000000 00:00 0                                  [heap]
779e00000-77b300000 rw-p 00000000 00:00 0 
77b300000-784400000 rw-p 00000000 00:00 0 
784400000-786700000 rw-p 00000000 00:00 0 
786700000-789680000 ---p 00000000 00:00 0 
789680000-7d6c00000 rw-p 00000000 00:00 0 
7d6c00000-7fb800000 rw-p 00000000 00:00 0 
7f6534000000-7f6534021000 rw-p 00000000 00:00 0 
7f6534021000-7f6538000000 ---p 00000000 00:00 0 
7f6538000000-7f6538021000 rw-p 00000000 00:00 0 
7f6538021000-7f653c000000 ---p 00000000 00:00 0 
7f653c000000-7f653c212000 rw-p 00000000 00:00 0 
7f653c212000-7f6540000000 ---p 00000000 00:00 0 
7f6540000000-7f6540246000 rw-p 00000000 00:00 0 
7f6540246000-7f6544000000 ---p 00000000 00:00 0 
7f6544000000-7f6544021000 rw-p 00000000 00:00 0 
7f6544021000-7f6548000000 ---p 00000000 00:00 0 
7f6548000000-7f6548021000 rw-p 00000000 00:00 0 
7f6548021000-7f654c000000 ---p 00000000 00:00 0 
7f654c000000-7f654c021000 rw-p 00000000 00:00 0 
7f654c021000-7f6550000000 ---p 00000000 00:00 0 
7f6553cf0000-7f6558000000 rw-p 00000000 00:00 0 
7f6558000000-7f6558021000 rw-p 00000000 00:00 0 
7f6558021000-7f655c000000 ---p 00000000 00:00 0 
7f655c000000-7f655c021000 rw-p 00000000 00:00 0 
7f655c021000-7f6560000000 ---p 00000000 00:00 0 
7f6560000000-7f6560021000 rw-p 00000000 00:00 0 
7f6560021000-7f6564000000 ---p 00000000 00:00 0 
7f6568000000-7f6568021000 rw-p 00000000 00:00 0 
7f6568021000-7f656c000000 ---p 00000000 00:00 0 
7f656fe9f000-7f6570000000 rw-p 00000000 00:00 0 
7f6570000000-7f6570021000 rw-p 00000000 00:00 0 
7f6570021000-7f6574000000 ---p 00000000 00:00 0 
7f657413e000-7f6574217000 rw-p 00000000 00:00 0 
7f6574217000-7f6574218000 ---p 00000000 00:00 0 
7f6574218000-7f6574318000 rw-p 00000000 00:00 0                          [stack:3056]
7f6574318000-7f657431b000 ---p 00000000 00:00 0 
7f657431b000-7f6574419000 rw-p 00000000 00:00 0                          [stack:3055]
7f6574419000-7f657441c000 ---p 00000000 00:00 0 
7f657441c000-7f657451a000 rw-p 00000000 00:00 0                          [stack:3054]
7f657451a000-7f657451d000 ---p 00000000 00:00 0 
7f657451d000-7f657461b000 rw-p 00000000 00:00 0                          [stack:3053]
7f657461b000-7f657461e000 ---p 00000000 00:00 0 
7f657461e000-7f657471c000 rw-p 00000000 00:00 0                          [stack:3052]
7f657471c000-7f6574dfe000 r--p 00000000 08:05 4725374                    /usr/lib/locale/locale-archive
7f6574dfe000-7f6574e01000 ---p 00000000 00:00 0 
7f6574e01000-7f6574eff000 rw-p 00000000 00:00 0                          [stack:3051]
7f6574eff000-7f6574f02000 ---p 00000000 00:00 0 
7f6574f02000-7f6575000000 rw-p 00000000 00:00 0                          [stack:3050]
7f6575000000-7f6575270000 rwxp 00000000 00:00 0 
7f6575270000-7f657812b000 rw-p 00000000 00:00 0 
7f657812b000-7f657c000000 ---p 00000000 00:00 0 
7f657c0bf000-7f657c0c0000 ---p 00000000 00:00 0 
7f657c0c0000-7f657d1bd000 rw-p 00000000 00:00 0                          [stack:3049]
7f657d1bd000-7f657d36e000 r--s 01d21000 08:05 5114452                    /usr/lib/jvm/java-7-openjdk-amd64/jre/lib/rt.jar
7f657d36e000-7f657d8c2000 rw-p 00000000 00:00 0 
7f657d8c2000-7f657d8c3000 ---p 00000000 00:00 0 
7f657d8c3000-7f657d9c3000 rw-p 00000000 00:00 0                          [stack:3048]
7f657d9c3000-7f657d9c4000 ---p 00000000 00:00 0 
7f657d9c4000-7f657dac4000 rw-p 00000000 00:00 0                          [stack:3047]
7f657dac4000-7f657dac5000 ---p 00000000 00:00 0 
7f657dac5000-7f657dbc5000 rw-p 00000000 00:00 0                          [stack:3046]
7f657dbc5000-7f657dbc6000 ---p 00000000 00:00 0 
7f657dbc6000-7f657dcd1000 rw-p 00000000 00:00 0                          [stack:3045]
7f657dcd1000-7f657dd19000 rw-p 00000000 00:00 0 
7f657dd19000-7f657dd2b000 rw-p 00000000 00:00 0 
7f657dd2b000-7f657dd43000 ---p 00000000 00:00 0 
7f657dd43000-7f657dfad000 rw-p 00000000 00:00 0 
7f657dfad000-7f657dfb8000 rw-p 00000000 00:00 0 
7f657dfb8000-7f657e000000 rw-p 00000000 00:00 0 
7f657e000000-7f657e012000 rw-p 00000000 00:00 0 
7f657e012000-7f657e02a000 ---p 00000000 00:00 0 
7f657e02a000-7f657e294000 rw-p 00000000 00:00 0 
7f657e294000-7f657e3ba000 rw-p 00000000 00:00 0 
7f657e3ba000-7f657e3de000 ---p 00000000 00:00 0 
7f657e3de000-7f657e3df000 rw-p 00000000 00:00 0 
7f657e3df000-7f657e3e7000 r-xp 00000000 08:05 5111914                    /usr/lib/jvm/java-7-openjdk-amd64/jre/lib/amd64/libzip.so
7f657e3e7000-7f657e5e6000 ---p 00008000 08:05 5111914                    /usr/lib/jvm/java-7-openjdk-amd64/jre/lib/amd64/libzip.so
7f657e5e6000-7f657e5e7000 r--p 00007000 08:05 5111914                    /usr/lib/jvm/java-7-openjdk-amd64/jre/lib/amd64/libzip.so
7f657e5e7000-7f657e5e8000 rw-p 00008000 08:05 5111914                    /usr/lib/jvm/java-7-openjdk-amd64/jre/lib/amd64/libzip.so
7f657e5e8000-7f657e5f3000 r-xp 00000000 08:05 5510180                    /lib/x86_64-linux-gnu/libnss_files-2.19.so
7f657e5f3000-7f657e7f2000 ---p 0000b000 08:05 5510180                    /lib/x86_64-linux-gnu/libnss_files-2.19.so
7f657e7f2000-7f657e7f3000 r--p 0000a000 08:05 5510180                    /lib/x86_64-linux-gnu/libnss_files-2.19.so
7f657e7f3000-7f657e7f4000 rw-p 0000b000 08:05 5510180                    /lib/x86_64-linux-gnu/libnss_files-2.19.so
7f657e7f4000-7f657e7ff000 r-xp 00000000 08:05 5510181                    /lib/x86_64-linux-gnu/libnss_nis-2.19.so
7f657e7ff000-7f657e9fe000 ---p 0000b000 08:05 5510181                    /lib/x86_64-linux-gnu/libnss_nis-2.19.so
7f657e9fe000-7f657e9ff000 r--p 0000a000 08:05 5510181                    /lib/x86_64-linux-gnu/libnss_nis-2.19.so
7f657e9ff000-7f657ea00000 rw-p 0000b000 08:05 5510181                    /lib/x86_64-linux-gnu/libnss_nis-2.19.so
7f657ea00000-7f657ea17000 r-xp 00000000 08:05 5510167                    /lib/x86_64-linux-gnu/libnsl-2.19.so
7f657ea17000-7f657ec16000 ---p 00017000 08:05 5510167                    /lib/x86_64-linux-gnu/libnsl-2.19.so
7f657ec16000-7f657ec17000 r--p 00016000 08:05 5510167                    /lib/x86_64-linux-gnu/libnsl-2.19.so
7f657ec17000-7f657ec18000 rw-p 00017000 08:05 5510167                    /lib/x86_64-linux-gnu/libnsl-2.19.so
7f657ec18000-7f657ec1a000 rw-p 00000000 00:00 0 
7f657ec1a000-7f657ec23000 r-xp 00000000 08:05 5510134                    /lib/x86_64-linux-gnu/libnss_compat-2.19.so
7f657ec23000-7f657ee22000 ---p 00009000 08:05 5510134                    /lib/x86_64-linux-gnu/libnss_compat-2.19.so
7f657ee22000-7f657ee23000 r--p 00008000 08:05 5510134                    /lib/x86_64-linux-gnu/libnss_compat-2.19.so
7f657ee23000-7f657ee24000 rw-p 00009000 08:05 5510134                    /lib/x86_64-linux-gnu/libnss_compat-2.19.so
7f657ee24000-7f657ee4f000 r-xp 00000000 08:05 5111911                    /usr/lib/jvm/java-7-openjdk-amd64/jre/lib/amd64/libjava.so
7f657ee4f000-7f657f04f000 ---p 0002b000 08:05 5111911                    /usr/lib/jvm/java-7-openjdk-amd64/jre/lib/amd64/libjava.so
7f657f04f000-7f657f050000 r--p 0002b000 08:05 5111911                    /usr/lib/jvm/java-7-openjdk-amd64/jre/lib/amd64/libjava.so
7f657f050000-7f657f052000 rw-p 0002c000 08:05 5111911                    /usr/lib/jvm/java-7-openjdk-amd64/jre/lib/amd64/libjava.so
7f657f052000-7f657f062000 r-xp 00000000 08:05 5111928                    /usr/lib/jvm/java-7-openjdk-amd64/jre/lib/amd64/libverify.so
7f657f062000-7f657f261000 ---p 00010000 08:05 5111928                    /usr/lib/jvm/java-7-openjdk-amd64/jre/lib/amd64/libverify.so
7f657f261000-7f657f263000 r--p 0000f000 08:05 5111928                    /usr/lib/jvm/java-7-openjdk-amd64/jre/lib/amd64/libverify.so
7f657f263000-7f657f264000 rw-p 00011000 08:05 5111928                    /usr/lib/jvm/java-7-openjdk-amd64/jre/lib/amd64/libverify.so
7f657f264000-7f657f26b000 r-xp 00000000 08:05 5510169                    /lib/x86_64-linux-gnu/librt-2.19.so
7f657f26b000-7f657f46a000 ---p 00007000 08:05 5510169                    /lib/x86_64-linux-gnu/librt-2.19.so
7f657f46a000-7f657f46b000 r--p 00006000 08:05 5510169                    /lib/x86_64-linux-gnu/librt-2.19.so
7f657f46b000-7f657f46c000 rw-p 00007000 08:05 5510169                    /lib/x86_64-linux-gnu/librt-2.19.so
7f657f46c000-7f657f482000 r-xp 00000000 08:05 5509026                    /lib/x86_64-linux-gnu/libgcc_s.so.1
7f657f482000-7f657f681000 ---p 00016000 08:05 5509026                    /lib/x86_64-linux-gnu/libgcc_s.so.1
7f657f681000-7f657f682000 rw-p 00015000 08:05 5509026                    /lib/x86_64-linux-gnu/libgcc_s.so.1
7f657f682000-7f657f787000 r-xp 00000000 08:05 5510176                    /lib/x86_64-linux-gnu/libm-2.19.so
7f657f787000-7f657f986000 ---p 00105000 08:05 5510176                    /lib/x86_64-linux-gnu/libm-2.19.so
7f657f986000-7f657f987000 r--p 00104000 08:05 5510176                    /lib/x86_64-linux-gnu/libm-2.19.so
7f657f987000-7f657f988000 rw-p 00105000 08:05 5510176                    /lib/x86_64-linux-gnu/libm-2.19.so
7f657f988000-7f657fa6e000 r-xp 00000000 08:05 4727270                    /usr/lib/x86_64-linux-gnu/libstdc++.so.6.0.19
7f657fa6e000-7f657fc6d000 ---p 000e6000 08:05 4727270                    /usr/lib/x86_64-linux-gnu/libstdc++.so.6.0.19
7f657fc6d000-7f657fc75000 r--p 000e5000 08:05 4727270                    /usr/lib/x86_64-linux-gnu/libstdc++.so.6.0.19
7f657fc75000-7f657fc77000 rw-p 000ed000 08:05 4727270                    /usr/lib/x86_64-linux-gnu/libstdc++.so.6.0.19
7f657fc77000-7f657fc8c000 rw-p 00000000 00:00 0 
7f657fc8c000-7f65807a2000 r-xp 00000000 08:05 5111942                    /usr/lib/jvm/java-7-openjdk-amd64/jre/lib/amd64/server/libjvm.so
7f65807a2000-7f65809a1000 ---p 00b16000 08:05 5111942                    /usr/lib/jvm/java-7-openjdk-amd64/jre/lib/amd64/server/libjvm.so
7f65809a1000-7f6580a3b000 r--p 00b15000 08:05 5111942                    /usr/lib/jvm/java-7-openjdk-amd64/jre/lib/amd64/server/libjvm.so
7f6580a3b000-7f6580a5e000 rw-p 00baf000 08:05 5111942                    /usr/lib/jvm/java-7-openjdk-amd64/jre/lib/amd64/server/libjvm.so
7f6580a5e000-7f6580a8c000 rw-p 00000000 00:00 0 
7f6580a8c000-7f6580aa4000 r-xp 00000000 08:05 5509162                    /lib/x86_64-linux-gnu/libz.so.1.2.8
7f6580aa4000-7f6580ca3000 ---p 00018000 08:05 5509162                    /lib/x86_64-linux-gnu/libz.so.1.2.8
7f6580ca3000-7f6580ca4000 r--p 00017000 08:05 5509162                    /lib/x86_64-linux-gnu/libz.so.1.2.8
7f6580ca4000-7f6580ca5000 rw-p 00018000 08:05 5509162                    /lib/x86_64-linux-gnu/libz.so.1.2.8
7f6580ca5000-7f6580cbe000 r-xp 00000000 08:05 5510186                    /lib/x86_64-linux-gnu/libpthread-2.19.so
7f6580cbe000-7f6580ebd000 ---p 00019000 08:05 5510186                    /lib/x86_64-linux-gnu/libpthread-2.19.so
7f6580ebd000-7f6580ebe000 r--p 00018000 08:05 5510186                    /lib/x86_64-linux-gnu/libpthread-2.19.so
7f6580ebe000-7f6580ebf000 rw-p 00019000 08:05 5510186                    /lib/x86_64-linux-gnu/libpthread-2.19.so
7f6580ebf000-7f6580ec3000 rw-p 00000000 00:00 0 
7f6580ec3000-7f6580ec6000 r-xp 00000000 08:05 5510185                    /lib/x86_64-linux-gnu/libdl-2.19.so
7f6580ec6000-7f65810c5000 ---p 00003000 08:05 5510185                    /lib/x86_64-linux-gnu/libdl-2.19.so
7f65810c5000-7f65810c6000 r--p 00002000 08:05 5510185                    /lib/x86_64-linux-gnu/libdl-2.19.so
7f65810c6000-7f65810c7000 rw-p 00003000 08:05 5510185                    /lib/x86_64-linux-gnu/libdl-2.19.so
7f65810c7000-7f6581282000 r-xp 00000000 08:05 5510173                    /lib/x86_64-linux-gnu/libc-2.19.so
7f6581282000-7f6581482000 ---p 001bb000 08:05 5510173                    /lib/x86_64-linux-gnu/libc-2.19.so
7f6581482000-7f6581486000 r--p 001bb000 08:05 5510173                    /lib/x86_64-linux-gnu/libc-2.19.so
7f6581486000-7f6581488000 rw-p 001bf000 08:05 5510173                    /lib/x86_64-linux-gnu/libc-2.19.so
7f6581488000-7f658148d000 rw-p 00000000 00:00 0 
7f658148d000-7f658149a000 r-xp 00000000 08:05 5111948                    /usr/lib/jvm/java-7-openjdk-amd64/jre/lib/amd64/jli/libjli.so
7f658149a000-7f6581699000 ---p 0000d000 08:05 5111948                    /usr/lib/jvm/java-7-openjdk-amd64/jre/lib/amd64/jli/libjli.so
7f6581699000-7f658169a000 r--p 0000c000 08:05 5111948                    /usr/lib/jvm/java-7-openjdk-amd64/jre/lib/amd64/jli/libjli.so
7f658169a000-7f658169b000 rw-p 0000d000 08:05 5111948                    /usr/lib/jvm/java-7-openjdk-amd64/jre/lib/amd64/jli/libjli.so
7f658169b000-7f65816be000 r-xp 00000000 08:05 5510174                    /lib/x86_64-linux-gnu/ld-2.19.so
7f65816d7000-7f65816da000 r--s 0003c000 08:05 5111965                    /usr/lib/jvm/java-7-openjdk-amd64/jre/lib/ext/sunpkcs11.jar
7f65816da000-7f65816dd000 r--s 0000f000 08:05 5111961                    /usr/lib/jvm/java-7-openjdk-amd64/jre/lib/ext/pulse-java.jar
7f65816dd000-7f65816e7000 rw-p 00000000 00:00 0 
7f65816e7000-7f658179d000 rw-p 00000000 00:00 0 
7f658179d000-7f65817a0000 ---p 00000000 00:00 0 
7f65817a0000-7f65818a3000 rw-p 00000000 00:00 0                          [stack:3042]
7f65818a4000-7f65818a5000 rw-p 00000000 00:00 0 
7f65818a5000-7f65818a7000 r--s 00006000 08:05 5117819                    /usr/share/java/java-atk-wrapper.jar
7f65818a7000-7f65818aa000 r--s 00032000 08:05 5111963                    /usr/lib/jvm/java-7-openjdk-amd64/jre/lib/ext/sunjce_provider.jar
7f65818aa000-7f65818ac000 r--s 00012000 08:05 5111962                    /usr/lib/jvm/java-7-openjdk-amd64/jre/lib/ext/zipfs.jar
7f65818ac000-7f65818b0000 r--s 00085000 08:05 5111960                    /usr/lib/jvm/java-7-openjdk-amd64/jre/lib/ext/localedata.jar
7f65818b0000-7f65818b1000 r--s 00002000 08:05 5111964                    /usr/lib/jvm/java-7-openjdk-amd64/jre/lib/ext/dnsns.jar
7f65818b1000-7f65818b9000 rw-s 00000000 08:05 3407956                    /tmp/hsperfdata_pritika/3038
7f65818b9000-7f65818ba000 rw-p 00000000 00:00 0 
7f65818ba000-7f65818bb000 ---p 00000000 00:00 0 
7f65818bb000-7f65818bd000 rw-p 00000000 00:00 0 
7f65818bd000-7f65818be000 r--p 00022000 08:05 5510174                    /lib/x86_64-linux-gnu/ld-2.19.so
7f65818be000-7f65818bf000 rw-p 00023000 08:05 5510174                    /lib/x86_64-linux-gnu/ld-2.19.so
7f65818bf000-7f65818c0000 rw-p 00000000 00:00 0 
7fff0e411000-7fff0e432000 rw-p 00000000 00:00 0                          [stack]
7fff0e50d000-7fff0e50f000 r-xp 00000000 00:00 0                          [vdso]
ffffffffff600000-ffffffffff601000 r-xp 00000000 00:00 0                  [vsyscall]

VM Arguments:
jvm_args: -Dfile.encoding=UTF-8 
java_command: edu.buffalo.cse.irf14.Runner
Launcher Type: SUN_STANDARD

Environment Variables:
PATH=/usr/local/sbin:/usr/local/bin:/usr/sbin:/usr/bin:/sbin:/bin:/usr/games:/usr/local/games
SHELL=/bin/bash
DISPLAY=:0.0

Signal Handlers:
SIGSEGV: [libjvm.so+0x949110], sa_mask[0]=0x7ffbfeff, sa_flags=0x10000004
SIGBUS: [libjvm.so+0x949110], sa_mask[0]=0x7ffbfeff, sa_flags=0x10000004
SIGFPE: [libjvm.so+0x7c2e80], sa_mask[0]=0x7ffbfeff, sa_flags=0x10000004
SIGPIPE: [libjvm.so+0x7c2e80], sa_mask[0]=0x7ffbfeff, sa_flags=0x10000004
SIGXFSZ: [libjvm.so+0x7c2e80], sa_mask[0]=0x7ffbfeff, sa_flags=0x10000004
SIGILL: [libjvm.so+0x7c2e80], sa_mask[0]=0x7ffbfeff, sa_flags=0x10000004
SIGUSR1: SIG_DFL, sa_mask[0]=0x00000000, sa_flags=0x00000000
SIGUSR2: [libjvm.so+0x7c2d20], sa_mask[0]=0x00000004, sa_flags=0x10000004
SIGHUP: [libjvm.so+0x7c2f00], sa_mask[0]=0x7ffbfeff, sa_flags=0x10000004
SIGINT: [libjvm.so+0x7c2f00], sa_mask[0]=0x7ffbfeff, sa_flags=0x10000004
SIGTERM: [libjvm.so+0x7c2f00], sa_mask[0]=0x7ffbfeff, sa_flags=0x10000004
SIGQUIT: [libjvm.so+0x7c2f00], sa_mask[0]=0x7ffbfeff, sa_flags=0x10000004
SIGTRAP: SIG_DFL, sa_mask[0]=0x00000000, sa_flags=0x00000000


---------------  S Y S T E M  ---------------

OS:Ubuntu 14.04 (trusty)
uname:Linux 3.13.0-35-generic #62-Ubuntu SMP Fri Aug 15 01:58:42 UTC 2014 x86_64
libc:glibc 2.19 NPTL 2.19 
rlimit: STACK 8192k, CORE 0k, NPROC 62612, NOFILE 4096, AS infinity
load average:23.10 14.64 7.90

/proc/meminfo:
MemTotal:        8105184 kB
MemFree:          824016 kB
Buffers:             236 kB
Cached:           290744 kB
SwapCached:            0 kB
Active:          6806368 kB
Inactive:         288412 kB
Active(anon):    6805448 kB
Inactive(anon):   268476 kB
Active(file):        920 kB
Inactive(file):    19936 kB
Unevictable:          32 kB
Mlocked:              32 kB
SwapTotal:             0 kB
SwapFree:              0 kB
Dirty:               248 kB
Writeback:             0 kB
AnonPages:       6803928 kB
Mapped:            62448 kB
Shmem:            270044 kB
Slab:              50164 kB
SReclaimable:      20144 kB
SUnreclaim:        30020 kB
KernelStack:        4888 kB
PageTables:        41256 kB
NFS_Unstable:          0 kB
Bounce:                0 kB
WritebackTmp:          0 kB
CommitLimit:     4052592 kB
Committed_AS:   10556404 kB
VmallocTotal:   34359738367 kB
VmallocUsed:      555976 kB
VmallocChunk:   34359168600 kB
HardwareCorrupted:     0 kB
AnonHugePages:   5562368 kB
HugePages_Total:       0
HugePages_Free:        0
HugePages_Rsvd:        0
HugePages_Surp:        0
Hugepagesize:       2048 kB
DirectMap4k:       60032 kB
DirectMap2M:     3014656 kB
DirectMap1G:     5242880 kB


CPU:total 4 (2 cores per cpu, 2 threads per core) family 6 model 69 stepping 1, cmov, cx8, fxsr, mmx, sse, sse2, sse3, ssse3, sse4.1, sse4.2, popcnt, avx, avx2, aes, erms, ht, tsc, tscinvbit

/proc/cpuinfo:
processor	: 0
vendor_id	: GenuineIntel
cpu family	: 6
model		: 69
model name	: Intel(R) Core(TM) i5-4210U CPU @ 1.70GHz
stepping	: 1
microcode	: 0x17
cpu MHz		: 1600.000
cache size	: 3072 KB
physical id	: 0
siblings	: 4
core id		: 0
cpu cores	: 2
apicid		: 0
initial apicid	: 0
fpu		: yes
fpu_exception	: yes
cpuid level	: 13
wp		: yes
flags		: fpu vme de pse tsc msr pae mce cx8 apic sep mtrr pge mca cmov pat pse36 clflush dts acpi mmx fxsr sse sse2 ss ht tm pbe syscall nx pdpe1gb rdtscp lm constant_tsc arch_perfmon pebs bts rep_good nopl xtopology nonstop_tsc aperfmperf eagerfpu pni pclmulqdq dtes64 monitor ds_cpl vmx est tm2 ssse3 fma cx16 xtpr pdcm pcid sse4_1 sse4_2 movbe popcnt tsc_deadline_timer aes xsave avx f16c rdrand lahf_lm abm ida arat epb xsaveopt pln pts dtherm tpr_shadow vnmi flexpriority ept vpid fsgsbase tsc_adjust bmi1 avx2 smep bmi2 erms invpcid
bogomips	: 4788.98
clflush size	: 64
cache_alignment	: 64
address sizes	: 39 bits physical, 48 bits virtual
power management:

processor	: 1
vendor_id	: GenuineIntel
cpu family	: 6
model		: 69
model name	: Intel(R) Core(TM) i5-4210U CPU @ 1.70GHz
stepping	: 1
microcode	: 0x17
cpu MHz		: 1600.000
cache size	: 3072 KB
physical id	: 0
siblings	: 4
core id		: 0
cpu cores	: 2
apicid		: 1
initial apicid	: 1
fpu		: yes
fpu_exception	: yes
cpuid level	: 13
wp		: yes
flags		: fpu vme de pse tsc msr pae mce cx8 apic sep mtrr pge mca cmov pat pse36 clflush dts acpi mmx fxsr sse sse2 ss ht tm pbe syscall nx pdpe1gb rdtscp lm constant_tsc arch_perfmon pebs bts rep_good nopl xtopology nonstop_tsc aperfmperf eagerfpu pni pclmulqdq dtes64 monitor ds_cpl vmx est tm2 ssse3 fma cx16 xtpr pdcm pcid sse4_1 sse4_2 movbe popcnt tsc_deadline_timer aes xsave avx f16c rdrand lahf_lm abm ida arat epb xsaveopt pln pts dtherm tpr_shadow vnmi flexpriority ept vpid fsgsbase tsc_adjust bmi1 avx2 smep bmi2 erms invpcid
bogomips	: 4788.98
clflush size	: 64
cache_alignment	: 64
address sizes	: 39 bits physical, 48 bits virtual
power management:

processor	: 2
vendor_id	: GenuineIntel
cpu family	: 6
model		: 69
model name	: Intel(R) Core(TM) i5-4210U CPU @ 1.70GHz
stepping	: 1
microcode	: 0x17
cpu MHz		: 1600.000
cache size	: 3072 KB
physical id	: 0
siblings	: 4
core id		: 1
cpu cores	: 2
apicid		: 2
initial apicid	: 2
fpu		: yes
fpu_exception	: yes
cpuid level	: 13
wp		: yes
flags		: fpu vme de pse tsc msr pae mce cx8 apic sep mtrr pge mca cmov pat pse36 clflush dts acpi mmx fxsr sse sse2 ss ht tm pbe syscall nx pdpe1gb rdtscp lm constant_tsc arch_perfmon pebs bts rep_good nopl xtopology nonstop_tsc aperfmperf eagerfpu pni pclmulqdq dtes64 monitor ds_cpl vmx est tm2 ssse3 fma cx16 xtpr pdcm pcid sse4_1 sse4_2 movbe popcnt tsc_deadline_timer aes xsave avx f16c rdrand lahf_lm abm ida arat epb xsaveopt pln pts dtherm tpr_shadow vnmi flexpriority ept vpid fsgsbase tsc_adjust bmi1 avx2 smep bmi2 erms invpcid
bogomips	: 4788.98
clflush size	: 64
cache_alignment	: 64
address sizes	: 39 bits physical, 48 bits virtual
power management:

processor	: 3
vendor_id	: GenuineIntel
cpu family	: 6
model		: 69
model name	: Intel(R) Core(TM) i5-4210U CPU @ 1.70GHz
stepping	: 1
microcode	: 0x17
cpu MHz		: 1600.000
cache size	: 3072 KB
physical id	: 0
siblings	: 4
core id		: 1
cpu cores	: 2
apicid		: 3
initial apicid	: 3
fpu		: yes
fpu_exception	: yes
cpuid level	: 13
wp		: yes
flags		: fpu vme de pse tsc msr pae mce cx8 apic sep mtrr pge mca cmov pat pse36 clflush dts acpi mmx fxsr sse sse2 ss ht tm pbe syscall nx pdpe1gb rdtscp lm constant_tsc arch_perfmon pebs bts rep_good nopl xtopology nonstop_tsc aperfmperf eagerfpu pni pclmulqdq dtes64 monitor ds_cpl vmx est tm2 ssse3 fma cx16 xtpr pdcm pcid sse4_1 sse4_2 movbe popcnt tsc_deadline_timer aes xsave avx f16c rdrand lahf_lm abm ida arat epb xsaveopt pln pts dtherm tpr_shadow vnmi flexpriority ept vpid fsgsbase tsc_adjust bmi1 avx2 smep bmi2 erms invpcid
bogomips	: 4788.98
clflush size	: 64
cache_alignment	: 64
address sizes	: 39 bits physical, 48 bits virtual
power management:



Memory: 4k page, physical 8105184k(824016k free), swap 0k(0k free)

vm_info: OpenJDK 64-Bit Server VM (24.65-b04) for linux-amd64 JRE (1.7.0_65-b32), built on Aug 23 2014 13:33:31 by "buildd" with gcc 4.8.2

time: Sat Sep 27 08:30:04 2014
elapsed time: 609 seconds

